[2025-05-24T12:37:08.957+0000] {processor.py:186} INFO - Started process (PID=411) to work on /home/airflow/.local/lib/python3.12/site-packages/airflow/example_dags/example_inlet_event_extra.py
[2025-05-24T12:37:08.960+0000] {processor.py:914} INFO - Processing file /home/airflow/.local/lib/python3.12/site-packages/airflow/example_dags/example_inlet_event_extra.py for tasks to queue
[2025-05-24T12:37:08.961+0000] {logging_mixin.py:190} INFO - [2025-05-24T12:37:08.961+0000] {dagbag.py:588} INFO - Filling up the DagBag from /home/airflow/.local/lib/python3.12/site-packages/airflow/example_dags/example_inlet_event_extra.py
[2025-05-24T12:37:09.156+0000] {processor.py:925} INFO - DAG(s) 'read_dataset_event_from_classic', 'read_dataset_event' retrieved from /home/airflow/.local/lib/python3.12/site-packages/airflow/example_dags/example_inlet_event_extra.py
[2025-05-24T12:37:09.178+0000] {logging_mixin.py:190} INFO - [2025-05-24T12:37:09.178+0000] {dag.py:3239} INFO - Sync 2 DAGs
[2025-05-24T12:37:09.196+0000] {logging_mixin.py:190} INFO - [2025-05-24T12:37:09.196+0000] {dag.py:4180} INFO - Setting next_dagrun for read_dataset_event to 2025-05-23 00:00:00+00:00, run_after=2025-05-24 00:00:00+00:00
[2025-05-24T12:37:09.200+0000] {logging_mixin.py:190} INFO - [2025-05-24T12:37:09.200+0000] {dag.py:4180} INFO - Setting next_dagrun for read_dataset_event_from_classic to 2025-05-23 00:00:00+00:00, run_after=2025-05-24 00:00:00+00:00
[2025-05-24T12:37:09.209+0000] {processor.py:208} INFO - Processing /home/airflow/.local/lib/python3.12/site-packages/airflow/example_dags/example_inlet_event_extra.py took 0.255 seconds
[2025-05-24T12:37:40.114+0000] {processor.py:186} INFO - Started process (PID=707) to work on /home/airflow/.local/lib/python3.12/site-packages/airflow/example_dags/example_inlet_event_extra.py
[2025-05-24T12:37:40.115+0000] {processor.py:914} INFO - Processing file /home/airflow/.local/lib/python3.12/site-packages/airflow/example_dags/example_inlet_event_extra.py for tasks to queue
[2025-05-24T12:37:40.116+0000] {logging_mixin.py:190} INFO - [2025-05-24T12:37:40.116+0000] {dagbag.py:588} INFO - Filling up the DagBag from /home/airflow/.local/lib/python3.12/site-packages/airflow/example_dags/example_inlet_event_extra.py
[2025-05-24T12:37:40.296+0000] {processor.py:925} INFO - DAG(s) 'read_dataset_event', 'read_dataset_event_from_classic' retrieved from /home/airflow/.local/lib/python3.12/site-packages/airflow/example_dags/example_inlet_event_extra.py
[2025-05-24T12:37:40.312+0000] {logging_mixin.py:190} INFO - [2025-05-24T12:37:40.312+0000] {dag.py:3239} INFO - Sync 2 DAGs
[2025-05-24T12:37:40.328+0000] {logging_mixin.py:190} INFO - [2025-05-24T12:37:40.328+0000] {dag.py:4180} INFO - Setting next_dagrun for read_dataset_event to 2025-05-23 00:00:00+00:00, run_after=2025-05-24 00:00:00+00:00
[2025-05-24T12:37:40.331+0000] {logging_mixin.py:190} INFO - [2025-05-24T12:37:40.331+0000] {dag.py:4180} INFO - Setting next_dagrun for read_dataset_event_from_classic to 2025-05-23 00:00:00+00:00, run_after=2025-05-24 00:00:00+00:00
[2025-05-24T12:37:40.343+0000] {processor.py:208} INFO - Processing /home/airflow/.local/lib/python3.12/site-packages/airflow/example_dags/example_inlet_event_extra.py took 0.232 seconds
[2025-05-24T12:38:10.385+0000] {processor.py:186} INFO - Started process (PID=1002) to work on /home/airflow/.local/lib/python3.12/site-packages/airflow/example_dags/example_inlet_event_extra.py
[2025-05-24T12:38:10.390+0000] {processor.py:914} INFO - Processing file /home/airflow/.local/lib/python3.12/site-packages/airflow/example_dags/example_inlet_event_extra.py for tasks to queue
[2025-05-24T12:38:10.392+0000] {logging_mixin.py:190} INFO - [2025-05-24T12:38:10.392+0000] {dagbag.py:588} INFO - Filling up the DagBag from /home/airflow/.local/lib/python3.12/site-packages/airflow/example_dags/example_inlet_event_extra.py
[2025-05-24T12:38:10.567+0000] {processor.py:925} INFO - DAG(s) 'read_dataset_event', 'read_dataset_event_from_classic' retrieved from /home/airflow/.local/lib/python3.12/site-packages/airflow/example_dags/example_inlet_event_extra.py
[2025-05-24T12:38:10.723+0000] {logging_mixin.py:190} INFO - [2025-05-24T12:38:10.723+0000] {dag.py:3239} INFO - Sync 2 DAGs
[2025-05-24T12:38:10.736+0000] {logging_mixin.py:190} INFO - [2025-05-24T12:38:10.736+0000] {dag.py:4180} INFO - Setting next_dagrun for read_dataset_event to 2025-05-23 00:00:00+00:00, run_after=2025-05-24 00:00:00+00:00
[2025-05-24T12:38:10.739+0000] {logging_mixin.py:190} INFO - [2025-05-24T12:38:10.739+0000] {dag.py:4180} INFO - Setting next_dagrun for read_dataset_event_from_classic to 2025-05-23 00:00:00+00:00, run_after=2025-05-24 00:00:00+00:00
[2025-05-24T12:38:10.751+0000] {processor.py:208} INFO - Processing /home/airflow/.local/lib/python3.12/site-packages/airflow/example_dags/example_inlet_event_extra.py took 0.370 seconds
[2025-05-24T12:38:41.256+0000] {processor.py:186} INFO - Started process (PID=1298) to work on /home/airflow/.local/lib/python3.12/site-packages/airflow/example_dags/example_inlet_event_extra.py
[2025-05-24T12:38:41.259+0000] {processor.py:914} INFO - Processing file /home/airflow/.local/lib/python3.12/site-packages/airflow/example_dags/example_inlet_event_extra.py for tasks to queue
[2025-05-24T12:38:41.261+0000] {logging_mixin.py:190} INFO - [2025-05-24T12:38:41.260+0000] {dagbag.py:588} INFO - Filling up the DagBag from /home/airflow/.local/lib/python3.12/site-packages/airflow/example_dags/example_inlet_event_extra.py
[2025-05-24T12:38:41.484+0000] {processor.py:925} INFO - DAG(s) 'read_dataset_event', 'read_dataset_event_from_classic' retrieved from /home/airflow/.local/lib/python3.12/site-packages/airflow/example_dags/example_inlet_event_extra.py
[2025-05-24T12:38:41.534+0000] {logging_mixin.py:190} INFO - [2025-05-24T12:38:41.534+0000] {dag.py:3239} INFO - Sync 2 DAGs
[2025-05-24T12:38:41.756+0000] {logging_mixin.py:190} INFO - [2025-05-24T12:38:41.756+0000] {dag.py:4180} INFO - Setting next_dagrun for read_dataset_event to 2025-05-23 00:00:00+00:00, run_after=2025-05-24 00:00:00+00:00
[2025-05-24T12:38:41.760+0000] {logging_mixin.py:190} INFO - [2025-05-24T12:38:41.760+0000] {dag.py:4180} INFO - Setting next_dagrun for read_dataset_event_from_classic to 2025-05-23 00:00:00+00:00, run_after=2025-05-24 00:00:00+00:00
[2025-05-24T12:38:41.778+0000] {processor.py:208} INFO - Processing /home/airflow/.local/lib/python3.12/site-packages/airflow/example_dags/example_inlet_event_extra.py took 0.525 seconds
[2025-05-24T12:39:12.431+0000] {processor.py:186} INFO - Started process (PID=1594) to work on /home/airflow/.local/lib/python3.12/site-packages/airflow/example_dags/example_inlet_event_extra.py
[2025-05-24T12:39:12.431+0000] {processor.py:914} INFO - Processing file /home/airflow/.local/lib/python3.12/site-packages/airflow/example_dags/example_inlet_event_extra.py for tasks to queue
[2025-05-24T12:39:12.433+0000] {logging_mixin.py:190} INFO - [2025-05-24T12:39:12.433+0000] {dagbag.py:588} INFO - Filling up the DagBag from /home/airflow/.local/lib/python3.12/site-packages/airflow/example_dags/example_inlet_event_extra.py
[2025-05-24T12:39:12.631+0000] {processor.py:925} INFO - DAG(s) 'read_dataset_event_from_classic', 'read_dataset_event' retrieved from /home/airflow/.local/lib/python3.12/site-packages/airflow/example_dags/example_inlet_event_extra.py
[2025-05-24T12:39:12.649+0000] {logging_mixin.py:190} INFO - [2025-05-24T12:39:12.648+0000] {dag.py:3239} INFO - Sync 2 DAGs
[2025-05-24T12:39:12.774+0000] {logging_mixin.py:190} INFO - [2025-05-24T12:39:12.774+0000] {dag.py:4180} INFO - Setting next_dagrun for read_dataset_event to 2025-05-23 00:00:00+00:00, run_after=2025-05-24 00:00:00+00:00
[2025-05-24T12:39:12.776+0000] {logging_mixin.py:190} INFO - [2025-05-24T12:39:12.776+0000] {dag.py:4180} INFO - Setting next_dagrun for read_dataset_event_from_classic to 2025-05-23 00:00:00+00:00, run_after=2025-05-24 00:00:00+00:00
[2025-05-24T12:39:12.786+0000] {processor.py:208} INFO - Processing /home/airflow/.local/lib/python3.12/site-packages/airflow/example_dags/example_inlet_event_extra.py took 0.359 seconds
[2025-05-24T12:39:43.377+0000] {processor.py:186} INFO - Started process (PID=1890) to work on /home/airflow/.local/lib/python3.12/site-packages/airflow/example_dags/example_inlet_event_extra.py
[2025-05-24T12:39:43.379+0000] {processor.py:914} INFO - Processing file /home/airflow/.local/lib/python3.12/site-packages/airflow/example_dags/example_inlet_event_extra.py for tasks to queue
[2025-05-24T12:39:43.381+0000] {logging_mixin.py:190} INFO - [2025-05-24T12:39:43.381+0000] {dagbag.py:588} INFO - Filling up the DagBag from /home/airflow/.local/lib/python3.12/site-packages/airflow/example_dags/example_inlet_event_extra.py
[2025-05-24T12:39:43.556+0000] {processor.py:925} INFO - DAG(s) 'read_dataset_event', 'read_dataset_event_from_classic' retrieved from /home/airflow/.local/lib/python3.12/site-packages/airflow/example_dags/example_inlet_event_extra.py
[2025-05-24T12:39:43.569+0000] {logging_mixin.py:190} INFO - [2025-05-24T12:39:43.569+0000] {dag.py:3239} INFO - Sync 2 DAGs
[2025-05-24T12:39:43.696+0000] {logging_mixin.py:190} INFO - [2025-05-24T12:39:43.696+0000] {dag.py:4180} INFO - Setting next_dagrun for read_dataset_event to 2025-05-23 00:00:00+00:00, run_after=2025-05-24 00:00:00+00:00
[2025-05-24T12:39:43.700+0000] {logging_mixin.py:190} INFO - [2025-05-24T12:39:43.699+0000] {dag.py:4180} INFO - Setting next_dagrun for read_dataset_event_from_classic to 2025-05-23 00:00:00+00:00, run_after=2025-05-24 00:00:00+00:00
[2025-05-24T12:39:43.711+0000] {processor.py:208} INFO - Processing /home/airflow/.local/lib/python3.12/site-packages/airflow/example_dags/example_inlet_event_extra.py took 0.338 seconds
[2025-05-24T12:40:14.318+0000] {processor.py:186} INFO - Started process (PID=2186) to work on /home/airflow/.local/lib/python3.12/site-packages/airflow/example_dags/example_inlet_event_extra.py
[2025-05-24T12:40:14.319+0000] {processor.py:914} INFO - Processing file /home/airflow/.local/lib/python3.12/site-packages/airflow/example_dags/example_inlet_event_extra.py for tasks to queue
[2025-05-24T12:40:14.320+0000] {logging_mixin.py:190} INFO - [2025-05-24T12:40:14.320+0000] {dagbag.py:588} INFO - Filling up the DagBag from /home/airflow/.local/lib/python3.12/site-packages/airflow/example_dags/example_inlet_event_extra.py
[2025-05-24T12:40:14.600+0000] {processor.py:925} INFO - DAG(s) 'read_dataset_event_from_classic', 'read_dataset_event' retrieved from /home/airflow/.local/lib/python3.12/site-packages/airflow/example_dags/example_inlet_event_extra.py
[2025-05-24T12:40:14.609+0000] {logging_mixin.py:190} INFO - [2025-05-24T12:40:14.609+0000] {dag.py:3239} INFO - Sync 2 DAGs
[2025-05-24T12:40:14.625+0000] {logging_mixin.py:190} INFO - [2025-05-24T12:40:14.625+0000] {dag.py:4180} INFO - Setting next_dagrun for read_dataset_event to 2025-05-23 00:00:00+00:00, run_after=2025-05-24 00:00:00+00:00
[2025-05-24T12:40:14.629+0000] {logging_mixin.py:190} INFO - [2025-05-24T12:40:14.629+0000] {dag.py:4180} INFO - Setting next_dagrun for read_dataset_event_from_classic to 2025-05-23 00:00:00+00:00, run_after=2025-05-24 00:00:00+00:00
[2025-05-24T12:40:14.640+0000] {processor.py:208} INFO - Processing /home/airflow/.local/lib/python3.12/site-packages/airflow/example_dags/example_inlet_event_extra.py took 0.325 seconds
[2025-05-24T12:40:45.173+0000] {processor.py:186} INFO - Started process (PID=2482) to work on /home/airflow/.local/lib/python3.12/site-packages/airflow/example_dags/example_inlet_event_extra.py
[2025-05-24T12:40:45.174+0000] {processor.py:914} INFO - Processing file /home/airflow/.local/lib/python3.12/site-packages/airflow/example_dags/example_inlet_event_extra.py for tasks to queue
[2025-05-24T12:40:45.175+0000] {logging_mixin.py:190} INFO - [2025-05-24T12:40:45.175+0000] {dagbag.py:588} INFO - Filling up the DagBag from /home/airflow/.local/lib/python3.12/site-packages/airflow/example_dags/example_inlet_event_extra.py
[2025-05-24T12:40:45.532+0000] {processor.py:925} INFO - DAG(s) 'read_dataset_event_from_classic', 'read_dataset_event' retrieved from /home/airflow/.local/lib/python3.12/site-packages/airflow/example_dags/example_inlet_event_extra.py
[2025-05-24T12:40:45.544+0000] {logging_mixin.py:190} INFO - [2025-05-24T12:40:45.544+0000] {dag.py:3239} INFO - Sync 2 DAGs
[2025-05-24T12:40:45.557+0000] {logging_mixin.py:190} INFO - [2025-05-24T12:40:45.557+0000] {dag.py:4180} INFO - Setting next_dagrun for read_dataset_event to 2025-05-23 00:00:00+00:00, run_after=2025-05-24 00:00:00+00:00
[2025-05-24T12:40:45.560+0000] {logging_mixin.py:190} INFO - [2025-05-24T12:40:45.559+0000] {dag.py:4180} INFO - Setting next_dagrun for read_dataset_event_from_classic to 2025-05-23 00:00:00+00:00, run_after=2025-05-24 00:00:00+00:00
[2025-05-24T12:40:45.569+0000] {processor.py:208} INFO - Processing /home/airflow/.local/lib/python3.12/site-packages/airflow/example_dags/example_inlet_event_extra.py took 0.400 seconds
[2025-05-24T12:41:16.027+0000] {processor.py:186} INFO - Started process (PID=2778) to work on /home/airflow/.local/lib/python3.12/site-packages/airflow/example_dags/example_inlet_event_extra.py
[2025-05-24T12:41:16.028+0000] {processor.py:914} INFO - Processing file /home/airflow/.local/lib/python3.12/site-packages/airflow/example_dags/example_inlet_event_extra.py for tasks to queue
[2025-05-24T12:41:16.029+0000] {logging_mixin.py:190} INFO - [2025-05-24T12:41:16.029+0000] {dagbag.py:588} INFO - Filling up the DagBag from /home/airflow/.local/lib/python3.12/site-packages/airflow/example_dags/example_inlet_event_extra.py
[2025-05-24T12:41:16.199+0000] {processor.py:925} INFO - DAG(s) 'read_dataset_event', 'read_dataset_event_from_classic' retrieved from /home/airflow/.local/lib/python3.12/site-packages/airflow/example_dags/example_inlet_event_extra.py
[2025-05-24T12:41:16.213+0000] {logging_mixin.py:190} INFO - [2025-05-24T12:41:16.213+0000] {dag.py:3239} INFO - Sync 2 DAGs
[2025-05-24T12:41:16.330+0000] {logging_mixin.py:190} INFO - [2025-05-24T12:41:16.330+0000] {dag.py:4180} INFO - Setting next_dagrun for read_dataset_event to 2025-05-23 00:00:00+00:00, run_after=2025-05-24 00:00:00+00:00
[2025-05-24T12:41:16.332+0000] {logging_mixin.py:190} INFO - [2025-05-24T12:41:16.332+0000] {dag.py:4180} INFO - Setting next_dagrun for read_dataset_event_from_classic to 2025-05-23 00:00:00+00:00, run_after=2025-05-24 00:00:00+00:00
[2025-05-24T12:41:16.342+0000] {processor.py:208} INFO - Processing /home/airflow/.local/lib/python3.12/site-packages/airflow/example_dags/example_inlet_event_extra.py took 0.318 seconds
[2025-05-24T12:41:46.959+0000] {processor.py:186} INFO - Started process (PID=3073) to work on /home/airflow/.local/lib/python3.12/site-packages/airflow/example_dags/example_inlet_event_extra.py
[2025-05-24T12:41:46.959+0000] {processor.py:914} INFO - Processing file /home/airflow/.local/lib/python3.12/site-packages/airflow/example_dags/example_inlet_event_extra.py for tasks to queue
[2025-05-24T12:41:46.961+0000] {logging_mixin.py:190} INFO - [2025-05-24T12:41:46.961+0000] {dagbag.py:588} INFO - Filling up the DagBag from /home/airflow/.local/lib/python3.12/site-packages/airflow/example_dags/example_inlet_event_extra.py
[2025-05-24T12:41:47.233+0000] {processor.py:925} INFO - DAG(s) 'read_dataset_event', 'read_dataset_event_from_classic' retrieved from /home/airflow/.local/lib/python3.12/site-packages/airflow/example_dags/example_inlet_event_extra.py
[2025-05-24T12:41:47.249+0000] {logging_mixin.py:190} INFO - [2025-05-24T12:41:47.249+0000] {dag.py:3239} INFO - Sync 2 DAGs
[2025-05-24T12:41:47.260+0000] {logging_mixin.py:190} INFO - [2025-05-24T12:41:47.260+0000] {dag.py:4180} INFO - Setting next_dagrun for read_dataset_event to 2025-05-23 00:00:00+00:00, run_after=2025-05-24 00:00:00+00:00
[2025-05-24T12:41:47.262+0000] {logging_mixin.py:190} INFO - [2025-05-24T12:41:47.262+0000] {dag.py:4180} INFO - Setting next_dagrun for read_dataset_event_from_classic to 2025-05-23 00:00:00+00:00, run_after=2025-05-24 00:00:00+00:00
[2025-05-24T12:41:47.269+0000] {processor.py:208} INFO - Processing /home/airflow/.local/lib/python3.12/site-packages/airflow/example_dags/example_inlet_event_extra.py took 0.314 seconds
[2025-05-24T12:42:17.841+0000] {processor.py:186} INFO - Started process (PID=3369) to work on /home/airflow/.local/lib/python3.12/site-packages/airflow/example_dags/example_inlet_event_extra.py
[2025-05-24T12:42:17.842+0000] {processor.py:914} INFO - Processing file /home/airflow/.local/lib/python3.12/site-packages/airflow/example_dags/example_inlet_event_extra.py for tasks to queue
[2025-05-24T12:42:17.843+0000] {logging_mixin.py:190} INFO - [2025-05-24T12:42:17.843+0000] {dagbag.py:588} INFO - Filling up the DagBag from /home/airflow/.local/lib/python3.12/site-packages/airflow/example_dags/example_inlet_event_extra.py
[2025-05-24T12:42:18.118+0000] {processor.py:925} INFO - DAG(s) 'read_dataset_event_from_classic', 'read_dataset_event' retrieved from /home/airflow/.local/lib/python3.12/site-packages/airflow/example_dags/example_inlet_event_extra.py
[2025-05-24T12:42:18.133+0000] {logging_mixin.py:190} INFO - [2025-05-24T12:42:18.133+0000] {dag.py:3239} INFO - Sync 2 DAGs
[2025-05-24T12:42:18.143+0000] {logging_mixin.py:190} INFO - [2025-05-24T12:42:18.143+0000] {dag.py:4180} INFO - Setting next_dagrun for read_dataset_event to 2025-05-23 00:00:00+00:00, run_after=2025-05-24 00:00:00+00:00
[2025-05-24T12:42:18.146+0000] {logging_mixin.py:190} INFO - [2025-05-24T12:42:18.146+0000] {dag.py:4180} INFO - Setting next_dagrun for read_dataset_event_from_classic to 2025-05-23 00:00:00+00:00, run_after=2025-05-24 00:00:00+00:00
[2025-05-24T12:42:18.154+0000] {processor.py:208} INFO - Processing /home/airflow/.local/lib/python3.12/site-packages/airflow/example_dags/example_inlet_event_extra.py took 0.316 seconds
