[2025-05-24T12:37:07.409+0000] {processor.py:186} INFO - Started process (PID=256) to work on /home/airflow/.local/lib/python3.12/site-packages/airflow/example_dags/example_subdag_operator.py
[2025-05-24T12:37:07.410+0000] {processor.py:914} INFO - Processing file /home/airflow/.local/lib/python3.12/site-packages/airflow/example_dags/example_subdag_operator.py for tasks to queue
[2025-05-24T12:37:07.413+0000] {logging_mixin.py:190} INFO - [2025-05-24T12:37:07.413+0000] {dagbag.py:588} INFO - Filling up the DagBag from /home/airflow/.local/lib/python3.12/site-packages/airflow/example_dags/example_subdag_operator.py
[2025-05-24T12:37:07.433+0000] {processor.py:925} INFO - DAG(s) 'example_subdag_operator.section-1', 'example_subdag_operator.section-2', 'example_subdag_operator' retrieved from /home/airflow/.local/lib/python3.12/site-packages/airflow/example_dags/example_subdag_operator.py
[2025-05-24T12:37:07.442+0000] {logging_mixin.py:190} INFO - [2025-05-24T12:37:07.442+0000] {dag.py:3239} INFO - Sync 3 DAGs
[2025-05-24T12:37:07.455+0000] {logging_mixin.py:190} INFO - [2025-05-24T12:37:07.455+0000] {dag.py:4180} INFO - Setting next_dagrun for example_subdag_operator to 2022-01-01 00:00:00+00:00, run_after=2022-01-01 00:00:00+00:00
[2025-05-24T12:37:07.457+0000] {logging_mixin.py:190} INFO - [2025-05-24T12:37:07.457+0000] {dag.py:4180} INFO - Setting next_dagrun for example_subdag_operator.section-1 to None, run_after=None
[2025-05-24T12:37:07.458+0000] {logging_mixin.py:190} INFO - [2025-05-24T12:37:07.458+0000] {dag.py:4180} INFO - Setting next_dagrun for example_subdag_operator.section-2 to None, run_after=None
[2025-05-24T12:37:07.462+0000] {logging_mixin.py:190} INFO - [2025-05-24T12:37:07.461+0000] {dag.py:3239} INFO - Sync 2 DAGs
[2025-05-24T12:37:07.465+0000] {logging_mixin.py:190} INFO - [2025-05-24T12:37:07.464+0000] {dag.py:4180} INFO - Setting next_dagrun for example_subdag_operator.section-1 to None, run_after=None
[2025-05-24T12:37:07.465+0000] {logging_mixin.py:190} INFO - [2025-05-24T12:37:07.465+0000] {dag.py:4180} INFO - Setting next_dagrun for example_subdag_operator.section-2 to None, run_after=None
[2025-05-24T12:37:07.471+0000] {processor.py:208} INFO - Processing /home/airflow/.local/lib/python3.12/site-packages/airflow/example_dags/example_subdag_operator.py took 0.065 seconds
[2025-05-24T12:37:37.606+0000] {processor.py:186} INFO - Started process (PID=551) to work on /home/airflow/.local/lib/python3.12/site-packages/airflow/example_dags/example_subdag_operator.py
[2025-05-24T12:37:37.606+0000] {processor.py:914} INFO - Processing file /home/airflow/.local/lib/python3.12/site-packages/airflow/example_dags/example_subdag_operator.py for tasks to queue
[2025-05-24T12:37:37.610+0000] {logging_mixin.py:190} INFO - [2025-05-24T12:37:37.610+0000] {dagbag.py:588} INFO - Filling up the DagBag from /home/airflow/.local/lib/python3.12/site-packages/airflow/example_dags/example_subdag_operator.py
[2025-05-24T12:37:37.633+0000] {processor.py:925} INFO - DAG(s) 'example_subdag_operator.section-1', 'example_subdag_operator.section-2', 'example_subdag_operator' retrieved from /home/airflow/.local/lib/python3.12/site-packages/airflow/example_dags/example_subdag_operator.py
[2025-05-24T12:37:37.642+0000] {logging_mixin.py:190} INFO - [2025-05-24T12:37:37.642+0000] {dag.py:3239} INFO - Sync 3 DAGs
[2025-05-24T12:37:37.653+0000] {logging_mixin.py:190} INFO - [2025-05-24T12:37:37.653+0000] {dag.py:4180} INFO - Setting next_dagrun for example_subdag_operator to 2022-01-01 00:00:00+00:00, run_after=2022-01-01 00:00:00+00:00
[2025-05-24T12:37:37.655+0000] {logging_mixin.py:190} INFO - [2025-05-24T12:37:37.655+0000] {dag.py:4180} INFO - Setting next_dagrun for example_subdag_operator.section-1 to None, run_after=None
[2025-05-24T12:37:37.656+0000] {logging_mixin.py:190} INFO - [2025-05-24T12:37:37.656+0000] {dag.py:4180} INFO - Setting next_dagrun for example_subdag_operator.section-2 to None, run_after=None
[2025-05-24T12:37:37.659+0000] {logging_mixin.py:190} INFO - [2025-05-24T12:37:37.659+0000] {dag.py:3239} INFO - Sync 2 DAGs
[2025-05-24T12:37:37.663+0000] {logging_mixin.py:190} INFO - [2025-05-24T12:37:37.663+0000] {dag.py:4180} INFO - Setting next_dagrun for example_subdag_operator.section-1 to None, run_after=None
[2025-05-24T12:37:37.663+0000] {logging_mixin.py:190} INFO - [2025-05-24T12:37:37.663+0000] {dag.py:4180} INFO - Setting next_dagrun for example_subdag_operator.section-2 to None, run_after=None
[2025-05-24T12:37:37.673+0000] {processor.py:208} INFO - Processing /home/airflow/.local/lib/python3.12/site-packages/airflow/example_dags/example_subdag_operator.py took 0.070 seconds
[2025-05-24T12:38:08.439+0000] {processor.py:186} INFO - Started process (PID=842) to work on /home/airflow/.local/lib/python3.12/site-packages/airflow/example_dags/example_subdag_operator.py
[2025-05-24T12:38:08.440+0000] {processor.py:914} INFO - Processing file /home/airflow/.local/lib/python3.12/site-packages/airflow/example_dags/example_subdag_operator.py for tasks to queue
[2025-05-24T12:38:08.442+0000] {logging_mixin.py:190} INFO - [2025-05-24T12:38:08.442+0000] {dagbag.py:588} INFO - Filling up the DagBag from /home/airflow/.local/lib/python3.12/site-packages/airflow/example_dags/example_subdag_operator.py
[2025-05-24T12:38:08.465+0000] {processor.py:925} INFO - DAG(s) 'example_subdag_operator.section-1', 'example_subdag_operator.section-2', 'example_subdag_operator' retrieved from /home/airflow/.local/lib/python3.12/site-packages/airflow/example_dags/example_subdag_operator.py
[2025-05-24T12:38:08.478+0000] {logging_mixin.py:190} INFO - [2025-05-24T12:38:08.477+0000] {dag.py:3239} INFO - Sync 3 DAGs
[2025-05-24T12:38:08.495+0000] {logging_mixin.py:190} INFO - [2025-05-24T12:38:08.495+0000] {dag.py:4180} INFO - Setting next_dagrun for example_subdag_operator to 2022-01-01 00:00:00+00:00, run_after=2022-01-01 00:00:00+00:00
[2025-05-24T12:38:08.497+0000] {logging_mixin.py:190} INFO - [2025-05-24T12:38:08.497+0000] {dag.py:4180} INFO - Setting next_dagrun for example_subdag_operator.section-1 to None, run_after=None
[2025-05-24T12:38:08.499+0000] {logging_mixin.py:190} INFO - [2025-05-24T12:38:08.498+0000] {dag.py:4180} INFO - Setting next_dagrun for example_subdag_operator.section-2 to None, run_after=None
[2025-05-24T12:38:08.505+0000] {logging_mixin.py:190} INFO - [2025-05-24T12:38:08.505+0000] {dag.py:3239} INFO - Sync 2 DAGs
[2025-05-24T12:38:08.508+0000] {logging_mixin.py:190} INFO - [2025-05-24T12:38:08.508+0000] {dag.py:4180} INFO - Setting next_dagrun for example_subdag_operator.section-1 to None, run_after=None
[2025-05-24T12:38:08.509+0000] {logging_mixin.py:190} INFO - [2025-05-24T12:38:08.509+0000] {dag.py:4180} INFO - Setting next_dagrun for example_subdag_operator.section-2 to None, run_after=None
[2025-05-24T12:38:08.517+0000] {processor.py:208} INFO - Processing /home/airflow/.local/lib/python3.12/site-packages/airflow/example_dags/example_subdag_operator.py took 0.082 seconds
[2025-05-24T12:38:39.065+0000] {processor.py:186} INFO - Started process (PID=1145) to work on /home/airflow/.local/lib/python3.12/site-packages/airflow/example_dags/example_subdag_operator.py
[2025-05-24T12:38:39.066+0000] {processor.py:914} INFO - Processing file /home/airflow/.local/lib/python3.12/site-packages/airflow/example_dags/example_subdag_operator.py for tasks to queue
[2025-05-24T12:38:39.067+0000] {logging_mixin.py:190} INFO - [2025-05-24T12:38:39.067+0000] {dagbag.py:588} INFO - Filling up the DagBag from /home/airflow/.local/lib/python3.12/site-packages/airflow/example_dags/example_subdag_operator.py
[2025-05-24T12:38:39.085+0000] {processor.py:925} INFO - DAG(s) 'example_subdag_operator.section-1', 'example_subdag_operator.section-2', 'example_subdag_operator' retrieved from /home/airflow/.local/lib/python3.12/site-packages/airflow/example_dags/example_subdag_operator.py
[2025-05-24T12:38:39.097+0000] {logging_mixin.py:190} INFO - [2025-05-24T12:38:39.097+0000] {dag.py:3239} INFO - Sync 3 DAGs
[2025-05-24T12:38:39.110+0000] {logging_mixin.py:190} INFO - [2025-05-24T12:38:39.110+0000] {dag.py:4180} INFO - Setting next_dagrun for example_subdag_operator to 2022-01-01 00:00:00+00:00, run_after=2022-01-01 00:00:00+00:00
[2025-05-24T12:38:39.112+0000] {logging_mixin.py:190} INFO - [2025-05-24T12:38:39.112+0000] {dag.py:4180} INFO - Setting next_dagrun for example_subdag_operator.section-1 to None, run_after=None
[2025-05-24T12:38:39.114+0000] {logging_mixin.py:190} INFO - [2025-05-24T12:38:39.114+0000] {dag.py:4180} INFO - Setting next_dagrun for example_subdag_operator.section-2 to None, run_after=None
[2025-05-24T12:38:39.118+0000] {logging_mixin.py:190} INFO - [2025-05-24T12:38:39.118+0000] {dag.py:3239} INFO - Sync 2 DAGs
[2025-05-24T12:38:39.122+0000] {logging_mixin.py:190} INFO - [2025-05-24T12:38:39.122+0000] {dag.py:4180} INFO - Setting next_dagrun for example_subdag_operator.section-1 to None, run_after=None
[2025-05-24T12:38:39.123+0000] {logging_mixin.py:190} INFO - [2025-05-24T12:38:39.123+0000] {dag.py:4180} INFO - Setting next_dagrun for example_subdag_operator.section-2 to None, run_after=None
[2025-05-24T12:38:39.131+0000] {processor.py:208} INFO - Processing /home/airflow/.local/lib/python3.12/site-packages/airflow/example_dags/example_subdag_operator.py took 0.070 seconds
[2025-05-24T12:39:09.926+0000] {processor.py:186} INFO - Started process (PID=1441) to work on /home/airflow/.local/lib/python3.12/site-packages/airflow/example_dags/example_subdag_operator.py
[2025-05-24T12:39:09.928+0000] {processor.py:914} INFO - Processing file /home/airflow/.local/lib/python3.12/site-packages/airflow/example_dags/example_subdag_operator.py for tasks to queue
[2025-05-24T12:39:09.929+0000] {logging_mixin.py:190} INFO - [2025-05-24T12:39:09.929+0000] {dagbag.py:588} INFO - Filling up the DagBag from /home/airflow/.local/lib/python3.12/site-packages/airflow/example_dags/example_subdag_operator.py
[2025-05-24T12:39:09.946+0000] {processor.py:925} INFO - DAG(s) 'example_subdag_operator.section-1', 'example_subdag_operator.section-2', 'example_subdag_operator' retrieved from /home/airflow/.local/lib/python3.12/site-packages/airflow/example_dags/example_subdag_operator.py
[2025-05-24T12:39:09.956+0000] {logging_mixin.py:190} INFO - [2025-05-24T12:39:09.956+0000] {dag.py:3239} INFO - Sync 3 DAGs
[2025-05-24T12:39:09.970+0000] {logging_mixin.py:190} INFO - [2025-05-24T12:39:09.970+0000] {dag.py:4180} INFO - Setting next_dagrun for example_subdag_operator to 2022-01-01 00:00:00+00:00, run_after=2022-01-01 00:00:00+00:00
[2025-05-24T12:39:09.973+0000] {logging_mixin.py:190} INFO - [2025-05-24T12:39:09.972+0000] {dag.py:4180} INFO - Setting next_dagrun for example_subdag_operator.section-1 to None, run_after=None
[2025-05-24T12:39:09.975+0000] {logging_mixin.py:190} INFO - [2025-05-24T12:39:09.975+0000] {dag.py:4180} INFO - Setting next_dagrun for example_subdag_operator.section-2 to None, run_after=None
[2025-05-24T12:39:09.980+0000] {logging_mixin.py:190} INFO - [2025-05-24T12:39:09.979+0000] {dag.py:3239} INFO - Sync 2 DAGs
[2025-05-24T12:39:09.983+0000] {logging_mixin.py:190} INFO - [2025-05-24T12:39:09.982+0000] {dag.py:4180} INFO - Setting next_dagrun for example_subdag_operator.section-1 to None, run_after=None
[2025-05-24T12:39:09.983+0000] {logging_mixin.py:190} INFO - [2025-05-24T12:39:09.983+0000] {dag.py:4180} INFO - Setting next_dagrun for example_subdag_operator.section-2 to None, run_after=None
[2025-05-24T12:39:09.991+0000] {processor.py:208} INFO - Processing /home/airflow/.local/lib/python3.12/site-packages/airflow/example_dags/example_subdag_operator.py took 0.067 seconds
[2025-05-24T12:39:40.835+0000] {processor.py:186} INFO - Started process (PID=1737) to work on /home/airflow/.local/lib/python3.12/site-packages/airflow/example_dags/example_subdag_operator.py
[2025-05-24T12:39:40.836+0000] {processor.py:914} INFO - Processing file /home/airflow/.local/lib/python3.12/site-packages/airflow/example_dags/example_subdag_operator.py for tasks to queue
[2025-05-24T12:39:40.838+0000] {logging_mixin.py:190} INFO - [2025-05-24T12:39:40.838+0000] {dagbag.py:588} INFO - Filling up the DagBag from /home/airflow/.local/lib/python3.12/site-packages/airflow/example_dags/example_subdag_operator.py
[2025-05-24T12:39:40.857+0000] {processor.py:925} INFO - DAG(s) 'example_subdag_operator.section-1', 'example_subdag_operator.section-2', 'example_subdag_operator' retrieved from /home/airflow/.local/lib/python3.12/site-packages/airflow/example_dags/example_subdag_operator.py
[2025-05-24T12:39:40.868+0000] {logging_mixin.py:190} INFO - [2025-05-24T12:39:40.868+0000] {dag.py:3239} INFO - Sync 3 DAGs
[2025-05-24T12:39:40.878+0000] {logging_mixin.py:190} INFO - [2025-05-24T12:39:40.878+0000] {dag.py:4180} INFO - Setting next_dagrun for example_subdag_operator to 2022-01-01 00:00:00+00:00, run_after=2022-01-01 00:00:00+00:00
[2025-05-24T12:39:40.881+0000] {logging_mixin.py:190} INFO - [2025-05-24T12:39:40.881+0000] {dag.py:4180} INFO - Setting next_dagrun for example_subdag_operator.section-1 to None, run_after=None
[2025-05-24T12:39:40.882+0000] {logging_mixin.py:190} INFO - [2025-05-24T12:39:40.882+0000] {dag.py:4180} INFO - Setting next_dagrun for example_subdag_operator.section-2 to None, run_after=None
[2025-05-24T12:39:40.887+0000] {logging_mixin.py:190} INFO - [2025-05-24T12:39:40.887+0000] {dag.py:3239} INFO - Sync 2 DAGs
[2025-05-24T12:39:40.891+0000] {logging_mixin.py:190} INFO - [2025-05-24T12:39:40.891+0000] {dag.py:4180} INFO - Setting next_dagrun for example_subdag_operator.section-1 to None, run_after=None
[2025-05-24T12:39:40.892+0000] {logging_mixin.py:190} INFO - [2025-05-24T12:39:40.892+0000] {dag.py:4180} INFO - Setting next_dagrun for example_subdag_operator.section-2 to None, run_after=None
[2025-05-24T12:39:40.897+0000] {processor.py:208} INFO - Processing /home/airflow/.local/lib/python3.12/site-packages/airflow/example_dags/example_subdag_operator.py took 0.064 seconds
[2025-05-24T12:40:11.776+0000] {processor.py:186} INFO - Started process (PID=2031) to work on /home/airflow/.local/lib/python3.12/site-packages/airflow/example_dags/example_subdag_operator.py
[2025-05-24T12:40:11.778+0000] {processor.py:914} INFO - Processing file /home/airflow/.local/lib/python3.12/site-packages/airflow/example_dags/example_subdag_operator.py for tasks to queue
[2025-05-24T12:40:11.779+0000] {logging_mixin.py:190} INFO - [2025-05-24T12:40:11.779+0000] {dagbag.py:588} INFO - Filling up the DagBag from /home/airflow/.local/lib/python3.12/site-packages/airflow/example_dags/example_subdag_operator.py
[2025-05-24T12:40:11.798+0000] {processor.py:925} INFO - DAG(s) 'example_subdag_operator.section-1', 'example_subdag_operator.section-2', 'example_subdag_operator' retrieved from /home/airflow/.local/lib/python3.12/site-packages/airflow/example_dags/example_subdag_operator.py
[2025-05-24T12:40:11.810+0000] {logging_mixin.py:190} INFO - [2025-05-24T12:40:11.810+0000] {dag.py:3239} INFO - Sync 3 DAGs
[2025-05-24T12:40:11.823+0000] {logging_mixin.py:190} INFO - [2025-05-24T12:40:11.823+0000] {dag.py:4180} INFO - Setting next_dagrun for example_subdag_operator to 2022-01-01 00:00:00+00:00, run_after=2022-01-01 00:00:00+00:00
[2025-05-24T12:40:11.825+0000] {logging_mixin.py:190} INFO - [2025-05-24T12:40:11.825+0000] {dag.py:4180} INFO - Setting next_dagrun for example_subdag_operator.section-1 to None, run_after=None
[2025-05-24T12:40:11.826+0000] {logging_mixin.py:190} INFO - [2025-05-24T12:40:11.826+0000] {dag.py:4180} INFO - Setting next_dagrun for example_subdag_operator.section-2 to None, run_after=None
[2025-05-24T12:40:11.832+0000] {logging_mixin.py:190} INFO - [2025-05-24T12:40:11.832+0000] {dag.py:3239} INFO - Sync 2 DAGs
[2025-05-24T12:40:11.836+0000] {logging_mixin.py:190} INFO - [2025-05-24T12:40:11.836+0000] {dag.py:4180} INFO - Setting next_dagrun for example_subdag_operator.section-1 to None, run_after=None
[2025-05-24T12:40:11.837+0000] {logging_mixin.py:190} INFO - [2025-05-24T12:40:11.837+0000] {dag.py:4180} INFO - Setting next_dagrun for example_subdag_operator.section-2 to None, run_after=None
[2025-05-24T12:40:11.847+0000] {processor.py:208} INFO - Processing /home/airflow/.local/lib/python3.12/site-packages/airflow/example_dags/example_subdag_operator.py took 0.074 seconds
[2025-05-24T12:40:42.648+0000] {processor.py:186} INFO - Started process (PID=2329) to work on /home/airflow/.local/lib/python3.12/site-packages/airflow/example_dags/example_subdag_operator.py
[2025-05-24T12:40:42.648+0000] {processor.py:914} INFO - Processing file /home/airflow/.local/lib/python3.12/site-packages/airflow/example_dags/example_subdag_operator.py for tasks to queue
[2025-05-24T12:40:42.649+0000] {logging_mixin.py:190} INFO - [2025-05-24T12:40:42.649+0000] {dagbag.py:588} INFO - Filling up the DagBag from /home/airflow/.local/lib/python3.12/site-packages/airflow/example_dags/example_subdag_operator.py
[2025-05-24T12:40:42.662+0000] {processor.py:925} INFO - DAG(s) 'example_subdag_operator.section-1', 'example_subdag_operator.section-2', 'example_subdag_operator' retrieved from /home/airflow/.local/lib/python3.12/site-packages/airflow/example_dags/example_subdag_operator.py
[2025-05-24T12:40:42.668+0000] {logging_mixin.py:190} INFO - [2025-05-24T12:40:42.668+0000] {dag.py:3239} INFO - Sync 3 DAGs
[2025-05-24T12:40:42.678+0000] {logging_mixin.py:190} INFO - [2025-05-24T12:40:42.678+0000] {dag.py:4180} INFO - Setting next_dagrun for example_subdag_operator to 2022-01-01 00:00:00+00:00, run_after=2022-01-01 00:00:00+00:00
[2025-05-24T12:40:42.680+0000] {logging_mixin.py:190} INFO - [2025-05-24T12:40:42.680+0000] {dag.py:4180} INFO - Setting next_dagrun for example_subdag_operator.section-1 to None, run_after=None
[2025-05-24T12:40:42.680+0000] {logging_mixin.py:190} INFO - [2025-05-24T12:40:42.680+0000] {dag.py:4180} INFO - Setting next_dagrun for example_subdag_operator.section-2 to None, run_after=None
[2025-05-24T12:40:42.683+0000] {logging_mixin.py:190} INFO - [2025-05-24T12:40:42.683+0000] {dag.py:3239} INFO - Sync 2 DAGs
[2025-05-24T12:40:42.686+0000] {logging_mixin.py:190} INFO - [2025-05-24T12:40:42.686+0000] {dag.py:4180} INFO - Setting next_dagrun for example_subdag_operator.section-1 to None, run_after=None
[2025-05-24T12:40:42.686+0000] {logging_mixin.py:190} INFO - [2025-05-24T12:40:42.686+0000] {dag.py:4180} INFO - Setting next_dagrun for example_subdag_operator.section-2 to None, run_after=None
[2025-05-24T12:40:42.690+0000] {processor.py:208} INFO - Processing /home/airflow/.local/lib/python3.12/site-packages/airflow/example_dags/example_subdag_operator.py took 0.045 seconds
[2025-05-24T12:41:13.555+0000] {processor.py:186} INFO - Started process (PID=2625) to work on /home/airflow/.local/lib/python3.12/site-packages/airflow/example_dags/example_subdag_operator.py
[2025-05-24T12:41:13.556+0000] {processor.py:914} INFO - Processing file /home/airflow/.local/lib/python3.12/site-packages/airflow/example_dags/example_subdag_operator.py for tasks to queue
[2025-05-24T12:41:13.557+0000] {logging_mixin.py:190} INFO - [2025-05-24T12:41:13.557+0000] {dagbag.py:588} INFO - Filling up the DagBag from /home/airflow/.local/lib/python3.12/site-packages/airflow/example_dags/example_subdag_operator.py
[2025-05-24T12:41:13.575+0000] {processor.py:925} INFO - DAG(s) 'example_subdag_operator.section-1', 'example_subdag_operator.section-2', 'example_subdag_operator' retrieved from /home/airflow/.local/lib/python3.12/site-packages/airflow/example_dags/example_subdag_operator.py
[2025-05-24T12:41:13.584+0000] {logging_mixin.py:190} INFO - [2025-05-24T12:41:13.584+0000] {dag.py:3239} INFO - Sync 3 DAGs
[2025-05-24T12:41:13.596+0000] {logging_mixin.py:190} INFO - [2025-05-24T12:41:13.596+0000] {dag.py:4180} INFO - Setting next_dagrun for example_subdag_operator to 2022-01-01 00:00:00+00:00, run_after=2022-01-01 00:00:00+00:00
[2025-05-24T12:41:13.598+0000] {logging_mixin.py:190} INFO - [2025-05-24T12:41:13.598+0000] {dag.py:4180} INFO - Setting next_dagrun for example_subdag_operator.section-1 to None, run_after=None
[2025-05-24T12:41:13.599+0000] {logging_mixin.py:190} INFO - [2025-05-24T12:41:13.599+0000] {dag.py:4180} INFO - Setting next_dagrun for example_subdag_operator.section-2 to None, run_after=None
[2025-05-24T12:41:13.602+0000] {logging_mixin.py:190} INFO - [2025-05-24T12:41:13.602+0000] {dag.py:3239} INFO - Sync 2 DAGs
[2025-05-24T12:41:13.605+0000] {logging_mixin.py:190} INFO - [2025-05-24T12:41:13.605+0000] {dag.py:4180} INFO - Setting next_dagrun for example_subdag_operator.section-1 to None, run_after=None
[2025-05-24T12:41:13.605+0000] {logging_mixin.py:190} INFO - [2025-05-24T12:41:13.605+0000] {dag.py:4180} INFO - Setting next_dagrun for example_subdag_operator.section-2 to None, run_after=None
[2025-05-24T12:41:13.611+0000] {processor.py:208} INFO - Processing /home/airflow/.local/lib/python3.12/site-packages/airflow/example_dags/example_subdag_operator.py took 0.059 seconds
[2025-05-24T12:41:44.425+0000] {processor.py:186} INFO - Started process (PID=2918) to work on /home/airflow/.local/lib/python3.12/site-packages/airflow/example_dags/example_subdag_operator.py
[2025-05-24T12:41:44.427+0000] {processor.py:914} INFO - Processing file /home/airflow/.local/lib/python3.12/site-packages/airflow/example_dags/example_subdag_operator.py for tasks to queue
[2025-05-24T12:41:44.428+0000] {logging_mixin.py:190} INFO - [2025-05-24T12:41:44.428+0000] {dagbag.py:588} INFO - Filling up the DagBag from /home/airflow/.local/lib/python3.12/site-packages/airflow/example_dags/example_subdag_operator.py
[2025-05-24T12:41:44.443+0000] {processor.py:925} INFO - DAG(s) 'example_subdag_operator.section-1', 'example_subdag_operator.section-2', 'example_subdag_operator' retrieved from /home/airflow/.local/lib/python3.12/site-packages/airflow/example_dags/example_subdag_operator.py
[2025-05-24T12:41:44.451+0000] {logging_mixin.py:190} INFO - [2025-05-24T12:41:44.451+0000] {dag.py:3239} INFO - Sync 3 DAGs
[2025-05-24T12:41:44.465+0000] {logging_mixin.py:190} INFO - [2025-05-24T12:41:44.464+0000] {dag.py:4180} INFO - Setting next_dagrun for example_subdag_operator to 2022-01-01 00:00:00+00:00, run_after=2022-01-01 00:00:00+00:00
[2025-05-24T12:41:44.467+0000] {logging_mixin.py:190} INFO - [2025-05-24T12:41:44.467+0000] {dag.py:4180} INFO - Setting next_dagrun for example_subdag_operator.section-1 to None, run_after=None
[2025-05-24T12:41:44.468+0000] {logging_mixin.py:190} INFO - [2025-05-24T12:41:44.468+0000] {dag.py:4180} INFO - Setting next_dagrun for example_subdag_operator.section-2 to None, run_after=None
[2025-05-24T12:41:44.475+0000] {logging_mixin.py:190} INFO - [2025-05-24T12:41:44.475+0000] {dag.py:3239} INFO - Sync 2 DAGs
[2025-05-24T12:41:44.478+0000] {logging_mixin.py:190} INFO - [2025-05-24T12:41:44.478+0000] {dag.py:4180} INFO - Setting next_dagrun for example_subdag_operator.section-1 to None, run_after=None
[2025-05-24T12:41:44.479+0000] {logging_mixin.py:190} INFO - [2025-05-24T12:41:44.478+0000] {dag.py:4180} INFO - Setting next_dagrun for example_subdag_operator.section-2 to None, run_after=None
[2025-05-24T12:41:44.487+0000] {processor.py:208} INFO - Processing /home/airflow/.local/lib/python3.12/site-packages/airflow/example_dags/example_subdag_operator.py took 0.065 seconds
[2025-05-24T12:42:15.294+0000] {processor.py:186} INFO - Started process (PID=3214) to work on /home/airflow/.local/lib/python3.12/site-packages/airflow/example_dags/example_subdag_operator.py
[2025-05-24T12:42:15.296+0000] {processor.py:914} INFO - Processing file /home/airflow/.local/lib/python3.12/site-packages/airflow/example_dags/example_subdag_operator.py for tasks to queue
[2025-05-24T12:42:15.297+0000] {logging_mixin.py:190} INFO - [2025-05-24T12:42:15.297+0000] {dagbag.py:588} INFO - Filling up the DagBag from /home/airflow/.local/lib/python3.12/site-packages/airflow/example_dags/example_subdag_operator.py
[2025-05-24T12:42:15.309+0000] {processor.py:925} INFO - DAG(s) 'example_subdag_operator.section-1', 'example_subdag_operator.section-2', 'example_subdag_operator' retrieved from /home/airflow/.local/lib/python3.12/site-packages/airflow/example_dags/example_subdag_operator.py
[2025-05-24T12:42:15.317+0000] {logging_mixin.py:190} INFO - [2025-05-24T12:42:15.317+0000] {dag.py:3239} INFO - Sync 3 DAGs
[2025-05-24T12:42:15.329+0000] {logging_mixin.py:190} INFO - [2025-05-24T12:42:15.329+0000] {dag.py:4180} INFO - Setting next_dagrun for example_subdag_operator to 2022-01-01 00:00:00+00:00, run_after=2022-01-01 00:00:00+00:00
[2025-05-24T12:42:15.334+0000] {logging_mixin.py:190} INFO - [2025-05-24T12:42:15.334+0000] {dag.py:4180} INFO - Setting next_dagrun for example_subdag_operator.section-1 to None, run_after=None
[2025-05-24T12:42:15.335+0000] {logging_mixin.py:190} INFO - [2025-05-24T12:42:15.335+0000] {dag.py:4180} INFO - Setting next_dagrun for example_subdag_operator.section-2 to None, run_after=None
[2025-05-24T12:42:15.339+0000] {logging_mixin.py:190} INFO - [2025-05-24T12:42:15.338+0000] {dag.py:3239} INFO - Sync 2 DAGs
[2025-05-24T12:42:15.342+0000] {logging_mixin.py:190} INFO - [2025-05-24T12:42:15.342+0000] {dag.py:4180} INFO - Setting next_dagrun for example_subdag_operator.section-1 to None, run_after=None
[2025-05-24T12:42:15.343+0000] {logging_mixin.py:190} INFO - [2025-05-24T12:42:15.343+0000] {dag.py:4180} INFO - Setting next_dagrun for example_subdag_operator.section-2 to None, run_after=None
[2025-05-24T12:42:15.353+0000] {processor.py:208} INFO - Processing /home/airflow/.local/lib/python3.12/site-packages/airflow/example_dags/example_subdag_operator.py took 0.061 seconds
