[2025-05-24T12:37:07.202+0000] {processor.py:186} INFO - Started process (PID=241) to work on /home/airflow/.local/lib/python3.12/site-packages/airflow/example_dags/example_params_trigger_ui.py
[2025-05-24T12:37:07.203+0000] {processor.py:914} INFO - Processing file /home/airflow/.local/lib/python3.12/site-packages/airflow/example_dags/example_params_trigger_ui.py for tasks to queue
[2025-05-24T12:37:07.205+0000] {logging_mixin.py:190} INFO - [2025-05-24T12:37:07.205+0000] {dagbag.py:588} INFO - Filling up the DagBag from /home/airflow/.local/lib/python3.12/site-packages/airflow/example_dags/example_params_trigger_ui.py
[2025-05-24T12:37:07.215+0000] {processor.py:925} INFO - DAG(s) 'example_params_trigger_ui' retrieved from /home/airflow/.local/lib/python3.12/site-packages/airflow/example_dags/example_params_trigger_ui.py
[2025-05-24T12:37:07.245+0000] {logging_mixin.py:190} INFO - [2025-05-24T12:37:07.245+0000] {dag.py:3239} INFO - Sync 1 DAGs
[2025-05-24T12:37:07.253+0000] {logging_mixin.py:190} INFO - [2025-05-24T12:37:07.253+0000] {dag.py:4180} INFO - Setting next_dagrun for example_params_trigger_ui to None, run_after=None
[2025-05-24T12:37:07.265+0000] {processor.py:208} INFO - Processing /home/airflow/.local/lib/python3.12/site-packages/airflow/example_dags/example_params_trigger_ui.py took 0.065 seconds
[2025-05-24T12:37:37.342+0000] {processor.py:186} INFO - Started process (PID=533) to work on /home/airflow/.local/lib/python3.12/site-packages/airflow/example_dags/example_params_trigger_ui.py
[2025-05-24T12:37:37.342+0000] {processor.py:914} INFO - Processing file /home/airflow/.local/lib/python3.12/site-packages/airflow/example_dags/example_params_trigger_ui.py for tasks to queue
[2025-05-24T12:37:37.344+0000] {logging_mixin.py:190} INFO - [2025-05-24T12:37:37.343+0000] {dagbag.py:588} INFO - Filling up the DagBag from /home/airflow/.local/lib/python3.12/site-packages/airflow/example_dags/example_params_trigger_ui.py
[2025-05-24T12:37:37.349+0000] {processor.py:925} INFO - DAG(s) 'example_params_trigger_ui' retrieved from /home/airflow/.local/lib/python3.12/site-packages/airflow/example_dags/example_params_trigger_ui.py
[2025-05-24T12:37:37.370+0000] {logging_mixin.py:190} INFO - [2025-05-24T12:37:37.370+0000] {dag.py:3239} INFO - Sync 1 DAGs
[2025-05-24T12:37:37.388+0000] {logging_mixin.py:190} INFO - [2025-05-24T12:37:37.387+0000] {dag.py:4180} INFO - Setting next_dagrun for example_params_trigger_ui to None, run_after=None
[2025-05-24T12:37:37.446+0000] {processor.py:208} INFO - Processing /home/airflow/.local/lib/python3.12/site-packages/airflow/example_dags/example_params_trigger_ui.py took 0.108 seconds
[2025-05-24T12:38:08.341+0000] {processor.py:186} INFO - Started process (PID=827) to work on /home/airflow/.local/lib/python3.12/site-packages/airflow/example_dags/example_params_trigger_ui.py
[2025-05-24T12:38:08.343+0000] {processor.py:914} INFO - Processing file /home/airflow/.local/lib/python3.12/site-packages/airflow/example_dags/example_params_trigger_ui.py for tasks to queue
[2025-05-24T12:38:08.344+0000] {logging_mixin.py:190} INFO - [2025-05-24T12:38:08.344+0000] {dagbag.py:588} INFO - Filling up the DagBag from /home/airflow/.local/lib/python3.12/site-packages/airflow/example_dags/example_params_trigger_ui.py
[2025-05-24T12:38:08.350+0000] {processor.py:925} INFO - DAG(s) 'example_params_trigger_ui' retrieved from /home/airflow/.local/lib/python3.12/site-packages/airflow/example_dags/example_params_trigger_ui.py
[2025-05-24T12:38:08.377+0000] {logging_mixin.py:190} INFO - [2025-05-24T12:38:08.377+0000] {dag.py:3239} INFO - Sync 1 DAGs
[2025-05-24T12:38:08.385+0000] {logging_mixin.py:190} INFO - [2025-05-24T12:38:08.384+0000] {dag.py:4180} INFO - Setting next_dagrun for example_params_trigger_ui to None, run_after=None
[2025-05-24T12:38:08.398+0000] {processor.py:208} INFO - Processing /home/airflow/.local/lib/python3.12/site-packages/airflow/example_dags/example_params_trigger_ui.py took 0.060 seconds
[2025-05-24T12:38:38.939+0000] {processor.py:186} INFO - Started process (PID=1130) to work on /home/airflow/.local/lib/python3.12/site-packages/airflow/example_dags/example_params_trigger_ui.py
[2025-05-24T12:38:38.940+0000] {processor.py:914} INFO - Processing file /home/airflow/.local/lib/python3.12/site-packages/airflow/example_dags/example_params_trigger_ui.py for tasks to queue
[2025-05-24T12:38:38.942+0000] {logging_mixin.py:190} INFO - [2025-05-24T12:38:38.941+0000] {dagbag.py:588} INFO - Filling up the DagBag from /home/airflow/.local/lib/python3.12/site-packages/airflow/example_dags/example_params_trigger_ui.py
[2025-05-24T12:38:38.947+0000] {processor.py:925} INFO - DAG(s) 'example_params_trigger_ui' retrieved from /home/airflow/.local/lib/python3.12/site-packages/airflow/example_dags/example_params_trigger_ui.py
[2025-05-24T12:38:38.967+0000] {logging_mixin.py:190} INFO - [2025-05-24T12:38:38.966+0000] {dag.py:3239} INFO - Sync 1 DAGs
[2025-05-24T12:38:38.974+0000] {logging_mixin.py:190} INFO - [2025-05-24T12:38:38.974+0000] {dag.py:4180} INFO - Setting next_dagrun for example_params_trigger_ui to None, run_after=None
[2025-05-24T12:38:38.982+0000] {processor.py:208} INFO - Processing /home/airflow/.local/lib/python3.12/site-packages/airflow/example_dags/example_params_trigger_ui.py took 0.045 seconds
[2025-05-24T12:39:09.815+0000] {processor.py:186} INFO - Started process (PID=1426) to work on /home/airflow/.local/lib/python3.12/site-packages/airflow/example_dags/example_params_trigger_ui.py
[2025-05-24T12:39:09.815+0000] {processor.py:914} INFO - Processing file /home/airflow/.local/lib/python3.12/site-packages/airflow/example_dags/example_params_trigger_ui.py for tasks to queue
[2025-05-24T12:39:09.816+0000] {logging_mixin.py:190} INFO - [2025-05-24T12:39:09.816+0000] {dagbag.py:588} INFO - Filling up the DagBag from /home/airflow/.local/lib/python3.12/site-packages/airflow/example_dags/example_params_trigger_ui.py
[2025-05-24T12:39:09.822+0000] {processor.py:925} INFO - DAG(s) 'example_params_trigger_ui' retrieved from /home/airflow/.local/lib/python3.12/site-packages/airflow/example_dags/example_params_trigger_ui.py
[2025-05-24T12:39:09.838+0000] {logging_mixin.py:190} INFO - [2025-05-24T12:39:09.838+0000] {dag.py:3239} INFO - Sync 1 DAGs
[2025-05-24T12:39:09.844+0000] {logging_mixin.py:190} INFO - [2025-05-24T12:39:09.844+0000] {dag.py:4180} INFO - Setting next_dagrun for example_params_trigger_ui to None, run_after=None
[2025-05-24T12:39:09.852+0000] {processor.py:208} INFO - Processing /home/airflow/.local/lib/python3.12/site-packages/airflow/example_dags/example_params_trigger_ui.py took 0.040 seconds
[2025-05-24T12:39:40.720+0000] {processor.py:186} INFO - Started process (PID=1720) to work on /home/airflow/.local/lib/python3.12/site-packages/airflow/example_dags/example_params_trigger_ui.py
[2025-05-24T12:39:40.721+0000] {processor.py:914} INFO - Processing file /home/airflow/.local/lib/python3.12/site-packages/airflow/example_dags/example_params_trigger_ui.py for tasks to queue
[2025-05-24T12:39:40.722+0000] {logging_mixin.py:190} INFO - [2025-05-24T12:39:40.721+0000] {dagbag.py:588} INFO - Filling up the DagBag from /home/airflow/.local/lib/python3.12/site-packages/airflow/example_dags/example_params_trigger_ui.py
[2025-05-24T12:39:40.727+0000] {processor.py:925} INFO - DAG(s) 'example_params_trigger_ui' retrieved from /home/airflow/.local/lib/python3.12/site-packages/airflow/example_dags/example_params_trigger_ui.py
[2025-05-24T12:39:40.757+0000] {logging_mixin.py:190} INFO - [2025-05-24T12:39:40.757+0000] {dag.py:3239} INFO - Sync 1 DAGs
[2025-05-24T12:39:40.765+0000] {logging_mixin.py:190} INFO - [2025-05-24T12:39:40.765+0000] {dag.py:4180} INFO - Setting next_dagrun for example_params_trigger_ui to None, run_after=None
[2025-05-24T12:39:40.776+0000] {processor.py:208} INFO - Processing /home/airflow/.local/lib/python3.12/site-packages/airflow/example_dags/example_params_trigger_ui.py took 0.059 seconds
[2025-05-24T12:40:11.695+0000] {processor.py:186} INFO - Started process (PID=2018) to work on /home/airflow/.local/lib/python3.12/site-packages/airflow/example_dags/example_params_trigger_ui.py
[2025-05-24T12:40:11.696+0000] {processor.py:914} INFO - Processing file /home/airflow/.local/lib/python3.12/site-packages/airflow/example_dags/example_params_trigger_ui.py for tasks to queue
[2025-05-24T12:40:11.697+0000] {logging_mixin.py:190} INFO - [2025-05-24T12:40:11.697+0000] {dagbag.py:588} INFO - Filling up the DagBag from /home/airflow/.local/lib/python3.12/site-packages/airflow/example_dags/example_params_trigger_ui.py
[2025-05-24T12:40:11.702+0000] {processor.py:925} INFO - DAG(s) 'example_params_trigger_ui' retrieved from /home/airflow/.local/lib/python3.12/site-packages/airflow/example_dags/example_params_trigger_ui.py
[2025-05-24T12:40:11.726+0000] {logging_mixin.py:190} INFO - [2025-05-24T12:40:11.725+0000] {dag.py:3239} INFO - Sync 1 DAGs
[2025-05-24T12:40:11.732+0000] {logging_mixin.py:190} INFO - [2025-05-24T12:40:11.732+0000] {dag.py:4180} INFO - Setting next_dagrun for example_params_trigger_ui to None, run_after=None
[2025-05-24T12:40:11.746+0000] {processor.py:208} INFO - Processing /home/airflow/.local/lib/python3.12/site-packages/airflow/example_dags/example_params_trigger_ui.py took 0.053 seconds
[2025-05-24T12:40:42.538+0000] {processor.py:186} INFO - Started process (PID=2314) to work on /home/airflow/.local/lib/python3.12/site-packages/airflow/example_dags/example_params_trigger_ui.py
[2025-05-24T12:40:42.539+0000] {processor.py:914} INFO - Processing file /home/airflow/.local/lib/python3.12/site-packages/airflow/example_dags/example_params_trigger_ui.py for tasks to queue
[2025-05-24T12:40:42.540+0000] {logging_mixin.py:190} INFO - [2025-05-24T12:40:42.540+0000] {dagbag.py:588} INFO - Filling up the DagBag from /home/airflow/.local/lib/python3.12/site-packages/airflow/example_dags/example_params_trigger_ui.py
[2025-05-24T12:40:42.545+0000] {processor.py:925} INFO - DAG(s) 'example_params_trigger_ui' retrieved from /home/airflow/.local/lib/python3.12/site-packages/airflow/example_dags/example_params_trigger_ui.py
[2025-05-24T12:40:42.563+0000] {logging_mixin.py:190} INFO - [2025-05-24T12:40:42.562+0000] {dag.py:3239} INFO - Sync 1 DAGs
[2025-05-24T12:40:42.569+0000] {logging_mixin.py:190} INFO - [2025-05-24T12:40:42.569+0000] {dag.py:4180} INFO - Setting next_dagrun for example_params_trigger_ui to None, run_after=None
[2025-05-24T12:40:42.576+0000] {processor.py:208} INFO - Processing /home/airflow/.local/lib/python3.12/site-packages/airflow/example_dags/example_params_trigger_ui.py took 0.041 seconds
[2025-05-24T12:41:13.445+0000] {processor.py:186} INFO - Started process (PID=2608) to work on /home/airflow/.local/lib/python3.12/site-packages/airflow/example_dags/example_params_trigger_ui.py
[2025-05-24T12:41:13.446+0000] {processor.py:914} INFO - Processing file /home/airflow/.local/lib/python3.12/site-packages/airflow/example_dags/example_params_trigger_ui.py for tasks to queue
[2025-05-24T12:41:13.447+0000] {logging_mixin.py:190} INFO - [2025-05-24T12:41:13.447+0000] {dagbag.py:588} INFO - Filling up the DagBag from /home/airflow/.local/lib/python3.12/site-packages/airflow/example_dags/example_params_trigger_ui.py
[2025-05-24T12:41:13.453+0000] {processor.py:925} INFO - DAG(s) 'example_params_trigger_ui' retrieved from /home/airflow/.local/lib/python3.12/site-packages/airflow/example_dags/example_params_trigger_ui.py
[2025-05-24T12:41:13.478+0000] {logging_mixin.py:190} INFO - [2025-05-24T12:41:13.478+0000] {dag.py:3239} INFO - Sync 1 DAGs
[2025-05-24T12:41:13.485+0000] {logging_mixin.py:190} INFO - [2025-05-24T12:41:13.485+0000] {dag.py:4180} INFO - Setting next_dagrun for example_params_trigger_ui to None, run_after=None
[2025-05-24T12:41:13.494+0000] {processor.py:208} INFO - Processing /home/airflow/.local/lib/python3.12/site-packages/airflow/example_dags/example_params_trigger_ui.py took 0.052 seconds
[2025-05-24T12:41:44.321+0000] {processor.py:186} INFO - Started process (PID=2903) to work on /home/airflow/.local/lib/python3.12/site-packages/airflow/example_dags/example_params_trigger_ui.py
[2025-05-24T12:41:44.324+0000] {processor.py:914} INFO - Processing file /home/airflow/.local/lib/python3.12/site-packages/airflow/example_dags/example_params_trigger_ui.py for tasks to queue
[2025-05-24T12:41:44.326+0000] {logging_mixin.py:190} INFO - [2025-05-24T12:41:44.326+0000] {dagbag.py:588} INFO - Filling up the DagBag from /home/airflow/.local/lib/python3.12/site-packages/airflow/example_dags/example_params_trigger_ui.py
[2025-05-24T12:41:44.333+0000] {processor.py:925} INFO - DAG(s) 'example_params_trigger_ui' retrieved from /home/airflow/.local/lib/python3.12/site-packages/airflow/example_dags/example_params_trigger_ui.py
[2025-05-24T12:41:44.358+0000] {logging_mixin.py:190} INFO - [2025-05-24T12:41:44.357+0000] {dag.py:3239} INFO - Sync 1 DAGs
[2025-05-24T12:41:44.366+0000] {logging_mixin.py:190} INFO - [2025-05-24T12:41:44.366+0000] {dag.py:4180} INFO - Setting next_dagrun for example_params_trigger_ui to None, run_after=None
[2025-05-24T12:41:44.379+0000] {processor.py:208} INFO - Processing /home/airflow/.local/lib/python3.12/site-packages/airflow/example_dags/example_params_trigger_ui.py took 0.062 seconds
[2025-05-24T12:42:15.211+0000] {processor.py:186} INFO - Started process (PID=3199) to work on /home/airflow/.local/lib/python3.12/site-packages/airflow/example_dags/example_params_trigger_ui.py
[2025-05-24T12:42:15.212+0000] {processor.py:914} INFO - Processing file /home/airflow/.local/lib/python3.12/site-packages/airflow/example_dags/example_params_trigger_ui.py for tasks to queue
[2025-05-24T12:42:15.213+0000] {logging_mixin.py:190} INFO - [2025-05-24T12:42:15.213+0000] {dagbag.py:588} INFO - Filling up the DagBag from /home/airflow/.local/lib/python3.12/site-packages/airflow/example_dags/example_params_trigger_ui.py
[2025-05-24T12:42:15.219+0000] {processor.py:925} INFO - DAG(s) 'example_params_trigger_ui' retrieved from /home/airflow/.local/lib/python3.12/site-packages/airflow/example_dags/example_params_trigger_ui.py
[2025-05-24T12:42:15.238+0000] {logging_mixin.py:190} INFO - [2025-05-24T12:42:15.238+0000] {dag.py:3239} INFO - Sync 1 DAGs
[2025-05-24T12:42:15.245+0000] {logging_mixin.py:190} INFO - [2025-05-24T12:42:15.245+0000] {dag.py:4180} INFO - Setting next_dagrun for example_params_trigger_ui to None, run_after=None
[2025-05-24T12:42:15.254+0000] {processor.py:208} INFO - Processing /home/airflow/.local/lib/python3.12/site-packages/airflow/example_dags/example_params_trigger_ui.py took 0.046 seconds
