[2025-05-24T12:37:06.806+0000] {processor.py:186} INFO - Started process (PID=206) to work on /home/airflow/.local/lib/python3.12/site-packages/airflow/example_dags/example_sensors.py
[2025-05-24T12:37:06.807+0000] {processor.py:914} INFO - Processing file /home/airflow/.local/lib/python3.12/site-packages/airflow/example_dags/example_sensors.py for tasks to queue
[2025-05-24T12:37:06.808+0000] {logging_mixin.py:190} INFO - [2025-05-24T12:37:06.808+0000] {dagbag.py:588} INFO - Filling up the DagBag from /home/airflow/.local/lib/python3.12/site-packages/airflow/example_dags/example_sensors.py
[2025-05-24T12:37:06.816+0000] {processor.py:925} INFO - DAG(s) 'example_sensors' retrieved from /home/airflow/.local/lib/python3.12/site-packages/airflow/example_dags/example_sensors.py
[2025-05-24T12:37:06.837+0000] {logging_mixin.py:190} INFO - [2025-05-24T12:37:06.837+0000] {dag.py:3239} INFO - Sync 1 DAGs
[2025-05-24T12:37:06.844+0000] {logging_mixin.py:190} INFO - [2025-05-24T12:37:06.844+0000] {dag.py:4180} INFO - Setting next_dagrun for example_sensors to None, run_after=None
[2025-05-24T12:37:06.852+0000] {processor.py:208} INFO - Processing /home/airflow/.local/lib/python3.12/site-packages/airflow/example_dags/example_sensors.py took 0.049 seconds
[2025-05-24T12:37:37.105+0000] {processor.py:186} INFO - Started process (PID=501) to work on /home/airflow/.local/lib/python3.12/site-packages/airflow/example_dags/example_sensors.py
[2025-05-24T12:37:37.106+0000] {processor.py:914} INFO - Processing file /home/airflow/.local/lib/python3.12/site-packages/airflow/example_dags/example_sensors.py for tasks to queue
[2025-05-24T12:37:37.107+0000] {logging_mixin.py:190} INFO - [2025-05-24T12:37:37.107+0000] {dagbag.py:588} INFO - Filling up the DagBag from /home/airflow/.local/lib/python3.12/site-packages/airflow/example_dags/example_sensors.py
[2025-05-24T12:37:37.113+0000] {processor.py:925} INFO - DAG(s) 'example_sensors' retrieved from /home/airflow/.local/lib/python3.12/site-packages/airflow/example_dags/example_sensors.py
[2025-05-24T12:37:37.132+0000] {logging_mixin.py:190} INFO - [2025-05-24T12:37:37.132+0000] {dag.py:3239} INFO - Sync 1 DAGs
[2025-05-24T12:37:37.139+0000] {logging_mixin.py:190} INFO - [2025-05-24T12:37:37.139+0000] {dag.py:4180} INFO - Setting next_dagrun for example_sensors to None, run_after=None
[2025-05-24T12:37:37.154+0000] {processor.py:208} INFO - Processing /home/airflow/.local/lib/python3.12/site-packages/airflow/example_dags/example_sensors.py took 0.052 seconds
[2025-05-24T12:38:08.122+0000] {processor.py:186} INFO - Started process (PID=797) to work on /home/airflow/.local/lib/python3.12/site-packages/airflow/example_dags/example_sensors.py
[2025-05-24T12:38:08.123+0000] {processor.py:914} INFO - Processing file /home/airflow/.local/lib/python3.12/site-packages/airflow/example_dags/example_sensors.py for tasks to queue
[2025-05-24T12:38:08.124+0000] {logging_mixin.py:190} INFO - [2025-05-24T12:38:08.124+0000] {dagbag.py:588} INFO - Filling up the DagBag from /home/airflow/.local/lib/python3.12/site-packages/airflow/example_dags/example_sensors.py
[2025-05-24T12:38:08.130+0000] {processor.py:925} INFO - DAG(s) 'example_sensors' retrieved from /home/airflow/.local/lib/python3.12/site-packages/airflow/example_dags/example_sensors.py
[2025-05-24T12:38:08.146+0000] {logging_mixin.py:190} INFO - [2025-05-24T12:38:08.146+0000] {dag.py:3239} INFO - Sync 1 DAGs
[2025-05-24T12:38:08.154+0000] {logging_mixin.py:190} INFO - [2025-05-24T12:38:08.154+0000] {dag.py:4180} INFO - Setting next_dagrun for example_sensors to None, run_after=None
[2025-05-24T12:38:08.165+0000] {processor.py:208} INFO - Processing /home/airflow/.local/lib/python3.12/site-packages/airflow/example_dags/example_sensors.py took 0.046 seconds
[2025-05-24T12:38:38.691+0000] {processor.py:186} INFO - Started process (PID=1100) to work on /home/airflow/.local/lib/python3.12/site-packages/airflow/example_dags/example_sensors.py
[2025-05-24T12:38:38.691+0000] {processor.py:914} INFO - Processing file /home/airflow/.local/lib/python3.12/site-packages/airflow/example_dags/example_sensors.py for tasks to queue
[2025-05-24T12:38:38.693+0000] {logging_mixin.py:190} INFO - [2025-05-24T12:38:38.693+0000] {dagbag.py:588} INFO - Filling up the DagBag from /home/airflow/.local/lib/python3.12/site-packages/airflow/example_dags/example_sensors.py
[2025-05-24T12:38:38.698+0000] {processor.py:925} INFO - DAG(s) 'example_sensors' retrieved from /home/airflow/.local/lib/python3.12/site-packages/airflow/example_dags/example_sensors.py
[2025-05-24T12:38:38.711+0000] {logging_mixin.py:190} INFO - [2025-05-24T12:38:38.710+0000] {dag.py:3239} INFO - Sync 1 DAGs
[2025-05-24T12:38:38.717+0000] {logging_mixin.py:190} INFO - [2025-05-24T12:38:38.717+0000] {dag.py:4180} INFO - Setting next_dagrun for example_sensors to None, run_after=None
[2025-05-24T12:38:38.726+0000] {processor.py:208} INFO - Processing /home/airflow/.local/lib/python3.12/site-packages/airflow/example_dags/example_sensors.py took 0.038 seconds
[2025-05-24T12:39:09.625+0000] {processor.py:186} INFO - Started process (PID=1394) to work on /home/airflow/.local/lib/python3.12/site-packages/airflow/example_dags/example_sensors.py
[2025-05-24T12:39:09.626+0000] {processor.py:914} INFO - Processing file /home/airflow/.local/lib/python3.12/site-packages/airflow/example_dags/example_sensors.py for tasks to queue
[2025-05-24T12:39:09.627+0000] {logging_mixin.py:190} INFO - [2025-05-24T12:39:09.627+0000] {dagbag.py:588} INFO - Filling up the DagBag from /home/airflow/.local/lib/python3.12/site-packages/airflow/example_dags/example_sensors.py
[2025-05-24T12:39:09.633+0000] {processor.py:925} INFO - DAG(s) 'example_sensors' retrieved from /home/airflow/.local/lib/python3.12/site-packages/airflow/example_dags/example_sensors.py
[2025-05-24T12:39:09.648+0000] {logging_mixin.py:190} INFO - [2025-05-24T12:39:09.648+0000] {dag.py:3239} INFO - Sync 1 DAGs
[2025-05-24T12:39:09.654+0000] {logging_mixin.py:190} INFO - [2025-05-24T12:39:09.654+0000] {dag.py:4180} INFO - Setting next_dagrun for example_sensors to None, run_after=None
[2025-05-24T12:39:09.671+0000] {processor.py:208} INFO - Processing /home/airflow/.local/lib/python3.12/site-packages/airflow/example_dags/example_sensors.py took 0.050 seconds
[2025-05-24T12:39:40.542+0000] {processor.py:186} INFO - Started process (PID=1690) to work on /home/airflow/.local/lib/python3.12/site-packages/airflow/example_dags/example_sensors.py
[2025-05-24T12:39:40.542+0000] {processor.py:914} INFO - Processing file /home/airflow/.local/lib/python3.12/site-packages/airflow/example_dags/example_sensors.py for tasks to queue
[2025-05-24T12:39:40.543+0000] {logging_mixin.py:190} INFO - [2025-05-24T12:39:40.543+0000] {dagbag.py:588} INFO - Filling up the DagBag from /home/airflow/.local/lib/python3.12/site-packages/airflow/example_dags/example_sensors.py
[2025-05-24T12:39:40.549+0000] {processor.py:925} INFO - DAG(s) 'example_sensors' retrieved from /home/airflow/.local/lib/python3.12/site-packages/airflow/example_dags/example_sensors.py
[2025-05-24T12:39:40.561+0000] {logging_mixin.py:190} INFO - [2025-05-24T12:39:40.561+0000] {dag.py:3239} INFO - Sync 1 DAGs
[2025-05-24T12:39:40.569+0000] {logging_mixin.py:190} INFO - [2025-05-24T12:39:40.569+0000] {dag.py:4180} INFO - Setting next_dagrun for example_sensors to None, run_after=None
[2025-05-24T12:39:40.588+0000] {processor.py:208} INFO - Processing /home/airflow/.local/lib/python3.12/site-packages/airflow/example_dags/example_sensors.py took 0.049 seconds
[2025-05-24T12:40:11.511+0000] {processor.py:186} INFO - Started process (PID=1986) to work on /home/airflow/.local/lib/python3.12/site-packages/airflow/example_dags/example_sensors.py
[2025-05-24T12:40:11.512+0000] {processor.py:914} INFO - Processing file /home/airflow/.local/lib/python3.12/site-packages/airflow/example_dags/example_sensors.py for tasks to queue
[2025-05-24T12:40:11.513+0000] {logging_mixin.py:190} INFO - [2025-05-24T12:40:11.513+0000] {dagbag.py:588} INFO - Filling up the DagBag from /home/airflow/.local/lib/python3.12/site-packages/airflow/example_dags/example_sensors.py
[2025-05-24T12:40:11.518+0000] {processor.py:925} INFO - DAG(s) 'example_sensors' retrieved from /home/airflow/.local/lib/python3.12/site-packages/airflow/example_dags/example_sensors.py
[2025-05-24T12:40:11.537+0000] {logging_mixin.py:190} INFO - [2025-05-24T12:40:11.536+0000] {dag.py:3239} INFO - Sync 1 DAGs
[2025-05-24T12:40:11.543+0000] {logging_mixin.py:190} INFO - [2025-05-24T12:40:11.543+0000] {dag.py:4180} INFO - Setting next_dagrun for example_sensors to None, run_after=None
[2025-05-24T12:40:11.557+0000] {processor.py:208} INFO - Processing /home/airflow/.local/lib/python3.12/site-packages/airflow/example_dags/example_sensors.py took 0.049 seconds
[2025-05-24T12:40:42.343+0000] {processor.py:186} INFO - Started process (PID=2282) to work on /home/airflow/.local/lib/python3.12/site-packages/airflow/example_dags/example_sensors.py
[2025-05-24T12:40:42.343+0000] {processor.py:914} INFO - Processing file /home/airflow/.local/lib/python3.12/site-packages/airflow/example_dags/example_sensors.py for tasks to queue
[2025-05-24T12:40:42.344+0000] {logging_mixin.py:190} INFO - [2025-05-24T12:40:42.344+0000] {dagbag.py:588} INFO - Filling up the DagBag from /home/airflow/.local/lib/python3.12/site-packages/airflow/example_dags/example_sensors.py
[2025-05-24T12:40:42.350+0000] {processor.py:925} INFO - DAG(s) 'example_sensors' retrieved from /home/airflow/.local/lib/python3.12/site-packages/airflow/example_dags/example_sensors.py
[2025-05-24T12:40:42.362+0000] {logging_mixin.py:190} INFO - [2025-05-24T12:40:42.362+0000] {dag.py:3239} INFO - Sync 1 DAGs
[2025-05-24T12:40:42.369+0000] {logging_mixin.py:190} INFO - [2025-05-24T12:40:42.368+0000] {dag.py:4180} INFO - Setting next_dagrun for example_sensors to None, run_after=None
[2025-05-24T12:40:42.384+0000] {processor.py:208} INFO - Processing /home/airflow/.local/lib/python3.12/site-packages/airflow/example_dags/example_sensors.py took 0.044 seconds
[2025-05-24T12:41:13.276+0000] {processor.py:186} INFO - Started process (PID=2579) to work on /home/airflow/.local/lib/python3.12/site-packages/airflow/example_dags/example_sensors.py
[2025-05-24T12:41:13.276+0000] {processor.py:914} INFO - Processing file /home/airflow/.local/lib/python3.12/site-packages/airflow/example_dags/example_sensors.py for tasks to queue
[2025-05-24T12:41:13.277+0000] {logging_mixin.py:190} INFO - [2025-05-24T12:41:13.277+0000] {dagbag.py:588} INFO - Filling up the DagBag from /home/airflow/.local/lib/python3.12/site-packages/airflow/example_dags/example_sensors.py
[2025-05-24T12:41:13.282+0000] {processor.py:925} INFO - DAG(s) 'example_sensors' retrieved from /home/airflow/.local/lib/python3.12/site-packages/airflow/example_dags/example_sensors.py
[2025-05-24T12:41:13.299+0000] {logging_mixin.py:190} INFO - [2025-05-24T12:41:13.299+0000] {dag.py:3239} INFO - Sync 1 DAGs
[2025-05-24T12:41:13.308+0000] {logging_mixin.py:190} INFO - [2025-05-24T12:41:13.308+0000] {dag.py:4180} INFO - Setting next_dagrun for example_sensors to None, run_after=None
[2025-05-24T12:41:13.319+0000] {processor.py:208} INFO - Processing /home/airflow/.local/lib/python3.12/site-packages/airflow/example_dags/example_sensors.py took 0.046 seconds
[2025-05-24T12:41:44.101+0000] {processor.py:186} INFO - Started process (PID=2873) to work on /home/airflow/.local/lib/python3.12/site-packages/airflow/example_dags/example_sensors.py
[2025-05-24T12:41:44.102+0000] {processor.py:914} INFO - Processing file /home/airflow/.local/lib/python3.12/site-packages/airflow/example_dags/example_sensors.py for tasks to queue
[2025-05-24T12:41:44.103+0000] {logging_mixin.py:190} INFO - [2025-05-24T12:41:44.103+0000] {dagbag.py:588} INFO - Filling up the DagBag from /home/airflow/.local/lib/python3.12/site-packages/airflow/example_dags/example_sensors.py
[2025-05-24T12:41:44.109+0000] {processor.py:925} INFO - DAG(s) 'example_sensors' retrieved from /home/airflow/.local/lib/python3.12/site-packages/airflow/example_dags/example_sensors.py
[2025-05-24T12:41:44.122+0000] {logging_mixin.py:190} INFO - [2025-05-24T12:41:44.122+0000] {dag.py:3239} INFO - Sync 1 DAGs
[2025-05-24T12:41:44.129+0000] {logging_mixin.py:190} INFO - [2025-05-24T12:41:44.129+0000] {dag.py:4180} INFO - Setting next_dagrun for example_sensors to None, run_after=None
[2025-05-24T12:41:44.141+0000] {processor.py:208} INFO - Processing /home/airflow/.local/lib/python3.12/site-packages/airflow/example_dags/example_sensors.py took 0.043 seconds
[2025-05-24T12:42:15.034+0000] {processor.py:186} INFO - Started process (PID=3169) to work on /home/airflow/.local/lib/python3.12/site-packages/airflow/example_dags/example_sensors.py
[2025-05-24T12:42:15.034+0000] {processor.py:914} INFO - Processing file /home/airflow/.local/lib/python3.12/site-packages/airflow/example_dags/example_sensors.py for tasks to queue
[2025-05-24T12:42:15.035+0000] {logging_mixin.py:190} INFO - [2025-05-24T12:42:15.035+0000] {dagbag.py:588} INFO - Filling up the DagBag from /home/airflow/.local/lib/python3.12/site-packages/airflow/example_dags/example_sensors.py
[2025-05-24T12:42:15.042+0000] {processor.py:925} INFO - DAG(s) 'example_sensors' retrieved from /home/airflow/.local/lib/python3.12/site-packages/airflow/example_dags/example_sensors.py
[2025-05-24T12:42:15.060+0000] {logging_mixin.py:190} INFO - [2025-05-24T12:42:15.059+0000] {dag.py:3239} INFO - Sync 1 DAGs
[2025-05-24T12:42:15.068+0000] {logging_mixin.py:190} INFO - [2025-05-24T12:42:15.068+0000] {dag.py:4180} INFO - Setting next_dagrun for example_sensors to None, run_after=None
[2025-05-24T12:42:15.082+0000] {processor.py:208} INFO - Processing /home/airflow/.local/lib/python3.12/site-packages/airflow/example_dags/example_sensors.py took 0.052 seconds
