[2025-05-24T12:37:06.894+0000] {processor.py:186} INFO - Started process (PID=221) to work on /home/airflow/.local/lib/python3.12/site-packages/airflow/example_dags/example_datasets.py
[2025-05-24T12:37:06.898+0000] {processor.py:914} INFO - Processing file /home/airflow/.local/lib/python3.12/site-packages/airflow/example_dags/example_datasets.py for tasks to queue
[2025-05-24T12:37:06.899+0000] {logging_mixin.py:190} INFO - [2025-05-24T12:37:06.899+0000] {dagbag.py:588} INFO - Filling up the DagBag from /home/airflow/.local/lib/python3.12/site-packages/airflow/example_dags/example_datasets.py
[2025-05-24T12:37:07.308+0000] {processor.py:925} INFO - DAG(s) 'dataset_consumes_1_never_scheduled', 'consume_1_and_2_with_dataset_expressions', 'dataset_produces_2', 'dataset_consumes_1_and_2', 'dataset_produces_1', 'consume_1_or_both_2_and_3_with_dataset_expressions', 'conditional_dataset_and_time_based_timetable', 'dataset_consumes_1', 'dataset_consumes_unknown_never_scheduled', 'consume_1_or_2_with_dataset_expressions' retrieved from /home/airflow/.local/lib/python3.12/site-packages/airflow/example_dags/example_datasets.py
[2025-05-24T12:37:07.346+0000] {logging_mixin.py:190} INFO - [2025-05-24T12:37:07.346+0000] {dag.py:3239} INFO - Sync 10 DAGs
[2025-05-24T12:37:07.362+0000] {logging_mixin.py:190} INFO - [2025-05-24T12:37:07.362+0000] {dag.py:4180} INFO - Setting next_dagrun for conditional_dataset_and_time_based_timetable to 2025-05-21 01:00:00+00:00, run_after=2025-05-21 01:00:00+00:00
[2025-05-24T12:37:07.365+0000] {logging_mixin.py:190} INFO - [2025-05-24T12:37:07.365+0000] {dag.py:4180} INFO - Setting next_dagrun for consume_1_and_2_with_dataset_expressions to None, run_after=None
[2025-05-24T12:37:07.366+0000] {logging_mixin.py:190} INFO - [2025-05-24T12:37:07.366+0000] {dag.py:4180} INFO - Setting next_dagrun for consume_1_or_2_with_dataset_expressions to None, run_after=None
[2025-05-24T12:37:07.366+0000] {logging_mixin.py:190} INFO - [2025-05-24T12:37:07.366+0000] {dag.py:4180} INFO - Setting next_dagrun for consume_1_or_both_2_and_3_with_dataset_expressions to None, run_after=None
[2025-05-24T12:37:07.367+0000] {logging_mixin.py:190} INFO - [2025-05-24T12:37:07.367+0000] {dag.py:4180} INFO - Setting next_dagrun for dataset_consumes_1 to None, run_after=None
[2025-05-24T12:37:07.368+0000] {logging_mixin.py:190} INFO - [2025-05-24T12:37:07.368+0000] {dag.py:4180} INFO - Setting next_dagrun for dataset_consumes_1_and_2 to None, run_after=None
[2025-05-24T12:37:07.368+0000] {logging_mixin.py:190} INFO - [2025-05-24T12:37:07.368+0000] {dag.py:4180} INFO - Setting next_dagrun for dataset_consumes_1_never_scheduled to None, run_after=None
[2025-05-24T12:37:07.369+0000] {logging_mixin.py:190} INFO - [2025-05-24T12:37:07.369+0000] {dag.py:4180} INFO - Setting next_dagrun for dataset_consumes_unknown_never_scheduled to None, run_after=None
[2025-05-24T12:37:07.370+0000] {logging_mixin.py:190} INFO - [2025-05-24T12:37:07.370+0000] {dag.py:4180} INFO - Setting next_dagrun for dataset_produces_1 to 2025-05-23 00:00:00+00:00, run_after=2025-05-24 00:00:00+00:00
[2025-05-24T12:37:07.370+0000] {logging_mixin.py:190} INFO - [2025-05-24T12:37:07.370+0000] {dag.py:4180} INFO - Setting next_dagrun for dataset_produces_2 to None, run_after=None
[2025-05-24T12:37:07.388+0000] {processor.py:208} INFO - Processing /home/airflow/.local/lib/python3.12/site-packages/airflow/example_dags/example_datasets.py took 0.497 seconds
[2025-05-24T12:37:37.471+0000] {processor.py:186} INFO - Started process (PID=538) to work on /home/airflow/.local/lib/python3.12/site-packages/airflow/example_dags/example_datasets.py
[2025-05-24T12:37:37.472+0000] {processor.py:914} INFO - Processing file /home/airflow/.local/lib/python3.12/site-packages/airflow/example_dags/example_datasets.py for tasks to queue
[2025-05-24T12:37:37.473+0000] {logging_mixin.py:190} INFO - [2025-05-24T12:37:37.473+0000] {dagbag.py:588} INFO - Filling up the DagBag from /home/airflow/.local/lib/python3.12/site-packages/airflow/example_dags/example_datasets.py
[2025-05-24T12:37:37.661+0000] {processor.py:925} INFO - DAG(s) 'consume_1_or_both_2_and_3_with_dataset_expressions', 'dataset_consumes_1', 'conditional_dataset_and_time_based_timetable', 'dataset_produces_2', 'dataset_consumes_1_and_2', 'consume_1_or_2_with_dataset_expressions', 'dataset_produces_1', 'consume_1_and_2_with_dataset_expressions', 'dataset_consumes_unknown_never_scheduled', 'dataset_consumes_1_never_scheduled' retrieved from /home/airflow/.local/lib/python3.12/site-packages/airflow/example_dags/example_datasets.py
[2025-05-24T12:37:37.789+0000] {logging_mixin.py:190} INFO - [2025-05-24T12:37:37.789+0000] {dag.py:3239} INFO - Sync 10 DAGs
[2025-05-24T12:37:37.800+0000] {logging_mixin.py:190} INFO - [2025-05-24T12:37:37.800+0000] {dag.py:4180} INFO - Setting next_dagrun for conditional_dataset_and_time_based_timetable to 2025-05-21 01:00:00+00:00, run_after=2025-05-21 01:00:00+00:00
[2025-05-24T12:37:37.802+0000] {logging_mixin.py:190} INFO - [2025-05-24T12:37:37.802+0000] {dag.py:4180} INFO - Setting next_dagrun for consume_1_and_2_with_dataset_expressions to None, run_after=None
[2025-05-24T12:37:37.803+0000] {logging_mixin.py:190} INFO - [2025-05-24T12:37:37.803+0000] {dag.py:4180} INFO - Setting next_dagrun for consume_1_or_2_with_dataset_expressions to None, run_after=None
[2025-05-24T12:37:37.804+0000] {logging_mixin.py:190} INFO - [2025-05-24T12:37:37.804+0000] {dag.py:4180} INFO - Setting next_dagrun for consume_1_or_both_2_and_3_with_dataset_expressions to None, run_after=None
[2025-05-24T12:37:37.804+0000] {logging_mixin.py:190} INFO - [2025-05-24T12:37:37.804+0000] {dag.py:4180} INFO - Setting next_dagrun for dataset_consumes_1 to None, run_after=None
[2025-05-24T12:37:37.806+0000] {logging_mixin.py:190} INFO - [2025-05-24T12:37:37.805+0000] {dag.py:4180} INFO - Setting next_dagrun for dataset_consumes_1_and_2 to None, run_after=None
[2025-05-24T12:37:37.806+0000] {logging_mixin.py:190} INFO - [2025-05-24T12:37:37.806+0000] {dag.py:4180} INFO - Setting next_dagrun for dataset_consumes_1_never_scheduled to None, run_after=None
[2025-05-24T12:37:37.808+0000] {logging_mixin.py:190} INFO - [2025-05-24T12:37:37.808+0000] {dag.py:4180} INFO - Setting next_dagrun for dataset_consumes_unknown_never_scheduled to None, run_after=None
[2025-05-24T12:37:37.810+0000] {logging_mixin.py:190} INFO - [2025-05-24T12:37:37.810+0000] {dag.py:4180} INFO - Setting next_dagrun for dataset_produces_1 to 2025-05-23 00:00:00+00:00, run_after=2025-05-24 00:00:00+00:00
[2025-05-24T12:37:37.813+0000] {logging_mixin.py:190} INFO - [2025-05-24T12:37:37.813+0000] {dag.py:4180} INFO - Setting next_dagrun for dataset_produces_2 to None, run_after=None
[2025-05-24T12:37:37.840+0000] {processor.py:208} INFO - Processing /home/airflow/.local/lib/python3.12/site-packages/airflow/example_dags/example_datasets.py took 0.373 seconds
[2025-05-24T12:38:08.584+0000] {processor.py:186} INFO - Started process (PID=862) to work on /home/airflow/.local/lib/python3.12/site-packages/airflow/example_dags/example_datasets.py
[2025-05-24T12:38:08.585+0000] {processor.py:914} INFO - Processing file /home/airflow/.local/lib/python3.12/site-packages/airflow/example_dags/example_datasets.py for tasks to queue
[2025-05-24T12:38:08.586+0000] {logging_mixin.py:190} INFO - [2025-05-24T12:38:08.586+0000] {dagbag.py:588} INFO - Filling up the DagBag from /home/airflow/.local/lib/python3.12/site-packages/airflow/example_dags/example_datasets.py
[2025-05-24T12:38:08.794+0000] {processor.py:925} INFO - DAG(s) 'dataset_consumes_1_never_scheduled', 'dataset_produces_2', 'dataset_consumes_unknown_never_scheduled', 'conditional_dataset_and_time_based_timetable', 'dataset_produces_1', 'consume_1_and_2_with_dataset_expressions', 'consume_1_or_both_2_and_3_with_dataset_expressions', 'dataset_consumes_1', 'dataset_consumes_1_and_2', 'consume_1_or_2_with_dataset_expressions' retrieved from /home/airflow/.local/lib/python3.12/site-packages/airflow/example_dags/example_datasets.py
[2025-05-24T12:38:08.833+0000] {logging_mixin.py:190} INFO - [2025-05-24T12:38:08.833+0000] {dag.py:3239} INFO - Sync 10 DAGs
[2025-05-24T12:38:09.020+0000] {logging_mixin.py:190} INFO - [2025-05-24T12:38:09.019+0000] {dag.py:4180} INFO - Setting next_dagrun for conditional_dataset_and_time_based_timetable to 2025-05-21 01:00:00+00:00, run_after=2025-05-21 01:00:00+00:00
[2025-05-24T12:38:09.026+0000] {logging_mixin.py:190} INFO - [2025-05-24T12:38:09.025+0000] {dag.py:4180} INFO - Setting next_dagrun for consume_1_and_2_with_dataset_expressions to None, run_after=None
[2025-05-24T12:38:09.028+0000] {logging_mixin.py:190} INFO - [2025-05-24T12:38:09.028+0000] {dag.py:4180} INFO - Setting next_dagrun for consume_1_or_2_with_dataset_expressions to None, run_after=None
[2025-05-24T12:38:09.030+0000] {logging_mixin.py:190} INFO - [2025-05-24T12:38:09.030+0000] {dag.py:4180} INFO - Setting next_dagrun for consume_1_or_both_2_and_3_with_dataset_expressions to None, run_after=None
[2025-05-24T12:38:09.032+0000] {logging_mixin.py:190} INFO - [2025-05-24T12:38:09.032+0000] {dag.py:4180} INFO - Setting next_dagrun for dataset_consumes_1 to None, run_after=None
[2025-05-24T12:38:09.037+0000] {logging_mixin.py:190} INFO - [2025-05-24T12:38:09.036+0000] {dag.py:4180} INFO - Setting next_dagrun for dataset_consumes_1_and_2 to None, run_after=None
[2025-05-24T12:38:09.039+0000] {logging_mixin.py:190} INFO - [2025-05-24T12:38:09.039+0000] {dag.py:4180} INFO - Setting next_dagrun for dataset_consumes_1_never_scheduled to None, run_after=None
[2025-05-24T12:38:09.044+0000] {logging_mixin.py:190} INFO - [2025-05-24T12:38:09.044+0000] {dag.py:4180} INFO - Setting next_dagrun for dataset_consumes_unknown_never_scheduled to None, run_after=None
[2025-05-24T12:38:09.046+0000] {logging_mixin.py:190} INFO - [2025-05-24T12:38:09.046+0000] {dag.py:4180} INFO - Setting next_dagrun for dataset_produces_1 to 2025-05-23 00:00:00+00:00, run_after=2025-05-24 00:00:00+00:00
[2025-05-24T12:38:09.049+0000] {logging_mixin.py:190} INFO - [2025-05-24T12:38:09.049+0000] {dag.py:4180} INFO - Setting next_dagrun for dataset_produces_2 to None, run_after=None
[2025-05-24T12:38:09.083+0000] {processor.py:208} INFO - Processing /home/airflow/.local/lib/python3.12/site-packages/airflow/example_dags/example_datasets.py took 0.502 seconds
[2025-05-24T12:38:39.312+0000] {processor.py:186} INFO - Started process (PID=1173) to work on /home/airflow/.local/lib/python3.12/site-packages/airflow/example_dags/example_datasets.py
[2025-05-24T12:38:39.313+0000] {processor.py:914} INFO - Processing file /home/airflow/.local/lib/python3.12/site-packages/airflow/example_dags/example_datasets.py for tasks to queue
[2025-05-24T12:38:39.314+0000] {logging_mixin.py:190} INFO - [2025-05-24T12:38:39.314+0000] {dagbag.py:588} INFO - Filling up the DagBag from /home/airflow/.local/lib/python3.12/site-packages/airflow/example_dags/example_datasets.py
[2025-05-24T12:38:39.559+0000] {processor.py:925} INFO - DAG(s) 'dataset_consumes_unknown_never_scheduled', 'consume_1_or_2_with_dataset_expressions', 'consume_1_or_both_2_and_3_with_dataset_expressions', 'dataset_consumes_1_and_2', 'dataset_produces_2', 'dataset_consumes_1_never_scheduled', 'dataset_produces_1', 'consume_1_and_2_with_dataset_expressions', 'conditional_dataset_and_time_based_timetable', 'dataset_consumes_1' retrieved from /home/airflow/.local/lib/python3.12/site-packages/airflow/example_dags/example_datasets.py
[2025-05-24T12:38:39.597+0000] {logging_mixin.py:190} INFO - [2025-05-24T12:38:39.597+0000] {dag.py:3239} INFO - Sync 10 DAGs
[2025-05-24T12:38:39.814+0000] {logging_mixin.py:190} INFO - [2025-05-24T12:38:39.813+0000] {dag.py:4180} INFO - Setting next_dagrun for conditional_dataset_and_time_based_timetable to 2025-05-21 01:00:00+00:00, run_after=2025-05-21 01:00:00+00:00
[2025-05-24T12:38:39.820+0000] {logging_mixin.py:190} INFO - [2025-05-24T12:38:39.819+0000] {dag.py:4180} INFO - Setting next_dagrun for consume_1_and_2_with_dataset_expressions to None, run_after=None
[2025-05-24T12:38:39.821+0000] {logging_mixin.py:190} INFO - [2025-05-24T12:38:39.821+0000] {dag.py:4180} INFO - Setting next_dagrun for consume_1_or_2_with_dataset_expressions to None, run_after=None
[2025-05-24T12:38:39.824+0000] {logging_mixin.py:190} INFO - [2025-05-24T12:38:39.824+0000] {dag.py:4180} INFO - Setting next_dagrun for consume_1_or_both_2_and_3_with_dataset_expressions to None, run_after=None
[2025-05-24T12:38:39.826+0000] {logging_mixin.py:190} INFO - [2025-05-24T12:38:39.825+0000] {dag.py:4180} INFO - Setting next_dagrun for dataset_consumes_1 to None, run_after=None
[2025-05-24T12:38:39.828+0000] {logging_mixin.py:190} INFO - [2025-05-24T12:38:39.827+0000] {dag.py:4180} INFO - Setting next_dagrun for dataset_consumes_1_and_2 to None, run_after=None
[2025-05-24T12:38:39.830+0000] {logging_mixin.py:190} INFO - [2025-05-24T12:38:39.830+0000] {dag.py:4180} INFO - Setting next_dagrun for dataset_consumes_1_never_scheduled to None, run_after=None
[2025-05-24T12:38:39.833+0000] {logging_mixin.py:190} INFO - [2025-05-24T12:38:39.833+0000] {dag.py:4180} INFO - Setting next_dagrun for dataset_consumes_unknown_never_scheduled to None, run_after=None
[2025-05-24T12:38:39.840+0000] {logging_mixin.py:190} INFO - [2025-05-24T12:38:39.839+0000] {dag.py:4180} INFO - Setting next_dagrun for dataset_produces_1 to 2025-05-23 00:00:00+00:00, run_after=2025-05-24 00:00:00+00:00
[2025-05-24T12:38:39.841+0000] {logging_mixin.py:190} INFO - [2025-05-24T12:38:39.841+0000] {dag.py:4180} INFO - Setting next_dagrun for dataset_produces_2 to None, run_after=None
[2025-05-24T12:38:39.869+0000] {processor.py:208} INFO - Processing /home/airflow/.local/lib/python3.12/site-packages/airflow/example_dags/example_datasets.py took 0.560 seconds
[2025-05-24T12:39:10.151+0000] {processor.py:186} INFO - Started process (PID=1469) to work on /home/airflow/.local/lib/python3.12/site-packages/airflow/example_dags/example_datasets.py
[2025-05-24T12:39:10.151+0000] {processor.py:914} INFO - Processing file /home/airflow/.local/lib/python3.12/site-packages/airflow/example_dags/example_datasets.py for tasks to queue
[2025-05-24T12:39:10.153+0000] {logging_mixin.py:190} INFO - [2025-05-24T12:39:10.152+0000] {dagbag.py:588} INFO - Filling up the DagBag from /home/airflow/.local/lib/python3.12/site-packages/airflow/example_dags/example_datasets.py
[2025-05-24T12:39:10.322+0000] {processor.py:925} INFO - DAG(s) 'dataset_consumes_1_never_scheduled', 'consume_1_or_both_2_and_3_with_dataset_expressions', 'dataset_produces_1', 'dataset_consumes_1_and_2', 'dataset_produces_2', 'dataset_consumes_1', 'conditional_dataset_and_time_based_timetable', 'dataset_consumes_unknown_never_scheduled', 'consume_1_and_2_with_dataset_expressions', 'consume_1_or_2_with_dataset_expressions' retrieved from /home/airflow/.local/lib/python3.12/site-packages/airflow/example_dags/example_datasets.py
[2025-05-24T12:39:10.341+0000] {logging_mixin.py:190} INFO - [2025-05-24T12:39:10.341+0000] {dag.py:3239} INFO - Sync 10 DAGs
[2025-05-24T12:39:10.357+0000] {logging_mixin.py:190} INFO - [2025-05-24T12:39:10.357+0000] {dag.py:4180} INFO - Setting next_dagrun for conditional_dataset_and_time_based_timetable to 2025-05-21 01:00:00+00:00, run_after=2025-05-21 01:00:00+00:00
[2025-05-24T12:39:10.484+0000] {logging_mixin.py:190} INFO - [2025-05-24T12:39:10.483+0000] {dag.py:4180} INFO - Setting next_dagrun for consume_1_and_2_with_dataset_expressions to None, run_after=None
[2025-05-24T12:39:10.485+0000] {logging_mixin.py:190} INFO - [2025-05-24T12:39:10.485+0000] {dag.py:4180} INFO - Setting next_dagrun for consume_1_or_2_with_dataset_expressions to None, run_after=None
[2025-05-24T12:39:10.490+0000] {logging_mixin.py:190} INFO - [2025-05-24T12:39:10.490+0000] {dag.py:4180} INFO - Setting next_dagrun for consume_1_or_both_2_and_3_with_dataset_expressions to None, run_after=None
[2025-05-24T12:39:10.492+0000] {logging_mixin.py:190} INFO - [2025-05-24T12:39:10.491+0000] {dag.py:4180} INFO - Setting next_dagrun for dataset_consumes_1 to None, run_after=None
[2025-05-24T12:39:10.493+0000] {logging_mixin.py:190} INFO - [2025-05-24T12:39:10.493+0000] {dag.py:4180} INFO - Setting next_dagrun for dataset_consumes_1_and_2 to None, run_after=None
[2025-05-24T12:39:10.498+0000] {logging_mixin.py:190} INFO - [2025-05-24T12:39:10.498+0000] {dag.py:4180} INFO - Setting next_dagrun for dataset_consumes_1_never_scheduled to None, run_after=None
[2025-05-24T12:39:10.499+0000] {logging_mixin.py:190} INFO - [2025-05-24T12:39:10.499+0000] {dag.py:4180} INFO - Setting next_dagrun for dataset_consumes_unknown_never_scheduled to None, run_after=None
[2025-05-24T12:39:10.500+0000] {logging_mixin.py:190} INFO - [2025-05-24T12:39:10.500+0000] {dag.py:4180} INFO - Setting next_dagrun for dataset_produces_1 to 2025-05-23 00:00:00+00:00, run_after=2025-05-24 00:00:00+00:00
[2025-05-24T12:39:10.502+0000] {logging_mixin.py:190} INFO - [2025-05-24T12:39:10.502+0000] {dag.py:4180} INFO - Setting next_dagrun for dataset_produces_2 to None, run_after=None
[2025-05-24T12:39:10.529+0000] {processor.py:208} INFO - Processing /home/airflow/.local/lib/python3.12/site-packages/airflow/example_dags/example_datasets.py took 0.381 seconds
[2025-05-24T12:39:41.098+0000] {processor.py:186} INFO - Started process (PID=1775) to work on /home/airflow/.local/lib/python3.12/site-packages/airflow/example_dags/example_datasets.py
[2025-05-24T12:39:41.101+0000] {processor.py:914} INFO - Processing file /home/airflow/.local/lib/python3.12/site-packages/airflow/example_dags/example_datasets.py for tasks to queue
[2025-05-24T12:39:41.102+0000] {logging_mixin.py:190} INFO - [2025-05-24T12:39:41.102+0000] {dagbag.py:588} INFO - Filling up the DagBag from /home/airflow/.local/lib/python3.12/site-packages/airflow/example_dags/example_datasets.py
[2025-05-24T12:39:41.282+0000] {processor.py:925} INFO - DAG(s) 'conditional_dataset_and_time_based_timetable', 'dataset_consumes_1_and_2', 'dataset_produces_1', 'dataset_consumes_1_never_scheduled', 'dataset_consumes_1', 'dataset_produces_2', 'dataset_consumes_unknown_never_scheduled', 'consume_1_and_2_with_dataset_expressions', 'consume_1_or_2_with_dataset_expressions', 'consume_1_or_both_2_and_3_with_dataset_expressions' retrieved from /home/airflow/.local/lib/python3.12/site-packages/airflow/example_dags/example_datasets.py
[2025-05-24T12:39:41.301+0000] {logging_mixin.py:190} INFO - [2025-05-24T12:39:41.301+0000] {dag.py:3239} INFO - Sync 10 DAGs
[2025-05-24T12:39:41.313+0000] {logging_mixin.py:190} INFO - [2025-05-24T12:39:41.313+0000] {dag.py:4180} INFO - Setting next_dagrun for conditional_dataset_and_time_based_timetable to 2025-05-21 01:00:00+00:00, run_after=2025-05-21 01:00:00+00:00
[2025-05-24T12:39:41.320+0000] {logging_mixin.py:190} INFO - [2025-05-24T12:39:41.319+0000] {dag.py:4180} INFO - Setting next_dagrun for consume_1_and_2_with_dataset_expressions to None, run_after=None
[2025-05-24T12:39:41.320+0000] {logging_mixin.py:190} INFO - [2025-05-24T12:39:41.320+0000] {dag.py:4180} INFO - Setting next_dagrun for consume_1_or_2_with_dataset_expressions to None, run_after=None
[2025-05-24T12:39:41.321+0000] {logging_mixin.py:190} INFO - [2025-05-24T12:39:41.321+0000] {dag.py:4180} INFO - Setting next_dagrun for consume_1_or_both_2_and_3_with_dataset_expressions to None, run_after=None
[2025-05-24T12:39:41.321+0000] {logging_mixin.py:190} INFO - [2025-05-24T12:39:41.321+0000] {dag.py:4180} INFO - Setting next_dagrun for dataset_consumes_1 to None, run_after=None
[2025-05-24T12:39:41.322+0000] {logging_mixin.py:190} INFO - [2025-05-24T12:39:41.322+0000] {dag.py:4180} INFO - Setting next_dagrun for dataset_consumes_1_and_2 to None, run_after=None
[2025-05-24T12:39:41.322+0000] {logging_mixin.py:190} INFO - [2025-05-24T12:39:41.322+0000] {dag.py:4180} INFO - Setting next_dagrun for dataset_consumes_1_never_scheduled to None, run_after=None
[2025-05-24T12:39:41.323+0000] {logging_mixin.py:190} INFO - [2025-05-24T12:39:41.323+0000] {dag.py:4180} INFO - Setting next_dagrun for dataset_consumes_unknown_never_scheduled to None, run_after=None
[2025-05-24T12:39:41.324+0000] {logging_mixin.py:190} INFO - [2025-05-24T12:39:41.324+0000] {dag.py:4180} INFO - Setting next_dagrun for dataset_produces_1 to 2025-05-23 00:00:00+00:00, run_after=2025-05-24 00:00:00+00:00
[2025-05-24T12:39:41.324+0000] {logging_mixin.py:190} INFO - [2025-05-24T12:39:41.324+0000] {dag.py:4180} INFO - Setting next_dagrun for dataset_produces_2 to None, run_after=None
[2025-05-24T12:39:41.481+0000] {processor.py:208} INFO - Processing /home/airflow/.local/lib/python3.12/site-packages/airflow/example_dags/example_datasets.py took 0.386 seconds
[2025-05-24T12:40:12.123+0000] {processor.py:186} INFO - Started process (PID=2081) to work on /home/airflow/.local/lib/python3.12/site-packages/airflow/example_dags/example_datasets.py
[2025-05-24T12:40:12.123+0000] {processor.py:914} INFO - Processing file /home/airflow/.local/lib/python3.12/site-packages/airflow/example_dags/example_datasets.py for tasks to queue
[2025-05-24T12:40:12.124+0000] {logging_mixin.py:190} INFO - [2025-05-24T12:40:12.124+0000] {dagbag.py:588} INFO - Filling up the DagBag from /home/airflow/.local/lib/python3.12/site-packages/airflow/example_dags/example_datasets.py
[2025-05-24T12:40:12.417+0000] {processor.py:925} INFO - DAG(s) 'dataset_consumes_1', 'dataset_consumes_1_never_scheduled', 'consume_1_or_both_2_and_3_with_dataset_expressions', 'dataset_produces_2', 'consume_1_or_2_with_dataset_expressions', 'dataset_consumes_1_and_2', 'conditional_dataset_and_time_based_timetable', 'dataset_produces_1', 'dataset_consumes_unknown_never_scheduled', 'consume_1_and_2_with_dataset_expressions' retrieved from /home/airflow/.local/lib/python3.12/site-packages/airflow/example_dags/example_datasets.py
[2025-05-24T12:40:12.448+0000] {logging_mixin.py:190} INFO - [2025-05-24T12:40:12.448+0000] {dag.py:3239} INFO - Sync 10 DAGs
[2025-05-24T12:40:12.462+0000] {logging_mixin.py:190} INFO - [2025-05-24T12:40:12.462+0000] {dag.py:4180} INFO - Setting next_dagrun for conditional_dataset_and_time_based_timetable to 2025-05-21 01:00:00+00:00, run_after=2025-05-21 01:00:00+00:00
[2025-05-24T12:40:12.466+0000] {logging_mixin.py:190} INFO - [2025-05-24T12:40:12.465+0000] {dag.py:4180} INFO - Setting next_dagrun for consume_1_and_2_with_dataset_expressions to None, run_after=None
[2025-05-24T12:40:12.468+0000] {logging_mixin.py:190} INFO - [2025-05-24T12:40:12.467+0000] {dag.py:4180} INFO - Setting next_dagrun for consume_1_or_2_with_dataset_expressions to None, run_after=None
[2025-05-24T12:40:12.469+0000] {logging_mixin.py:190} INFO - [2025-05-24T12:40:12.469+0000] {dag.py:4180} INFO - Setting next_dagrun for consume_1_or_both_2_and_3_with_dataset_expressions to None, run_after=None
[2025-05-24T12:40:12.471+0000] {logging_mixin.py:190} INFO - [2025-05-24T12:40:12.470+0000] {dag.py:4180} INFO - Setting next_dagrun for dataset_consumes_1 to None, run_after=None
[2025-05-24T12:40:12.472+0000] {logging_mixin.py:190} INFO - [2025-05-24T12:40:12.472+0000] {dag.py:4180} INFO - Setting next_dagrun for dataset_consumes_1_and_2 to None, run_after=None
[2025-05-24T12:40:12.474+0000] {logging_mixin.py:190} INFO - [2025-05-24T12:40:12.474+0000] {dag.py:4180} INFO - Setting next_dagrun for dataset_consumes_1_never_scheduled to None, run_after=None
[2025-05-24T12:40:12.474+0000] {logging_mixin.py:190} INFO - [2025-05-24T12:40:12.474+0000] {dag.py:4180} INFO - Setting next_dagrun for dataset_consumes_unknown_never_scheduled to None, run_after=None
[2025-05-24T12:40:12.476+0000] {logging_mixin.py:190} INFO - [2025-05-24T12:40:12.476+0000] {dag.py:4180} INFO - Setting next_dagrun for dataset_produces_1 to 2025-05-23 00:00:00+00:00, run_after=2025-05-24 00:00:00+00:00
[2025-05-24T12:40:12.477+0000] {logging_mixin.py:190} INFO - [2025-05-24T12:40:12.477+0000] {dag.py:4180} INFO - Setting next_dagrun for dataset_produces_2 to None, run_after=None
[2025-05-24T12:40:12.498+0000] {processor.py:208} INFO - Processing /home/airflow/.local/lib/python3.12/site-packages/airflow/example_dags/example_datasets.py took 0.378 seconds
[2025-05-24T12:40:42.974+0000] {processor.py:186} INFO - Started process (PID=2369) to work on /home/airflow/.local/lib/python3.12/site-packages/airflow/example_dags/example_datasets.py
[2025-05-24T12:40:42.974+0000] {processor.py:914} INFO - Processing file /home/airflow/.local/lib/python3.12/site-packages/airflow/example_dags/example_datasets.py for tasks to queue
[2025-05-24T12:40:42.975+0000] {logging_mixin.py:190} INFO - [2025-05-24T12:40:42.975+0000] {dagbag.py:588} INFO - Filling up the DagBag from /home/airflow/.local/lib/python3.12/site-packages/airflow/example_dags/example_datasets.py
[2025-05-24T12:40:43.149+0000] {processor.py:925} INFO - DAG(s) 'consume_1_or_2_with_dataset_expressions', 'dataset_consumes_unknown_never_scheduled', 'dataset_produces_1', 'consume_1_and_2_with_dataset_expressions', 'consume_1_or_both_2_and_3_with_dataset_expressions', 'dataset_consumes_1_and_2', 'conditional_dataset_and_time_based_timetable', 'dataset_consumes_1_never_scheduled', 'dataset_consumes_1', 'dataset_produces_2' retrieved from /home/airflow/.local/lib/python3.12/site-packages/airflow/example_dags/example_datasets.py
[2025-05-24T12:40:43.282+0000] {logging_mixin.py:190} INFO - [2025-05-24T12:40:43.282+0000] {dag.py:3239} INFO - Sync 10 DAGs
[2025-05-24T12:40:43.295+0000] {logging_mixin.py:190} INFO - [2025-05-24T12:40:43.295+0000] {dag.py:4180} INFO - Setting next_dagrun for conditional_dataset_and_time_based_timetable to 2025-05-21 01:00:00+00:00, run_after=2025-05-21 01:00:00+00:00
[2025-05-24T12:40:43.297+0000] {logging_mixin.py:190} INFO - [2025-05-24T12:40:43.297+0000] {dag.py:4180} INFO - Setting next_dagrun for consume_1_and_2_with_dataset_expressions to None, run_after=None
[2025-05-24T12:40:43.298+0000] {logging_mixin.py:190} INFO - [2025-05-24T12:40:43.298+0000] {dag.py:4180} INFO - Setting next_dagrun for consume_1_or_2_with_dataset_expressions to None, run_after=None
[2025-05-24T12:40:43.299+0000] {logging_mixin.py:190} INFO - [2025-05-24T12:40:43.298+0000] {dag.py:4180} INFO - Setting next_dagrun for consume_1_or_both_2_and_3_with_dataset_expressions to None, run_after=None
[2025-05-24T12:40:43.299+0000] {logging_mixin.py:190} INFO - [2025-05-24T12:40:43.299+0000] {dag.py:4180} INFO - Setting next_dagrun for dataset_consumes_1 to None, run_after=None
[2025-05-24T12:40:43.300+0000] {logging_mixin.py:190} INFO - [2025-05-24T12:40:43.300+0000] {dag.py:4180} INFO - Setting next_dagrun for dataset_consumes_1_and_2 to None, run_after=None
[2025-05-24T12:40:43.300+0000] {logging_mixin.py:190} INFO - [2025-05-24T12:40:43.300+0000] {dag.py:4180} INFO - Setting next_dagrun for dataset_consumes_1_never_scheduled to None, run_after=None
[2025-05-24T12:40:43.301+0000] {logging_mixin.py:190} INFO - [2025-05-24T12:40:43.301+0000] {dag.py:4180} INFO - Setting next_dagrun for dataset_consumes_unknown_never_scheduled to None, run_after=None
[2025-05-24T12:40:43.302+0000] {logging_mixin.py:190} INFO - [2025-05-24T12:40:43.302+0000] {dag.py:4180} INFO - Setting next_dagrun for dataset_produces_1 to 2025-05-23 00:00:00+00:00, run_after=2025-05-24 00:00:00+00:00
[2025-05-24T12:40:43.303+0000] {logging_mixin.py:190} INFO - [2025-05-24T12:40:43.303+0000] {dag.py:4180} INFO - Setting next_dagrun for dataset_produces_2 to None, run_after=None
[2025-05-24T12:40:43.320+0000] {processor.py:208} INFO - Processing /home/airflow/.local/lib/python3.12/site-packages/airflow/example_dags/example_datasets.py took 0.350 seconds
[2025-05-24T12:41:13.844+0000] {processor.py:186} INFO - Started process (PID=2668) to work on /home/airflow/.local/lib/python3.12/site-packages/airflow/example_dags/example_datasets.py
[2025-05-24T12:41:13.845+0000] {processor.py:914} INFO - Processing file /home/airflow/.local/lib/python3.12/site-packages/airflow/example_dags/example_datasets.py for tasks to queue
[2025-05-24T12:41:13.846+0000] {logging_mixin.py:190} INFO - [2025-05-24T12:41:13.846+0000] {dagbag.py:588} INFO - Filling up the DagBag from /home/airflow/.local/lib/python3.12/site-packages/airflow/example_dags/example_datasets.py
[2025-05-24T12:41:14.012+0000] {processor.py:925} INFO - DAG(s) 'consume_1_or_2_with_dataset_expressions', 'dataset_produces_2', 'dataset_consumes_1', 'dataset_produces_1', 'consume_1_or_both_2_and_3_with_dataset_expressions', 'dataset_consumes_unknown_never_scheduled', 'conditional_dataset_and_time_based_timetable', 'dataset_consumes_1_and_2', 'dataset_consumes_1_never_scheduled', 'consume_1_and_2_with_dataset_expressions' retrieved from /home/airflow/.local/lib/python3.12/site-packages/airflow/example_dags/example_datasets.py
[2025-05-24T12:41:14.041+0000] {logging_mixin.py:190} INFO - [2025-05-24T12:41:14.041+0000] {dag.py:3239} INFO - Sync 10 DAGs
[2025-05-24T12:41:14.149+0000] {logging_mixin.py:190} INFO - [2025-05-24T12:41:14.149+0000] {dag.py:4180} INFO - Setting next_dagrun for conditional_dataset_and_time_based_timetable to 2025-05-21 01:00:00+00:00, run_after=2025-05-21 01:00:00+00:00
[2025-05-24T12:41:14.153+0000] {logging_mixin.py:190} INFO - [2025-05-24T12:41:14.151+0000] {dag.py:4180} INFO - Setting next_dagrun for consume_1_and_2_with_dataset_expressions to None, run_after=None
[2025-05-24T12:41:14.154+0000] {logging_mixin.py:190} INFO - [2025-05-24T12:41:14.154+0000] {dag.py:4180} INFO - Setting next_dagrun for consume_1_or_2_with_dataset_expressions to None, run_after=None
[2025-05-24T12:41:14.155+0000] {logging_mixin.py:190} INFO - [2025-05-24T12:41:14.155+0000] {dag.py:4180} INFO - Setting next_dagrun for consume_1_or_both_2_and_3_with_dataset_expressions to None, run_after=None
[2025-05-24T12:41:14.155+0000] {logging_mixin.py:190} INFO - [2025-05-24T12:41:14.155+0000] {dag.py:4180} INFO - Setting next_dagrun for dataset_consumes_1 to None, run_after=None
[2025-05-24T12:41:14.157+0000] {logging_mixin.py:190} INFO - [2025-05-24T12:41:14.157+0000] {dag.py:4180} INFO - Setting next_dagrun for dataset_consumes_1_and_2 to None, run_after=None
[2025-05-24T12:41:14.157+0000] {logging_mixin.py:190} INFO - [2025-05-24T12:41:14.157+0000] {dag.py:4180} INFO - Setting next_dagrun for dataset_consumes_1_never_scheduled to None, run_after=None
[2025-05-24T12:41:14.158+0000] {logging_mixin.py:190} INFO - [2025-05-24T12:41:14.158+0000] {dag.py:4180} INFO - Setting next_dagrun for dataset_consumes_unknown_never_scheduled to None, run_after=None
[2025-05-24T12:41:14.159+0000] {logging_mixin.py:190} INFO - [2025-05-24T12:41:14.159+0000] {dag.py:4180} INFO - Setting next_dagrun for dataset_produces_1 to 2025-05-23 00:00:00+00:00, run_after=2025-05-24 00:00:00+00:00
[2025-05-24T12:41:14.160+0000] {logging_mixin.py:190} INFO - [2025-05-24T12:41:14.160+0000] {dag.py:4180} INFO - Setting next_dagrun for dataset_produces_2 to None, run_after=None
[2025-05-24T12:41:14.189+0000] {processor.py:208} INFO - Processing /home/airflow/.local/lib/python3.12/site-packages/airflow/example_dags/example_datasets.py took 0.348 seconds
[2025-05-24T12:41:44.739+0000] {processor.py:186} INFO - Started process (PID=2958) to work on /home/airflow/.local/lib/python3.12/site-packages/airflow/example_dags/example_datasets.py
[2025-05-24T12:41:44.739+0000] {processor.py:914} INFO - Processing file /home/airflow/.local/lib/python3.12/site-packages/airflow/example_dags/example_datasets.py for tasks to queue
[2025-05-24T12:41:44.740+0000] {logging_mixin.py:190} INFO - [2025-05-24T12:41:44.740+0000] {dagbag.py:588} INFO - Filling up the DagBag from /home/airflow/.local/lib/python3.12/site-packages/airflow/example_dags/example_datasets.py
[2025-05-24T12:41:44.999+0000] {processor.py:925} INFO - DAG(s) 'conditional_dataset_and_time_based_timetable', 'consume_1_and_2_with_dataset_expressions', 'dataset_produces_2', 'dataset_consumes_1', 'consume_1_or_both_2_and_3_with_dataset_expressions', 'dataset_produces_1', 'dataset_consumes_1_never_scheduled', 'dataset_consumes_unknown_never_scheduled', 'consume_1_or_2_with_dataset_expressions', 'dataset_consumes_1_and_2' retrieved from /home/airflow/.local/lib/python3.12/site-packages/airflow/example_dags/example_datasets.py
[2025-05-24T12:41:45.021+0000] {logging_mixin.py:190} INFO - [2025-05-24T12:41:45.020+0000] {dag.py:3239} INFO - Sync 10 DAGs
[2025-05-24T12:41:45.034+0000] {logging_mixin.py:190} INFO - [2025-05-24T12:41:45.034+0000] {dag.py:4180} INFO - Setting next_dagrun for conditional_dataset_and_time_based_timetable to 2025-05-21 01:00:00+00:00, run_after=2025-05-21 01:00:00+00:00
[2025-05-24T12:41:45.038+0000] {logging_mixin.py:190} INFO - [2025-05-24T12:41:45.038+0000] {dag.py:4180} INFO - Setting next_dagrun for consume_1_and_2_with_dataset_expressions to None, run_after=None
[2025-05-24T12:41:45.042+0000] {logging_mixin.py:190} INFO - [2025-05-24T12:41:45.042+0000] {dag.py:4180} INFO - Setting next_dagrun for consume_1_or_2_with_dataset_expressions to None, run_after=None
[2025-05-24T12:41:45.043+0000] {logging_mixin.py:190} INFO - [2025-05-24T12:41:45.043+0000] {dag.py:4180} INFO - Setting next_dagrun for consume_1_or_both_2_and_3_with_dataset_expressions to None, run_after=None
[2025-05-24T12:41:45.044+0000] {logging_mixin.py:190} INFO - [2025-05-24T12:41:45.044+0000] {dag.py:4180} INFO - Setting next_dagrun for dataset_consumes_1 to None, run_after=None
[2025-05-24T12:41:45.045+0000] {logging_mixin.py:190} INFO - [2025-05-24T12:41:45.045+0000] {dag.py:4180} INFO - Setting next_dagrun for dataset_consumes_1_and_2 to None, run_after=None
[2025-05-24T12:41:45.047+0000] {logging_mixin.py:190} INFO - [2025-05-24T12:41:45.047+0000] {dag.py:4180} INFO - Setting next_dagrun for dataset_consumes_1_never_scheduled to None, run_after=None
[2025-05-24T12:41:45.047+0000] {logging_mixin.py:190} INFO - [2025-05-24T12:41:45.047+0000] {dag.py:4180} INFO - Setting next_dagrun for dataset_consumes_unknown_never_scheduled to None, run_after=None
[2025-05-24T12:41:45.048+0000] {logging_mixin.py:190} INFO - [2025-05-24T12:41:45.048+0000] {dag.py:4180} INFO - Setting next_dagrun for dataset_produces_1 to 2025-05-23 00:00:00+00:00, run_after=2025-05-24 00:00:00+00:00
[2025-05-24T12:41:45.050+0000] {logging_mixin.py:190} INFO - [2025-05-24T12:41:45.050+0000] {dag.py:4180} INFO - Setting next_dagrun for dataset_produces_2 to None, run_after=None
[2025-05-24T12:41:45.066+0000] {processor.py:208} INFO - Processing /home/airflow/.local/lib/python3.12/site-packages/airflow/example_dags/example_datasets.py took 0.331 seconds
[2025-05-24T12:42:15.562+0000] {processor.py:186} INFO - Started process (PID=3254) to work on /home/airflow/.local/lib/python3.12/site-packages/airflow/example_dags/example_datasets.py
[2025-05-24T12:42:15.563+0000] {processor.py:914} INFO - Processing file /home/airflow/.local/lib/python3.12/site-packages/airflow/example_dags/example_datasets.py for tasks to queue
[2025-05-24T12:42:15.565+0000] {logging_mixin.py:190} INFO - [2025-05-24T12:42:15.565+0000] {dagbag.py:588} INFO - Filling up the DagBag from /home/airflow/.local/lib/python3.12/site-packages/airflow/example_dags/example_datasets.py
[2025-05-24T12:42:15.856+0000] {processor.py:925} INFO - DAG(s) 'consume_1_and_2_with_dataset_expressions', 'consume_1_or_both_2_and_3_with_dataset_expressions', 'dataset_consumes_unknown_never_scheduled', 'conditional_dataset_and_time_based_timetable', 'consume_1_or_2_with_dataset_expressions', 'dataset_consumes_1', 'dataset_produces_2', 'dataset_consumes_1_and_2', 'dataset_produces_1', 'dataset_consumes_1_never_scheduled' retrieved from /home/airflow/.local/lib/python3.12/site-packages/airflow/example_dags/example_datasets.py
[2025-05-24T12:42:15.885+0000] {logging_mixin.py:190} INFO - [2025-05-24T12:42:15.885+0000] {dag.py:3239} INFO - Sync 10 DAGs
[2025-05-24T12:42:15.900+0000] {logging_mixin.py:190} INFO - [2025-05-24T12:42:15.900+0000] {dag.py:4180} INFO - Setting next_dagrun for conditional_dataset_and_time_based_timetable to 2025-05-21 01:00:00+00:00, run_after=2025-05-21 01:00:00+00:00
[2025-05-24T12:42:15.903+0000] {logging_mixin.py:190} INFO - [2025-05-24T12:42:15.903+0000] {dag.py:4180} INFO - Setting next_dagrun for consume_1_and_2_with_dataset_expressions to None, run_after=None
[2025-05-24T12:42:15.905+0000] {logging_mixin.py:190} INFO - [2025-05-24T12:42:15.905+0000] {dag.py:4180} INFO - Setting next_dagrun for consume_1_or_2_with_dataset_expressions to None, run_after=None
[2025-05-24T12:42:15.906+0000] {logging_mixin.py:190} INFO - [2025-05-24T12:42:15.906+0000] {dag.py:4180} INFO - Setting next_dagrun for consume_1_or_both_2_and_3_with_dataset_expressions to None, run_after=None
[2025-05-24T12:42:15.907+0000] {logging_mixin.py:190} INFO - [2025-05-24T12:42:15.907+0000] {dag.py:4180} INFO - Setting next_dagrun for dataset_consumes_1 to None, run_after=None
[2025-05-24T12:42:15.911+0000] {logging_mixin.py:190} INFO - [2025-05-24T12:42:15.911+0000] {dag.py:4180} INFO - Setting next_dagrun for dataset_consumes_1_and_2 to None, run_after=None
[2025-05-24T12:42:15.912+0000] {logging_mixin.py:190} INFO - [2025-05-24T12:42:15.912+0000] {dag.py:4180} INFO - Setting next_dagrun for dataset_consumes_1_never_scheduled to None, run_after=None
[2025-05-24T12:42:15.912+0000] {logging_mixin.py:190} INFO - [2025-05-24T12:42:15.912+0000] {dag.py:4180} INFO - Setting next_dagrun for dataset_consumes_unknown_never_scheduled to None, run_after=None
[2025-05-24T12:42:15.913+0000] {logging_mixin.py:190} INFO - [2025-05-24T12:42:15.913+0000] {dag.py:4180} INFO - Setting next_dagrun for dataset_produces_1 to 2025-05-23 00:00:00+00:00, run_after=2025-05-24 00:00:00+00:00
[2025-05-24T12:42:15.914+0000] {logging_mixin.py:190} INFO - [2025-05-24T12:42:15.914+0000] {dag.py:4180} INFO - Setting next_dagrun for dataset_produces_2 to None, run_after=None
[2025-05-24T12:42:15.928+0000] {processor.py:208} INFO - Processing /home/airflow/.local/lib/python3.12/site-packages/airflow/example_dags/example_datasets.py took 0.369 seconds
