[2025-05-24T12:37:08.800+0000] {processor.py:186} INFO - Started process (PID=391) to work on /home/airflow/.local/lib/python3.12/site-packages/airflow/example_dags/example_setup_teardown_taskflow.py
[2025-05-24T12:37:08.800+0000] {processor.py:914} INFO - Processing file /home/airflow/.local/lib/python3.12/site-packages/airflow/example_dags/example_setup_teardown_taskflow.py for tasks to queue
[2025-05-24T12:37:08.802+0000] {logging_mixin.py:190} INFO - [2025-05-24T12:37:08.801+0000] {dagbag.py:588} INFO - Filling up the DagBag from /home/airflow/.local/lib/python3.12/site-packages/airflow/example_dags/example_setup_teardown_taskflow.py
[2025-05-24T12:37:08.808+0000] {processor.py:925} INFO - DAG(s) 'example_setup_teardown_taskflow' retrieved from /home/airflow/.local/lib/python3.12/site-packages/airflow/example_dags/example_setup_teardown_taskflow.py
[2025-05-24T12:37:08.824+0000] {logging_mixin.py:190} INFO - [2025-05-24T12:37:08.823+0000] {dag.py:3239} INFO - Sync 1 DAGs
[2025-05-24T12:37:08.835+0000] {logging_mixin.py:190} INFO - [2025-05-24T12:37:08.834+0000] {dag.py:4180} INFO - Setting next_dagrun for example_setup_teardown_taskflow to None, run_after=None
[2025-05-24T12:37:08.851+0000] {processor.py:208} INFO - Processing /home/airflow/.local/lib/python3.12/site-packages/airflow/example_dags/example_setup_teardown_taskflow.py took 0.055 seconds
[2025-05-24T12:37:38.977+0000] {processor.py:186} INFO - Started process (PID=687) to work on /home/airflow/.local/lib/python3.12/site-packages/airflow/example_dags/example_setup_teardown_taskflow.py
[2025-05-24T12:37:38.979+0000] {processor.py:914} INFO - Processing file /home/airflow/.local/lib/python3.12/site-packages/airflow/example_dags/example_setup_teardown_taskflow.py for tasks to queue
[2025-05-24T12:37:38.982+0000] {logging_mixin.py:190} INFO - [2025-05-24T12:37:38.981+0000] {dagbag.py:588} INFO - Filling up the DagBag from /home/airflow/.local/lib/python3.12/site-packages/airflow/example_dags/example_setup_teardown_taskflow.py
[2025-05-24T12:37:38.989+0000] {processor.py:925} INFO - DAG(s) 'example_setup_teardown_taskflow' retrieved from /home/airflow/.local/lib/python3.12/site-packages/airflow/example_dags/example_setup_teardown_taskflow.py
[2025-05-24T12:37:39.004+0000] {logging_mixin.py:190} INFO - [2025-05-24T12:37:39.004+0000] {dag.py:3239} INFO - Sync 1 DAGs
[2025-05-24T12:37:39.013+0000] {logging_mixin.py:190} INFO - [2025-05-24T12:37:39.013+0000] {dag.py:4180} INFO - Setting next_dagrun for example_setup_teardown_taskflow to None, run_after=None
[2025-05-24T12:37:39.025+0000] {processor.py:208} INFO - Processing /home/airflow/.local/lib/python3.12/site-packages/airflow/example_dags/example_setup_teardown_taskflow.py took 0.051 seconds
[2025-05-24T12:38:10.206+0000] {processor.py:186} INFO - Started process (PID=982) to work on /home/airflow/.local/lib/python3.12/site-packages/airflow/example_dags/example_setup_teardown_taskflow.py
[2025-05-24T12:38:10.207+0000] {processor.py:914} INFO - Processing file /home/airflow/.local/lib/python3.12/site-packages/airflow/example_dags/example_setup_teardown_taskflow.py for tasks to queue
[2025-05-24T12:38:10.208+0000] {logging_mixin.py:190} INFO - [2025-05-24T12:38:10.208+0000] {dagbag.py:588} INFO - Filling up the DagBag from /home/airflow/.local/lib/python3.12/site-packages/airflow/example_dags/example_setup_teardown_taskflow.py
[2025-05-24T12:38:10.214+0000] {processor.py:925} INFO - DAG(s) 'example_setup_teardown_taskflow' retrieved from /home/airflow/.local/lib/python3.12/site-packages/airflow/example_dags/example_setup_teardown_taskflow.py
[2025-05-24T12:38:10.227+0000] {logging_mixin.py:190} INFO - [2025-05-24T12:38:10.227+0000] {dag.py:3239} INFO - Sync 1 DAGs
[2025-05-24T12:38:10.235+0000] {logging_mixin.py:190} INFO - [2025-05-24T12:38:10.234+0000] {dag.py:4180} INFO - Setting next_dagrun for example_setup_teardown_taskflow to None, run_after=None
[2025-05-24T12:38:10.246+0000] {processor.py:208} INFO - Processing /home/airflow/.local/lib/python3.12/site-packages/airflow/example_dags/example_setup_teardown_taskflow.py took 0.044 seconds
[2025-05-24T12:38:41.029+0000] {processor.py:186} INFO - Started process (PID=1278) to work on /home/airflow/.local/lib/python3.12/site-packages/airflow/example_dags/example_setup_teardown_taskflow.py
[2025-05-24T12:38:41.030+0000] {processor.py:914} INFO - Processing file /home/airflow/.local/lib/python3.12/site-packages/airflow/example_dags/example_setup_teardown_taskflow.py for tasks to queue
[2025-05-24T12:38:41.032+0000] {logging_mixin.py:190} INFO - [2025-05-24T12:38:41.032+0000] {dagbag.py:588} INFO - Filling up the DagBag from /home/airflow/.local/lib/python3.12/site-packages/airflow/example_dags/example_setup_teardown_taskflow.py
[2025-05-24T12:38:41.042+0000] {processor.py:925} INFO - DAG(s) 'example_setup_teardown_taskflow' retrieved from /home/airflow/.local/lib/python3.12/site-packages/airflow/example_dags/example_setup_teardown_taskflow.py
[2025-05-24T12:38:41.057+0000] {logging_mixin.py:190} INFO - [2025-05-24T12:38:41.057+0000] {dag.py:3239} INFO - Sync 1 DAGs
[2025-05-24T12:38:41.066+0000] {logging_mixin.py:190} INFO - [2025-05-24T12:38:41.066+0000] {dag.py:4180} INFO - Setting next_dagrun for example_setup_teardown_taskflow to None, run_after=None
[2025-05-24T12:38:41.083+0000] {processor.py:208} INFO - Processing /home/airflow/.local/lib/python3.12/site-packages/airflow/example_dags/example_setup_teardown_taskflow.py took 0.058 seconds
[2025-05-24T12:39:12.059+0000] {processor.py:186} INFO - Started process (PID=1573) to work on /home/airflow/.local/lib/python3.12/site-packages/airflow/example_dags/example_setup_teardown_taskflow.py
[2025-05-24T12:39:12.059+0000] {processor.py:914} INFO - Processing file /home/airflow/.local/lib/python3.12/site-packages/airflow/example_dags/example_setup_teardown_taskflow.py for tasks to queue
[2025-05-24T12:39:12.060+0000] {logging_mixin.py:190} INFO - [2025-05-24T12:39:12.060+0000] {dagbag.py:588} INFO - Filling up the DagBag from /home/airflow/.local/lib/python3.12/site-packages/airflow/example_dags/example_setup_teardown_taskflow.py
[2025-05-24T12:39:12.067+0000] {processor.py:925} INFO - DAG(s) 'example_setup_teardown_taskflow' retrieved from /home/airflow/.local/lib/python3.12/site-packages/airflow/example_dags/example_setup_teardown_taskflow.py
[2025-05-24T12:39:12.084+0000] {logging_mixin.py:190} INFO - [2025-05-24T12:39:12.083+0000] {dag.py:3239} INFO - Sync 1 DAGs
[2025-05-24T12:39:12.091+0000] {logging_mixin.py:190} INFO - [2025-05-24T12:39:12.090+0000] {dag.py:4180} INFO - Setting next_dagrun for example_setup_teardown_taskflow to None, run_after=None
[2025-05-24T12:39:12.100+0000] {processor.py:208} INFO - Processing /home/airflow/.local/lib/python3.12/site-packages/airflow/example_dags/example_setup_teardown_taskflow.py took 0.044 seconds
[2025-05-24T12:39:43.018+0000] {processor.py:186} INFO - Started process (PID=1870) to work on /home/airflow/.local/lib/python3.12/site-packages/airflow/example_dags/example_setup_teardown_taskflow.py
[2025-05-24T12:39:43.019+0000] {processor.py:914} INFO - Processing file /home/airflow/.local/lib/python3.12/site-packages/airflow/example_dags/example_setup_teardown_taskflow.py for tasks to queue
[2025-05-24T12:39:43.023+0000] {logging_mixin.py:190} INFO - [2025-05-24T12:39:43.023+0000] {dagbag.py:588} INFO - Filling up the DagBag from /home/airflow/.local/lib/python3.12/site-packages/airflow/example_dags/example_setup_teardown_taskflow.py
[2025-05-24T12:39:43.031+0000] {processor.py:925} INFO - DAG(s) 'example_setup_teardown_taskflow' retrieved from /home/airflow/.local/lib/python3.12/site-packages/airflow/example_dags/example_setup_teardown_taskflow.py
[2025-05-24T12:39:43.052+0000] {logging_mixin.py:190} INFO - [2025-05-24T12:39:43.052+0000] {dag.py:3239} INFO - Sync 1 DAGs
[2025-05-24T12:39:43.060+0000] {logging_mixin.py:190} INFO - [2025-05-24T12:39:43.060+0000] {dag.py:4180} INFO - Setting next_dagrun for example_setup_teardown_taskflow to None, run_after=None
[2025-05-24T12:39:43.070+0000] {processor.py:208} INFO - Processing /home/airflow/.local/lib/python3.12/site-packages/airflow/example_dags/example_setup_teardown_taskflow.py took 0.057 seconds
[2025-05-24T12:40:13.970+0000] {processor.py:186} INFO - Started process (PID=2166) to work on /home/airflow/.local/lib/python3.12/site-packages/airflow/example_dags/example_setup_teardown_taskflow.py
[2025-05-24T12:40:13.973+0000] {processor.py:914} INFO - Processing file /home/airflow/.local/lib/python3.12/site-packages/airflow/example_dags/example_setup_teardown_taskflow.py for tasks to queue
[2025-05-24T12:40:13.975+0000] {logging_mixin.py:190} INFO - [2025-05-24T12:40:13.975+0000] {dagbag.py:588} INFO - Filling up the DagBag from /home/airflow/.local/lib/python3.12/site-packages/airflow/example_dags/example_setup_teardown_taskflow.py
[2025-05-24T12:40:13.982+0000] {processor.py:925} INFO - DAG(s) 'example_setup_teardown_taskflow' retrieved from /home/airflow/.local/lib/python3.12/site-packages/airflow/example_dags/example_setup_teardown_taskflow.py
[2025-05-24T12:40:14.000+0000] {logging_mixin.py:190} INFO - [2025-05-24T12:40:14.000+0000] {dag.py:3239} INFO - Sync 1 DAGs
[2025-05-24T12:40:14.007+0000] {logging_mixin.py:190} INFO - [2025-05-24T12:40:14.007+0000] {dag.py:4180} INFO - Setting next_dagrun for example_setup_teardown_taskflow to None, run_after=None
[2025-05-24T12:40:14.016+0000] {processor.py:208} INFO - Processing /home/airflow/.local/lib/python3.12/site-packages/airflow/example_dags/example_setup_teardown_taskflow.py took 0.051 seconds
[2025-05-24T12:40:44.826+0000] {processor.py:186} INFO - Started process (PID=2462) to work on /home/airflow/.local/lib/python3.12/site-packages/airflow/example_dags/example_setup_teardown_taskflow.py
[2025-05-24T12:40:44.828+0000] {processor.py:914} INFO - Processing file /home/airflow/.local/lib/python3.12/site-packages/airflow/example_dags/example_setup_teardown_taskflow.py for tasks to queue
[2025-05-24T12:40:44.832+0000] {logging_mixin.py:190} INFO - [2025-05-24T12:40:44.832+0000] {dagbag.py:588} INFO - Filling up the DagBag from /home/airflow/.local/lib/python3.12/site-packages/airflow/example_dags/example_setup_teardown_taskflow.py
[2025-05-24T12:40:44.838+0000] {processor.py:925} INFO - DAG(s) 'example_setup_teardown_taskflow' retrieved from /home/airflow/.local/lib/python3.12/site-packages/airflow/example_dags/example_setup_teardown_taskflow.py
[2025-05-24T12:40:44.852+0000] {logging_mixin.py:190} INFO - [2025-05-24T12:40:44.852+0000] {dag.py:3239} INFO - Sync 1 DAGs
[2025-05-24T12:40:44.859+0000] {logging_mixin.py:190} INFO - [2025-05-24T12:40:44.859+0000] {dag.py:4180} INFO - Setting next_dagrun for example_setup_teardown_taskflow to None, run_after=None
[2025-05-24T12:40:44.868+0000] {processor.py:208} INFO - Processing /home/airflow/.local/lib/python3.12/site-packages/airflow/example_dags/example_setup_teardown_taskflow.py took 0.046 seconds
[2025-05-24T12:41:15.668+0000] {processor.py:186} INFO - Started process (PID=2758) to work on /home/airflow/.local/lib/python3.12/site-packages/airflow/example_dags/example_setup_teardown_taskflow.py
[2025-05-24T12:41:15.674+0000] {processor.py:914} INFO - Processing file /home/airflow/.local/lib/python3.12/site-packages/airflow/example_dags/example_setup_teardown_taskflow.py for tasks to queue
[2025-05-24T12:41:15.676+0000] {logging_mixin.py:190} INFO - [2025-05-24T12:41:15.676+0000] {dagbag.py:588} INFO - Filling up the DagBag from /home/airflow/.local/lib/python3.12/site-packages/airflow/example_dags/example_setup_teardown_taskflow.py
[2025-05-24T12:41:15.685+0000] {processor.py:925} INFO - DAG(s) 'example_setup_teardown_taskflow' retrieved from /home/airflow/.local/lib/python3.12/site-packages/airflow/example_dags/example_setup_teardown_taskflow.py
[2025-05-24T12:41:15.700+0000] {logging_mixin.py:190} INFO - [2025-05-24T12:41:15.699+0000] {dag.py:3239} INFO - Sync 1 DAGs
[2025-05-24T12:41:15.708+0000] {logging_mixin.py:190} INFO - [2025-05-24T12:41:15.707+0000] {dag.py:4180} INFO - Setting next_dagrun for example_setup_teardown_taskflow to None, run_after=None
[2025-05-24T12:41:15.717+0000] {processor.py:208} INFO - Processing /home/airflow/.local/lib/python3.12/site-packages/airflow/example_dags/example_setup_teardown_taskflow.py took 0.055 seconds
[2025-05-24T12:41:46.605+0000] {processor.py:186} INFO - Started process (PID=3053) to work on /home/airflow/.local/lib/python3.12/site-packages/airflow/example_dags/example_setup_teardown_taskflow.py
[2025-05-24T12:41:46.607+0000] {processor.py:914} INFO - Processing file /home/airflow/.local/lib/python3.12/site-packages/airflow/example_dags/example_setup_teardown_taskflow.py for tasks to queue
[2025-05-24T12:41:46.609+0000] {logging_mixin.py:190} INFO - [2025-05-24T12:41:46.609+0000] {dagbag.py:588} INFO - Filling up the DagBag from /home/airflow/.local/lib/python3.12/site-packages/airflow/example_dags/example_setup_teardown_taskflow.py
[2025-05-24T12:41:46.618+0000] {processor.py:925} INFO - DAG(s) 'example_setup_teardown_taskflow' retrieved from /home/airflow/.local/lib/python3.12/site-packages/airflow/example_dags/example_setup_teardown_taskflow.py
[2025-05-24T12:41:46.634+0000] {logging_mixin.py:190} INFO - [2025-05-24T12:41:46.634+0000] {dag.py:3239} INFO - Sync 1 DAGs
[2025-05-24T12:41:46.648+0000] {logging_mixin.py:190} INFO - [2025-05-24T12:41:46.648+0000] {dag.py:4180} INFO - Setting next_dagrun for example_setup_teardown_taskflow to None, run_after=None
[2025-05-24T12:41:46.657+0000] {processor.py:208} INFO - Processing /home/airflow/.local/lib/python3.12/site-packages/airflow/example_dags/example_setup_teardown_taskflow.py took 0.057 seconds
[2025-05-24T12:42:17.439+0000] {processor.py:186} INFO - Started process (PID=3349) to work on /home/airflow/.local/lib/python3.12/site-packages/airflow/example_dags/example_setup_teardown_taskflow.py
[2025-05-24T12:42:17.440+0000] {processor.py:914} INFO - Processing file /home/airflow/.local/lib/python3.12/site-packages/airflow/example_dags/example_setup_teardown_taskflow.py for tasks to queue
[2025-05-24T12:42:17.442+0000] {logging_mixin.py:190} INFO - [2025-05-24T12:42:17.442+0000] {dagbag.py:588} INFO - Filling up the DagBag from /home/airflow/.local/lib/python3.12/site-packages/airflow/example_dags/example_setup_teardown_taskflow.py
[2025-05-24T12:42:17.453+0000] {processor.py:925} INFO - DAG(s) 'example_setup_teardown_taskflow' retrieved from /home/airflow/.local/lib/python3.12/site-packages/airflow/example_dags/example_setup_teardown_taskflow.py
[2025-05-24T12:42:17.467+0000] {logging_mixin.py:190} INFO - [2025-05-24T12:42:17.467+0000] {dag.py:3239} INFO - Sync 1 DAGs
[2025-05-24T12:42:17.476+0000] {logging_mixin.py:190} INFO - [2025-05-24T12:42:17.476+0000] {dag.py:4180} INFO - Setting next_dagrun for example_setup_teardown_taskflow to None, run_after=None
[2025-05-24T12:42:17.486+0000] {processor.py:208} INFO - Processing /home/airflow/.local/lib/python3.12/site-packages/airflow/example_dags/example_setup_teardown_taskflow.py took 0.054 seconds
