[2025-05-24T12:37:06.829+0000] {processor.py:186} INFO - Started process (PID=211) to work on /home/airflow/.local/lib/python3.12/site-packages/airflow/example_dags/example_latest_only.py
[2025-05-24T12:37:06.830+0000] {processor.py:914} INFO - Processing file /home/airflow/.local/lib/python3.12/site-packages/airflow/example_dags/example_latest_only.py for tasks to queue
[2025-05-24T12:37:06.831+0000] {logging_mixin.py:190} INFO - [2025-05-24T12:37:06.831+0000] {dagbag.py:588} INFO - Filling up the DagBag from /home/airflow/.local/lib/python3.12/site-packages/airflow/example_dags/example_latest_only.py
[2025-05-24T12:37:06.836+0000] {processor.py:925} INFO - DAG(s) 'latest_only' retrieved from /home/airflow/.local/lib/python3.12/site-packages/airflow/example_dags/example_latest_only.py
[2025-05-24T12:37:06.851+0000] {logging_mixin.py:190} INFO - [2025-05-24T12:37:06.850+0000] {dag.py:3239} INFO - Sync 1 DAGs
[2025-05-24T12:37:06.863+0000] {logging_mixin.py:190} INFO - [2025-05-24T12:37:06.862+0000] {dag.py:4180} INFO - Setting next_dagrun for latest_only to 2025-05-24 08:00:00+00:00, run_after=2025-05-24 12:00:00+00:00
[2025-05-24T12:37:06.871+0000] {processor.py:208} INFO - Processing /home/airflow/.local/lib/python3.12/site-packages/airflow/example_dags/example_latest_only.py took 0.045 seconds
[2025-05-24T12:37:37.117+0000] {processor.py:186} INFO - Started process (PID=506) to work on /home/airflow/.local/lib/python3.12/site-packages/airflow/example_dags/example_latest_only.py
[2025-05-24T12:37:37.118+0000] {processor.py:914} INFO - Processing file /home/airflow/.local/lib/python3.12/site-packages/airflow/example_dags/example_latest_only.py for tasks to queue
[2025-05-24T12:37:37.119+0000] {logging_mixin.py:190} INFO - [2025-05-24T12:37:37.119+0000] {dagbag.py:588} INFO - Filling up the DagBag from /home/airflow/.local/lib/python3.12/site-packages/airflow/example_dags/example_latest_only.py
[2025-05-24T12:37:37.122+0000] {processor.py:925} INFO - DAG(s) 'latest_only' retrieved from /home/airflow/.local/lib/python3.12/site-packages/airflow/example_dags/example_latest_only.py
[2025-05-24T12:37:37.139+0000] {logging_mixin.py:190} INFO - [2025-05-24T12:37:37.139+0000] {dag.py:3239} INFO - Sync 1 DAGs
[2025-05-24T12:37:37.154+0000] {logging_mixin.py:190} INFO - [2025-05-24T12:37:37.154+0000] {dag.py:4180} INFO - Setting next_dagrun for latest_only to 2025-05-24 08:00:00+00:00, run_after=2025-05-24 12:00:00+00:00
[2025-05-24T12:37:37.166+0000] {processor.py:208} INFO - Processing /home/airflow/.local/lib/python3.12/site-packages/airflow/example_dags/example_latest_only.py took 0.052 seconds
[2025-05-24T12:38:08.137+0000] {processor.py:186} INFO - Started process (PID=802) to work on /home/airflow/.local/lib/python3.12/site-packages/airflow/example_dags/example_latest_only.py
[2025-05-24T12:38:08.138+0000] {processor.py:914} INFO - Processing file /home/airflow/.local/lib/python3.12/site-packages/airflow/example_dags/example_latest_only.py for tasks to queue
[2025-05-24T12:38:08.139+0000] {logging_mixin.py:190} INFO - [2025-05-24T12:38:08.139+0000] {dagbag.py:588} INFO - Filling up the DagBag from /home/airflow/.local/lib/python3.12/site-packages/airflow/example_dags/example_latest_only.py
[2025-05-24T12:38:08.143+0000] {processor.py:925} INFO - DAG(s) 'latest_only' retrieved from /home/airflow/.local/lib/python3.12/site-packages/airflow/example_dags/example_latest_only.py
[2025-05-24T12:38:08.154+0000] {logging_mixin.py:190} INFO - [2025-05-24T12:38:08.154+0000] {dag.py:3239} INFO - Sync 1 DAGs
[2025-05-24T12:38:08.167+0000] {logging_mixin.py:190} INFO - [2025-05-24T12:38:08.167+0000] {dag.py:4180} INFO - Setting next_dagrun for latest_only to 2025-05-24 08:00:00+00:00, run_after=2025-05-24 12:00:00+00:00
[2025-05-24T12:38:08.180+0000] {processor.py:208} INFO - Processing /home/airflow/.local/lib/python3.12/site-packages/airflow/example_dags/example_latest_only.py took 0.047 seconds
[2025-05-24T12:38:38.742+0000] {processor.py:186} INFO - Started process (PID=1105) to work on /home/airflow/.local/lib/python3.12/site-packages/airflow/example_dags/example_latest_only.py
[2025-05-24T12:38:38.744+0000] {processor.py:914} INFO - Processing file /home/airflow/.local/lib/python3.12/site-packages/airflow/example_dags/example_latest_only.py for tasks to queue
[2025-05-24T12:38:38.745+0000] {logging_mixin.py:190} INFO - [2025-05-24T12:38:38.745+0000] {dagbag.py:588} INFO - Filling up the DagBag from /home/airflow/.local/lib/python3.12/site-packages/airflow/example_dags/example_latest_only.py
[2025-05-24T12:38:38.753+0000] {processor.py:925} INFO - DAG(s) 'latest_only' retrieved from /home/airflow/.local/lib/python3.12/site-packages/airflow/example_dags/example_latest_only.py
[2025-05-24T12:38:38.767+0000] {logging_mixin.py:190} INFO - [2025-05-24T12:38:38.767+0000] {dag.py:3239} INFO - Sync 1 DAGs
[2025-05-24T12:38:38.779+0000] {logging_mixin.py:190} INFO - [2025-05-24T12:38:38.779+0000] {dag.py:4180} INFO - Setting next_dagrun for latest_only to 2025-05-24 08:00:00+00:00, run_after=2025-05-24 12:00:00+00:00
[2025-05-24T12:38:38.793+0000] {processor.py:208} INFO - Processing /home/airflow/.local/lib/python3.12/site-packages/airflow/example_dags/example_latest_only.py took 0.054 seconds
[2025-05-24T12:39:09.637+0000] {processor.py:186} INFO - Started process (PID=1399) to work on /home/airflow/.local/lib/python3.12/site-packages/airflow/example_dags/example_latest_only.py
[2025-05-24T12:39:09.639+0000] {processor.py:914} INFO - Processing file /home/airflow/.local/lib/python3.12/site-packages/airflow/example_dags/example_latest_only.py for tasks to queue
[2025-05-24T12:39:09.640+0000] {logging_mixin.py:190} INFO - [2025-05-24T12:39:09.639+0000] {dagbag.py:588} INFO - Filling up the DagBag from /home/airflow/.local/lib/python3.12/site-packages/airflow/example_dags/example_latest_only.py
[2025-05-24T12:39:09.646+0000] {processor.py:925} INFO - DAG(s) 'latest_only' retrieved from /home/airflow/.local/lib/python3.12/site-packages/airflow/example_dags/example_latest_only.py
[2025-05-24T12:39:09.661+0000] {logging_mixin.py:190} INFO - [2025-05-24T12:39:09.661+0000] {dag.py:3239} INFO - Sync 1 DAGs
[2025-05-24T12:39:09.671+0000] {logging_mixin.py:190} INFO - [2025-05-24T12:39:09.671+0000] {dag.py:4180} INFO - Setting next_dagrun for latest_only to 2025-05-24 08:00:00+00:00, run_after=2025-05-24 12:00:00+00:00
[2025-05-24T12:39:09.683+0000] {processor.py:208} INFO - Processing /home/airflow/.local/lib/python3.12/site-packages/airflow/example_dags/example_latest_only.py took 0.049 seconds
[2025-05-24T12:39:40.555+0000] {processor.py:186} INFO - Started process (PID=1695) to work on /home/airflow/.local/lib/python3.12/site-packages/airflow/example_dags/example_latest_only.py
[2025-05-24T12:39:40.559+0000] {processor.py:914} INFO - Processing file /home/airflow/.local/lib/python3.12/site-packages/airflow/example_dags/example_latest_only.py for tasks to queue
[2025-05-24T12:39:40.561+0000] {logging_mixin.py:190} INFO - [2025-05-24T12:39:40.561+0000] {dagbag.py:588} INFO - Filling up the DagBag from /home/airflow/.local/lib/python3.12/site-packages/airflow/example_dags/example_latest_only.py
[2025-05-24T12:39:40.564+0000] {processor.py:925} INFO - DAG(s) 'latest_only' retrieved from /home/airflow/.local/lib/python3.12/site-packages/airflow/example_dags/example_latest_only.py
[2025-05-24T12:39:40.578+0000] {logging_mixin.py:190} INFO - [2025-05-24T12:39:40.578+0000] {dag.py:3239} INFO - Sync 1 DAGs
[2025-05-24T12:39:40.589+0000] {logging_mixin.py:190} INFO - [2025-05-24T12:39:40.589+0000] {dag.py:4180} INFO - Setting next_dagrun for latest_only to 2025-05-24 08:00:00+00:00, run_after=2025-05-24 12:00:00+00:00
[2025-05-24T12:39:40.599+0000] {processor.py:208} INFO - Processing /home/airflow/.local/lib/python3.12/site-packages/airflow/example_dags/example_latest_only.py took 0.048 seconds
[2025-05-24T12:40:11.521+0000] {processor.py:186} INFO - Started process (PID=1991) to work on /home/airflow/.local/lib/python3.12/site-packages/airflow/example_dags/example_latest_only.py
[2025-05-24T12:40:11.521+0000] {processor.py:914} INFO - Processing file /home/airflow/.local/lib/python3.12/site-packages/airflow/example_dags/example_latest_only.py for tasks to queue
[2025-05-24T12:40:11.522+0000] {logging_mixin.py:190} INFO - [2025-05-24T12:40:11.522+0000] {dagbag.py:588} INFO - Filling up the DagBag from /home/airflow/.local/lib/python3.12/site-packages/airflow/example_dags/example_latest_only.py
[2025-05-24T12:40:11.526+0000] {processor.py:925} INFO - DAG(s) 'latest_only' retrieved from /home/airflow/.local/lib/python3.12/site-packages/airflow/example_dags/example_latest_only.py
[2025-05-24T12:40:11.543+0000] {logging_mixin.py:190} INFO - [2025-05-24T12:40:11.543+0000] {dag.py:3239} INFO - Sync 1 DAGs
[2025-05-24T12:40:11.556+0000] {logging_mixin.py:190} INFO - [2025-05-24T12:40:11.556+0000] {dag.py:4180} INFO - Setting next_dagrun for latest_only to 2025-05-24 08:00:00+00:00, run_after=2025-05-24 12:00:00+00:00
[2025-05-24T12:40:11.567+0000] {processor.py:208} INFO - Processing /home/airflow/.local/lib/python3.12/site-packages/airflow/example_dags/example_latest_only.py took 0.049 seconds
[2025-05-24T12:40:42.355+0000] {processor.py:186} INFO - Started process (PID=2287) to work on /home/airflow/.local/lib/python3.12/site-packages/airflow/example_dags/example_latest_only.py
[2025-05-24T12:40:42.359+0000] {processor.py:914} INFO - Processing file /home/airflow/.local/lib/python3.12/site-packages/airflow/example_dags/example_latest_only.py for tasks to queue
[2025-05-24T12:40:42.361+0000] {logging_mixin.py:190} INFO - [2025-05-24T12:40:42.361+0000] {dagbag.py:588} INFO - Filling up the DagBag from /home/airflow/.local/lib/python3.12/site-packages/airflow/example_dags/example_latest_only.py
[2025-05-24T12:40:42.365+0000] {processor.py:925} INFO - DAG(s) 'latest_only' retrieved from /home/airflow/.local/lib/python3.12/site-packages/airflow/example_dags/example_latest_only.py
[2025-05-24T12:40:42.378+0000] {logging_mixin.py:190} INFO - [2025-05-24T12:40:42.378+0000] {dag.py:3239} INFO - Sync 1 DAGs
[2025-05-24T12:40:42.392+0000] {logging_mixin.py:190} INFO - [2025-05-24T12:40:42.392+0000] {dag.py:4180} INFO - Setting next_dagrun for latest_only to 2025-05-24 08:00:00+00:00, run_after=2025-05-24 12:00:00+00:00
[2025-05-24T12:40:42.401+0000] {processor.py:208} INFO - Processing /home/airflow/.local/lib/python3.12/site-packages/airflow/example_dags/example_latest_only.py took 0.048 seconds
[2025-05-24T12:41:13.284+0000] {processor.py:186} INFO - Started process (PID=2583) to work on /home/airflow/.local/lib/python3.12/site-packages/airflow/example_dags/example_latest_only.py
[2025-05-24T12:41:13.285+0000] {processor.py:914} INFO - Processing file /home/airflow/.local/lib/python3.12/site-packages/airflow/example_dags/example_latest_only.py for tasks to queue
[2025-05-24T12:41:13.286+0000] {logging_mixin.py:190} INFO - [2025-05-24T12:41:13.286+0000] {dagbag.py:588} INFO - Filling up the DagBag from /home/airflow/.local/lib/python3.12/site-packages/airflow/example_dags/example_latest_only.py
[2025-05-24T12:41:13.290+0000] {processor.py:925} INFO - DAG(s) 'latest_only' retrieved from /home/airflow/.local/lib/python3.12/site-packages/airflow/example_dags/example_latest_only.py
[2025-05-24T12:41:13.303+0000] {logging_mixin.py:190} INFO - [2025-05-24T12:41:13.303+0000] {dag.py:3239} INFO - Sync 1 DAGs
[2025-05-24T12:41:13.313+0000] {logging_mixin.py:190} INFO - [2025-05-24T12:41:13.313+0000] {dag.py:4180} INFO - Setting next_dagrun for latest_only to 2025-05-24 08:00:00+00:00, run_after=2025-05-24 12:00:00+00:00
[2025-05-24T12:41:13.326+0000] {processor.py:208} INFO - Processing /home/airflow/.local/lib/python3.12/site-packages/airflow/example_dags/example_latest_only.py took 0.045 seconds
[2025-05-24T12:41:44.122+0000] {processor.py:186} INFO - Started process (PID=2878) to work on /home/airflow/.local/lib/python3.12/site-packages/airflow/example_dags/example_latest_only.py
[2025-05-24T12:41:44.125+0000] {processor.py:914} INFO - Processing file /home/airflow/.local/lib/python3.12/site-packages/airflow/example_dags/example_latest_only.py for tasks to queue
[2025-05-24T12:41:44.127+0000] {logging_mixin.py:190} INFO - [2025-05-24T12:41:44.126+0000] {dagbag.py:588} INFO - Filling up the DagBag from /home/airflow/.local/lib/python3.12/site-packages/airflow/example_dags/example_latest_only.py
[2025-05-24T12:41:44.130+0000] {processor.py:925} INFO - DAG(s) 'latest_only' retrieved from /home/airflow/.local/lib/python3.12/site-packages/airflow/example_dags/example_latest_only.py
[2025-05-24T12:41:44.142+0000] {logging_mixin.py:190} INFO - [2025-05-24T12:41:44.142+0000] {dag.py:3239} INFO - Sync 1 DAGs
[2025-05-24T12:41:44.155+0000] {logging_mixin.py:190} INFO - [2025-05-24T12:41:44.154+0000] {dag.py:4180} INFO - Setting next_dagrun for latest_only to 2025-05-24 08:00:00+00:00, run_after=2025-05-24 12:00:00+00:00
[2025-05-24T12:41:44.164+0000] {processor.py:208} INFO - Processing /home/airflow/.local/lib/python3.12/site-packages/airflow/example_dags/example_latest_only.py took 0.044 seconds
[2025-05-24T12:42:15.044+0000] {processor.py:186} INFO - Started process (PID=3174) to work on /home/airflow/.local/lib/python3.12/site-packages/airflow/example_dags/example_latest_only.py
[2025-05-24T12:42:15.044+0000] {processor.py:914} INFO - Processing file /home/airflow/.local/lib/python3.12/site-packages/airflow/example_dags/example_latest_only.py for tasks to queue
[2025-05-24T12:42:15.046+0000] {logging_mixin.py:190} INFO - [2025-05-24T12:42:15.046+0000] {dagbag.py:588} INFO - Filling up the DagBag from /home/airflow/.local/lib/python3.12/site-packages/airflow/example_dags/example_latest_only.py
[2025-05-24T12:42:15.053+0000] {processor.py:925} INFO - DAG(s) 'latest_only' retrieved from /home/airflow/.local/lib/python3.12/site-packages/airflow/example_dags/example_latest_only.py
[2025-05-24T12:42:15.072+0000] {logging_mixin.py:190} INFO - [2025-05-24T12:42:15.072+0000] {dag.py:3239} INFO - Sync 1 DAGs
[2025-05-24T12:42:15.086+0000] {logging_mixin.py:190} INFO - [2025-05-24T12:42:15.086+0000] {dag.py:4180} INFO - Setting next_dagrun for latest_only to 2025-05-24 08:00:00+00:00, run_after=2025-05-24 12:00:00+00:00
[2025-05-24T12:42:15.096+0000] {processor.py:208} INFO - Processing /home/airflow/.local/lib/python3.12/site-packages/airflow/example_dags/example_latest_only.py took 0.056 seconds
