[2025-05-24T12:37:08.061+0000] {processor.py:186} INFO - Started process (PID=321) to work on /home/airflow/.local/lib/python3.12/site-packages/airflow/example_dags/example_branch_labels.py
[2025-05-24T12:37:08.062+0000] {processor.py:914} INFO - Processing file /home/airflow/.local/lib/python3.12/site-packages/airflow/example_dags/example_branch_labels.py for tasks to queue
[2025-05-24T12:37:08.063+0000] {logging_mixin.py:190} INFO - [2025-05-24T12:37:08.063+0000] {dagbag.py:588} INFO - Filling up the DagBag from /home/airflow/.local/lib/python3.12/site-packages/airflow/example_dags/example_branch_labels.py
[2025-05-24T12:37:08.069+0000] {processor.py:925} INFO - DAG(s) 'example_branch_labels' retrieved from /home/airflow/.local/lib/python3.12/site-packages/airflow/example_dags/example_branch_labels.py
[2025-05-24T12:37:08.084+0000] {logging_mixin.py:190} INFO - [2025-05-24T12:37:08.084+0000] {dag.py:3239} INFO - Sync 1 DAGs
[2025-05-24T12:37:08.099+0000] {logging_mixin.py:190} INFO - [2025-05-24T12:37:08.099+0000] {dag.py:4180} INFO - Setting next_dagrun for example_branch_labels to 2025-05-23 00:00:00+00:00, run_after=2025-05-24 00:00:00+00:00
[2025-05-24T12:37:08.114+0000] {processor.py:208} INFO - Processing /home/airflow/.local/lib/python3.12/site-packages/airflow/example_dags/example_branch_labels.py took 0.056 seconds
[2025-05-24T12:37:38.394+0000] {processor.py:186} INFO - Started process (PID=618) to work on /home/airflow/.local/lib/python3.12/site-packages/airflow/example_dags/example_branch_labels.py
[2025-05-24T12:37:38.395+0000] {processor.py:914} INFO - Processing file /home/airflow/.local/lib/python3.12/site-packages/airflow/example_dags/example_branch_labels.py for tasks to queue
[2025-05-24T12:37:38.396+0000] {logging_mixin.py:190} INFO - [2025-05-24T12:37:38.396+0000] {dagbag.py:588} INFO - Filling up the DagBag from /home/airflow/.local/lib/python3.12/site-packages/airflow/example_dags/example_branch_labels.py
[2025-05-24T12:37:38.402+0000] {processor.py:925} INFO - DAG(s) 'example_branch_labels' retrieved from /home/airflow/.local/lib/python3.12/site-packages/airflow/example_dags/example_branch_labels.py
[2025-05-24T12:37:38.416+0000] {logging_mixin.py:190} INFO - [2025-05-24T12:37:38.416+0000] {dag.py:3239} INFO - Sync 1 DAGs
[2025-05-24T12:37:38.429+0000] {logging_mixin.py:190} INFO - [2025-05-24T12:37:38.428+0000] {dag.py:4180} INFO - Setting next_dagrun for example_branch_labels to 2025-05-23 00:00:00+00:00, run_after=2025-05-24 00:00:00+00:00
[2025-05-24T12:37:38.438+0000] {processor.py:208} INFO - Processing /home/airflow/.local/lib/python3.12/site-packages/airflow/example_dags/example_branch_labels.py took 0.047 seconds
[2025-05-24T12:38:09.366+0000] {processor.py:186} INFO - Started process (PID=917) to work on /home/airflow/.local/lib/python3.12/site-packages/airflow/example_dags/example_branch_labels.py
[2025-05-24T12:38:09.366+0000] {processor.py:914} INFO - Processing file /home/airflow/.local/lib/python3.12/site-packages/airflow/example_dags/example_branch_labels.py for tasks to queue
[2025-05-24T12:38:09.367+0000] {logging_mixin.py:190} INFO - [2025-05-24T12:38:09.367+0000] {dagbag.py:588} INFO - Filling up the DagBag from /home/airflow/.local/lib/python3.12/site-packages/airflow/example_dags/example_branch_labels.py
[2025-05-24T12:38:09.375+0000] {processor.py:925} INFO - DAG(s) 'example_branch_labels' retrieved from /home/airflow/.local/lib/python3.12/site-packages/airflow/example_dags/example_branch_labels.py
[2025-05-24T12:38:09.389+0000] {logging_mixin.py:190} INFO - [2025-05-24T12:38:09.388+0000] {dag.py:3239} INFO - Sync 1 DAGs
[2025-05-24T12:38:09.404+0000] {logging_mixin.py:190} INFO - [2025-05-24T12:38:09.403+0000] {dag.py:4180} INFO - Setting next_dagrun for example_branch_labels to 2025-05-23 00:00:00+00:00, run_after=2025-05-24 00:00:00+00:00
[2025-05-24T12:38:09.418+0000] {processor.py:208} INFO - Processing /home/airflow/.local/lib/python3.12/site-packages/airflow/example_dags/example_branch_labels.py took 0.055 seconds
[2025-05-24T12:38:40.028+0000] {processor.py:186} INFO - Started process (PID=1213) to work on /home/airflow/.local/lib/python3.12/site-packages/airflow/example_dags/example_branch_labels.py
[2025-05-24T12:38:40.029+0000] {processor.py:914} INFO - Processing file /home/airflow/.local/lib/python3.12/site-packages/airflow/example_dags/example_branch_labels.py for tasks to queue
[2025-05-24T12:38:40.036+0000] {logging_mixin.py:190} INFO - [2025-05-24T12:38:40.036+0000] {dagbag.py:588} INFO - Filling up the DagBag from /home/airflow/.local/lib/python3.12/site-packages/airflow/example_dags/example_branch_labels.py
[2025-05-24T12:38:40.045+0000] {processor.py:925} INFO - DAG(s) 'example_branch_labels' retrieved from /home/airflow/.local/lib/python3.12/site-packages/airflow/example_dags/example_branch_labels.py
[2025-05-24T12:38:40.072+0000] {logging_mixin.py:190} INFO - [2025-05-24T12:38:40.071+0000] {dag.py:3239} INFO - Sync 1 DAGs
[2025-05-24T12:38:40.091+0000] {logging_mixin.py:190} INFO - [2025-05-24T12:38:40.091+0000] {dag.py:4180} INFO - Setting next_dagrun for example_branch_labels to 2025-05-23 00:00:00+00:00, run_after=2025-05-24 00:00:00+00:00
[2025-05-24T12:38:40.109+0000] {processor.py:208} INFO - Processing /home/airflow/.local/lib/python3.12/site-packages/airflow/example_dags/example_branch_labels.py took 0.085 seconds
[2025-05-24T12:39:10.540+0000] {processor.py:186} INFO - Started process (PID=1506) to work on /home/airflow/.local/lib/python3.12/site-packages/airflow/example_dags/example_branch_labels.py
[2025-05-24T12:39:10.541+0000] {processor.py:914} INFO - Processing file /home/airflow/.local/lib/python3.12/site-packages/airflow/example_dags/example_branch_labels.py for tasks to queue
[2025-05-24T12:39:10.542+0000] {logging_mixin.py:190} INFO - [2025-05-24T12:39:10.542+0000] {dagbag.py:588} INFO - Filling up the DagBag from /home/airflow/.local/lib/python3.12/site-packages/airflow/example_dags/example_branch_labels.py
[2025-05-24T12:39:10.550+0000] {processor.py:925} INFO - DAG(s) 'example_branch_labels' retrieved from /home/airflow/.local/lib/python3.12/site-packages/airflow/example_dags/example_branch_labels.py
[2025-05-24T12:39:10.571+0000] {logging_mixin.py:190} INFO - [2025-05-24T12:39:10.570+0000] {dag.py:3239} INFO - Sync 1 DAGs
[2025-05-24T12:39:10.581+0000] {logging_mixin.py:190} INFO - [2025-05-24T12:39:10.581+0000] {dag.py:4180} INFO - Setting next_dagrun for example_branch_labels to 2025-05-23 00:00:00+00:00, run_after=2025-05-24 00:00:00+00:00
[2025-05-24T12:39:10.589+0000] {processor.py:208} INFO - Processing /home/airflow/.local/lib/python3.12/site-packages/airflow/example_dags/example_branch_labels.py took 0.052 seconds
[2025-05-24T12:39:41.585+0000] {processor.py:186} INFO - Started process (PID=1805) to work on /home/airflow/.local/lib/python3.12/site-packages/airflow/example_dags/example_branch_labels.py
[2025-05-24T12:39:41.585+0000] {processor.py:914} INFO - Processing file /home/airflow/.local/lib/python3.12/site-packages/airflow/example_dags/example_branch_labels.py for tasks to queue
[2025-05-24T12:39:41.586+0000] {logging_mixin.py:190} INFO - [2025-05-24T12:39:41.586+0000] {dagbag.py:588} INFO - Filling up the DagBag from /home/airflow/.local/lib/python3.12/site-packages/airflow/example_dags/example_branch_labels.py
[2025-05-24T12:39:41.592+0000] {processor.py:925} INFO - DAG(s) 'example_branch_labels' retrieved from /home/airflow/.local/lib/python3.12/site-packages/airflow/example_dags/example_branch_labels.py
[2025-05-24T12:39:41.605+0000] {logging_mixin.py:190} INFO - [2025-05-24T12:39:41.605+0000] {dag.py:3239} INFO - Sync 1 DAGs
[2025-05-24T12:39:41.618+0000] {logging_mixin.py:190} INFO - [2025-05-24T12:39:41.617+0000] {dag.py:4180} INFO - Setting next_dagrun for example_branch_labels to 2025-05-23 00:00:00+00:00, run_after=2025-05-24 00:00:00+00:00
[2025-05-24T12:39:41.627+0000] {processor.py:208} INFO - Processing /home/airflow/.local/lib/python3.12/site-packages/airflow/example_dags/example_branch_labels.py took 0.046 seconds
[2025-05-24T12:40:12.597+0000] {processor.py:186} INFO - Started process (PID=2103) to work on /home/airflow/.local/lib/python3.12/site-packages/airflow/example_dags/example_branch_labels.py
[2025-05-24T12:40:12.597+0000] {processor.py:914} INFO - Processing file /home/airflow/.local/lib/python3.12/site-packages/airflow/example_dags/example_branch_labels.py for tasks to queue
[2025-05-24T12:40:12.599+0000] {logging_mixin.py:190} INFO - [2025-05-24T12:40:12.599+0000] {dagbag.py:588} INFO - Filling up the DagBag from /home/airflow/.local/lib/python3.12/site-packages/airflow/example_dags/example_branch_labels.py
[2025-05-24T12:40:12.605+0000] {processor.py:925} INFO - DAG(s) 'example_branch_labels' retrieved from /home/airflow/.local/lib/python3.12/site-packages/airflow/example_dags/example_branch_labels.py
[2025-05-24T12:40:12.620+0000] {logging_mixin.py:190} INFO - [2025-05-24T12:40:12.620+0000] {dag.py:3239} INFO - Sync 1 DAGs
[2025-05-24T12:40:12.635+0000] {logging_mixin.py:190} INFO - [2025-05-24T12:40:12.634+0000] {dag.py:4180} INFO - Setting next_dagrun for example_branch_labels to 2025-05-23 00:00:00+00:00, run_after=2025-05-24 00:00:00+00:00
[2025-05-24T12:40:12.647+0000] {processor.py:208} INFO - Processing /home/airflow/.local/lib/python3.12/site-packages/airflow/example_dags/example_branch_labels.py took 0.053 seconds
[2025-05-24T12:40:43.412+0000] {processor.py:186} INFO - Started process (PID=2397) to work on /home/airflow/.local/lib/python3.12/site-packages/airflow/example_dags/example_branch_labels.py
[2025-05-24T12:40:43.413+0000] {processor.py:914} INFO - Processing file /home/airflow/.local/lib/python3.12/site-packages/airflow/example_dags/example_branch_labels.py for tasks to queue
[2025-05-24T12:40:43.415+0000] {logging_mixin.py:190} INFO - [2025-05-24T12:40:43.414+0000] {dagbag.py:588} INFO - Filling up the DagBag from /home/airflow/.local/lib/python3.12/site-packages/airflow/example_dags/example_branch_labels.py
[2025-05-24T12:40:43.423+0000] {processor.py:925} INFO - DAG(s) 'example_branch_labels' retrieved from /home/airflow/.local/lib/python3.12/site-packages/airflow/example_dags/example_branch_labels.py
[2025-05-24T12:40:43.436+0000] {logging_mixin.py:190} INFO - [2025-05-24T12:40:43.436+0000] {dag.py:3239} INFO - Sync 1 DAGs
[2025-05-24T12:40:43.450+0000] {logging_mixin.py:190} INFO - [2025-05-24T12:40:43.450+0000] {dag.py:4180} INFO - Setting next_dagrun for example_branch_labels to 2025-05-23 00:00:00+00:00, run_after=2025-05-24 00:00:00+00:00
[2025-05-24T12:40:43.461+0000] {processor.py:208} INFO - Processing /home/airflow/.local/lib/python3.12/site-packages/airflow/example_dags/example_branch_labels.py took 0.053 seconds
[2025-05-24T12:41:14.286+0000] {processor.py:186} INFO - Started process (PID=2693) to work on /home/airflow/.local/lib/python3.12/site-packages/airflow/example_dags/example_branch_labels.py
[2025-05-24T12:41:14.287+0000] {processor.py:914} INFO - Processing file /home/airflow/.local/lib/python3.12/site-packages/airflow/example_dags/example_branch_labels.py for tasks to queue
[2025-05-24T12:41:14.288+0000] {logging_mixin.py:190} INFO - [2025-05-24T12:41:14.288+0000] {dagbag.py:588} INFO - Filling up the DagBag from /home/airflow/.local/lib/python3.12/site-packages/airflow/example_dags/example_branch_labels.py
[2025-05-24T12:41:14.294+0000] {processor.py:925} INFO - DAG(s) 'example_branch_labels' retrieved from /home/airflow/.local/lib/python3.12/site-packages/airflow/example_dags/example_branch_labels.py
[2025-05-24T12:41:14.308+0000] {logging_mixin.py:190} INFO - [2025-05-24T12:41:14.308+0000] {dag.py:3239} INFO - Sync 1 DAGs
[2025-05-24T12:41:14.321+0000] {logging_mixin.py:190} INFO - [2025-05-24T12:41:14.321+0000] {dag.py:4180} INFO - Setting next_dagrun for example_branch_labels to 2025-05-23 00:00:00+00:00, run_after=2025-05-24 00:00:00+00:00
[2025-05-24T12:41:14.329+0000] {processor.py:208} INFO - Processing /home/airflow/.local/lib/python3.12/site-packages/airflow/example_dags/example_branch_labels.py took 0.047 seconds
[2025-05-24T12:41:45.157+0000] {processor.py:186} INFO - Started process (PID=2988) to work on /home/airflow/.local/lib/python3.12/site-packages/airflow/example_dags/example_branch_labels.py
[2025-05-24T12:41:45.158+0000] {processor.py:914} INFO - Processing file /home/airflow/.local/lib/python3.12/site-packages/airflow/example_dags/example_branch_labels.py for tasks to queue
[2025-05-24T12:41:45.159+0000] {logging_mixin.py:190} INFO - [2025-05-24T12:41:45.159+0000] {dagbag.py:588} INFO - Filling up the DagBag from /home/airflow/.local/lib/python3.12/site-packages/airflow/example_dags/example_branch_labels.py
[2025-05-24T12:41:45.164+0000] {processor.py:925} INFO - DAG(s) 'example_branch_labels' retrieved from /home/airflow/.local/lib/python3.12/site-packages/airflow/example_dags/example_branch_labels.py
[2025-05-24T12:41:45.179+0000] {logging_mixin.py:190} INFO - [2025-05-24T12:41:45.179+0000] {dag.py:3239} INFO - Sync 1 DAGs
[2025-05-24T12:41:45.191+0000] {logging_mixin.py:190} INFO - [2025-05-24T12:41:45.191+0000] {dag.py:4180} INFO - Setting next_dagrun for example_branch_labels to 2025-05-23 00:00:00+00:00, run_after=2025-05-24 00:00:00+00:00
[2025-05-24T12:41:45.204+0000] {processor.py:208} INFO - Processing /home/airflow/.local/lib/python3.12/site-packages/airflow/example_dags/example_branch_labels.py took 0.051 seconds
[2025-05-24T12:42:16.002+0000] {processor.py:186} INFO - Started process (PID=3284) to work on /home/airflow/.local/lib/python3.12/site-packages/airflow/example_dags/example_branch_labels.py
[2025-05-24T12:42:16.003+0000] {processor.py:914} INFO - Processing file /home/airflow/.local/lib/python3.12/site-packages/airflow/example_dags/example_branch_labels.py for tasks to queue
[2025-05-24T12:42:16.004+0000] {logging_mixin.py:190} INFO - [2025-05-24T12:42:16.004+0000] {dagbag.py:588} INFO - Filling up the DagBag from /home/airflow/.local/lib/python3.12/site-packages/airflow/example_dags/example_branch_labels.py
[2025-05-24T12:42:16.009+0000] {processor.py:925} INFO - DAG(s) 'example_branch_labels' retrieved from /home/airflow/.local/lib/python3.12/site-packages/airflow/example_dags/example_branch_labels.py
[2025-05-24T12:42:16.021+0000] {logging_mixin.py:190} INFO - [2025-05-24T12:42:16.021+0000] {dag.py:3239} INFO - Sync 1 DAGs
[2025-05-24T12:42:16.033+0000] {logging_mixin.py:190} INFO - [2025-05-24T12:42:16.033+0000] {dag.py:4180} INFO - Setting next_dagrun for example_branch_labels to 2025-05-23 00:00:00+00:00, run_after=2025-05-24 00:00:00+00:00
[2025-05-24T12:42:16.043+0000] {processor.py:208} INFO - Processing /home/airflow/.local/lib/python3.12/site-packages/airflow/example_dags/example_branch_labels.py took 0.044 seconds
