[2025-05-24T12:37:07.573+0000] {processor.py:186} INFO - Started process (PID=276) to work on /home/airflow/.local/lib/python3.12/site-packages/airflow/example_dags/example_branch_python_dop_operator_3.py
[2025-05-24T12:37:07.574+0000] {processor.py:914} INFO - Processing file /home/airflow/.local/lib/python3.12/site-packages/airflow/example_dags/example_branch_python_dop_operator_3.py for tasks to queue
[2025-05-24T12:37:07.577+0000] {logging_mixin.py:190} INFO - [2025-05-24T12:37:07.576+0000] {dagbag.py:588} INFO - Filling up the DagBag from /home/airflow/.local/lib/python3.12/site-packages/airflow/example_dags/example_branch_python_dop_operator_3.py
[2025-05-24T12:37:07.585+0000] {processor.py:925} INFO - DAG(s) 'example_branch_dop_operator_v3' retrieved from /home/airflow/.local/lib/python3.12/site-packages/airflow/example_dags/example_branch_python_dop_operator_3.py
[2025-05-24T12:37:07.600+0000] {logging_mixin.py:190} INFO - [2025-05-24T12:37:07.600+0000] {dag.py:3239} INFO - Sync 1 DAGs
[2025-05-24T12:37:07.620+0000] {logging_mixin.py:190} INFO - [2025-05-24T12:37:07.620+0000] {dag.py:4180} INFO - Setting next_dagrun for example_branch_dop_operator_v3 to 2025-05-24 12:36:00+00:00, run_after=2025-05-24 12:37:00+00:00
[2025-05-24T12:37:07.638+0000] {processor.py:208} INFO - Processing /home/airflow/.local/lib/python3.12/site-packages/airflow/example_dags/example_branch_python_dop_operator_3.py took 0.068 seconds
[2025-05-24T12:37:37.864+0000] {processor.py:186} INFO - Started process (PID=572) to work on /home/airflow/.local/lib/python3.12/site-packages/airflow/example_dags/example_branch_python_dop_operator_3.py
[2025-05-24T12:37:37.864+0000] {processor.py:914} INFO - Processing file /home/airflow/.local/lib/python3.12/site-packages/airflow/example_dags/example_branch_python_dop_operator_3.py for tasks to queue
[2025-05-24T12:37:37.866+0000] {logging_mixin.py:190} INFO - [2025-05-24T12:37:37.865+0000] {dagbag.py:588} INFO - Filling up the DagBag from /home/airflow/.local/lib/python3.12/site-packages/airflow/example_dags/example_branch_python_dop_operator_3.py
[2025-05-24T12:37:37.871+0000] {processor.py:925} INFO - DAG(s) 'example_branch_dop_operator_v3' retrieved from /home/airflow/.local/lib/python3.12/site-packages/airflow/example_dags/example_branch_python_dop_operator_3.py
[2025-05-24T12:37:37.885+0000] {logging_mixin.py:190} INFO - [2025-05-24T12:37:37.885+0000] {dag.py:3239} INFO - Sync 1 DAGs
[2025-05-24T12:37:37.900+0000] {logging_mixin.py:190} INFO - [2025-05-24T12:37:37.900+0000] {dag.py:4180} INFO - Setting next_dagrun for example_branch_dop_operator_v3 to 2025-05-24 12:36:00+00:00, run_after=2025-05-24 12:37:00+00:00
[2025-05-24T12:37:37.919+0000] {processor.py:208} INFO - Processing /home/airflow/.local/lib/python3.12/site-packages/airflow/example_dags/example_branch_python_dop_operator_3.py took 0.058 seconds
[2025-05-24T12:38:08.697+0000] {processor.py:186} INFO - Started process (PID=872) to work on /home/airflow/.local/lib/python3.12/site-packages/airflow/example_dags/example_branch_python_dop_operator_3.py
[2025-05-24T12:38:08.698+0000] {processor.py:914} INFO - Processing file /home/airflow/.local/lib/python3.12/site-packages/airflow/example_dags/example_branch_python_dop_operator_3.py for tasks to queue
[2025-05-24T12:38:08.699+0000] {logging_mixin.py:190} INFO - [2025-05-24T12:38:08.699+0000] {dagbag.py:588} INFO - Filling up the DagBag from /home/airflow/.local/lib/python3.12/site-packages/airflow/example_dags/example_branch_python_dop_operator_3.py
[2025-05-24T12:38:08.706+0000] {processor.py:925} INFO - DAG(s) 'example_branch_dop_operator_v3' retrieved from /home/airflow/.local/lib/python3.12/site-packages/airflow/example_dags/example_branch_python_dop_operator_3.py
[2025-05-24T12:38:08.719+0000] {logging_mixin.py:190} INFO - [2025-05-24T12:38:08.719+0000] {dag.py:3239} INFO - Sync 1 DAGs
[2025-05-24T12:38:08.734+0000] {logging_mixin.py:190} INFO - [2025-05-24T12:38:08.734+0000] {dag.py:4180} INFO - Setting next_dagrun for example_branch_dop_operator_v3 to 2025-05-24 12:37:00+00:00, run_after=2025-05-24 12:38:00+00:00
[2025-05-24T12:38:08.761+0000] {processor.py:208} INFO - Processing /home/airflow/.local/lib/python3.12/site-packages/airflow/example_dags/example_branch_python_dop_operator_3.py took 0.067 seconds
[2025-05-24T12:38:39.228+0000] {processor.py:186} INFO - Started process (PID=1163) to work on /home/airflow/.local/lib/python3.12/site-packages/airflow/example_dags/example_branch_python_dop_operator_3.py
[2025-05-24T12:38:39.229+0000] {processor.py:914} INFO - Processing file /home/airflow/.local/lib/python3.12/site-packages/airflow/example_dags/example_branch_python_dop_operator_3.py for tasks to queue
[2025-05-24T12:38:39.230+0000] {logging_mixin.py:190} INFO - [2025-05-24T12:38:39.230+0000] {dagbag.py:588} INFO - Filling up the DagBag from /home/airflow/.local/lib/python3.12/site-packages/airflow/example_dags/example_branch_python_dop_operator_3.py
[2025-05-24T12:38:39.238+0000] {processor.py:925} INFO - DAG(s) 'example_branch_dop_operator_v3' retrieved from /home/airflow/.local/lib/python3.12/site-packages/airflow/example_dags/example_branch_python_dop_operator_3.py
[2025-05-24T12:38:39.254+0000] {logging_mixin.py:190} INFO - [2025-05-24T12:38:39.254+0000] {dag.py:3239} INFO - Sync 1 DAGs
[2025-05-24T12:38:39.268+0000] {logging_mixin.py:190} INFO - [2025-05-24T12:38:39.268+0000] {dag.py:4180} INFO - Setting next_dagrun for example_branch_dop_operator_v3 to 2025-05-24 12:37:00+00:00, run_after=2025-05-24 12:38:00+00:00
[2025-05-24T12:38:39.287+0000] {processor.py:208} INFO - Processing /home/airflow/.local/lib/python3.12/site-packages/airflow/example_dags/example_branch_python_dop_operator_3.py took 0.062 seconds
[2025-05-24T12:39:10.083+0000] {processor.py:186} INFO - Started process (PID=1459) to work on /home/airflow/.local/lib/python3.12/site-packages/airflow/example_dags/example_branch_python_dop_operator_3.py
[2025-05-24T12:39:10.083+0000] {processor.py:914} INFO - Processing file /home/airflow/.local/lib/python3.12/site-packages/airflow/example_dags/example_branch_python_dop_operator_3.py for tasks to queue
[2025-05-24T12:39:10.085+0000] {logging_mixin.py:190} INFO - [2025-05-24T12:39:10.085+0000] {dagbag.py:588} INFO - Filling up the DagBag from /home/airflow/.local/lib/python3.12/site-packages/airflow/example_dags/example_branch_python_dop_operator_3.py
[2025-05-24T12:39:10.094+0000] {processor.py:925} INFO - DAG(s) 'example_branch_dop_operator_v3' retrieved from /home/airflow/.local/lib/python3.12/site-packages/airflow/example_dags/example_branch_python_dop_operator_3.py
[2025-05-24T12:39:10.104+0000] {logging_mixin.py:190} INFO - [2025-05-24T12:39:10.104+0000] {dag.py:3239} INFO - Sync 1 DAGs
[2025-05-24T12:39:10.118+0000] {logging_mixin.py:190} INFO - [2025-05-24T12:39:10.118+0000] {dag.py:4180} INFO - Setting next_dagrun for example_branch_dop_operator_v3 to 2025-05-24 12:38:00+00:00, run_after=2025-05-24 12:39:00+00:00
[2025-05-24T12:39:10.133+0000] {processor.py:208} INFO - Processing /home/airflow/.local/lib/python3.12/site-packages/airflow/example_dags/example_branch_python_dop_operator_3.py took 0.074 seconds
[2025-05-24T12:39:40.954+0000] {processor.py:186} INFO - Started process (PID=1755) to work on /home/airflow/.local/lib/python3.12/site-packages/airflow/example_dags/example_branch_python_dop_operator_3.py
[2025-05-24T12:39:40.954+0000] {processor.py:914} INFO - Processing file /home/airflow/.local/lib/python3.12/site-packages/airflow/example_dags/example_branch_python_dop_operator_3.py for tasks to queue
[2025-05-24T12:39:40.955+0000] {logging_mixin.py:190} INFO - [2025-05-24T12:39:40.955+0000] {dagbag.py:588} INFO - Filling up the DagBag from /home/airflow/.local/lib/python3.12/site-packages/airflow/example_dags/example_branch_python_dop_operator_3.py
[2025-05-24T12:39:40.960+0000] {processor.py:925} INFO - DAG(s) 'example_branch_dop_operator_v3' retrieved from /home/airflow/.local/lib/python3.12/site-packages/airflow/example_dags/example_branch_python_dop_operator_3.py
[2025-05-24T12:39:40.973+0000] {logging_mixin.py:190} INFO - [2025-05-24T12:39:40.973+0000] {dag.py:3239} INFO - Sync 1 DAGs
[2025-05-24T12:39:40.985+0000] {logging_mixin.py:190} INFO - [2025-05-24T12:39:40.985+0000] {dag.py:4180} INFO - Setting next_dagrun for example_branch_dop_operator_v3 to 2025-05-24 12:38:00+00:00, run_after=2025-05-24 12:39:00+00:00
[2025-05-24T12:39:40.998+0000] {processor.py:208} INFO - Processing /home/airflow/.local/lib/python3.12/site-packages/airflow/example_dags/example_branch_python_dop_operator_3.py took 0.047 seconds
[2025-05-24T12:40:11.929+0000] {processor.py:186} INFO - Started process (PID=2051) to work on /home/airflow/.local/lib/python3.12/site-packages/airflow/example_dags/example_branch_python_dop_operator_3.py
[2025-05-24T12:40:11.930+0000] {processor.py:914} INFO - Processing file /home/airflow/.local/lib/python3.12/site-packages/airflow/example_dags/example_branch_python_dop_operator_3.py for tasks to queue
[2025-05-24T12:40:11.931+0000] {logging_mixin.py:190} INFO - [2025-05-24T12:40:11.931+0000] {dagbag.py:588} INFO - Filling up the DagBag from /home/airflow/.local/lib/python3.12/site-packages/airflow/example_dags/example_branch_python_dop_operator_3.py
[2025-05-24T12:40:11.937+0000] {processor.py:925} INFO - DAG(s) 'example_branch_dop_operator_v3' retrieved from /home/airflow/.local/lib/python3.12/site-packages/airflow/example_dags/example_branch_python_dop_operator_3.py
[2025-05-24T12:40:11.951+0000] {logging_mixin.py:190} INFO - [2025-05-24T12:40:11.951+0000] {dag.py:3239} INFO - Sync 1 DAGs
[2025-05-24T12:40:11.964+0000] {logging_mixin.py:190} INFO - [2025-05-24T12:40:11.963+0000] {dag.py:4180} INFO - Setting next_dagrun for example_branch_dop_operator_v3 to 2025-05-24 12:39:00+00:00, run_after=2025-05-24 12:40:00+00:00
[2025-05-24T12:40:11.976+0000] {processor.py:208} INFO - Processing /home/airflow/.local/lib/python3.12/site-packages/airflow/example_dags/example_branch_python_dop_operator_3.py took 0.050 seconds
[2025-05-24T12:40:42.812+0000] {processor.py:186} INFO - Started process (PID=2349) to work on /home/airflow/.local/lib/python3.12/site-packages/airflow/example_dags/example_branch_python_dop_operator_3.py
[2025-05-24T12:40:42.812+0000] {processor.py:914} INFO - Processing file /home/airflow/.local/lib/python3.12/site-packages/airflow/example_dags/example_branch_python_dop_operator_3.py for tasks to queue
[2025-05-24T12:40:42.813+0000] {logging_mixin.py:190} INFO - [2025-05-24T12:40:42.813+0000] {dagbag.py:588} INFO - Filling up the DagBag from /home/airflow/.local/lib/python3.12/site-packages/airflow/example_dags/example_branch_python_dop_operator_3.py
[2025-05-24T12:40:42.819+0000] {processor.py:925} INFO - DAG(s) 'example_branch_dop_operator_v3' retrieved from /home/airflow/.local/lib/python3.12/site-packages/airflow/example_dags/example_branch_python_dop_operator_3.py
[2025-05-24T12:40:42.833+0000] {logging_mixin.py:190} INFO - [2025-05-24T12:40:42.833+0000] {dag.py:3239} INFO - Sync 1 DAGs
[2025-05-24T12:40:42.848+0000] {logging_mixin.py:190} INFO - [2025-05-24T12:40:42.848+0000] {dag.py:4180} INFO - Setting next_dagrun for example_branch_dop_operator_v3 to 2025-05-24 12:39:00+00:00, run_after=2025-05-24 12:40:00+00:00
[2025-05-24T12:40:42.860+0000] {processor.py:208} INFO - Processing /home/airflow/.local/lib/python3.12/site-packages/airflow/example_dags/example_branch_python_dop_operator_3.py took 0.051 seconds
[2025-05-24T12:41:13.670+0000] {processor.py:186} INFO - Started process (PID=2643) to work on /home/airflow/.local/lib/python3.12/site-packages/airflow/example_dags/example_branch_python_dop_operator_3.py
[2025-05-24T12:41:13.674+0000] {processor.py:914} INFO - Processing file /home/airflow/.local/lib/python3.12/site-packages/airflow/example_dags/example_branch_python_dop_operator_3.py for tasks to queue
[2025-05-24T12:41:13.675+0000] {logging_mixin.py:190} INFO - [2025-05-24T12:41:13.675+0000] {dagbag.py:588} INFO - Filling up the DagBag from /home/airflow/.local/lib/python3.12/site-packages/airflow/example_dags/example_branch_python_dop_operator_3.py
[2025-05-24T12:41:13.685+0000] {processor.py:925} INFO - DAG(s) 'example_branch_dop_operator_v3' retrieved from /home/airflow/.local/lib/python3.12/site-packages/airflow/example_dags/example_branch_python_dop_operator_3.py
[2025-05-24T12:41:13.698+0000] {logging_mixin.py:190} INFO - [2025-05-24T12:41:13.698+0000] {dag.py:3239} INFO - Sync 1 DAGs
[2025-05-24T12:41:13.712+0000] {logging_mixin.py:190} INFO - [2025-05-24T12:41:13.712+0000] {dag.py:4180} INFO - Setting next_dagrun for example_branch_dop_operator_v3 to 2025-05-24 12:40:00+00:00, run_after=2025-05-24 12:41:00+00:00
[2025-05-24T12:41:13.721+0000] {processor.py:208} INFO - Processing /home/airflow/.local/lib/python3.12/site-packages/airflow/example_dags/example_branch_python_dop_operator_3.py took 0.054 seconds
[2025-05-24T12:41:44.591+0000] {processor.py:186} INFO - Started process (PID=2938) to work on /home/airflow/.local/lib/python3.12/site-packages/airflow/example_dags/example_branch_python_dop_operator_3.py
[2025-05-24T12:41:44.591+0000] {processor.py:914} INFO - Processing file /home/airflow/.local/lib/python3.12/site-packages/airflow/example_dags/example_branch_python_dop_operator_3.py for tasks to queue
[2025-05-24T12:41:44.595+0000] {logging_mixin.py:190} INFO - [2025-05-24T12:41:44.595+0000] {dagbag.py:588} INFO - Filling up the DagBag from /home/airflow/.local/lib/python3.12/site-packages/airflow/example_dags/example_branch_python_dop_operator_3.py
[2025-05-24T12:41:44.603+0000] {processor.py:925} INFO - DAG(s) 'example_branch_dop_operator_v3' retrieved from /home/airflow/.local/lib/python3.12/site-packages/airflow/example_dags/example_branch_python_dop_operator_3.py
[2025-05-24T12:41:44.614+0000] {logging_mixin.py:190} INFO - [2025-05-24T12:41:44.614+0000] {dag.py:3239} INFO - Sync 1 DAGs
[2025-05-24T12:41:44.628+0000] {logging_mixin.py:190} INFO - [2025-05-24T12:41:44.628+0000] {dag.py:4180} INFO - Setting next_dagrun for example_branch_dop_operator_v3 to 2025-05-24 12:40:00+00:00, run_after=2025-05-24 12:41:00+00:00
[2025-05-24T12:41:44.645+0000] {processor.py:208} INFO - Processing /home/airflow/.local/lib/python3.12/site-packages/airflow/example_dags/example_branch_python_dop_operator_3.py took 0.058 seconds
[2025-05-24T12:42:15.449+0000] {processor.py:186} INFO - Started process (PID=3234) to work on /home/airflow/.local/lib/python3.12/site-packages/airflow/example_dags/example_branch_python_dop_operator_3.py
[2025-05-24T12:42:15.449+0000] {processor.py:914} INFO - Processing file /home/airflow/.local/lib/python3.12/site-packages/airflow/example_dags/example_branch_python_dop_operator_3.py for tasks to queue
[2025-05-24T12:42:15.450+0000] {logging_mixin.py:190} INFO - [2025-05-24T12:42:15.450+0000] {dagbag.py:588} INFO - Filling up the DagBag from /home/airflow/.local/lib/python3.12/site-packages/airflow/example_dags/example_branch_python_dop_operator_3.py
[2025-05-24T12:42:15.456+0000] {processor.py:925} INFO - DAG(s) 'example_branch_dop_operator_v3' retrieved from /home/airflow/.local/lib/python3.12/site-packages/airflow/example_dags/example_branch_python_dop_operator_3.py
[2025-05-24T12:42:15.467+0000] {logging_mixin.py:190} INFO - [2025-05-24T12:42:15.467+0000] {dag.py:3239} INFO - Sync 1 DAGs
[2025-05-24T12:42:15.480+0000] {logging_mixin.py:190} INFO - [2025-05-24T12:42:15.480+0000] {dag.py:4180} INFO - Setting next_dagrun for example_branch_dop_operator_v3 to 2025-05-24 12:41:00+00:00, run_after=2025-05-24 12:42:00+00:00
[2025-05-24T12:42:15.490+0000] {processor.py:208} INFO - Processing /home/airflow/.local/lib/python3.12/site-packages/airflow/example_dags/example_branch_python_dop_operator_3.py took 0.045 seconds
