[2025-05-24T12:37:07.141+0000] {processor.py:186} INFO - Started process (PID=236) to work on /home/airflow/.local/lib/python3.12/site-packages/airflow/example_dags/example_display_name.py
[2025-05-24T12:37:07.142+0000] {processor.py:914} INFO - Processing file /home/airflow/.local/lib/python3.12/site-packages/airflow/example_dags/example_display_name.py for tasks to queue
[2025-05-24T12:37:07.144+0000] {logging_mixin.py:190} INFO - [2025-05-24T12:37:07.144+0000] {dagbag.py:588} INFO - Filling up the DagBag from /home/airflow/.local/lib/python3.12/site-packages/airflow/example_dags/example_display_name.py
[2025-05-24T12:37:07.149+0000] {processor.py:925} INFO - DAG(s) 'example_display_name' retrieved from /home/airflow/.local/lib/python3.12/site-packages/airflow/example_dags/example_display_name.py
[2025-05-24T12:37:07.167+0000] {logging_mixin.py:190} INFO - [2025-05-24T12:37:07.167+0000] {dag.py:3239} INFO - Sync 1 DAGs
[2025-05-24T12:37:07.175+0000] {logging_mixin.py:190} INFO - [2025-05-24T12:37:07.174+0000] {dag.py:4180} INFO - Setting next_dagrun for example_display_name to None, run_after=None
[2025-05-24T12:37:07.185+0000] {processor.py:208} INFO - Processing /home/airflow/.local/lib/python3.12/site-packages/airflow/example_dags/example_display_name.py took 0.046 seconds
[2025-05-24T12:37:37.267+0000] {processor.py:186} INFO - Started process (PID=526) to work on /home/airflow/.local/lib/python3.12/site-packages/airflow/example_dags/example_display_name.py
[2025-05-24T12:37:37.267+0000] {processor.py:914} INFO - Processing file /home/airflow/.local/lib/python3.12/site-packages/airflow/example_dags/example_display_name.py for tasks to queue
[2025-05-24T12:37:37.269+0000] {logging_mixin.py:190} INFO - [2025-05-24T12:37:37.269+0000] {dagbag.py:588} INFO - Filling up the DagBag from /home/airflow/.local/lib/python3.12/site-packages/airflow/example_dags/example_display_name.py
[2025-05-24T12:37:37.275+0000] {processor.py:925} INFO - DAG(s) 'example_display_name' retrieved from /home/airflow/.local/lib/python3.12/site-packages/airflow/example_dags/example_display_name.py
[2025-05-24T12:37:37.291+0000] {logging_mixin.py:190} INFO - [2025-05-24T12:37:37.291+0000] {dag.py:3239} INFO - Sync 1 DAGs
[2025-05-24T12:37:37.302+0000] {logging_mixin.py:190} INFO - [2025-05-24T12:37:37.302+0000] {dag.py:4180} INFO - Setting next_dagrun for example_display_name to None, run_after=None
[2025-05-24T12:37:37.316+0000] {processor.py:208} INFO - Processing /home/airflow/.local/lib/python3.12/site-packages/airflow/example_dags/example_display_name.py took 0.053 seconds
[2025-05-24T12:38:08.285+0000] {processor.py:186} INFO - Started process (PID=822) to work on /home/airflow/.local/lib/python3.12/site-packages/airflow/example_dags/example_display_name.py
[2025-05-24T12:38:08.287+0000] {processor.py:914} INFO - Processing file /home/airflow/.local/lib/python3.12/site-packages/airflow/example_dags/example_display_name.py for tasks to queue
[2025-05-24T12:38:08.290+0000] {logging_mixin.py:190} INFO - [2025-05-24T12:38:08.290+0000] {dagbag.py:588} INFO - Filling up the DagBag from /home/airflow/.local/lib/python3.12/site-packages/airflow/example_dags/example_display_name.py
[2025-05-24T12:38:08.295+0000] {processor.py:925} INFO - DAG(s) 'example_display_name' retrieved from /home/airflow/.local/lib/python3.12/site-packages/airflow/example_dags/example_display_name.py
[2025-05-24T12:38:08.312+0000] {logging_mixin.py:190} INFO - [2025-05-24T12:38:08.312+0000] {dag.py:3239} INFO - Sync 1 DAGs
[2025-05-24T12:38:08.321+0000] {logging_mixin.py:190} INFO - [2025-05-24T12:38:08.321+0000] {dag.py:4180} INFO - Setting next_dagrun for example_display_name to None, run_after=None
[2025-05-24T12:38:08.337+0000] {processor.py:208} INFO - Processing /home/airflow/.local/lib/python3.12/site-packages/airflow/example_dags/example_display_name.py took 0.055 seconds
[2025-05-24T12:38:38.864+0000] {processor.py:186} INFO - Started process (PID=1123) to work on /home/airflow/.local/lib/python3.12/site-packages/airflow/example_dags/example_display_name.py
[2025-05-24T12:38:38.866+0000] {processor.py:914} INFO - Processing file /home/airflow/.local/lib/python3.12/site-packages/airflow/example_dags/example_display_name.py for tasks to queue
[2025-05-24T12:38:38.868+0000] {logging_mixin.py:190} INFO - [2025-05-24T12:38:38.868+0000] {dagbag.py:588} INFO - Filling up the DagBag from /home/airflow/.local/lib/python3.12/site-packages/airflow/example_dags/example_display_name.py
[2025-05-24T12:38:38.875+0000] {processor.py:925} INFO - DAG(s) 'example_display_name' retrieved from /home/airflow/.local/lib/python3.12/site-packages/airflow/example_dags/example_display_name.py
[2025-05-24T12:38:38.891+0000] {logging_mixin.py:190} INFO - [2025-05-24T12:38:38.890+0000] {dag.py:3239} INFO - Sync 1 DAGs
[2025-05-24T12:38:38.906+0000] {logging_mixin.py:190} INFO - [2025-05-24T12:38:38.906+0000] {dag.py:4180} INFO - Setting next_dagrun for example_display_name to None, run_after=None
[2025-05-24T12:38:38.923+0000] {processor.py:208} INFO - Processing /home/airflow/.local/lib/python3.12/site-packages/airflow/example_dags/example_display_name.py took 0.062 seconds
[2025-05-24T12:39:09.761+0000] {processor.py:186} INFO - Started process (PID=1419) to work on /home/airflow/.local/lib/python3.12/site-packages/airflow/example_dags/example_display_name.py
[2025-05-24T12:39:09.762+0000] {processor.py:914} INFO - Processing file /home/airflow/.local/lib/python3.12/site-packages/airflow/example_dags/example_display_name.py for tasks to queue
[2025-05-24T12:39:09.764+0000] {logging_mixin.py:190} INFO - [2025-05-24T12:39:09.763+0000] {dagbag.py:588} INFO - Filling up the DagBag from /home/airflow/.local/lib/python3.12/site-packages/airflow/example_dags/example_display_name.py
[2025-05-24T12:39:09.767+0000] {processor.py:925} INFO - DAG(s) 'example_display_name' retrieved from /home/airflow/.local/lib/python3.12/site-packages/airflow/example_dags/example_display_name.py
[2025-05-24T12:39:09.780+0000] {logging_mixin.py:190} INFO - [2025-05-24T12:39:09.779+0000] {dag.py:3239} INFO - Sync 1 DAGs
[2025-05-24T12:39:09.787+0000] {logging_mixin.py:190} INFO - [2025-05-24T12:39:09.787+0000] {dag.py:4180} INFO - Setting next_dagrun for example_display_name to None, run_after=None
[2025-05-24T12:39:09.800+0000] {processor.py:208} INFO - Processing /home/airflow/.local/lib/python3.12/site-packages/airflow/example_dags/example_display_name.py took 0.042 seconds
[2025-05-24T12:39:40.674+0000] {processor.py:186} INFO - Started process (PID=1715) to work on /home/airflow/.local/lib/python3.12/site-packages/airflow/example_dags/example_display_name.py
[2025-05-24T12:39:40.677+0000] {processor.py:914} INFO - Processing file /home/airflow/.local/lib/python3.12/site-packages/airflow/example_dags/example_display_name.py for tasks to queue
[2025-05-24T12:39:40.679+0000] {logging_mixin.py:190} INFO - [2025-05-24T12:39:40.678+0000] {dagbag.py:588} INFO - Filling up the DagBag from /home/airflow/.local/lib/python3.12/site-packages/airflow/example_dags/example_display_name.py
[2025-05-24T12:39:40.682+0000] {processor.py:925} INFO - DAG(s) 'example_display_name' retrieved from /home/airflow/.local/lib/python3.12/site-packages/airflow/example_dags/example_display_name.py
[2025-05-24T12:39:40.691+0000] {logging_mixin.py:190} INFO - [2025-05-24T12:39:40.691+0000] {dag.py:3239} INFO - Sync 1 DAGs
[2025-05-24T12:39:40.700+0000] {logging_mixin.py:190} INFO - [2025-05-24T12:39:40.700+0000] {dag.py:4180} INFO - Setting next_dagrun for example_display_name to None, run_after=None
[2025-05-24T12:39:40.712+0000] {processor.py:208} INFO - Processing /home/airflow/.local/lib/python3.12/site-packages/airflow/example_dags/example_display_name.py took 0.041 seconds
[2025-05-24T12:40:11.644+0000] {processor.py:186} INFO - Started process (PID=2011) to work on /home/airflow/.local/lib/python3.12/site-packages/airflow/example_dags/example_display_name.py
[2025-05-24T12:40:11.645+0000] {processor.py:914} INFO - Processing file /home/airflow/.local/lib/python3.12/site-packages/airflow/example_dags/example_display_name.py for tasks to queue
[2025-05-24T12:40:11.646+0000] {logging_mixin.py:190} INFO - [2025-05-24T12:40:11.646+0000] {dagbag.py:588} INFO - Filling up the DagBag from /home/airflow/.local/lib/python3.12/site-packages/airflow/example_dags/example_display_name.py
[2025-05-24T12:40:11.650+0000] {processor.py:925} INFO - DAG(s) 'example_display_name' retrieved from /home/airflow/.local/lib/python3.12/site-packages/airflow/example_dags/example_display_name.py
[2025-05-24T12:40:11.663+0000] {logging_mixin.py:190} INFO - [2025-05-24T12:40:11.663+0000] {dag.py:3239} INFO - Sync 1 DAGs
[2025-05-24T12:40:11.669+0000] {logging_mixin.py:190} INFO - [2025-05-24T12:40:11.669+0000] {dag.py:4180} INFO - Setting next_dagrun for example_display_name to None, run_after=None
[2025-05-24T12:40:11.679+0000] {processor.py:208} INFO - Processing /home/airflow/.local/lib/python3.12/site-packages/airflow/example_dags/example_display_name.py took 0.038 seconds
[2025-05-24T12:40:42.485+0000] {processor.py:186} INFO - Started process (PID=2307) to work on /home/airflow/.local/lib/python3.12/site-packages/airflow/example_dags/example_display_name.py
[2025-05-24T12:40:42.488+0000] {processor.py:914} INFO - Processing file /home/airflow/.local/lib/python3.12/site-packages/airflow/example_dags/example_display_name.py for tasks to queue
[2025-05-24T12:40:42.490+0000] {logging_mixin.py:190} INFO - [2025-05-24T12:40:42.490+0000] {dagbag.py:588} INFO - Filling up the DagBag from /home/airflow/.local/lib/python3.12/site-packages/airflow/example_dags/example_display_name.py
[2025-05-24T12:40:42.495+0000] {processor.py:925} INFO - DAG(s) 'example_display_name' retrieved from /home/airflow/.local/lib/python3.12/site-packages/airflow/example_dags/example_display_name.py
[2025-05-24T12:40:42.507+0000] {logging_mixin.py:190} INFO - [2025-05-24T12:40:42.506+0000] {dag.py:3239} INFO - Sync 1 DAGs
[2025-05-24T12:40:42.513+0000] {logging_mixin.py:190} INFO - [2025-05-24T12:40:42.513+0000] {dag.py:4180} INFO - Setting next_dagrun for example_display_name to None, run_after=None
[2025-05-24T12:40:42.526+0000] {processor.py:208} INFO - Processing /home/airflow/.local/lib/python3.12/site-packages/airflow/example_dags/example_display_name.py took 0.044 seconds
[2025-05-24T12:41:13.441+0000] {processor.py:186} INFO - Started process (PID=2605) to work on /home/airflow/.local/lib/python3.12/site-packages/airflow/example_dags/example_display_name.py
[2025-05-24T12:41:13.441+0000] {processor.py:914} INFO - Processing file /home/airflow/.local/lib/python3.12/site-packages/airflow/example_dags/example_display_name.py for tasks to queue
[2025-05-24T12:41:13.442+0000] {logging_mixin.py:190} INFO - [2025-05-24T12:41:13.442+0000] {dagbag.py:588} INFO - Filling up the DagBag from /home/airflow/.local/lib/python3.12/site-packages/airflow/example_dags/example_display_name.py
[2025-05-24T12:41:13.447+0000] {processor.py:925} INFO - DAG(s) 'example_display_name' retrieved from /home/airflow/.local/lib/python3.12/site-packages/airflow/example_dags/example_display_name.py
[2025-05-24T12:41:13.457+0000] {logging_mixin.py:190} INFO - [2025-05-24T12:41:13.457+0000] {dag.py:3239} INFO - Sync 1 DAGs
[2025-05-24T12:41:13.465+0000] {logging_mixin.py:190} INFO - [2025-05-24T12:41:13.464+0000] {dag.py:4180} INFO - Setting next_dagrun for example_display_name to None, run_after=None
[2025-05-24T12:41:13.479+0000] {processor.py:208} INFO - Processing /home/airflow/.local/lib/python3.12/site-packages/airflow/example_dags/example_display_name.py took 0.041 seconds
[2025-05-24T12:41:44.266+0000] {processor.py:186} INFO - Started process (PID=2898) to work on /home/airflow/.local/lib/python3.12/site-packages/airflow/example_dags/example_display_name.py
[2025-05-24T12:41:44.269+0000] {processor.py:914} INFO - Processing file /home/airflow/.local/lib/python3.12/site-packages/airflow/example_dags/example_display_name.py for tasks to queue
[2025-05-24T12:41:44.271+0000] {logging_mixin.py:190} INFO - [2025-05-24T12:41:44.271+0000] {dagbag.py:588} INFO - Filling up the DagBag from /home/airflow/.local/lib/python3.12/site-packages/airflow/example_dags/example_display_name.py
[2025-05-24T12:41:44.280+0000] {processor.py:925} INFO - DAG(s) 'example_display_name' retrieved from /home/airflow/.local/lib/python3.12/site-packages/airflow/example_dags/example_display_name.py
[2025-05-24T12:41:44.299+0000] {logging_mixin.py:190} INFO - [2025-05-24T12:41:44.299+0000] {dag.py:3239} INFO - Sync 1 DAGs
[2025-05-24T12:41:44.307+0000] {logging_mixin.py:190} INFO - [2025-05-24T12:41:44.307+0000] {dag.py:4180} INFO - Setting next_dagrun for example_display_name to None, run_after=None
[2025-05-24T12:41:44.320+0000] {processor.py:208} INFO - Processing /home/airflow/.local/lib/python3.12/site-packages/airflow/example_dags/example_display_name.py took 0.058 seconds
[2025-05-24T12:42:15.177+0000] {processor.py:186} INFO - Started process (PID=3194) to work on /home/airflow/.local/lib/python3.12/site-packages/airflow/example_dags/example_display_name.py
[2025-05-24T12:42:15.178+0000] {processor.py:914} INFO - Processing file /home/airflow/.local/lib/python3.12/site-packages/airflow/example_dags/example_display_name.py for tasks to queue
[2025-05-24T12:42:15.179+0000] {logging_mixin.py:190} INFO - [2025-05-24T12:42:15.179+0000] {dagbag.py:588} INFO - Filling up the DagBag from /home/airflow/.local/lib/python3.12/site-packages/airflow/example_dags/example_display_name.py
[2025-05-24T12:42:15.183+0000] {processor.py:925} INFO - DAG(s) 'example_display_name' retrieved from /home/airflow/.local/lib/python3.12/site-packages/airflow/example_dags/example_display_name.py
[2025-05-24T12:42:15.192+0000] {logging_mixin.py:190} INFO - [2025-05-24T12:42:15.192+0000] {dag.py:3239} INFO - Sync 1 DAGs
[2025-05-24T12:42:15.201+0000] {logging_mixin.py:190} INFO - [2025-05-24T12:42:15.201+0000] {dag.py:4180} INFO - Setting next_dagrun for example_display_name to None, run_after=None
[2025-05-24T12:42:15.209+0000] {processor.py:208} INFO - Processing /home/airflow/.local/lib/python3.12/site-packages/airflow/example_dags/example_display_name.py took 0.036 seconds
