[2025-05-24T12:37:06.516+0000] {processor.py:186} INFO - Started process (PID=176) to work on /home/airflow/.local/lib/python3.12/site-packages/airflow/example_dags/example_latest_only_with_trigger.py
[2025-05-24T12:37:06.517+0000] {processor.py:914} INFO - Processing file /home/airflow/.local/lib/python3.12/site-packages/airflow/example_dags/example_latest_only_with_trigger.py for tasks to queue
[2025-05-24T12:37:06.519+0000] {logging_mixin.py:190} INFO - [2025-05-24T12:37:06.519+0000] {dagbag.py:588} INFO - Filling up the DagBag from /home/airflow/.local/lib/python3.12/site-packages/airflow/example_dags/example_latest_only_with_trigger.py
[2025-05-24T12:37:06.526+0000] {processor.py:925} INFO - DAG(s) 'latest_only_with_trigger' retrieved from /home/airflow/.local/lib/python3.12/site-packages/airflow/example_dags/example_latest_only_with_trigger.py
[2025-05-24T12:37:06.555+0000] {logging_mixin.py:190} INFO - [2025-05-24T12:37:06.555+0000] {dag.py:3239} INFO - Sync 1 DAGs
[2025-05-24T12:37:06.576+0000] {logging_mixin.py:190} INFO - [2025-05-24T12:37:06.576+0000] {dag.py:4180} INFO - Setting next_dagrun for latest_only_with_trigger to 2025-05-24 08:00:00+00:00, run_after=2025-05-24 12:00:00+00:00
[2025-05-24T12:37:06.589+0000] {processor.py:208} INFO - Processing /home/airflow/.local/lib/python3.12/site-packages/airflow/example_dags/example_latest_only_with_trigger.py took 0.079 seconds
[2025-05-24T12:37:36.794+0000] {processor.py:186} INFO - Started process (PID=471) to work on /home/airflow/.local/lib/python3.12/site-packages/airflow/example_dags/example_latest_only_with_trigger.py
[2025-05-24T12:37:36.794+0000] {processor.py:914} INFO - Processing file /home/airflow/.local/lib/python3.12/site-packages/airflow/example_dags/example_latest_only_with_trigger.py for tasks to queue
[2025-05-24T12:37:36.795+0000] {logging_mixin.py:190} INFO - [2025-05-24T12:37:36.795+0000] {dagbag.py:588} INFO - Filling up the DagBag from /home/airflow/.local/lib/python3.12/site-packages/airflow/example_dags/example_latest_only_with_trigger.py
[2025-05-24T12:37:36.800+0000] {processor.py:925} INFO - DAG(s) 'latest_only_with_trigger' retrieved from /home/airflow/.local/lib/python3.12/site-packages/airflow/example_dags/example_latest_only_with_trigger.py
[2025-05-24T12:37:36.817+0000] {logging_mixin.py:190} INFO - [2025-05-24T12:37:36.816+0000] {dag.py:3239} INFO - Sync 1 DAGs
[2025-05-24T12:37:36.833+0000] {logging_mixin.py:190} INFO - [2025-05-24T12:37:36.833+0000] {dag.py:4180} INFO - Setting next_dagrun for latest_only_with_trigger to 2025-05-24 08:00:00+00:00, run_after=2025-05-24 12:00:00+00:00
[2025-05-24T12:37:36.848+0000] {processor.py:208} INFO - Processing /home/airflow/.local/lib/python3.12/site-packages/airflow/example_dags/example_latest_only_with_trigger.py took 0.057 seconds
[2025-05-24T12:38:07.851+0000] {processor.py:186} INFO - Started process (PID=767) to work on /home/airflow/.local/lib/python3.12/site-packages/airflow/example_dags/example_latest_only_with_trigger.py
[2025-05-24T12:38:07.852+0000] {processor.py:914} INFO - Processing file /home/airflow/.local/lib/python3.12/site-packages/airflow/example_dags/example_latest_only_with_trigger.py for tasks to queue
[2025-05-24T12:38:07.856+0000] {logging_mixin.py:190} INFO - [2025-05-24T12:38:07.855+0000] {dagbag.py:588} INFO - Filling up the DagBag from /home/airflow/.local/lib/python3.12/site-packages/airflow/example_dags/example_latest_only_with_trigger.py
[2025-05-24T12:38:07.861+0000] {processor.py:925} INFO - DAG(s) 'latest_only_with_trigger' retrieved from /home/airflow/.local/lib/python3.12/site-packages/airflow/example_dags/example_latest_only_with_trigger.py
[2025-05-24T12:38:07.880+0000] {logging_mixin.py:190} INFO - [2025-05-24T12:38:07.880+0000] {dag.py:3239} INFO - Sync 1 DAGs
[2025-05-24T12:38:07.896+0000] {logging_mixin.py:190} INFO - [2025-05-24T12:38:07.895+0000] {dag.py:4180} INFO - Setting next_dagrun for latest_only_with_trigger to 2025-05-24 08:00:00+00:00, run_after=2025-05-24 12:00:00+00:00
[2025-05-24T12:38:07.908+0000] {processor.py:208} INFO - Processing /home/airflow/.local/lib/python3.12/site-packages/airflow/example_dags/example_latest_only_with_trigger.py took 0.061 seconds
[2025-05-24T12:38:38.387+0000] {processor.py:186} INFO - Started process (PID=1062) to work on /home/airflow/.local/lib/python3.12/site-packages/airflow/example_dags/example_latest_only_with_trigger.py
[2025-05-24T12:38:38.388+0000] {processor.py:914} INFO - Processing file /home/airflow/.local/lib/python3.12/site-packages/airflow/example_dags/example_latest_only_with_trigger.py for tasks to queue
[2025-05-24T12:38:38.392+0000] {logging_mixin.py:190} INFO - [2025-05-24T12:38:38.391+0000] {dagbag.py:588} INFO - Filling up the DagBag from /home/airflow/.local/lib/python3.12/site-packages/airflow/example_dags/example_latest_only_with_trigger.py
[2025-05-24T12:38:38.425+0000] {processor.py:925} INFO - DAG(s) 'latest_only_with_trigger' retrieved from /home/airflow/.local/lib/python3.12/site-packages/airflow/example_dags/example_latest_only_with_trigger.py
[2025-05-24T12:38:38.451+0000] {logging_mixin.py:190} INFO - [2025-05-24T12:38:38.450+0000] {dag.py:3239} INFO - Sync 1 DAGs
[2025-05-24T12:38:38.473+0000] {logging_mixin.py:190} INFO - [2025-05-24T12:38:38.472+0000] {dag.py:4180} INFO - Setting next_dagrun for latest_only_with_trigger to 2025-05-24 08:00:00+00:00, run_after=2025-05-24 12:00:00+00:00
[2025-05-24T12:38:38.501+0000] {processor.py:208} INFO - Processing /home/airflow/.local/lib/python3.12/site-packages/airflow/example_dags/example_latest_only_with_trigger.py took 0.120 seconds
[2025-05-24T12:39:09.402+0000] {processor.py:186} INFO - Started process (PID=1364) to work on /home/airflow/.local/lib/python3.12/site-packages/airflow/example_dags/example_latest_only_with_trigger.py
[2025-05-24T12:39:09.404+0000] {processor.py:914} INFO - Processing file /home/airflow/.local/lib/python3.12/site-packages/airflow/example_dags/example_latest_only_with_trigger.py for tasks to queue
[2025-05-24T12:39:09.406+0000] {logging_mixin.py:190} INFO - [2025-05-24T12:39:09.405+0000] {dagbag.py:588} INFO - Filling up the DagBag from /home/airflow/.local/lib/python3.12/site-packages/airflow/example_dags/example_latest_only_with_trigger.py
[2025-05-24T12:39:09.416+0000] {processor.py:925} INFO - DAG(s) 'latest_only_with_trigger' retrieved from /home/airflow/.local/lib/python3.12/site-packages/airflow/example_dags/example_latest_only_with_trigger.py
[2025-05-24T12:39:09.433+0000] {logging_mixin.py:190} INFO - [2025-05-24T12:39:09.433+0000] {dag.py:3239} INFO - Sync 1 DAGs
[2025-05-24T12:39:09.448+0000] {logging_mixin.py:190} INFO - [2025-05-24T12:39:09.448+0000] {dag.py:4180} INFO - Setting next_dagrun for latest_only_with_trigger to 2025-05-24 08:00:00+00:00, run_after=2025-05-24 12:00:00+00:00
[2025-05-24T12:39:09.457+0000] {processor.py:208} INFO - Processing /home/airflow/.local/lib/python3.12/site-packages/airflow/example_dags/example_latest_only_with_trigger.py took 0.059 seconds
[2025-05-24T12:39:40.319+0000] {processor.py:186} INFO - Started process (PID=1660) to work on /home/airflow/.local/lib/python3.12/site-packages/airflow/example_dags/example_latest_only_with_trigger.py
[2025-05-24T12:39:40.321+0000] {processor.py:914} INFO - Processing file /home/airflow/.local/lib/python3.12/site-packages/airflow/example_dags/example_latest_only_with_trigger.py for tasks to queue
[2025-05-24T12:39:40.325+0000] {logging_mixin.py:190} INFO - [2025-05-24T12:39:40.325+0000] {dagbag.py:588} INFO - Filling up the DagBag from /home/airflow/.local/lib/python3.12/site-packages/airflow/example_dags/example_latest_only_with_trigger.py
[2025-05-24T12:39:40.335+0000] {processor.py:925} INFO - DAG(s) 'latest_only_with_trigger' retrieved from /home/airflow/.local/lib/python3.12/site-packages/airflow/example_dags/example_latest_only_with_trigger.py
[2025-05-24T12:39:40.352+0000] {logging_mixin.py:190} INFO - [2025-05-24T12:39:40.352+0000] {dag.py:3239} INFO - Sync 1 DAGs
[2025-05-24T12:39:40.367+0000] {logging_mixin.py:190} INFO - [2025-05-24T12:39:40.367+0000] {dag.py:4180} INFO - Setting next_dagrun for latest_only_with_trigger to 2025-05-24 08:00:00+00:00, run_after=2025-05-24 12:00:00+00:00
[2025-05-24T12:39:40.377+0000] {processor.py:208} INFO - Processing /home/airflow/.local/lib/python3.12/site-packages/airflow/example_dags/example_latest_only_with_trigger.py took 0.064 seconds
[2025-05-24T12:40:11.287+0000] {processor.py:186} INFO - Started process (PID=1956) to work on /home/airflow/.local/lib/python3.12/site-packages/airflow/example_dags/example_latest_only_with_trigger.py
[2025-05-24T12:40:11.288+0000] {processor.py:914} INFO - Processing file /home/airflow/.local/lib/python3.12/site-packages/airflow/example_dags/example_latest_only_with_trigger.py for tasks to queue
[2025-05-24T12:40:11.290+0000] {logging_mixin.py:190} INFO - [2025-05-24T12:40:11.290+0000] {dagbag.py:588} INFO - Filling up the DagBag from /home/airflow/.local/lib/python3.12/site-packages/airflow/example_dags/example_latest_only_with_trigger.py
[2025-05-24T12:40:11.300+0000] {processor.py:925} INFO - DAG(s) 'latest_only_with_trigger' retrieved from /home/airflow/.local/lib/python3.12/site-packages/airflow/example_dags/example_latest_only_with_trigger.py
[2025-05-24T12:40:11.317+0000] {logging_mixin.py:190} INFO - [2025-05-24T12:40:11.317+0000] {dag.py:3239} INFO - Sync 1 DAGs
[2025-05-24T12:40:11.334+0000] {logging_mixin.py:190} INFO - [2025-05-24T12:40:11.334+0000] {dag.py:4180} INFO - Setting next_dagrun for latest_only_with_trigger to 2025-05-24 08:00:00+00:00, run_after=2025-05-24 12:00:00+00:00
[2025-05-24T12:40:11.344+0000] {processor.py:208} INFO - Processing /home/airflow/.local/lib/python3.12/site-packages/airflow/example_dags/example_latest_only_with_trigger.py took 0.063 seconds
[2025-05-24T12:40:42.131+0000] {processor.py:186} INFO - Started process (PID=2252) to work on /home/airflow/.local/lib/python3.12/site-packages/airflow/example_dags/example_latest_only_with_trigger.py
[2025-05-24T12:40:42.132+0000] {processor.py:914} INFO - Processing file /home/airflow/.local/lib/python3.12/site-packages/airflow/example_dags/example_latest_only_with_trigger.py for tasks to queue
[2025-05-24T12:40:42.134+0000] {logging_mixin.py:190} INFO - [2025-05-24T12:40:42.133+0000] {dagbag.py:588} INFO - Filling up the DagBag from /home/airflow/.local/lib/python3.12/site-packages/airflow/example_dags/example_latest_only_with_trigger.py
[2025-05-24T12:40:42.139+0000] {processor.py:925} INFO - DAG(s) 'latest_only_with_trigger' retrieved from /home/airflow/.local/lib/python3.12/site-packages/airflow/example_dags/example_latest_only_with_trigger.py
[2025-05-24T12:40:42.157+0000] {logging_mixin.py:190} INFO - [2025-05-24T12:40:42.156+0000] {dag.py:3239} INFO - Sync 1 DAGs
[2025-05-24T12:40:42.172+0000] {logging_mixin.py:190} INFO - [2025-05-24T12:40:42.172+0000] {dag.py:4180} INFO - Setting next_dagrun for latest_only_with_trigger to 2025-05-24 08:00:00+00:00, run_after=2025-05-24 12:00:00+00:00
[2025-05-24T12:40:42.181+0000] {processor.py:208} INFO - Processing /home/airflow/.local/lib/python3.12/site-packages/airflow/example_dags/example_latest_only_with_trigger.py took 0.055 seconds
[2025-05-24T12:41:13.065+0000] {processor.py:186} INFO - Started process (PID=2548) to work on /home/airflow/.local/lib/python3.12/site-packages/airflow/example_dags/example_latest_only_with_trigger.py
[2025-05-24T12:41:13.067+0000] {processor.py:914} INFO - Processing file /home/airflow/.local/lib/python3.12/site-packages/airflow/example_dags/example_latest_only_with_trigger.py for tasks to queue
[2025-05-24T12:41:13.068+0000] {logging_mixin.py:190} INFO - [2025-05-24T12:41:13.068+0000] {dagbag.py:588} INFO - Filling up the DagBag from /home/airflow/.local/lib/python3.12/site-packages/airflow/example_dags/example_latest_only_with_trigger.py
[2025-05-24T12:41:13.074+0000] {processor.py:925} INFO - DAG(s) 'latest_only_with_trigger' retrieved from /home/airflow/.local/lib/python3.12/site-packages/airflow/example_dags/example_latest_only_with_trigger.py
[2025-05-24T12:41:13.091+0000] {logging_mixin.py:190} INFO - [2025-05-24T12:41:13.091+0000] {dag.py:3239} INFO - Sync 1 DAGs
[2025-05-24T12:41:13.106+0000] {logging_mixin.py:190} INFO - [2025-05-24T12:41:13.106+0000] {dag.py:4180} INFO - Setting next_dagrun for latest_only_with_trigger to 2025-05-24 08:00:00+00:00, run_after=2025-05-24 12:00:00+00:00
[2025-05-24T12:41:13.115+0000] {processor.py:208} INFO - Processing /home/airflow/.local/lib/python3.12/site-packages/airflow/example_dags/example_latest_only_with_trigger.py took 0.056 seconds
[2025-05-24T12:41:43.851+0000] {processor.py:186} INFO - Started process (PID=2843) to work on /home/airflow/.local/lib/python3.12/site-packages/airflow/example_dags/example_latest_only_with_trigger.py
[2025-05-24T12:41:43.851+0000] {processor.py:914} INFO - Processing file /home/airflow/.local/lib/python3.12/site-packages/airflow/example_dags/example_latest_only_with_trigger.py for tasks to queue
[2025-05-24T12:41:43.853+0000] {logging_mixin.py:190} INFO - [2025-05-24T12:41:43.853+0000] {dagbag.py:588} INFO - Filling up the DagBag from /home/airflow/.local/lib/python3.12/site-packages/airflow/example_dags/example_latest_only_with_trigger.py
[2025-05-24T12:41:43.857+0000] {processor.py:925} INFO - DAG(s) 'latest_only_with_trigger' retrieved from /home/airflow/.local/lib/python3.12/site-packages/airflow/example_dags/example_latest_only_with_trigger.py
[2025-05-24T12:41:43.869+0000] {logging_mixin.py:190} INFO - [2025-05-24T12:41:43.869+0000] {dag.py:3239} INFO - Sync 1 DAGs
[2025-05-24T12:41:43.882+0000] {logging_mixin.py:190} INFO - [2025-05-24T12:41:43.882+0000] {dag.py:4180} INFO - Setting next_dagrun for latest_only_with_trigger to 2025-05-24 08:00:00+00:00, run_after=2025-05-24 12:00:00+00:00
[2025-05-24T12:41:43.895+0000] {processor.py:208} INFO - Processing /home/airflow/.local/lib/python3.12/site-packages/airflow/example_dags/example_latest_only_with_trigger.py took 0.047 seconds
[2025-05-24T12:42:14.819+0000] {processor.py:186} INFO - Started process (PID=3139) to work on /home/airflow/.local/lib/python3.12/site-packages/airflow/example_dags/example_latest_only_with_trigger.py
[2025-05-24T12:42:14.821+0000] {processor.py:914} INFO - Processing file /home/airflow/.local/lib/python3.12/site-packages/airflow/example_dags/example_latest_only_with_trigger.py for tasks to queue
[2025-05-24T12:42:14.823+0000] {logging_mixin.py:190} INFO - [2025-05-24T12:42:14.823+0000] {dagbag.py:588} INFO - Filling up the DagBag from /home/airflow/.local/lib/python3.12/site-packages/airflow/example_dags/example_latest_only_with_trigger.py
[2025-05-24T12:42:14.832+0000] {processor.py:925} INFO - DAG(s) 'latest_only_with_trigger' retrieved from /home/airflow/.local/lib/python3.12/site-packages/airflow/example_dags/example_latest_only_with_trigger.py
[2025-05-24T12:42:14.850+0000] {logging_mixin.py:190} INFO - [2025-05-24T12:42:14.850+0000] {dag.py:3239} INFO - Sync 1 DAGs
[2025-05-24T12:42:14.865+0000] {logging_mixin.py:190} INFO - [2025-05-24T12:42:14.864+0000] {dag.py:4180} INFO - Setting next_dagrun for latest_only_with_trigger to 2025-05-24 08:00:00+00:00, run_after=2025-05-24 12:00:00+00:00
[2025-05-24T12:42:14.875+0000] {processor.py:208} INFO - Processing /home/airflow/.local/lib/python3.12/site-packages/airflow/example_dags/example_latest_only_with_trigger.py took 0.063 seconds
