[2025-05-24T12:37:08.164+0000] {processor.py:186} INFO - Started process (PID=331) to work on /home/airflow/.local/lib/python3.12/site-packages/airflow/example_dags/example_bash_operator.py
[2025-05-24T12:37:08.169+0000] {processor.py:914} INFO - Processing file /home/airflow/.local/lib/python3.12/site-packages/airflow/example_dags/example_bash_operator.py for tasks to queue
[2025-05-24T12:37:08.170+0000] {logging_mixin.py:190} INFO - [2025-05-24T12:37:08.170+0000] {dagbag.py:588} INFO - Filling up the DagBag from /home/airflow/.local/lib/python3.12/site-packages/airflow/example_dags/example_bash_operator.py
[2025-05-24T12:37:08.177+0000] {processor.py:925} INFO - DAG(s) 'example_bash_operator' retrieved from /home/airflow/.local/lib/python3.12/site-packages/airflow/example_dags/example_bash_operator.py
[2025-05-24T12:37:08.199+0000] {logging_mixin.py:190} INFO - [2025-05-24T12:37:08.199+0000] {dag.py:3239} INFO - Sync 1 DAGs
[2025-05-24T12:37:08.212+0000] {logging_mixin.py:190} INFO - [2025-05-24T12:37:08.212+0000] {dag.py:4180} INFO - Setting next_dagrun for example_bash_operator to 2025-05-23 00:00:00+00:00, run_after=2025-05-24 00:00:00+00:00
[2025-05-24T12:37:08.228+0000] {processor.py:208} INFO - Processing /home/airflow/.local/lib/python3.12/site-packages/airflow/example_dags/example_bash_operator.py took 0.067 seconds
[2025-05-24T12:37:38.462+0000] {processor.py:186} INFO - Started process (PID=626) to work on /home/airflow/.local/lib/python3.12/site-packages/airflow/example_dags/example_bash_operator.py
[2025-05-24T12:37:38.469+0000] {processor.py:914} INFO - Processing file /home/airflow/.local/lib/python3.12/site-packages/airflow/example_dags/example_bash_operator.py for tasks to queue
[2025-05-24T12:37:38.471+0000] {logging_mixin.py:190} INFO - [2025-05-24T12:37:38.470+0000] {dagbag.py:588} INFO - Filling up the DagBag from /home/airflow/.local/lib/python3.12/site-packages/airflow/example_dags/example_bash_operator.py
[2025-05-24T12:37:38.487+0000] {processor.py:925} INFO - DAG(s) 'example_bash_operator' retrieved from /home/airflow/.local/lib/python3.12/site-packages/airflow/example_dags/example_bash_operator.py
[2025-05-24T12:37:38.529+0000] {logging_mixin.py:190} INFO - [2025-05-24T12:37:38.528+0000] {dag.py:3239} INFO - Sync 1 DAGs
[2025-05-24T12:37:38.545+0000] {logging_mixin.py:190} INFO - [2025-05-24T12:37:38.545+0000] {dag.py:4180} INFO - Setting next_dagrun for example_bash_operator to 2025-05-23 00:00:00+00:00, run_after=2025-05-24 00:00:00+00:00
[2025-05-24T12:37:38.561+0000] {processor.py:208} INFO - Processing /home/airflow/.local/lib/python3.12/site-packages/airflow/example_dags/example_bash_operator.py took 0.102 seconds
[2025-05-24T12:38:09.524+0000] {processor.py:186} INFO - Started process (PID=927) to work on /home/airflow/.local/lib/python3.12/site-packages/airflow/example_dags/example_bash_operator.py
[2025-05-24T12:38:09.525+0000] {processor.py:914} INFO - Processing file /home/airflow/.local/lib/python3.12/site-packages/airflow/example_dags/example_bash_operator.py for tasks to queue
[2025-05-24T12:38:09.526+0000] {logging_mixin.py:190} INFO - [2025-05-24T12:38:09.526+0000] {dagbag.py:588} INFO - Filling up the DagBag from /home/airflow/.local/lib/python3.12/site-packages/airflow/example_dags/example_bash_operator.py
[2025-05-24T12:38:09.539+0000] {processor.py:925} INFO - DAG(s) 'example_bash_operator' retrieved from /home/airflow/.local/lib/python3.12/site-packages/airflow/example_dags/example_bash_operator.py
[2025-05-24T12:38:09.555+0000] {logging_mixin.py:190} INFO - [2025-05-24T12:38:09.555+0000] {dag.py:3239} INFO - Sync 1 DAGs
[2025-05-24T12:38:09.572+0000] {logging_mixin.py:190} INFO - [2025-05-24T12:38:09.572+0000] {dag.py:4180} INFO - Setting next_dagrun for example_bash_operator to 2025-05-23 00:00:00+00:00, run_after=2025-05-24 00:00:00+00:00
[2025-05-24T12:38:09.585+0000] {processor.py:208} INFO - Processing /home/airflow/.local/lib/python3.12/site-packages/airflow/example_dags/example_bash_operator.py took 0.065 seconds
[2025-05-24T12:38:40.284+0000] {processor.py:186} INFO - Started process (PID=1223) to work on /home/airflow/.local/lib/python3.12/site-packages/airflow/example_dags/example_bash_operator.py
[2025-05-24T12:38:40.285+0000] {processor.py:914} INFO - Processing file /home/airflow/.local/lib/python3.12/site-packages/airflow/example_dags/example_bash_operator.py for tasks to queue
[2025-05-24T12:38:40.288+0000] {logging_mixin.py:190} INFO - [2025-05-24T12:38:40.288+0000] {dagbag.py:588} INFO - Filling up the DagBag from /home/airflow/.local/lib/python3.12/site-packages/airflow/example_dags/example_bash_operator.py
[2025-05-24T12:38:40.310+0000] {processor.py:925} INFO - DAG(s) 'example_bash_operator' retrieved from /home/airflow/.local/lib/python3.12/site-packages/airflow/example_dags/example_bash_operator.py
[2025-05-24T12:38:40.340+0000] {logging_mixin.py:190} INFO - [2025-05-24T12:38:40.339+0000] {dag.py:3239} INFO - Sync 1 DAGs
[2025-05-24T12:38:40.387+0000] {logging_mixin.py:190} INFO - [2025-05-24T12:38:40.387+0000] {dag.py:4180} INFO - Setting next_dagrun for example_bash_operator to 2025-05-23 00:00:00+00:00, run_after=2025-05-24 00:00:00+00:00
[2025-05-24T12:38:40.427+0000] {processor.py:208} INFO - Processing /home/airflow/.local/lib/python3.12/site-packages/airflow/example_dags/example_bash_operator.py took 0.148 seconds
[2025-05-24T12:39:10.652+0000] {processor.py:186} INFO - Started process (PID=1519) to work on /home/airflow/.local/lib/python3.12/site-packages/airflow/example_dags/example_bash_operator.py
[2025-05-24T12:39:10.653+0000] {processor.py:914} INFO - Processing file /home/airflow/.local/lib/python3.12/site-packages/airflow/example_dags/example_bash_operator.py for tasks to queue
[2025-05-24T12:39:10.654+0000] {logging_mixin.py:190} INFO - [2025-05-24T12:39:10.654+0000] {dagbag.py:588} INFO - Filling up the DagBag from /home/airflow/.local/lib/python3.12/site-packages/airflow/example_dags/example_bash_operator.py
[2025-05-24T12:39:10.660+0000] {processor.py:925} INFO - DAG(s) 'example_bash_operator' retrieved from /home/airflow/.local/lib/python3.12/site-packages/airflow/example_dags/example_bash_operator.py
[2025-05-24T12:39:10.677+0000] {logging_mixin.py:190} INFO - [2025-05-24T12:39:10.676+0000] {dag.py:3239} INFO - Sync 1 DAGs
[2025-05-24T12:39:10.687+0000] {logging_mixin.py:190} INFO - [2025-05-24T12:39:10.687+0000] {dag.py:4180} INFO - Setting next_dagrun for example_bash_operator to 2025-05-23 00:00:00+00:00, run_after=2025-05-24 00:00:00+00:00
[2025-05-24T12:39:10.695+0000] {processor.py:208} INFO - Processing /home/airflow/.local/lib/python3.12/site-packages/airflow/example_dags/example_bash_operator.py took 0.046 seconds
[2025-05-24T12:39:41.687+0000] {processor.py:186} INFO - Started process (PID=1815) to work on /home/airflow/.local/lib/python3.12/site-packages/airflow/example_dags/example_bash_operator.py
[2025-05-24T12:39:41.687+0000] {processor.py:914} INFO - Processing file /home/airflow/.local/lib/python3.12/site-packages/airflow/example_dags/example_bash_operator.py for tasks to queue
[2025-05-24T12:39:41.689+0000] {logging_mixin.py:190} INFO - [2025-05-24T12:39:41.688+0000] {dagbag.py:588} INFO - Filling up the DagBag from /home/airflow/.local/lib/python3.12/site-packages/airflow/example_dags/example_bash_operator.py
[2025-05-24T12:39:41.695+0000] {processor.py:925} INFO - DAG(s) 'example_bash_operator' retrieved from /home/airflow/.local/lib/python3.12/site-packages/airflow/example_dags/example_bash_operator.py
[2025-05-24T12:39:41.709+0000] {logging_mixin.py:190} INFO - [2025-05-24T12:39:41.709+0000] {dag.py:3239} INFO - Sync 1 DAGs
[2025-05-24T12:39:41.721+0000] {logging_mixin.py:190} INFO - [2025-05-24T12:39:41.721+0000] {dag.py:4180} INFO - Setting next_dagrun for example_bash_operator to 2025-05-23 00:00:00+00:00, run_after=2025-05-24 00:00:00+00:00
[2025-05-24T12:39:41.736+0000] {processor.py:208} INFO - Processing /home/airflow/.local/lib/python3.12/site-packages/airflow/example_dags/example_bash_operator.py took 0.053 seconds
[2025-05-24T12:40:12.666+0000] {processor.py:186} INFO - Started process (PID=2111) to work on /home/airflow/.local/lib/python3.12/site-packages/airflow/example_dags/example_bash_operator.py
[2025-05-24T12:40:12.667+0000] {processor.py:914} INFO - Processing file /home/airflow/.local/lib/python3.12/site-packages/airflow/example_dags/example_bash_operator.py for tasks to queue
[2025-05-24T12:40:12.668+0000] {logging_mixin.py:190} INFO - [2025-05-24T12:40:12.668+0000] {dagbag.py:588} INFO - Filling up the DagBag from /home/airflow/.local/lib/python3.12/site-packages/airflow/example_dags/example_bash_operator.py
[2025-05-24T12:40:12.675+0000] {processor.py:925} INFO - DAG(s) 'example_bash_operator' retrieved from /home/airflow/.local/lib/python3.12/site-packages/airflow/example_dags/example_bash_operator.py
[2025-05-24T12:40:12.693+0000] {logging_mixin.py:190} INFO - [2025-05-24T12:40:12.693+0000] {dag.py:3239} INFO - Sync 1 DAGs
[2025-05-24T12:40:12.704+0000] {logging_mixin.py:190} INFO - [2025-05-24T12:40:12.704+0000] {dag.py:4180} INFO - Setting next_dagrun for example_bash_operator to 2025-05-23 00:00:00+00:00, run_after=2025-05-24 00:00:00+00:00
[2025-05-24T12:40:12.716+0000] {processor.py:208} INFO - Processing /home/airflow/.local/lib/python3.12/site-packages/airflow/example_dags/example_bash_operator.py took 0.052 seconds
[2025-05-24T12:40:43.515+0000] {processor.py:186} INFO - Started process (PID=2407) to work on /home/airflow/.local/lib/python3.12/site-packages/airflow/example_dags/example_bash_operator.py
[2025-05-24T12:40:43.516+0000] {processor.py:914} INFO - Processing file /home/airflow/.local/lib/python3.12/site-packages/airflow/example_dags/example_bash_operator.py for tasks to queue
[2025-05-24T12:40:43.517+0000] {logging_mixin.py:190} INFO - [2025-05-24T12:40:43.517+0000] {dagbag.py:588} INFO - Filling up the DagBag from /home/airflow/.local/lib/python3.12/site-packages/airflow/example_dags/example_bash_operator.py
[2025-05-24T12:40:43.524+0000] {processor.py:925} INFO - DAG(s) 'example_bash_operator' retrieved from /home/airflow/.local/lib/python3.12/site-packages/airflow/example_dags/example_bash_operator.py
[2025-05-24T12:40:43.539+0000] {logging_mixin.py:190} INFO - [2025-05-24T12:40:43.539+0000] {dag.py:3239} INFO - Sync 1 DAGs
[2025-05-24T12:40:43.553+0000] {logging_mixin.py:190} INFO - [2025-05-24T12:40:43.553+0000] {dag.py:4180} INFO - Setting next_dagrun for example_bash_operator to 2025-05-23 00:00:00+00:00, run_after=2025-05-24 00:00:00+00:00
[2025-05-24T12:40:43.566+0000] {processor.py:208} INFO - Processing /home/airflow/.local/lib/python3.12/site-packages/airflow/example_dags/example_bash_operator.py took 0.054 seconds
[2025-05-24T12:41:14.347+0000] {processor.py:186} INFO - Started process (PID=2703) to work on /home/airflow/.local/lib/python3.12/site-packages/airflow/example_dags/example_bash_operator.py
[2025-05-24T12:41:14.348+0000] {processor.py:914} INFO - Processing file /home/airflow/.local/lib/python3.12/site-packages/airflow/example_dags/example_bash_operator.py for tasks to queue
[2025-05-24T12:41:14.349+0000] {logging_mixin.py:190} INFO - [2025-05-24T12:41:14.349+0000] {dagbag.py:588} INFO - Filling up the DagBag from /home/airflow/.local/lib/python3.12/site-packages/airflow/example_dags/example_bash_operator.py
[2025-05-24T12:41:14.357+0000] {processor.py:925} INFO - DAG(s) 'example_bash_operator' retrieved from /home/airflow/.local/lib/python3.12/site-packages/airflow/example_dags/example_bash_operator.py
[2025-05-24T12:41:14.374+0000] {logging_mixin.py:190} INFO - [2025-05-24T12:41:14.374+0000] {dag.py:3239} INFO - Sync 1 DAGs
[2025-05-24T12:41:14.386+0000] {logging_mixin.py:190} INFO - [2025-05-24T12:41:14.386+0000] {dag.py:4180} INFO - Setting next_dagrun for example_bash_operator to 2025-05-23 00:00:00+00:00, run_after=2025-05-24 00:00:00+00:00
[2025-05-24T12:41:14.396+0000] {processor.py:208} INFO - Processing /home/airflow/.local/lib/python3.12/site-packages/airflow/example_dags/example_bash_operator.py took 0.052 seconds
[2025-05-24T12:41:45.269+0000] {processor.py:186} INFO - Started process (PID=2998) to work on /home/airflow/.local/lib/python3.12/site-packages/airflow/example_dags/example_bash_operator.py
[2025-05-24T12:41:45.270+0000] {processor.py:914} INFO - Processing file /home/airflow/.local/lib/python3.12/site-packages/airflow/example_dags/example_bash_operator.py for tasks to queue
[2025-05-24T12:41:45.271+0000] {logging_mixin.py:190} INFO - [2025-05-24T12:41:45.270+0000] {dagbag.py:588} INFO - Filling up the DagBag from /home/airflow/.local/lib/python3.12/site-packages/airflow/example_dags/example_bash_operator.py
[2025-05-24T12:41:45.277+0000] {processor.py:925} INFO - DAG(s) 'example_bash_operator' retrieved from /home/airflow/.local/lib/python3.12/site-packages/airflow/example_dags/example_bash_operator.py
[2025-05-24T12:41:45.291+0000] {logging_mixin.py:190} INFO - [2025-05-24T12:41:45.290+0000] {dag.py:3239} INFO - Sync 1 DAGs
[2025-05-24T12:41:45.304+0000] {logging_mixin.py:190} INFO - [2025-05-24T12:41:45.304+0000] {dag.py:4180} INFO - Setting next_dagrun for example_bash_operator to 2025-05-23 00:00:00+00:00, run_after=2025-05-24 00:00:00+00:00
[2025-05-24T12:41:45.315+0000] {processor.py:208} INFO - Processing /home/airflow/.local/lib/python3.12/site-packages/airflow/example_dags/example_bash_operator.py took 0.049 seconds
[2025-05-24T12:42:16.129+0000] {processor.py:186} INFO - Started process (PID=3294) to work on /home/airflow/.local/lib/python3.12/site-packages/airflow/example_dags/example_bash_operator.py
[2025-05-24T12:42:16.130+0000] {processor.py:914} INFO - Processing file /home/airflow/.local/lib/python3.12/site-packages/airflow/example_dags/example_bash_operator.py for tasks to queue
[2025-05-24T12:42:16.131+0000] {logging_mixin.py:190} INFO - [2025-05-24T12:42:16.131+0000] {dagbag.py:588} INFO - Filling up the DagBag from /home/airflow/.local/lib/python3.12/site-packages/airflow/example_dags/example_bash_operator.py
[2025-05-24T12:42:16.137+0000] {processor.py:925} INFO - DAG(s) 'example_bash_operator' retrieved from /home/airflow/.local/lib/python3.12/site-packages/airflow/example_dags/example_bash_operator.py
[2025-05-24T12:42:16.150+0000] {logging_mixin.py:190} INFO - [2025-05-24T12:42:16.150+0000] {dag.py:3239} INFO - Sync 1 DAGs
[2025-05-24T12:42:16.162+0000] {logging_mixin.py:190} INFO - [2025-05-24T12:42:16.162+0000] {dag.py:4180} INFO - Setting next_dagrun for example_bash_operator to 2025-05-23 00:00:00+00:00, run_after=2025-05-24 00:00:00+00:00
[2025-05-24T12:42:16.170+0000] {processor.py:208} INFO - Processing /home/airflow/.local/lib/python3.12/site-packages/airflow/example_dags/example_bash_operator.py took 0.045 seconds
