[2025-05-24T12:37:07.863+0000] {processor.py:186} INFO - Started process (PID=306) to work on /home/airflow/.local/lib/python3.12/site-packages/airflow/example_dags/example_branch_operator.py
[2025-05-24T12:37:07.864+0000] {processor.py:914} INFO - Processing file /home/airflow/.local/lib/python3.12/site-packages/airflow/example_dags/example_branch_operator.py for tasks to queue
[2025-05-24T12:37:07.865+0000] {logging_mixin.py:190} INFO - [2025-05-24T12:37:07.865+0000] {dagbag.py:588} INFO - Filling up the DagBag from /home/airflow/.local/lib/python3.12/site-packages/airflow/example_dags/example_branch_operator.py
[2025-05-24T12:37:07.876+0000] {processor.py:925} INFO - DAG(s) 'example_branch_operator' retrieved from /home/airflow/.local/lib/python3.12/site-packages/airflow/example_dags/example_branch_operator.py
[2025-05-24T12:37:07.952+0000] {logging_mixin.py:190} INFO - [2025-05-24T12:37:07.951+0000] {dag.py:3239} INFO - Sync 1 DAGs
[2025-05-24T12:37:07.966+0000] {logging_mixin.py:190} INFO - [2025-05-24T12:37:07.965+0000] {dag.py:4180} INFO - Setting next_dagrun for example_branch_operator to 2025-05-23 00:00:00+00:00, run_after=2025-05-24 00:00:00+00:00
[2025-05-24T12:37:07.977+0000] {processor.py:208} INFO - Processing /home/airflow/.local/lib/python3.12/site-packages/airflow/example_dags/example_branch_operator.py took 0.117 seconds
[2025-05-24T12:37:38.108+0000] {processor.py:186} INFO - Started process (PID=603) to work on /home/airflow/.local/lib/python3.12/site-packages/airflow/example_dags/example_branch_operator.py
[2025-05-24T12:37:38.109+0000] {processor.py:914} INFO - Processing file /home/airflow/.local/lib/python3.12/site-packages/airflow/example_dags/example_branch_operator.py for tasks to queue
[2025-05-24T12:37:38.110+0000] {logging_mixin.py:190} INFO - [2025-05-24T12:37:38.110+0000] {dagbag.py:588} INFO - Filling up the DagBag from /home/airflow/.local/lib/python3.12/site-packages/airflow/example_dags/example_branch_operator.py
[2025-05-24T12:37:38.119+0000] {processor.py:925} INFO - DAG(s) 'example_branch_operator' retrieved from /home/airflow/.local/lib/python3.12/site-packages/airflow/example_dags/example_branch_operator.py
[2025-05-24T12:37:38.137+0000] {logging_mixin.py:190} INFO - [2025-05-24T12:37:38.137+0000] {dag.py:3239} INFO - Sync 1 DAGs
[2025-05-24T12:37:38.152+0000] {logging_mixin.py:190} INFO - [2025-05-24T12:37:38.152+0000] {dag.py:4180} INFO - Setting next_dagrun for example_branch_operator to 2025-05-23 00:00:00+00:00, run_after=2025-05-24 00:00:00+00:00
[2025-05-24T12:37:38.168+0000] {processor.py:208} INFO - Processing /home/airflow/.local/lib/python3.12/site-packages/airflow/example_dags/example_branch_operator.py took 0.063 seconds
[2025-05-24T12:38:09.178+0000] {processor.py:186} INFO - Started process (PID=904) to work on /home/airflow/.local/lib/python3.12/site-packages/airflow/example_dags/example_branch_operator.py
[2025-05-24T12:38:09.179+0000] {processor.py:914} INFO - Processing file /home/airflow/.local/lib/python3.12/site-packages/airflow/example_dags/example_branch_operator.py for tasks to queue
[2025-05-24T12:38:09.181+0000] {logging_mixin.py:190} INFO - [2025-05-24T12:38:09.181+0000] {dagbag.py:588} INFO - Filling up the DagBag from /home/airflow/.local/lib/python3.12/site-packages/airflow/example_dags/example_branch_operator.py
[2025-05-24T12:38:09.195+0000] {processor.py:925} INFO - DAG(s) 'example_branch_operator' retrieved from /home/airflow/.local/lib/python3.12/site-packages/airflow/example_dags/example_branch_operator.py
[2025-05-24T12:38:09.213+0000] {logging_mixin.py:190} INFO - [2025-05-24T12:38:09.213+0000] {dag.py:3239} INFO - Sync 1 DAGs
[2025-05-24T12:38:09.226+0000] {logging_mixin.py:190} INFO - [2025-05-24T12:38:09.226+0000] {dag.py:4180} INFO - Setting next_dagrun for example_branch_operator to 2025-05-23 00:00:00+00:00, run_after=2025-05-24 00:00:00+00:00
[2025-05-24T12:38:09.240+0000] {processor.py:208} INFO - Processing /home/airflow/.local/lib/python3.12/site-packages/airflow/example_dags/example_branch_operator.py took 0.065 seconds
[2025-05-24T12:38:39.750+0000] {processor.py:186} INFO - Started process (PID=1198) to work on /home/airflow/.local/lib/python3.12/site-packages/airflow/example_dags/example_branch_operator.py
[2025-05-24T12:38:39.752+0000] {processor.py:914} INFO - Processing file /home/airflow/.local/lib/python3.12/site-packages/airflow/example_dags/example_branch_operator.py for tasks to queue
[2025-05-24T12:38:39.753+0000] {logging_mixin.py:190} INFO - [2025-05-24T12:38:39.753+0000] {dagbag.py:588} INFO - Filling up the DagBag from /home/airflow/.local/lib/python3.12/site-packages/airflow/example_dags/example_branch_operator.py
[2025-05-24T12:38:39.765+0000] {processor.py:925} INFO - DAG(s) 'example_branch_operator' retrieved from /home/airflow/.local/lib/python3.12/site-packages/airflow/example_dags/example_branch_operator.py
[2025-05-24T12:38:39.784+0000] {logging_mixin.py:190} INFO - [2025-05-24T12:38:39.784+0000] {dag.py:3239} INFO - Sync 1 DAGs
[2025-05-24T12:38:39.805+0000] {logging_mixin.py:190} INFO - [2025-05-24T12:38:39.804+0000] {dag.py:4180} INFO - Setting next_dagrun for example_branch_operator to 2025-05-23 00:00:00+00:00, run_after=2025-05-24 00:00:00+00:00
[2025-05-24T12:38:39.830+0000] {processor.py:208} INFO - Processing /home/airflow/.local/lib/python3.12/site-packages/airflow/example_dags/example_branch_operator.py took 0.084 seconds
[2025-05-24T12:39:10.395+0000] {processor.py:186} INFO - Started process (PID=1494) to work on /home/airflow/.local/lib/python3.12/site-packages/airflow/example_dags/example_branch_operator.py
[2025-05-24T12:39:10.396+0000] {processor.py:914} INFO - Processing file /home/airflow/.local/lib/python3.12/site-packages/airflow/example_dags/example_branch_operator.py for tasks to queue
[2025-05-24T12:39:10.397+0000] {logging_mixin.py:190} INFO - [2025-05-24T12:39:10.397+0000] {dagbag.py:588} INFO - Filling up the DagBag from /home/airflow/.local/lib/python3.12/site-packages/airflow/example_dags/example_branch_operator.py
[2025-05-24T12:39:10.408+0000] {processor.py:925} INFO - DAG(s) 'example_branch_operator' retrieved from /home/airflow/.local/lib/python3.12/site-packages/airflow/example_dags/example_branch_operator.py
[2025-05-24T12:39:10.423+0000] {logging_mixin.py:190} INFO - [2025-05-24T12:39:10.423+0000] {dag.py:3239} INFO - Sync 1 DAGs
[2025-05-24T12:39:10.435+0000] {logging_mixin.py:190} INFO - [2025-05-24T12:39:10.435+0000] {dag.py:4180} INFO - Setting next_dagrun for example_branch_operator to 2025-05-23 00:00:00+00:00, run_after=2025-05-24 00:00:00+00:00
[2025-05-24T12:39:10.445+0000] {processor.py:208} INFO - Processing /home/airflow/.local/lib/python3.12/site-packages/airflow/example_dags/example_branch_operator.py took 0.053 seconds
[2025-05-24T12:39:41.221+0000] {processor.py:186} INFO - Started process (PID=1790) to work on /home/airflow/.local/lib/python3.12/site-packages/airflow/example_dags/example_branch_operator.py
[2025-05-24T12:39:41.221+0000] {processor.py:914} INFO - Processing file /home/airflow/.local/lib/python3.12/site-packages/airflow/example_dags/example_branch_operator.py for tasks to queue
[2025-05-24T12:39:41.222+0000] {logging_mixin.py:190} INFO - [2025-05-24T12:39:41.222+0000] {dagbag.py:588} INFO - Filling up the DagBag from /home/airflow/.local/lib/python3.12/site-packages/airflow/example_dags/example_branch_operator.py
[2025-05-24T12:39:41.233+0000] {processor.py:925} INFO - DAG(s) 'example_branch_operator' retrieved from /home/airflow/.local/lib/python3.12/site-packages/airflow/example_dags/example_branch_operator.py
[2025-05-24T12:39:41.251+0000] {logging_mixin.py:190} INFO - [2025-05-24T12:39:41.250+0000] {dag.py:3239} INFO - Sync 1 DAGs
[2025-05-24T12:39:41.262+0000] {logging_mixin.py:190} INFO - [2025-05-24T12:39:41.262+0000] {dag.py:4180} INFO - Setting next_dagrun for example_branch_operator to 2025-05-23 00:00:00+00:00, run_after=2025-05-24 00:00:00+00:00
[2025-05-24T12:39:41.271+0000] {processor.py:208} INFO - Processing /home/airflow/.local/lib/python3.12/site-packages/airflow/example_dags/example_branch_operator.py took 0.053 seconds
[2025-05-24T12:40:12.152+0000] {processor.py:186} INFO - Started process (PID=2086) to work on /home/airflow/.local/lib/python3.12/site-packages/airflow/example_dags/example_branch_operator.py
[2025-05-24T12:40:12.153+0000] {processor.py:914} INFO - Processing file /home/airflow/.local/lib/python3.12/site-packages/airflow/example_dags/example_branch_operator.py for tasks to queue
[2025-05-24T12:40:12.154+0000] {logging_mixin.py:190} INFO - [2025-05-24T12:40:12.154+0000] {dagbag.py:588} INFO - Filling up the DagBag from /home/airflow/.local/lib/python3.12/site-packages/airflow/example_dags/example_branch_operator.py
[2025-05-24T12:40:12.163+0000] {processor.py:925} INFO - DAG(s) 'example_branch_operator' retrieved from /home/airflow/.local/lib/python3.12/site-packages/airflow/example_dags/example_branch_operator.py
[2025-05-24T12:40:12.178+0000] {logging_mixin.py:190} INFO - [2025-05-24T12:40:12.178+0000] {dag.py:3239} INFO - Sync 1 DAGs
[2025-05-24T12:40:12.191+0000] {logging_mixin.py:190} INFO - [2025-05-24T12:40:12.191+0000] {dag.py:4180} INFO - Setting next_dagrun for example_branch_operator to 2025-05-23 00:00:00+00:00, run_after=2025-05-24 00:00:00+00:00
[2025-05-24T12:40:12.199+0000] {processor.py:208} INFO - Processing /home/airflow/.local/lib/python3.12/site-packages/airflow/example_dags/example_branch_operator.py took 0.050 seconds
[2025-05-24T12:40:43.083+0000] {processor.py:186} INFO - Started process (PID=2382) to work on /home/airflow/.local/lib/python3.12/site-packages/airflow/example_dags/example_branch_operator.py
[2025-05-24T12:40:43.084+0000] {processor.py:914} INFO - Processing file /home/airflow/.local/lib/python3.12/site-packages/airflow/example_dags/example_branch_operator.py for tasks to queue
[2025-05-24T12:40:43.085+0000] {logging_mixin.py:190} INFO - [2025-05-24T12:40:43.085+0000] {dagbag.py:588} INFO - Filling up the DagBag from /home/airflow/.local/lib/python3.12/site-packages/airflow/example_dags/example_branch_operator.py
[2025-05-24T12:40:43.093+0000] {processor.py:925} INFO - DAG(s) 'example_branch_operator' retrieved from /home/airflow/.local/lib/python3.12/site-packages/airflow/example_dags/example_branch_operator.py
[2025-05-24T12:40:43.111+0000] {logging_mixin.py:190} INFO - [2025-05-24T12:40:43.111+0000] {dag.py:3239} INFO - Sync 1 DAGs
[2025-05-24T12:40:43.122+0000] {logging_mixin.py:190} INFO - [2025-05-24T12:40:43.122+0000] {dag.py:4180} INFO - Setting next_dagrun for example_branch_operator to 2025-05-23 00:00:00+00:00, run_after=2025-05-24 00:00:00+00:00
[2025-05-24T12:40:43.132+0000] {processor.py:208} INFO - Processing /home/airflow/.local/lib/python3.12/site-packages/airflow/example_dags/example_branch_operator.py took 0.051 seconds
[2025-05-24T12:41:13.915+0000] {processor.py:186} INFO - Started process (PID=2678) to work on /home/airflow/.local/lib/python3.12/site-packages/airflow/example_dags/example_branch_operator.py
[2025-05-24T12:41:13.915+0000] {processor.py:914} INFO - Processing file /home/airflow/.local/lib/python3.12/site-packages/airflow/example_dags/example_branch_operator.py for tasks to queue
[2025-05-24T12:41:13.916+0000] {logging_mixin.py:190} INFO - [2025-05-24T12:41:13.916+0000] {dagbag.py:588} INFO - Filling up the DagBag from /home/airflow/.local/lib/python3.12/site-packages/airflow/example_dags/example_branch_operator.py
[2025-05-24T12:41:13.924+0000] {processor.py:925} INFO - DAG(s) 'example_branch_operator' retrieved from /home/airflow/.local/lib/python3.12/site-packages/airflow/example_dags/example_branch_operator.py
[2025-05-24T12:41:13.938+0000] {logging_mixin.py:190} INFO - [2025-05-24T12:41:13.938+0000] {dag.py:3239} INFO - Sync 1 DAGs
[2025-05-24T12:41:13.950+0000] {logging_mixin.py:190} INFO - [2025-05-24T12:41:13.950+0000] {dag.py:4180} INFO - Setting next_dagrun for example_branch_operator to 2025-05-23 00:00:00+00:00, run_after=2025-05-24 00:00:00+00:00
[2025-05-24T12:41:13.958+0000] {processor.py:208} INFO - Processing /home/airflow/.local/lib/python3.12/site-packages/airflow/example_dags/example_branch_operator.py took 0.046 seconds
[2025-05-24T12:41:44.858+0000] {processor.py:186} INFO - Started process (PID=2973) to work on /home/airflow/.local/lib/python3.12/site-packages/airflow/example_dags/example_branch_operator.py
[2025-05-24T12:41:44.861+0000] {processor.py:914} INFO - Processing file /home/airflow/.local/lib/python3.12/site-packages/airflow/example_dags/example_branch_operator.py for tasks to queue
[2025-05-24T12:41:44.862+0000] {logging_mixin.py:190} INFO - [2025-05-24T12:41:44.862+0000] {dagbag.py:588} INFO - Filling up the DagBag from /home/airflow/.local/lib/python3.12/site-packages/airflow/example_dags/example_branch_operator.py
[2025-05-24T12:41:44.870+0000] {processor.py:925} INFO - DAG(s) 'example_branch_operator' retrieved from /home/airflow/.local/lib/python3.12/site-packages/airflow/example_dags/example_branch_operator.py
[2025-05-24T12:41:44.883+0000] {logging_mixin.py:190} INFO - [2025-05-24T12:41:44.883+0000] {dag.py:3239} INFO - Sync 1 DAGs
[2025-05-24T12:41:44.894+0000] {logging_mixin.py:190} INFO - [2025-05-24T12:41:44.893+0000] {dag.py:4180} INFO - Setting next_dagrun for example_branch_operator to 2025-05-23 00:00:00+00:00, run_after=2025-05-24 00:00:00+00:00
[2025-05-24T12:41:44.903+0000] {processor.py:208} INFO - Processing /home/airflow/.local/lib/python3.12/site-packages/airflow/example_dags/example_branch_operator.py took 0.048 seconds
[2025-05-24T12:42:15.702+0000] {processor.py:186} INFO - Started process (PID=3269) to work on /home/airflow/.local/lib/python3.12/site-packages/airflow/example_dags/example_branch_operator.py
[2025-05-24T12:42:15.703+0000] {processor.py:914} INFO - Processing file /home/airflow/.local/lib/python3.12/site-packages/airflow/example_dags/example_branch_operator.py for tasks to queue
[2025-05-24T12:42:15.704+0000] {logging_mixin.py:190} INFO - [2025-05-24T12:42:15.704+0000] {dagbag.py:588} INFO - Filling up the DagBag from /home/airflow/.local/lib/python3.12/site-packages/airflow/example_dags/example_branch_operator.py
[2025-05-24T12:42:15.712+0000] {processor.py:925} INFO - DAG(s) 'example_branch_operator' retrieved from /home/airflow/.local/lib/python3.12/site-packages/airflow/example_dags/example_branch_operator.py
[2025-05-24T12:42:15.745+0000] {logging_mixin.py:190} INFO - [2025-05-24T12:42:15.745+0000] {dag.py:3239} INFO - Sync 1 DAGs
[2025-05-24T12:42:15.759+0000] {logging_mixin.py:190} INFO - [2025-05-24T12:42:15.759+0000] {dag.py:4180} INFO - Setting next_dagrun for example_branch_operator to 2025-05-23 00:00:00+00:00, run_after=2025-05-24 00:00:00+00:00
[2025-05-24T12:42:15.773+0000] {processor.py:208} INFO - Processing /home/airflow/.local/lib/python3.12/site-packages/airflow/example_dags/example_branch_operator.py took 0.074 seconds
