[2025-05-24T12:37:06.940+0000] {processor.py:186} INFO - Started process (PID=226) to work on /home/airflow/.local/lib/python3.12/site-packages/airflow/example_dags/example_python_operator.py
[2025-05-24T12:37:06.941+0000] {processor.py:914} INFO - Processing file /home/airflow/.local/lib/python3.12/site-packages/airflow/example_dags/example_python_operator.py for tasks to queue
[2025-05-24T12:37:06.944+0000] {logging_mixin.py:190} INFO - [2025-05-24T12:37:06.944+0000] {dagbag.py:588} INFO - Filling up the DagBag from /home/airflow/.local/lib/python3.12/site-packages/airflow/example_dags/example_python_operator.py
[2025-05-24T12:37:06.957+0000] {processor.py:925} INFO - DAG(s) 'example_python_operator' retrieved from /home/airflow/.local/lib/python3.12/site-packages/airflow/example_dags/example_python_operator.py
[2025-05-24T12:37:07.033+0000] {logging_mixin.py:190} INFO - [2025-05-24T12:37:07.033+0000] {dag.py:3239} INFO - Sync 1 DAGs
[2025-05-24T12:37:07.040+0000] {logging_mixin.py:190} INFO - [2025-05-24T12:37:07.040+0000] {dag.py:4180} INFO - Setting next_dagrun for example_python_operator to None, run_after=None
[2025-05-24T12:37:07.049+0000] {processor.py:208} INFO - Processing /home/airflow/.local/lib/python3.12/site-packages/airflow/example_dags/example_python_operator.py took 0.112 seconds
[2025-05-24T12:37:37.187+0000] {processor.py:186} INFO - Started process (PID=516) to work on /home/airflow/.local/lib/python3.12/site-packages/airflow/example_dags/example_python_operator.py
[2025-05-24T12:37:37.188+0000] {processor.py:914} INFO - Processing file /home/airflow/.local/lib/python3.12/site-packages/airflow/example_dags/example_python_operator.py for tasks to queue
[2025-05-24T12:37:37.190+0000] {logging_mixin.py:190} INFO - [2025-05-24T12:37:37.190+0000] {dagbag.py:588} INFO - Filling up the DagBag from /home/airflow/.local/lib/python3.12/site-packages/airflow/example_dags/example_python_operator.py
[2025-05-24T12:37:37.198+0000] {processor.py:925} INFO - DAG(s) 'example_python_operator' retrieved from /home/airflow/.local/lib/python3.12/site-packages/airflow/example_dags/example_python_operator.py
[2025-05-24T12:37:37.219+0000] {logging_mixin.py:190} INFO - [2025-05-24T12:37:37.218+0000] {dag.py:3239} INFO - Sync 1 DAGs
[2025-05-24T12:37:37.228+0000] {logging_mixin.py:190} INFO - [2025-05-24T12:37:37.228+0000] {dag.py:4180} INFO - Setting next_dagrun for example_python_operator to None, run_after=None
[2025-05-24T12:37:37.241+0000] {processor.py:208} INFO - Processing /home/airflow/.local/lib/python3.12/site-packages/airflow/example_dags/example_python_operator.py took 0.057 seconds
[2025-05-24T12:38:08.201+0000] {processor.py:186} INFO - Started process (PID=812) to work on /home/airflow/.local/lib/python3.12/site-packages/airflow/example_dags/example_python_operator.py
[2025-05-24T12:38:08.202+0000] {processor.py:914} INFO - Processing file /home/airflow/.local/lib/python3.12/site-packages/airflow/example_dags/example_python_operator.py for tasks to queue
[2025-05-24T12:38:08.205+0000] {logging_mixin.py:190} INFO - [2025-05-24T12:38:08.204+0000] {dagbag.py:588} INFO - Filling up the DagBag from /home/airflow/.local/lib/python3.12/site-packages/airflow/example_dags/example_python_operator.py
[2025-05-24T12:38:08.211+0000] {processor.py:925} INFO - DAG(s) 'example_python_operator' retrieved from /home/airflow/.local/lib/python3.12/site-packages/airflow/example_dags/example_python_operator.py
[2025-05-24T12:38:08.236+0000] {logging_mixin.py:190} INFO - [2025-05-24T12:38:08.235+0000] {dag.py:3239} INFO - Sync 1 DAGs
[2025-05-24T12:38:08.250+0000] {logging_mixin.py:190} INFO - [2025-05-24T12:38:08.249+0000] {dag.py:4180} INFO - Setting next_dagrun for example_python_operator to None, run_after=None
[2025-05-24T12:38:08.264+0000] {processor.py:208} INFO - Processing /home/airflow/.local/lib/python3.12/site-packages/airflow/example_dags/example_python_operator.py took 0.066 seconds
[2025-05-24T12:38:38.809+0000] {processor.py:186} INFO - Started process (PID=1115) to work on /home/airflow/.local/lib/python3.12/site-packages/airflow/example_dags/example_python_operator.py
[2025-05-24T12:38:38.809+0000] {processor.py:914} INFO - Processing file /home/airflow/.local/lib/python3.12/site-packages/airflow/example_dags/example_python_operator.py for tasks to queue
[2025-05-24T12:38:38.811+0000] {logging_mixin.py:190} INFO - [2025-05-24T12:38:38.810+0000] {dagbag.py:588} INFO - Filling up the DagBag from /home/airflow/.local/lib/python3.12/site-packages/airflow/example_dags/example_python_operator.py
[2025-05-24T12:38:38.816+0000] {processor.py:925} INFO - DAG(s) 'example_python_operator' retrieved from /home/airflow/.local/lib/python3.12/site-packages/airflow/example_dags/example_python_operator.py
[2025-05-24T12:38:38.827+0000] {logging_mixin.py:190} INFO - [2025-05-24T12:38:38.827+0000] {dag.py:3239} INFO - Sync 1 DAGs
[2025-05-24T12:38:38.833+0000] {logging_mixin.py:190} INFO - [2025-05-24T12:38:38.833+0000] {dag.py:4180} INFO - Setting next_dagrun for example_python_operator to None, run_after=None
[2025-05-24T12:38:38.842+0000] {processor.py:208} INFO - Processing /home/airflow/.local/lib/python3.12/site-packages/airflow/example_dags/example_python_operator.py took 0.036 seconds
[2025-05-24T12:39:09.700+0000] {processor.py:186} INFO - Started process (PID=1409) to work on /home/airflow/.local/lib/python3.12/site-packages/airflow/example_dags/example_python_operator.py
[2025-05-24T12:39:09.701+0000] {processor.py:914} INFO - Processing file /home/airflow/.local/lib/python3.12/site-packages/airflow/example_dags/example_python_operator.py for tasks to queue
[2025-05-24T12:39:09.704+0000] {logging_mixin.py:190} INFO - [2025-05-24T12:39:09.704+0000] {dagbag.py:588} INFO - Filling up the DagBag from /home/airflow/.local/lib/python3.12/site-packages/airflow/example_dags/example_python_operator.py
[2025-05-24T12:39:09.712+0000] {processor.py:925} INFO - DAG(s) 'example_python_operator' retrieved from /home/airflow/.local/lib/python3.12/site-packages/airflow/example_dags/example_python_operator.py
[2025-05-24T12:39:09.726+0000] {logging_mixin.py:190} INFO - [2025-05-24T12:39:09.726+0000] {dag.py:3239} INFO - Sync 1 DAGs
[2025-05-24T12:39:09.734+0000] {logging_mixin.py:190} INFO - [2025-05-24T12:39:09.734+0000] {dag.py:4180} INFO - Setting next_dagrun for example_python_operator to None, run_after=None
[2025-05-24T12:39:09.746+0000] {processor.py:208} INFO - Processing /home/airflow/.local/lib/python3.12/site-packages/airflow/example_dags/example_python_operator.py took 0.048 seconds
[2025-05-24T12:39:40.616+0000] {processor.py:186} INFO - Started process (PID=1705) to work on /home/airflow/.local/lib/python3.12/site-packages/airflow/example_dags/example_python_operator.py
[2025-05-24T12:39:40.616+0000] {processor.py:914} INFO - Processing file /home/airflow/.local/lib/python3.12/site-packages/airflow/example_dags/example_python_operator.py for tasks to queue
[2025-05-24T12:39:40.617+0000] {logging_mixin.py:190} INFO - [2025-05-24T12:39:40.617+0000] {dagbag.py:588} INFO - Filling up the DagBag from /home/airflow/.local/lib/python3.12/site-packages/airflow/example_dags/example_python_operator.py
[2025-05-24T12:39:40.623+0000] {processor.py:925} INFO - DAG(s) 'example_python_operator' retrieved from /home/airflow/.local/lib/python3.12/site-packages/airflow/example_dags/example_python_operator.py
[2025-05-24T12:39:40.640+0000] {logging_mixin.py:190} INFO - [2025-05-24T12:39:40.640+0000] {dag.py:3239} INFO - Sync 1 DAGs
[2025-05-24T12:39:40.647+0000] {logging_mixin.py:190} INFO - [2025-05-24T12:39:40.647+0000] {dag.py:4180} INFO - Setting next_dagrun for example_python_operator to None, run_after=None
[2025-05-24T12:39:40.658+0000] {processor.py:208} INFO - Processing /home/airflow/.local/lib/python3.12/site-packages/airflow/example_dags/example_python_operator.py took 0.046 seconds
[2025-05-24T12:40:11.585+0000] {processor.py:186} INFO - Started process (PID=2001) to work on /home/airflow/.local/lib/python3.12/site-packages/airflow/example_dags/example_python_operator.py
[2025-05-24T12:40:11.585+0000] {processor.py:914} INFO - Processing file /home/airflow/.local/lib/python3.12/site-packages/airflow/example_dags/example_python_operator.py for tasks to queue
[2025-05-24T12:40:11.587+0000] {logging_mixin.py:190} INFO - [2025-05-24T12:40:11.586+0000] {dagbag.py:588} INFO - Filling up the DagBag from /home/airflow/.local/lib/python3.12/site-packages/airflow/example_dags/example_python_operator.py
[2025-05-24T12:40:11.595+0000] {processor.py:925} INFO - DAG(s) 'example_python_operator' retrieved from /home/airflow/.local/lib/python3.12/site-packages/airflow/example_dags/example_python_operator.py
[2025-05-24T12:40:11.609+0000] {logging_mixin.py:190} INFO - [2025-05-24T12:40:11.609+0000] {dag.py:3239} INFO - Sync 1 DAGs
[2025-05-24T12:40:11.616+0000] {logging_mixin.py:190} INFO - [2025-05-24T12:40:11.616+0000] {dag.py:4180} INFO - Setting next_dagrun for example_python_operator to None, run_after=None
[2025-05-24T12:40:11.628+0000] {processor.py:208} INFO - Processing /home/airflow/.local/lib/python3.12/site-packages/airflow/example_dags/example_python_operator.py took 0.047 seconds
[2025-05-24T12:40:42.420+0000] {processor.py:186} INFO - Started process (PID=2297) to work on /home/airflow/.local/lib/python3.12/site-packages/airflow/example_dags/example_python_operator.py
[2025-05-24T12:40:42.420+0000] {processor.py:914} INFO - Processing file /home/airflow/.local/lib/python3.12/site-packages/airflow/example_dags/example_python_operator.py for tasks to queue
[2025-05-24T12:40:42.422+0000] {logging_mixin.py:190} INFO - [2025-05-24T12:40:42.422+0000] {dagbag.py:588} INFO - Filling up the DagBag from /home/airflow/.local/lib/python3.12/site-packages/airflow/example_dags/example_python_operator.py
[2025-05-24T12:40:42.433+0000] {processor.py:925} INFO - DAG(s) 'example_python_operator' retrieved from /home/airflow/.local/lib/python3.12/site-packages/airflow/example_dags/example_python_operator.py
[2025-05-24T12:40:42.449+0000] {logging_mixin.py:190} INFO - [2025-05-24T12:40:42.449+0000] {dag.py:3239} INFO - Sync 1 DAGs
[2025-05-24T12:40:42.458+0000] {logging_mixin.py:190} INFO - [2025-05-24T12:40:42.458+0000] {dag.py:4180} INFO - Setting next_dagrun for example_python_operator to None, run_after=None
[2025-05-24T12:40:42.468+0000] {processor.py:208} INFO - Processing /home/airflow/.local/lib/python3.12/site-packages/airflow/example_dags/example_python_operator.py took 0.052 seconds
[2025-05-24T12:41:13.345+0000] {processor.py:186} INFO - Started process (PID=2593) to work on /home/airflow/.local/lib/python3.12/site-packages/airflow/example_dags/example_python_operator.py
[2025-05-24T12:41:13.345+0000] {processor.py:914} INFO - Processing file /home/airflow/.local/lib/python3.12/site-packages/airflow/example_dags/example_python_operator.py for tasks to queue
[2025-05-24T12:41:13.346+0000] {logging_mixin.py:190} INFO - [2025-05-24T12:41:13.346+0000] {dagbag.py:588} INFO - Filling up the DagBag from /home/airflow/.local/lib/python3.12/site-packages/airflow/example_dags/example_python_operator.py
[2025-05-24T12:41:13.353+0000] {processor.py:925} INFO - DAG(s) 'example_python_operator' retrieved from /home/airflow/.local/lib/python3.12/site-packages/airflow/example_dags/example_python_operator.py
[2025-05-24T12:41:13.367+0000] {logging_mixin.py:190} INFO - [2025-05-24T12:41:13.367+0000] {dag.py:3239} INFO - Sync 1 DAGs
[2025-05-24T12:41:13.373+0000] {logging_mixin.py:190} INFO - [2025-05-24T12:41:13.373+0000] {dag.py:4180} INFO - Setting next_dagrun for example_python_operator to None, run_after=None
[2025-05-24T12:41:13.383+0000] {processor.py:208} INFO - Processing /home/airflow/.local/lib/python3.12/site-packages/airflow/example_dags/example_python_operator.py took 0.041 seconds
[2025-05-24T12:41:44.188+0000] {processor.py:186} INFO - Started process (PID=2888) to work on /home/airflow/.local/lib/python3.12/site-packages/airflow/example_dags/example_python_operator.py
[2025-05-24T12:41:44.191+0000] {processor.py:914} INFO - Processing file /home/airflow/.local/lib/python3.12/site-packages/airflow/example_dags/example_python_operator.py for tasks to queue
[2025-05-24T12:41:44.192+0000] {logging_mixin.py:190} INFO - [2025-05-24T12:41:44.192+0000] {dagbag.py:588} INFO - Filling up the DagBag from /home/airflow/.local/lib/python3.12/site-packages/airflow/example_dags/example_python_operator.py
[2025-05-24T12:41:44.200+0000] {processor.py:925} INFO - DAG(s) 'example_python_operator' retrieved from /home/airflow/.local/lib/python3.12/site-packages/airflow/example_dags/example_python_operator.py
[2025-05-24T12:41:44.219+0000] {logging_mixin.py:190} INFO - [2025-05-24T12:41:44.219+0000] {dag.py:3239} INFO - Sync 1 DAGs
[2025-05-24T12:41:44.229+0000] {logging_mixin.py:190} INFO - [2025-05-24T12:41:44.229+0000] {dag.py:4180} INFO - Setting next_dagrun for example_python_operator to None, run_after=None
[2025-05-24T12:41:44.242+0000] {processor.py:208} INFO - Processing /home/airflow/.local/lib/python3.12/site-packages/airflow/example_dags/example_python_operator.py took 0.057 seconds
[2025-05-24T12:42:15.114+0000] {processor.py:186} INFO - Started process (PID=3184) to work on /home/airflow/.local/lib/python3.12/site-packages/airflow/example_dags/example_python_operator.py
[2025-05-24T12:42:15.117+0000] {processor.py:914} INFO - Processing file /home/airflow/.local/lib/python3.12/site-packages/airflow/example_dags/example_python_operator.py for tasks to queue
[2025-05-24T12:42:15.119+0000] {logging_mixin.py:190} INFO - [2025-05-24T12:42:15.119+0000] {dagbag.py:588} INFO - Filling up the DagBag from /home/airflow/.local/lib/python3.12/site-packages/airflow/example_dags/example_python_operator.py
[2025-05-24T12:42:15.126+0000] {processor.py:925} INFO - DAG(s) 'example_python_operator' retrieved from /home/airflow/.local/lib/python3.12/site-packages/airflow/example_dags/example_python_operator.py
[2025-05-24T12:42:15.138+0000] {logging_mixin.py:190} INFO - [2025-05-24T12:42:15.138+0000] {dag.py:3239} INFO - Sync 1 DAGs
[2025-05-24T12:42:15.147+0000] {logging_mixin.py:190} INFO - [2025-05-24T12:42:15.147+0000] {dag.py:4180} INFO - Setting next_dagrun for example_python_operator to None, run_after=None
[2025-05-24T12:42:15.157+0000] {processor.py:208} INFO - Processing /home/airflow/.local/lib/python3.12/site-packages/airflow/example_dags/example_python_operator.py took 0.046 seconds
