[2025-05-24T12:37:07.874+0000] {processor.py:186} INFO - Started process (PID=311) to work on /home/airflow/.local/lib/python3.12/site-packages/airflow/example_dags/example_dataset_alias.py
[2025-05-24T12:37:07.875+0000] {processor.py:914} INFO - Processing file /home/airflow/.local/lib/python3.12/site-packages/airflow/example_dags/example_dataset_alias.py for tasks to queue
[2025-05-24T12:37:07.876+0000] {logging_mixin.py:190} INFO - [2025-05-24T12:37:07.876+0000] {dagbag.py:588} INFO - Filling up the DagBag from /home/airflow/.local/lib/python3.12/site-packages/airflow/example_dags/example_dataset_alias.py
[2025-05-24T12:37:08.084+0000] {processor.py:925} INFO - DAG(s) 'dataset_s3_bucket_consumer', 'dataset_s3_bucket_producer', 'dataset_alias_example_alias_producer', 'dataset_alias_example_alias_consumer' retrieved from /home/airflow/.local/lib/python3.12/site-packages/airflow/example_dags/example_dataset_alias.py
[2025-05-24T12:37:08.105+0000] {logging_mixin.py:190} INFO - [2025-05-24T12:37:08.105+0000] {dag.py:3239} INFO - Sync 4 DAGs
[2025-05-24T12:37:08.123+0000] {logging_mixin.py:190} INFO - [2025-05-24T12:37:08.123+0000] {dag.py:4180} INFO - Setting next_dagrun for dataset_alias_example_alias_consumer to None, run_after=None
[2025-05-24T12:37:08.124+0000] {logging_mixin.py:190} INFO - [2025-05-24T12:37:08.124+0000] {dag.py:4180} INFO - Setting next_dagrun for dataset_alias_example_alias_producer to None, run_after=None
[2025-05-24T12:37:08.125+0000] {logging_mixin.py:190} INFO - [2025-05-24T12:37:08.125+0000] {dag.py:4180} INFO - Setting next_dagrun for dataset_s3_bucket_consumer to None, run_after=None
[2025-05-24T12:37:08.126+0000] {logging_mixin.py:190} INFO - [2025-05-24T12:37:08.126+0000] {dag.py:4180} INFO - Setting next_dagrun for dataset_s3_bucket_producer to None, run_after=None
[2025-05-24T12:37:08.139+0000] {processor.py:208} INFO - Processing /home/airflow/.local/lib/python3.12/site-packages/airflow/example_dags/example_dataset_alias.py took 0.269 seconds
[2025-05-24T12:37:38.187+0000] {processor.py:186} INFO - Started process (PID=613) to work on /home/airflow/.local/lib/python3.12/site-packages/airflow/example_dags/example_dataset_alias.py
[2025-05-24T12:37:38.187+0000] {processor.py:914} INFO - Processing file /home/airflow/.local/lib/python3.12/site-packages/airflow/example_dags/example_dataset_alias.py for tasks to queue
[2025-05-24T12:37:38.188+0000] {logging_mixin.py:190} INFO - [2025-05-24T12:37:38.188+0000] {dagbag.py:588} INFO - Filling up the DagBag from /home/airflow/.local/lib/python3.12/site-packages/airflow/example_dags/example_dataset_alias.py
[2025-05-24T12:37:38.344+0000] {processor.py:925} INFO - DAG(s) 'dataset_alias_example_alias_producer', 'dataset_alias_example_alias_consumer', 'dataset_s3_bucket_consumer', 'dataset_s3_bucket_producer' retrieved from /home/airflow/.local/lib/python3.12/site-packages/airflow/example_dags/example_dataset_alias.py
[2025-05-24T12:37:38.353+0000] {logging_mixin.py:190} INFO - [2025-05-24T12:37:38.353+0000] {dag.py:3239} INFO - Sync 4 DAGs
[2025-05-24T12:37:38.363+0000] {logging_mixin.py:190} INFO - [2025-05-24T12:37:38.363+0000] {dag.py:4180} INFO - Setting next_dagrun for dataset_alias_example_alias_consumer to None, run_after=None
[2025-05-24T12:37:38.364+0000] {logging_mixin.py:190} INFO - [2025-05-24T12:37:38.364+0000] {dag.py:4180} INFO - Setting next_dagrun for dataset_alias_example_alias_producer to None, run_after=None
[2025-05-24T12:37:38.365+0000] {logging_mixin.py:190} INFO - [2025-05-24T12:37:38.364+0000] {dag.py:4180} INFO - Setting next_dagrun for dataset_s3_bucket_consumer to None, run_after=None
[2025-05-24T12:37:38.365+0000] {logging_mixin.py:190} INFO - [2025-05-24T12:37:38.365+0000] {dag.py:4180} INFO - Setting next_dagrun for dataset_s3_bucket_producer to None, run_after=None
[2025-05-24T12:37:38.375+0000] {processor.py:208} INFO - Processing /home/airflow/.local/lib/python3.12/site-packages/airflow/example_dags/example_dataset_alias.py took 0.192 seconds
[2025-05-24T12:38:09.267+0000] {processor.py:186} INFO - Started process (PID=909) to work on /home/airflow/.local/lib/python3.12/site-packages/airflow/example_dags/example_dataset_alias.py
[2025-05-24T12:38:09.268+0000] {processor.py:914} INFO - Processing file /home/airflow/.local/lib/python3.12/site-packages/airflow/example_dags/example_dataset_alias.py for tasks to queue
[2025-05-24T12:38:09.271+0000] {logging_mixin.py:190} INFO - [2025-05-24T12:38:09.271+0000] {dagbag.py:588} INFO - Filling up the DagBag from /home/airflow/.local/lib/python3.12/site-packages/airflow/example_dags/example_dataset_alias.py
[2025-05-24T12:38:09.484+0000] {processor.py:925} INFO - DAG(s) 'dataset_s3_bucket_consumer', 'dataset_s3_bucket_producer', 'dataset_alias_example_alias_producer', 'dataset_alias_example_alias_consumer' retrieved from /home/airflow/.local/lib/python3.12/site-packages/airflow/example_dags/example_dataset_alias.py
[2025-05-24T12:38:09.634+0000] {logging_mixin.py:190} INFO - [2025-05-24T12:38:09.633+0000] {dag.py:3239} INFO - Sync 4 DAGs
[2025-05-24T12:38:09.648+0000] {logging_mixin.py:190} INFO - [2025-05-24T12:38:09.648+0000] {dag.py:4180} INFO - Setting next_dagrun for dataset_alias_example_alias_consumer to None, run_after=None
[2025-05-24T12:38:09.651+0000] {logging_mixin.py:190} INFO - [2025-05-24T12:38:09.651+0000] {dag.py:4180} INFO - Setting next_dagrun for dataset_alias_example_alias_producer to None, run_after=None
[2025-05-24T12:38:09.652+0000] {logging_mixin.py:190} INFO - [2025-05-24T12:38:09.652+0000] {dag.py:4180} INFO - Setting next_dagrun for dataset_s3_bucket_consumer to None, run_after=None
[2025-05-24T12:38:09.654+0000] {logging_mixin.py:190} INFO - [2025-05-24T12:38:09.654+0000] {dag.py:4180} INFO - Setting next_dagrun for dataset_s3_bucket_producer to None, run_after=None
[2025-05-24T12:38:09.671+0000] {processor.py:208} INFO - Processing /home/airflow/.local/lib/python3.12/site-packages/airflow/example_dags/example_dataset_alias.py took 0.413 seconds
[2025-05-24T12:38:39.863+0000] {processor.py:186} INFO - Started process (PID=1203) to work on /home/airflow/.local/lib/python3.12/site-packages/airflow/example_dags/example_dataset_alias.py
[2025-05-24T12:38:39.864+0000] {processor.py:914} INFO - Processing file /home/airflow/.local/lib/python3.12/site-packages/airflow/example_dags/example_dataset_alias.py for tasks to queue
[2025-05-24T12:38:39.865+0000] {logging_mixin.py:190} INFO - [2025-05-24T12:38:39.865+0000] {dagbag.py:588} INFO - Filling up the DagBag from /home/airflow/.local/lib/python3.12/site-packages/airflow/example_dags/example_dataset_alias.py
[2025-05-24T12:38:40.097+0000] {processor.py:925} INFO - DAG(s) 'dataset_s3_bucket_producer', 'dataset_alias_example_alias_consumer', 'dataset_alias_example_alias_producer', 'dataset_s3_bucket_consumer' retrieved from /home/airflow/.local/lib/python3.12/site-packages/airflow/example_dags/example_dataset_alias.py
[2025-05-24T12:38:40.115+0000] {logging_mixin.py:190} INFO - [2025-05-24T12:38:40.115+0000] {dag.py:3239} INFO - Sync 4 DAGs
[2025-05-24T12:38:40.319+0000] {logging_mixin.py:190} INFO - [2025-05-24T12:38:40.318+0000] {dag.py:4180} INFO - Setting next_dagrun for dataset_alias_example_alias_consumer to None, run_after=None
[2025-05-24T12:38:40.340+0000] {logging_mixin.py:190} INFO - [2025-05-24T12:38:40.328+0000] {dag.py:4180} INFO - Setting next_dagrun for dataset_alias_example_alias_producer to None, run_after=None
[2025-05-24T12:38:40.348+0000] {logging_mixin.py:190} INFO - [2025-05-24T12:38:40.347+0000] {dag.py:4180} INFO - Setting next_dagrun for dataset_s3_bucket_consumer to None, run_after=None
[2025-05-24T12:38:40.351+0000] {logging_mixin.py:190} INFO - [2025-05-24T12:38:40.351+0000] {dag.py:4180} INFO - Setting next_dagrun for dataset_s3_bucket_producer to None, run_after=None
[2025-05-24T12:38:40.413+0000] {processor.py:208} INFO - Processing /home/airflow/.local/lib/python3.12/site-packages/airflow/example_dags/example_dataset_alias.py took 0.553 seconds
[2025-05-24T12:39:10.551+0000] {processor.py:186} INFO - Started process (PID=1509) to work on /home/airflow/.local/lib/python3.12/site-packages/airflow/example_dags/example_dataset_alias.py
[2025-05-24T12:39:10.552+0000] {processor.py:914} INFO - Processing file /home/airflow/.local/lib/python3.12/site-packages/airflow/example_dags/example_dataset_alias.py for tasks to queue
[2025-05-24T12:39:10.553+0000] {logging_mixin.py:190} INFO - [2025-05-24T12:39:10.553+0000] {dagbag.py:588} INFO - Filling up the DagBag from /home/airflow/.local/lib/python3.12/site-packages/airflow/example_dags/example_dataset_alias.py
[2025-05-24T12:39:10.726+0000] {processor.py:925} INFO - DAG(s) 'dataset_s3_bucket_producer', 'dataset_s3_bucket_consumer', 'dataset_alias_example_alias_consumer', 'dataset_alias_example_alias_producer' retrieved from /home/airflow/.local/lib/python3.12/site-packages/airflow/example_dags/example_dataset_alias.py
[2025-05-24T12:39:10.743+0000] {logging_mixin.py:190} INFO - [2025-05-24T12:39:10.742+0000] {dag.py:3239} INFO - Sync 4 DAGs
[2025-05-24T12:39:10.858+0000] {logging_mixin.py:190} INFO - [2025-05-24T12:39:10.858+0000] {dag.py:4180} INFO - Setting next_dagrun for dataset_alias_example_alias_consumer to None, run_after=None
[2025-05-24T12:39:10.860+0000] {logging_mixin.py:190} INFO - [2025-05-24T12:39:10.860+0000] {dag.py:4180} INFO - Setting next_dagrun for dataset_alias_example_alias_producer to None, run_after=None
[2025-05-24T12:39:10.861+0000] {logging_mixin.py:190} INFO - [2025-05-24T12:39:10.861+0000] {dag.py:4180} INFO - Setting next_dagrun for dataset_s3_bucket_consumer to None, run_after=None
[2025-05-24T12:39:10.862+0000] {logging_mixin.py:190} INFO - [2025-05-24T12:39:10.862+0000] {dag.py:4180} INFO - Setting next_dagrun for dataset_s3_bucket_producer to None, run_after=None
[2025-05-24T12:39:10.871+0000] {processor.py:208} INFO - Processing /home/airflow/.local/lib/python3.12/site-packages/airflow/example_dags/example_dataset_alias.py took 0.323 seconds
[2025-05-24T12:39:41.287+0000] {processor.py:186} INFO - Started process (PID=1795) to work on /home/airflow/.local/lib/python3.12/site-packages/airflow/example_dags/example_dataset_alias.py
[2025-05-24T12:39:41.287+0000] {processor.py:914} INFO - Processing file /home/airflow/.local/lib/python3.12/site-packages/airflow/example_dags/example_dataset_alias.py for tasks to queue
[2025-05-24T12:39:41.289+0000] {logging_mixin.py:190} INFO - [2025-05-24T12:39:41.288+0000] {dagbag.py:588} INFO - Filling up the DagBag from /home/airflow/.local/lib/python3.12/site-packages/airflow/example_dags/example_dataset_alias.py
[2025-05-24T12:39:41.501+0000] {processor.py:925} INFO - DAG(s) 'dataset_alias_example_alias_producer', 'dataset_alias_example_alias_consumer', 'dataset_s3_bucket_producer', 'dataset_s3_bucket_consumer' retrieved from /home/airflow/.local/lib/python3.12/site-packages/airflow/example_dags/example_dataset_alias.py
[2025-05-24T12:39:41.513+0000] {logging_mixin.py:190} INFO - [2025-05-24T12:39:41.513+0000] {dag.py:3239} INFO - Sync 4 DAGs
[2025-05-24T12:39:41.530+0000] {logging_mixin.py:190} INFO - [2025-05-24T12:39:41.530+0000] {dag.py:4180} INFO - Setting next_dagrun for dataset_alias_example_alias_consumer to None, run_after=None
[2025-05-24T12:39:41.535+0000] {logging_mixin.py:190} INFO - [2025-05-24T12:39:41.534+0000] {dag.py:4180} INFO - Setting next_dagrun for dataset_alias_example_alias_producer to None, run_after=None
[2025-05-24T12:39:41.647+0000] {logging_mixin.py:190} INFO - [2025-05-24T12:39:41.647+0000] {dag.py:4180} INFO - Setting next_dagrun for dataset_s3_bucket_consumer to None, run_after=None
[2025-05-24T12:39:41.648+0000] {logging_mixin.py:190} INFO - [2025-05-24T12:39:41.648+0000] {dag.py:4180} INFO - Setting next_dagrun for dataset_s3_bucket_producer to None, run_after=None
[2025-05-24T12:39:41.664+0000] {processor.py:208} INFO - Processing /home/airflow/.local/lib/python3.12/site-packages/airflow/example_dags/example_dataset_alias.py took 0.380 seconds
[2025-05-24T12:40:12.215+0000] {processor.py:186} INFO - Started process (PID=2091) to work on /home/airflow/.local/lib/python3.12/site-packages/airflow/example_dags/example_dataset_alias.py
[2025-05-24T12:40:12.216+0000] {processor.py:914} INFO - Processing file /home/airflow/.local/lib/python3.12/site-packages/airflow/example_dags/example_dataset_alias.py for tasks to queue
[2025-05-24T12:40:12.217+0000] {logging_mixin.py:190} INFO - [2025-05-24T12:40:12.217+0000] {dagbag.py:588} INFO - Filling up the DagBag from /home/airflow/.local/lib/python3.12/site-packages/airflow/example_dags/example_dataset_alias.py
[2025-05-24T12:40:12.539+0000] {processor.py:925} INFO - DAG(s) 'dataset_s3_bucket_producer', 'dataset_alias_example_alias_producer', 'dataset_s3_bucket_consumer', 'dataset_alias_example_alias_consumer' retrieved from /home/airflow/.local/lib/python3.12/site-packages/airflow/example_dags/example_dataset_alias.py
[2025-05-24T12:40:12.554+0000] {logging_mixin.py:190} INFO - [2025-05-24T12:40:12.554+0000] {dag.py:3239} INFO - Sync 4 DAGs
[2025-05-24T12:40:12.566+0000] {logging_mixin.py:190} INFO - [2025-05-24T12:40:12.565+0000] {dag.py:4180} INFO - Setting next_dagrun for dataset_alias_example_alias_consumer to None, run_after=None
[2025-05-24T12:40:12.568+0000] {logging_mixin.py:190} INFO - [2025-05-24T12:40:12.568+0000] {dag.py:4180} INFO - Setting next_dagrun for dataset_alias_example_alias_producer to None, run_after=None
[2025-05-24T12:40:12.569+0000] {logging_mixin.py:190} INFO - [2025-05-24T12:40:12.568+0000] {dag.py:4180} INFO - Setting next_dagrun for dataset_s3_bucket_consumer to None, run_after=None
[2025-05-24T12:40:12.570+0000] {logging_mixin.py:190} INFO - [2025-05-24T12:40:12.570+0000] {dag.py:4180} INFO - Setting next_dagrun for dataset_s3_bucket_producer to None, run_after=None
[2025-05-24T12:40:12.582+0000] {processor.py:208} INFO - Processing /home/airflow/.local/lib/python3.12/site-packages/airflow/example_dags/example_dataset_alias.py took 0.370 seconds
[2025-05-24T12:40:43.146+0000] {processor.py:186} INFO - Started process (PID=2387) to work on /home/airflow/.local/lib/python3.12/site-packages/airflow/example_dags/example_dataset_alias.py
[2025-05-24T12:40:43.147+0000] {processor.py:914} INFO - Processing file /home/airflow/.local/lib/python3.12/site-packages/airflow/example_dags/example_dataset_alias.py for tasks to queue
[2025-05-24T12:40:43.148+0000] {logging_mixin.py:190} INFO - [2025-05-24T12:40:43.148+0000] {dagbag.py:588} INFO - Filling up the DagBag from /home/airflow/.local/lib/python3.12/site-packages/airflow/example_dags/example_dataset_alias.py
[2025-05-24T12:40:43.336+0000] {processor.py:925} INFO - DAG(s) 'dataset_alias_example_alias_consumer', 'dataset_s3_bucket_producer', 'dataset_alias_example_alias_producer', 'dataset_s3_bucket_consumer' retrieved from /home/airflow/.local/lib/python3.12/site-packages/airflow/example_dags/example_dataset_alias.py
[2025-05-24T12:40:43.464+0000] {logging_mixin.py:190} INFO - [2025-05-24T12:40:43.463+0000] {dag.py:3239} INFO - Sync 4 DAGs
[2025-05-24T12:40:43.475+0000] {logging_mixin.py:190} INFO - [2025-05-24T12:40:43.475+0000] {dag.py:4180} INFO - Setting next_dagrun for dataset_alias_example_alias_consumer to None, run_after=None
[2025-05-24T12:40:43.477+0000] {logging_mixin.py:190} INFO - [2025-05-24T12:40:43.476+0000] {dag.py:4180} INFO - Setting next_dagrun for dataset_alias_example_alias_producer to None, run_after=None
[2025-05-24T12:40:43.477+0000] {logging_mixin.py:190} INFO - [2025-05-24T12:40:43.477+0000] {dag.py:4180} INFO - Setting next_dagrun for dataset_s3_bucket_consumer to None, run_after=None
[2025-05-24T12:40:43.478+0000] {logging_mixin.py:190} INFO - [2025-05-24T12:40:43.478+0000] {dag.py:4180} INFO - Setting next_dagrun for dataset_s3_bucket_producer to None, run_after=None
[2025-05-24T12:40:43.490+0000] {processor.py:208} INFO - Processing /home/airflow/.local/lib/python3.12/site-packages/airflow/example_dags/example_dataset_alias.py took 0.347 seconds
[2025-05-24T12:41:13.974+0000] {processor.py:186} INFO - Started process (PID=2683) to work on /home/airflow/.local/lib/python3.12/site-packages/airflow/example_dags/example_dataset_alias.py
[2025-05-24T12:41:13.975+0000] {processor.py:914} INFO - Processing file /home/airflow/.local/lib/python3.12/site-packages/airflow/example_dags/example_dataset_alias.py for tasks to queue
[2025-05-24T12:41:13.976+0000] {logging_mixin.py:190} INFO - [2025-05-24T12:41:13.976+0000] {dagbag.py:588} INFO - Filling up the DagBag from /home/airflow/.local/lib/python3.12/site-packages/airflow/example_dags/example_dataset_alias.py
[2025-05-24T12:41:14.149+0000] {processor.py:925} INFO - DAG(s) 'dataset_s3_bucket_producer', 'dataset_alias_example_alias_consumer', 'dataset_alias_example_alias_producer', 'dataset_s3_bucket_consumer' retrieved from /home/airflow/.local/lib/python3.12/site-packages/airflow/example_dags/example_dataset_alias.py
[2025-05-24T12:41:14.164+0000] {logging_mixin.py:190} INFO - [2025-05-24T12:41:14.163+0000] {dag.py:3239} INFO - Sync 4 DAGs
[2025-05-24T12:41:14.295+0000] {logging_mixin.py:190} INFO - [2025-05-24T12:41:14.295+0000] {dag.py:4180} INFO - Setting next_dagrun for dataset_alias_example_alias_consumer to None, run_after=None
[2025-05-24T12:41:14.298+0000] {logging_mixin.py:190} INFO - [2025-05-24T12:41:14.297+0000] {dag.py:4180} INFO - Setting next_dagrun for dataset_alias_example_alias_producer to None, run_after=None
[2025-05-24T12:41:14.298+0000] {logging_mixin.py:190} INFO - [2025-05-24T12:41:14.298+0000] {dag.py:4180} INFO - Setting next_dagrun for dataset_s3_bucket_consumer to None, run_after=None
[2025-05-24T12:41:14.299+0000] {logging_mixin.py:190} INFO - [2025-05-24T12:41:14.299+0000] {dag.py:4180} INFO - Setting next_dagrun for dataset_s3_bucket_producer to None, run_after=None
[2025-05-24T12:41:14.314+0000] {processor.py:208} INFO - Processing /home/airflow/.local/lib/python3.12/site-packages/airflow/example_dags/example_dataset_alias.py took 0.343 seconds
[2025-05-24T12:41:44.920+0000] {processor.py:186} INFO - Started process (PID=2978) to work on /home/airflow/.local/lib/python3.12/site-packages/airflow/example_dags/example_dataset_alias.py
[2025-05-24T12:41:44.920+0000] {processor.py:914} INFO - Processing file /home/airflow/.local/lib/python3.12/site-packages/airflow/example_dags/example_dataset_alias.py for tasks to queue
[2025-05-24T12:41:44.921+0000] {logging_mixin.py:190} INFO - [2025-05-24T12:41:44.921+0000] {dagbag.py:588} INFO - Filling up the DagBag from /home/airflow/.local/lib/python3.12/site-packages/airflow/example_dags/example_dataset_alias.py
[2025-05-24T12:41:45.201+0000] {processor.py:925} INFO - DAG(s) 'dataset_s3_bucket_consumer', 'dataset_alias_example_alias_consumer', 'dataset_s3_bucket_producer', 'dataset_alias_example_alias_producer' retrieved from /home/airflow/.local/lib/python3.12/site-packages/airflow/example_dags/example_dataset_alias.py
[2025-05-24T12:41:45.213+0000] {logging_mixin.py:190} INFO - [2025-05-24T12:41:45.213+0000] {dag.py:3239} INFO - Sync 4 DAGs
[2025-05-24T12:41:45.225+0000] {logging_mixin.py:190} INFO - [2025-05-24T12:41:45.225+0000] {dag.py:4180} INFO - Setting next_dagrun for dataset_alias_example_alias_consumer to None, run_after=None
[2025-05-24T12:41:45.230+0000] {logging_mixin.py:190} INFO - [2025-05-24T12:41:45.230+0000] {dag.py:4180} INFO - Setting next_dagrun for dataset_alias_example_alias_producer to None, run_after=None
[2025-05-24T12:41:45.231+0000] {logging_mixin.py:190} INFO - [2025-05-24T12:41:45.231+0000] {dag.py:4180} INFO - Setting next_dagrun for dataset_s3_bucket_consumer to None, run_after=None
[2025-05-24T12:41:45.232+0000] {logging_mixin.py:190} INFO - [2025-05-24T12:41:45.232+0000] {dag.py:4180} INFO - Setting next_dagrun for dataset_s3_bucket_producer to None, run_after=None
[2025-05-24T12:41:45.245+0000] {processor.py:208} INFO - Processing /home/airflow/.local/lib/python3.12/site-packages/airflow/example_dags/example_dataset_alias.py took 0.329 seconds
[2025-05-24T12:42:15.791+0000] {processor.py:186} INFO - Started process (PID=3274) to work on /home/airflow/.local/lib/python3.12/site-packages/airflow/example_dags/example_dataset_alias.py
[2025-05-24T12:42:15.792+0000] {processor.py:914} INFO - Processing file /home/airflow/.local/lib/python3.12/site-packages/airflow/example_dags/example_dataset_alias.py for tasks to queue
[2025-05-24T12:42:15.793+0000] {logging_mixin.py:190} INFO - [2025-05-24T12:42:15.793+0000] {dagbag.py:588} INFO - Filling up the DagBag from /home/airflow/.local/lib/python3.12/site-packages/airflow/example_dags/example_dataset_alias.py
[2025-05-24T12:42:16.093+0000] {processor.py:925} INFO - DAG(s) 'dataset_alias_example_alias_consumer', 'dataset_s3_bucket_producer', 'dataset_alias_example_alias_producer', 'dataset_s3_bucket_consumer' retrieved from /home/airflow/.local/lib/python3.12/site-packages/airflow/example_dags/example_dataset_alias.py
[2025-05-24T12:42:16.108+0000] {logging_mixin.py:190} INFO - [2025-05-24T12:42:16.107+0000] {dag.py:3239} INFO - Sync 4 DAGs
[2025-05-24T12:42:16.118+0000] {logging_mixin.py:190} INFO - [2025-05-24T12:42:16.118+0000] {dag.py:4180} INFO - Setting next_dagrun for dataset_alias_example_alias_consumer to None, run_after=None
[2025-05-24T12:42:16.119+0000] {logging_mixin.py:190} INFO - [2025-05-24T12:42:16.119+0000] {dag.py:4180} INFO - Setting next_dagrun for dataset_alias_example_alias_producer to None, run_after=None
[2025-05-24T12:42:16.120+0000] {logging_mixin.py:190} INFO - [2025-05-24T12:42:16.120+0000] {dag.py:4180} INFO - Setting next_dagrun for dataset_s3_bucket_consumer to None, run_after=None
[2025-05-24T12:42:16.121+0000] {logging_mixin.py:190} INFO - [2025-05-24T12:42:16.121+0000] {dag.py:4180} INFO - Setting next_dagrun for dataset_s3_bucket_producer to None, run_after=None
[2025-05-24T12:42:16.130+0000] {processor.py:208} INFO - Processing /home/airflow/.local/lib/python3.12/site-packages/airflow/example_dags/example_dataset_alias.py took 0.343 seconds
