[2025-05-24T12:37:09.454+0000] {processor.py:186} INFO - Started process (PID=436) to work on /home/airflow/.local/lib/python3.12/site-packages/airflow/example_dags/example_short_circuit_decorator.py
[2025-05-24T12:37:09.455+0000] {processor.py:914} INFO - Processing file /home/airflow/.local/lib/python3.12/site-packages/airflow/example_dags/example_short_circuit_decorator.py for tasks to queue
[2025-05-24T12:37:09.459+0000] {logging_mixin.py:190} INFO - [2025-05-24T12:37:09.459+0000] {dagbag.py:588} INFO - Filling up the DagBag from /home/airflow/.local/lib/python3.12/site-packages/airflow/example_dags/example_short_circuit_decorator.py
[2025-05-24T12:37:09.465+0000] {processor.py:925} INFO - DAG(s) 'example_short_circuit_decorator' retrieved from /home/airflow/.local/lib/python3.12/site-packages/airflow/example_dags/example_short_circuit_decorator.py
[2025-05-24T12:37:09.480+0000] {logging_mixin.py:190} INFO - [2025-05-24T12:37:09.480+0000] {dag.py:3239} INFO - Sync 1 DAGs
[2025-05-24T12:37:09.487+0000] {logging_mixin.py:190} INFO - [2025-05-24T12:37:09.486+0000] {dag.py:4180} INFO - Setting next_dagrun for example_short_circuit_decorator to None, run_after=None
[2025-05-24T12:37:09.495+0000] {processor.py:208} INFO - Processing /home/airflow/.local/lib/python3.12/site-packages/airflow/example_dags/example_short_circuit_decorator.py took 0.044 seconds
[2025-05-24T12:37:40.487+0000] {processor.py:186} INFO - Started process (PID=732) to work on /home/airflow/.local/lib/python3.12/site-packages/airflow/example_dags/example_short_circuit_decorator.py
[2025-05-24T12:37:40.488+0000] {processor.py:914} INFO - Processing file /home/airflow/.local/lib/python3.12/site-packages/airflow/example_dags/example_short_circuit_decorator.py for tasks to queue
[2025-05-24T12:37:40.489+0000] {logging_mixin.py:190} INFO - [2025-05-24T12:37:40.489+0000] {dagbag.py:588} INFO - Filling up the DagBag from /home/airflow/.local/lib/python3.12/site-packages/airflow/example_dags/example_short_circuit_decorator.py
[2025-05-24T12:37:40.494+0000] {processor.py:925} INFO - DAG(s) 'example_short_circuit_decorator' retrieved from /home/airflow/.local/lib/python3.12/site-packages/airflow/example_dags/example_short_circuit_decorator.py
[2025-05-24T12:37:40.507+0000] {logging_mixin.py:190} INFO - [2025-05-24T12:37:40.507+0000] {dag.py:3239} INFO - Sync 1 DAGs
[2025-05-24T12:37:40.515+0000] {logging_mixin.py:190} INFO - [2025-05-24T12:37:40.515+0000] {dag.py:4180} INFO - Setting next_dagrun for example_short_circuit_decorator to None, run_after=None
[2025-05-24T12:37:40.532+0000] {processor.py:208} INFO - Processing /home/airflow/.local/lib/python3.12/site-packages/airflow/example_dags/example_short_circuit_decorator.py took 0.048 seconds
[2025-05-24T12:38:10.920+0000] {processor.py:186} INFO - Started process (PID=1027) to work on /home/airflow/.local/lib/python3.12/site-packages/airflow/example_dags/example_short_circuit_decorator.py
[2025-05-24T12:38:10.920+0000] {processor.py:914} INFO - Processing file /home/airflow/.local/lib/python3.12/site-packages/airflow/example_dags/example_short_circuit_decorator.py for tasks to queue
[2025-05-24T12:38:10.922+0000] {logging_mixin.py:190} INFO - [2025-05-24T12:38:10.921+0000] {dagbag.py:588} INFO - Filling up the DagBag from /home/airflow/.local/lib/python3.12/site-packages/airflow/example_dags/example_short_circuit_decorator.py
[2025-05-24T12:38:10.926+0000] {processor.py:925} INFO - DAG(s) 'example_short_circuit_decorator' retrieved from /home/airflow/.local/lib/python3.12/site-packages/airflow/example_dags/example_short_circuit_decorator.py
[2025-05-24T12:38:10.939+0000] {logging_mixin.py:190} INFO - [2025-05-24T12:38:10.939+0000] {dag.py:3239} INFO - Sync 1 DAGs
[2025-05-24T12:38:10.946+0000] {logging_mixin.py:190} INFO - [2025-05-24T12:38:10.946+0000] {dag.py:4180} INFO - Setting next_dagrun for example_short_circuit_decorator to None, run_after=None
[2025-05-24T12:38:10.954+0000] {processor.py:208} INFO - Processing /home/airflow/.local/lib/python3.12/site-packages/airflow/example_dags/example_short_circuit_decorator.py took 0.037 seconds
[2025-05-24T12:38:41.942+0000] {processor.py:186} INFO - Started process (PID=1323) to work on /home/airflow/.local/lib/python3.12/site-packages/airflow/example_dags/example_short_circuit_decorator.py
[2025-05-24T12:38:41.943+0000] {processor.py:914} INFO - Processing file /home/airflow/.local/lib/python3.12/site-packages/airflow/example_dags/example_short_circuit_decorator.py for tasks to queue
[2025-05-24T12:38:41.945+0000] {logging_mixin.py:190} INFO - [2025-05-24T12:38:41.945+0000] {dagbag.py:588} INFO - Filling up the DagBag from /home/airflow/.local/lib/python3.12/site-packages/airflow/example_dags/example_short_circuit_decorator.py
[2025-05-24T12:38:41.952+0000] {processor.py:925} INFO - DAG(s) 'example_short_circuit_decorator' retrieved from /home/airflow/.local/lib/python3.12/site-packages/airflow/example_dags/example_short_circuit_decorator.py
[2025-05-24T12:38:41.972+0000] {logging_mixin.py:190} INFO - [2025-05-24T12:38:41.972+0000] {dag.py:3239} INFO - Sync 1 DAGs
[2025-05-24T12:38:41.982+0000] {logging_mixin.py:190} INFO - [2025-05-24T12:38:41.981+0000] {dag.py:4180} INFO - Setting next_dagrun for example_short_circuit_decorator to None, run_after=None
[2025-05-24T12:38:41.998+0000] {processor.py:208} INFO - Processing /home/airflow/.local/lib/python3.12/site-packages/airflow/example_dags/example_short_circuit_decorator.py took 0.061 seconds
[2025-05-24T12:39:12.796+0000] {processor.py:186} INFO - Started process (PID=1614) to work on /home/airflow/.local/lib/python3.12/site-packages/airflow/example_dags/example_short_circuit_decorator.py
[2025-05-24T12:39:12.796+0000] {processor.py:914} INFO - Processing file /home/airflow/.local/lib/python3.12/site-packages/airflow/example_dags/example_short_circuit_decorator.py for tasks to queue
[2025-05-24T12:39:12.797+0000] {logging_mixin.py:190} INFO - [2025-05-24T12:39:12.797+0000] {dagbag.py:588} INFO - Filling up the DagBag from /home/airflow/.local/lib/python3.12/site-packages/airflow/example_dags/example_short_circuit_decorator.py
[2025-05-24T12:39:12.803+0000] {processor.py:925} INFO - DAG(s) 'example_short_circuit_decorator' retrieved from /home/airflow/.local/lib/python3.12/site-packages/airflow/example_dags/example_short_circuit_decorator.py
[2025-05-24T12:39:12.818+0000] {logging_mixin.py:190} INFO - [2025-05-24T12:39:12.818+0000] {dag.py:3239} INFO - Sync 1 DAGs
[2025-05-24T12:39:12.830+0000] {logging_mixin.py:190} INFO - [2025-05-24T12:39:12.829+0000] {dag.py:4180} INFO - Setting next_dagrun for example_short_circuit_decorator to None, run_after=None
[2025-05-24T12:39:12.850+0000] {processor.py:208} INFO - Processing /home/airflow/.local/lib/python3.12/site-packages/airflow/example_dags/example_short_circuit_decorator.py took 0.057 seconds
[2025-05-24T12:39:43.732+0000] {processor.py:186} INFO - Started process (PID=1915) to work on /home/airflow/.local/lib/python3.12/site-packages/airflow/example_dags/example_short_circuit_decorator.py
[2025-05-24T12:39:43.738+0000] {processor.py:914} INFO - Processing file /home/airflow/.local/lib/python3.12/site-packages/airflow/example_dags/example_short_circuit_decorator.py for tasks to queue
[2025-05-24T12:39:43.742+0000] {logging_mixin.py:190} INFO - [2025-05-24T12:39:43.742+0000] {dagbag.py:588} INFO - Filling up the DagBag from /home/airflow/.local/lib/python3.12/site-packages/airflow/example_dags/example_short_circuit_decorator.py
[2025-05-24T12:39:43.748+0000] {processor.py:925} INFO - DAG(s) 'example_short_circuit_decorator' retrieved from /home/airflow/.local/lib/python3.12/site-packages/airflow/example_dags/example_short_circuit_decorator.py
[2025-05-24T12:39:43.760+0000] {logging_mixin.py:190} INFO - [2025-05-24T12:39:43.760+0000] {dag.py:3239} INFO - Sync 1 DAGs
[2025-05-24T12:39:43.767+0000] {logging_mixin.py:190} INFO - [2025-05-24T12:39:43.767+0000] {dag.py:4180} INFO - Setting next_dagrun for example_short_circuit_decorator to None, run_after=None
[2025-05-24T12:39:43.781+0000] {processor.py:208} INFO - Processing /home/airflow/.local/lib/python3.12/site-packages/airflow/example_dags/example_short_circuit_decorator.py took 0.052 seconds
[2025-05-24T12:40:14.777+0000] {processor.py:186} INFO - Started process (PID=2213) to work on /home/airflow/.local/lib/python3.12/site-packages/airflow/example_dags/example_short_circuit_decorator.py
[2025-05-24T12:40:14.777+0000] {processor.py:914} INFO - Processing file /home/airflow/.local/lib/python3.12/site-packages/airflow/example_dags/example_short_circuit_decorator.py for tasks to queue
[2025-05-24T12:40:14.779+0000] {logging_mixin.py:190} INFO - [2025-05-24T12:40:14.779+0000] {dagbag.py:588} INFO - Filling up the DagBag from /home/airflow/.local/lib/python3.12/site-packages/airflow/example_dags/example_short_circuit_decorator.py
[2025-05-24T12:40:14.786+0000] {processor.py:925} INFO - DAG(s) 'example_short_circuit_decorator' retrieved from /home/airflow/.local/lib/python3.12/site-packages/airflow/example_dags/example_short_circuit_decorator.py
[2025-05-24T12:40:14.800+0000] {logging_mixin.py:190} INFO - [2025-05-24T12:40:14.800+0000] {dag.py:3239} INFO - Sync 1 DAGs
[2025-05-24T12:40:14.808+0000] {logging_mixin.py:190} INFO - [2025-05-24T12:40:14.808+0000] {dag.py:4180} INFO - Setting next_dagrun for example_short_circuit_decorator to None, run_after=None
[2025-05-24T12:40:14.817+0000] {processor.py:208} INFO - Processing /home/airflow/.local/lib/python3.12/site-packages/airflow/example_dags/example_short_circuit_decorator.py took 0.043 seconds
[2025-05-24T12:40:45.721+0000] {processor.py:186} INFO - Started process (PID=2514) to work on /home/airflow/.local/lib/python3.12/site-packages/airflow/example_dags/example_short_circuit_decorator.py
[2025-05-24T12:40:45.721+0000] {processor.py:914} INFO - Processing file /home/airflow/.local/lib/python3.12/site-packages/airflow/example_dags/example_short_circuit_decorator.py for tasks to queue
[2025-05-24T12:40:45.723+0000] {logging_mixin.py:190} INFO - [2025-05-24T12:40:45.723+0000] {dagbag.py:588} INFO - Filling up the DagBag from /home/airflow/.local/lib/python3.12/site-packages/airflow/example_dags/example_short_circuit_decorator.py
[2025-05-24T12:40:45.728+0000] {processor.py:925} INFO - DAG(s) 'example_short_circuit_decorator' retrieved from /home/airflow/.local/lib/python3.12/site-packages/airflow/example_dags/example_short_circuit_decorator.py
[2025-05-24T12:40:45.741+0000] {logging_mixin.py:190} INFO - [2025-05-24T12:40:45.740+0000] {dag.py:3239} INFO - Sync 1 DAGs
[2025-05-24T12:40:45.747+0000] {logging_mixin.py:190} INFO - [2025-05-24T12:40:45.747+0000] {dag.py:4180} INFO - Setting next_dagrun for example_short_circuit_decorator to None, run_after=None
[2025-05-24T12:40:45.756+0000] {processor.py:208} INFO - Processing /home/airflow/.local/lib/python3.12/site-packages/airflow/example_dags/example_short_circuit_decorator.py took 0.038 seconds
[2025-05-24T12:41:16.365+0000] {processor.py:186} INFO - Started process (PID=2803) to work on /home/airflow/.local/lib/python3.12/site-packages/airflow/example_dags/example_short_circuit_decorator.py
[2025-05-24T12:41:16.367+0000] {processor.py:914} INFO - Processing file /home/airflow/.local/lib/python3.12/site-packages/airflow/example_dags/example_short_circuit_decorator.py for tasks to queue
[2025-05-24T12:41:16.368+0000] {logging_mixin.py:190} INFO - [2025-05-24T12:41:16.368+0000] {dagbag.py:588} INFO - Filling up the DagBag from /home/airflow/.local/lib/python3.12/site-packages/airflow/example_dags/example_short_circuit_decorator.py
[2025-05-24T12:41:16.373+0000] {processor.py:925} INFO - DAG(s) 'example_short_circuit_decorator' retrieved from /home/airflow/.local/lib/python3.12/site-packages/airflow/example_dags/example_short_circuit_decorator.py
[2025-05-24T12:41:16.389+0000] {logging_mixin.py:190} INFO - [2025-05-24T12:41:16.388+0000] {dag.py:3239} INFO - Sync 1 DAGs
[2025-05-24T12:41:16.396+0000] {logging_mixin.py:190} INFO - [2025-05-24T12:41:16.396+0000] {dag.py:4180} INFO - Setting next_dagrun for example_short_circuit_decorator to None, run_after=None
[2025-05-24T12:41:16.409+0000] {processor.py:208} INFO - Processing /home/airflow/.local/lib/python3.12/site-packages/airflow/example_dags/example_short_circuit_decorator.py took 0.046 seconds
[2025-05-24T12:41:47.291+0000] {processor.py:186} INFO - Started process (PID=3098) to work on /home/airflow/.local/lib/python3.12/site-packages/airflow/example_dags/example_short_circuit_decorator.py
[2025-05-24T12:41:47.293+0000] {processor.py:914} INFO - Processing file /home/airflow/.local/lib/python3.12/site-packages/airflow/example_dags/example_short_circuit_decorator.py for tasks to queue
[2025-05-24T12:41:47.296+0000] {logging_mixin.py:190} INFO - [2025-05-24T12:41:47.296+0000] {dagbag.py:588} INFO - Filling up the DagBag from /home/airflow/.local/lib/python3.12/site-packages/airflow/example_dags/example_short_circuit_decorator.py
[2025-05-24T12:41:47.301+0000] {processor.py:925} INFO - DAG(s) 'example_short_circuit_decorator' retrieved from /home/airflow/.local/lib/python3.12/site-packages/airflow/example_dags/example_short_circuit_decorator.py
[2025-05-24T12:41:47.313+0000] {logging_mixin.py:190} INFO - [2025-05-24T12:41:47.313+0000] {dag.py:3239} INFO - Sync 1 DAGs
[2025-05-24T12:41:47.320+0000] {logging_mixin.py:190} INFO - [2025-05-24T12:41:47.320+0000] {dag.py:4180} INFO - Setting next_dagrun for example_short_circuit_decorator to None, run_after=None
[2025-05-24T12:41:47.331+0000] {processor.py:208} INFO - Processing /home/airflow/.local/lib/python3.12/site-packages/airflow/example_dags/example_short_circuit_decorator.py took 0.044 seconds
[2025-05-24T12:42:18.174+0000] {processor.py:186} INFO - Started process (PID=3394) to work on /home/airflow/.local/lib/python3.12/site-packages/airflow/example_dags/example_short_circuit_decorator.py
[2025-05-24T12:42:18.178+0000] {processor.py:914} INFO - Processing file /home/airflow/.local/lib/python3.12/site-packages/airflow/example_dags/example_short_circuit_decorator.py for tasks to queue
[2025-05-24T12:42:18.179+0000] {logging_mixin.py:190} INFO - [2025-05-24T12:42:18.179+0000] {dagbag.py:588} INFO - Filling up the DagBag from /home/airflow/.local/lib/python3.12/site-packages/airflow/example_dags/example_short_circuit_decorator.py
[2025-05-24T12:42:18.185+0000] {processor.py:925} INFO - DAG(s) 'example_short_circuit_decorator' retrieved from /home/airflow/.local/lib/python3.12/site-packages/airflow/example_dags/example_short_circuit_decorator.py
[2025-05-24T12:42:18.200+0000] {logging_mixin.py:190} INFO - [2025-05-24T12:42:18.200+0000] {dag.py:3239} INFO - Sync 1 DAGs
[2025-05-24T12:42:18.208+0000] {logging_mixin.py:190} INFO - [2025-05-24T12:42:18.208+0000] {dag.py:4180} INFO - Setting next_dagrun for example_short_circuit_decorator to None, run_after=None
[2025-05-24T12:42:18.219+0000] {processor.py:208} INFO - Processing /home/airflow/.local/lib/python3.12/site-packages/airflow/example_dags/example_short_circuit_decorator.py took 0.048 seconds
