[2025-05-24T12:37:06.568+0000] {processor.py:186} INFO - Started process (PID=181) to work on /home/airflow/.local/lib/python3.12/site-packages/airflow/example_dags/example_nested_branch_dag.py
[2025-05-24T12:37:06.570+0000] {processor.py:914} INFO - Processing file /home/airflow/.local/lib/python3.12/site-packages/airflow/example_dags/example_nested_branch_dag.py for tasks to queue
[2025-05-24T12:37:06.571+0000] {logging_mixin.py:190} INFO - [2025-05-24T12:37:06.571+0000] {dagbag.py:588} INFO - Filling up the DagBag from /home/airflow/.local/lib/python3.12/site-packages/airflow/example_dags/example_nested_branch_dag.py
[2025-05-24T12:37:06.580+0000] {processor.py:925} INFO - DAG(s) 'example_nested_branch_dag' retrieved from /home/airflow/.local/lib/python3.12/site-packages/airflow/example_dags/example_nested_branch_dag.py
[2025-05-24T12:37:06.601+0000] {logging_mixin.py:190} INFO - [2025-05-24T12:37:06.600+0000] {dag.py:3239} INFO - Sync 1 DAGs
[2025-05-24T12:37:06.614+0000] {logging_mixin.py:190} INFO - [2025-05-24T12:37:06.614+0000] {dag.py:4180} INFO - Setting next_dagrun for example_nested_branch_dag to 2025-05-23 00:00:00+00:00, run_after=2025-05-24 00:00:00+00:00
[2025-05-24T12:37:06.631+0000] {processor.py:208} INFO - Processing /home/airflow/.local/lib/python3.12/site-packages/airflow/example_dags/example_nested_branch_dag.py took 0.068 seconds
[2025-05-24T12:37:36.839+0000] {processor.py:186} INFO - Started process (PID=476) to work on /home/airflow/.local/lib/python3.12/site-packages/airflow/example_dags/example_nested_branch_dag.py
[2025-05-24T12:37:36.840+0000] {processor.py:914} INFO - Processing file /home/airflow/.local/lib/python3.12/site-packages/airflow/example_dags/example_nested_branch_dag.py for tasks to queue
[2025-05-24T12:37:36.843+0000] {logging_mixin.py:190} INFO - [2025-05-24T12:37:36.843+0000] {dagbag.py:588} INFO - Filling up the DagBag from /home/airflow/.local/lib/python3.12/site-packages/airflow/example_dags/example_nested_branch_dag.py
[2025-05-24T12:37:36.856+0000] {processor.py:925} INFO - DAG(s) 'example_nested_branch_dag' retrieved from /home/airflow/.local/lib/python3.12/site-packages/airflow/example_dags/example_nested_branch_dag.py
[2025-05-24T12:37:36.875+0000] {logging_mixin.py:190} INFO - [2025-05-24T12:37:36.875+0000] {dag.py:3239} INFO - Sync 1 DAGs
[2025-05-24T12:37:36.907+0000] {logging_mixin.py:190} INFO - [2025-05-24T12:37:36.907+0000] {dag.py:4180} INFO - Setting next_dagrun for example_nested_branch_dag to 2025-05-23 00:00:00+00:00, run_after=2025-05-24 00:00:00+00:00
[2025-05-24T12:37:36.926+0000] {processor.py:208} INFO - Processing /home/airflow/.local/lib/python3.12/site-packages/airflow/example_dags/example_nested_branch_dag.py took 0.090 seconds
[2025-05-24T12:38:07.912+0000] {processor.py:186} INFO - Started process (PID=772) to work on /home/airflow/.local/lib/python3.12/site-packages/airflow/example_dags/example_nested_branch_dag.py
[2025-05-24T12:38:07.913+0000] {processor.py:914} INFO - Processing file /home/airflow/.local/lib/python3.12/site-packages/airflow/example_dags/example_nested_branch_dag.py for tasks to queue
[2025-05-24T12:38:07.915+0000] {logging_mixin.py:190} INFO - [2025-05-24T12:38:07.915+0000] {dagbag.py:588} INFO - Filling up the DagBag from /home/airflow/.local/lib/python3.12/site-packages/airflow/example_dags/example_nested_branch_dag.py
[2025-05-24T12:38:07.922+0000] {processor.py:925} INFO - DAG(s) 'example_nested_branch_dag' retrieved from /home/airflow/.local/lib/python3.12/site-packages/airflow/example_dags/example_nested_branch_dag.py
[2025-05-24T12:38:07.938+0000] {logging_mixin.py:190} INFO - [2025-05-24T12:38:07.938+0000] {dag.py:3239} INFO - Sync 1 DAGs
[2025-05-24T12:38:07.954+0000] {logging_mixin.py:190} INFO - [2025-05-24T12:38:07.954+0000] {dag.py:4180} INFO - Setting next_dagrun for example_nested_branch_dag to 2025-05-23 00:00:00+00:00, run_after=2025-05-24 00:00:00+00:00
[2025-05-24T12:38:07.967+0000] {processor.py:208} INFO - Processing /home/airflow/.local/lib/python3.12/site-packages/airflow/example_dags/example_nested_branch_dag.py took 0.061 seconds
[2025-05-24T12:38:38.473+0000] {processor.py:186} INFO - Started process (PID=1067) to work on /home/airflow/.local/lib/python3.12/site-packages/airflow/example_dags/example_nested_branch_dag.py
[2025-05-24T12:38:38.473+0000] {processor.py:914} INFO - Processing file /home/airflow/.local/lib/python3.12/site-packages/airflow/example_dags/example_nested_branch_dag.py for tasks to queue
[2025-05-24T12:38:38.479+0000] {logging_mixin.py:190} INFO - [2025-05-24T12:38:38.479+0000] {dagbag.py:588} INFO - Filling up the DagBag from /home/airflow/.local/lib/python3.12/site-packages/airflow/example_dags/example_nested_branch_dag.py
[2025-05-24T12:38:38.495+0000] {processor.py:925} INFO - DAG(s) 'example_nested_branch_dag' retrieved from /home/airflow/.local/lib/python3.12/site-packages/airflow/example_dags/example_nested_branch_dag.py
[2025-05-24T12:38:38.516+0000] {logging_mixin.py:190} INFO - [2025-05-24T12:38:38.515+0000] {dag.py:3239} INFO - Sync 1 DAGs
[2025-05-24T12:38:38.538+0000] {logging_mixin.py:190} INFO - [2025-05-24T12:38:38.537+0000] {dag.py:4180} INFO - Setting next_dagrun for example_nested_branch_dag to 2025-05-23 00:00:00+00:00, run_after=2025-05-24 00:00:00+00:00
[2025-05-24T12:38:38.554+0000] {processor.py:208} INFO - Processing /home/airflow/.local/lib/python3.12/site-packages/airflow/example_dags/example_nested_branch_dag.py took 0.085 seconds
[2025-05-24T12:39:09.449+0000] {processor.py:186} INFO - Started process (PID=1369) to work on /home/airflow/.local/lib/python3.12/site-packages/airflow/example_dags/example_nested_branch_dag.py
[2025-05-24T12:39:09.450+0000] {processor.py:914} INFO - Processing file /home/airflow/.local/lib/python3.12/site-packages/airflow/example_dags/example_nested_branch_dag.py for tasks to queue
[2025-05-24T12:39:09.451+0000] {logging_mixin.py:190} INFO - [2025-05-24T12:39:09.451+0000] {dagbag.py:588} INFO - Filling up the DagBag from /home/airflow/.local/lib/python3.12/site-packages/airflow/example_dags/example_nested_branch_dag.py
[2025-05-24T12:39:09.457+0000] {processor.py:925} INFO - DAG(s) 'example_nested_branch_dag' retrieved from /home/airflow/.local/lib/python3.12/site-packages/airflow/example_dags/example_nested_branch_dag.py
[2025-05-24T12:39:09.469+0000] {logging_mixin.py:190} INFO - [2025-05-24T12:39:09.469+0000] {dag.py:3239} INFO - Sync 1 DAGs
[2025-05-24T12:39:09.484+0000] {logging_mixin.py:190} INFO - [2025-05-24T12:39:09.483+0000] {dag.py:4180} INFO - Setting next_dagrun for example_nested_branch_dag to 2025-05-23 00:00:00+00:00, run_after=2025-05-24 00:00:00+00:00
[2025-05-24T12:39:09.497+0000] {processor.py:208} INFO - Processing /home/airflow/.local/lib/python3.12/site-packages/airflow/example_dags/example_nested_branch_dag.py took 0.052 seconds
[2025-05-24T12:39:40.374+0000] {processor.py:186} INFO - Started process (PID=1665) to work on /home/airflow/.local/lib/python3.12/site-packages/airflow/example_dags/example_nested_branch_dag.py
[2025-05-24T12:39:40.374+0000] {processor.py:914} INFO - Processing file /home/airflow/.local/lib/python3.12/site-packages/airflow/example_dags/example_nested_branch_dag.py for tasks to queue
[2025-05-24T12:39:40.376+0000] {logging_mixin.py:190} INFO - [2025-05-24T12:39:40.376+0000] {dagbag.py:588} INFO - Filling up the DagBag from /home/airflow/.local/lib/python3.12/site-packages/airflow/example_dags/example_nested_branch_dag.py
[2025-05-24T12:39:40.382+0000] {processor.py:925} INFO - DAG(s) 'example_nested_branch_dag' retrieved from /home/airflow/.local/lib/python3.12/site-packages/airflow/example_dags/example_nested_branch_dag.py
[2025-05-24T12:39:40.395+0000] {logging_mixin.py:190} INFO - [2025-05-24T12:39:40.395+0000] {dag.py:3239} INFO - Sync 1 DAGs
[2025-05-24T12:39:40.410+0000] {logging_mixin.py:190} INFO - [2025-05-24T12:39:40.409+0000] {dag.py:4180} INFO - Setting next_dagrun for example_nested_branch_dag to 2025-05-23 00:00:00+00:00, run_after=2025-05-24 00:00:00+00:00
[2025-05-24T12:39:40.422+0000] {processor.py:208} INFO - Processing /home/airflow/.local/lib/python3.12/site-packages/airflow/example_dags/example_nested_branch_dag.py took 0.051 seconds
[2025-05-24T12:40:11.344+0000] {processor.py:186} INFO - Started process (PID=1961) to work on /home/airflow/.local/lib/python3.12/site-packages/airflow/example_dags/example_nested_branch_dag.py
[2025-05-24T12:40:11.344+0000] {processor.py:914} INFO - Processing file /home/airflow/.local/lib/python3.12/site-packages/airflow/example_dags/example_nested_branch_dag.py for tasks to queue
[2025-05-24T12:40:11.345+0000] {logging_mixin.py:190} INFO - [2025-05-24T12:40:11.345+0000] {dagbag.py:588} INFO - Filling up the DagBag from /home/airflow/.local/lib/python3.12/site-packages/airflow/example_dags/example_nested_branch_dag.py
[2025-05-24T12:40:11.353+0000] {processor.py:925} INFO - DAG(s) 'example_nested_branch_dag' retrieved from /home/airflow/.local/lib/python3.12/site-packages/airflow/example_dags/example_nested_branch_dag.py
[2025-05-24T12:40:11.364+0000] {logging_mixin.py:190} INFO - [2025-05-24T12:40:11.364+0000] {dag.py:3239} INFO - Sync 1 DAGs
[2025-05-24T12:40:11.377+0000] {logging_mixin.py:190} INFO - [2025-05-24T12:40:11.376+0000] {dag.py:4180} INFO - Setting next_dagrun for example_nested_branch_dag to 2025-05-23 00:00:00+00:00, run_after=2025-05-24 00:00:00+00:00
[2025-05-24T12:40:11.392+0000] {processor.py:208} INFO - Processing /home/airflow/.local/lib/python3.12/site-packages/airflow/example_dags/example_nested_branch_dag.py took 0.051 seconds
[2025-05-24T12:40:42.180+0000] {processor.py:186} INFO - Started process (PID=2257) to work on /home/airflow/.local/lib/python3.12/site-packages/airflow/example_dags/example_nested_branch_dag.py
[2025-05-24T12:40:42.181+0000] {processor.py:914} INFO - Processing file /home/airflow/.local/lib/python3.12/site-packages/airflow/example_dags/example_nested_branch_dag.py for tasks to queue
[2025-05-24T12:40:42.182+0000] {logging_mixin.py:190} INFO - [2025-05-24T12:40:42.182+0000] {dagbag.py:588} INFO - Filling up the DagBag from /home/airflow/.local/lib/python3.12/site-packages/airflow/example_dags/example_nested_branch_dag.py
[2025-05-24T12:40:42.191+0000] {processor.py:925} INFO - DAG(s) 'example_nested_branch_dag' retrieved from /home/airflow/.local/lib/python3.12/site-packages/airflow/example_dags/example_nested_branch_dag.py
[2025-05-24T12:40:42.201+0000] {logging_mixin.py:190} INFO - [2025-05-24T12:40:42.201+0000] {dag.py:3239} INFO - Sync 1 DAGs
[2025-05-24T12:40:42.213+0000] {logging_mixin.py:190} INFO - [2025-05-24T12:40:42.213+0000] {dag.py:4180} INFO - Setting next_dagrun for example_nested_branch_dag to 2025-05-23 00:00:00+00:00, run_after=2025-05-24 00:00:00+00:00
[2025-05-24T12:40:42.226+0000] {processor.py:208} INFO - Processing /home/airflow/.local/lib/python3.12/site-packages/airflow/example_dags/example_nested_branch_dag.py took 0.049 seconds
[2025-05-24T12:41:13.115+0000] {processor.py:186} INFO - Started process (PID=2553) to work on /home/airflow/.local/lib/python3.12/site-packages/airflow/example_dags/example_nested_branch_dag.py
[2025-05-24T12:41:13.116+0000] {processor.py:914} INFO - Processing file /home/airflow/.local/lib/python3.12/site-packages/airflow/example_dags/example_nested_branch_dag.py for tasks to queue
[2025-05-24T12:41:13.119+0000] {logging_mixin.py:190} INFO - [2025-05-24T12:41:13.118+0000] {dagbag.py:588} INFO - Filling up the DagBag from /home/airflow/.local/lib/python3.12/site-packages/airflow/example_dags/example_nested_branch_dag.py
[2025-05-24T12:41:13.125+0000] {processor.py:925} INFO - DAG(s) 'example_nested_branch_dag' retrieved from /home/airflow/.local/lib/python3.12/site-packages/airflow/example_dags/example_nested_branch_dag.py
[2025-05-24T12:41:13.136+0000] {logging_mixin.py:190} INFO - [2025-05-24T12:41:13.136+0000] {dag.py:3239} INFO - Sync 1 DAGs
[2025-05-24T12:41:13.148+0000] {logging_mixin.py:190} INFO - [2025-05-24T12:41:13.147+0000] {dag.py:4180} INFO - Setting next_dagrun for example_nested_branch_dag to 2025-05-23 00:00:00+00:00, run_after=2025-05-24 00:00:00+00:00
[2025-05-24T12:41:13.159+0000] {processor.py:208} INFO - Processing /home/airflow/.local/lib/python3.12/site-packages/airflow/example_dags/example_nested_branch_dag.py took 0.047 seconds
[2025-05-24T12:41:43.898+0000] {processor.py:186} INFO - Started process (PID=2848) to work on /home/airflow/.local/lib/python3.12/site-packages/airflow/example_dags/example_nested_branch_dag.py
[2025-05-24T12:41:43.900+0000] {processor.py:914} INFO - Processing file /home/airflow/.local/lib/python3.12/site-packages/airflow/example_dags/example_nested_branch_dag.py for tasks to queue
[2025-05-24T12:41:43.901+0000] {logging_mixin.py:190} INFO - [2025-05-24T12:41:43.901+0000] {dagbag.py:588} INFO - Filling up the DagBag from /home/airflow/.local/lib/python3.12/site-packages/airflow/example_dags/example_nested_branch_dag.py
[2025-05-24T12:41:43.908+0000] {processor.py:925} INFO - DAG(s) 'example_nested_branch_dag' retrieved from /home/airflow/.local/lib/python3.12/site-packages/airflow/example_dags/example_nested_branch_dag.py
[2025-05-24T12:41:43.921+0000] {logging_mixin.py:190} INFO - [2025-05-24T12:41:43.921+0000] {dag.py:3239} INFO - Sync 1 DAGs
[2025-05-24T12:41:43.941+0000] {logging_mixin.py:190} INFO - [2025-05-24T12:41:43.941+0000] {dag.py:4180} INFO - Setting next_dagrun for example_nested_branch_dag to 2025-05-23 00:00:00+00:00, run_after=2025-05-24 00:00:00+00:00
[2025-05-24T12:41:43.955+0000] {processor.py:208} INFO - Processing /home/airflow/.local/lib/python3.12/site-packages/airflow/example_dags/example_nested_branch_dag.py took 0.060 seconds
[2025-05-24T12:42:14.865+0000] {processor.py:186} INFO - Started process (PID=3144) to work on /home/airflow/.local/lib/python3.12/site-packages/airflow/example_dags/example_nested_branch_dag.py
[2025-05-24T12:42:14.866+0000] {processor.py:914} INFO - Processing file /home/airflow/.local/lib/python3.12/site-packages/airflow/example_dags/example_nested_branch_dag.py for tasks to queue
[2025-05-24T12:42:14.868+0000] {logging_mixin.py:190} INFO - [2025-05-24T12:42:14.868+0000] {dagbag.py:588} INFO - Filling up the DagBag from /home/airflow/.local/lib/python3.12/site-packages/airflow/example_dags/example_nested_branch_dag.py
[2025-05-24T12:42:14.874+0000] {processor.py:925} INFO - DAG(s) 'example_nested_branch_dag' retrieved from /home/airflow/.local/lib/python3.12/site-packages/airflow/example_dags/example_nested_branch_dag.py
[2025-05-24T12:42:14.887+0000] {logging_mixin.py:190} INFO - [2025-05-24T12:42:14.886+0000] {dag.py:3239} INFO - Sync 1 DAGs
[2025-05-24T12:42:14.899+0000] {logging_mixin.py:190} INFO - [2025-05-24T12:42:14.899+0000] {dag.py:4180} INFO - Setting next_dagrun for example_nested_branch_dag to 2025-05-23 00:00:00+00:00, run_after=2025-05-24 00:00:00+00:00
[2025-05-24T12:42:14.916+0000] {processor.py:208} INFO - Processing /home/airflow/.local/lib/python3.12/site-packages/airflow/example_dags/example_nested_branch_dag.py took 0.054 seconds
