[2025-05-24T12:37:07.445+0000] {processor.py:186} INFO - Started process (PID=261) to work on /home/airflow/.local/lib/python3.12/site-packages/airflow/example_dags/example_xcomargs.py
[2025-05-24T12:37:07.446+0000] {processor.py:914} INFO - Processing file /home/airflow/.local/lib/python3.12/site-packages/airflow/example_dags/example_xcomargs.py for tasks to queue
[2025-05-24T12:37:07.448+0000] {logging_mixin.py:190} INFO - [2025-05-24T12:37:07.448+0000] {dagbag.py:588} INFO - Filling up the DagBag from /home/airflow/.local/lib/python3.12/site-packages/airflow/example_dags/example_xcomargs.py
[2025-05-24T12:37:07.454+0000] {processor.py:925} INFO - DAG(s) 'example_xcom_args_with_operators', 'example_xcom_args' retrieved from /home/airflow/.local/lib/python3.12/site-packages/airflow/example_dags/example_xcomargs.py
[2025-05-24T12:37:07.467+0000] {logging_mixin.py:190} INFO - [2025-05-24T12:37:07.466+0000] {dag.py:3239} INFO - Sync 2 DAGs
[2025-05-24T12:37:07.475+0000] {logging_mixin.py:190} INFO - [2025-05-24T12:37:07.475+0000] {dag.py:4180} INFO - Setting next_dagrun for example_xcom_args to None, run_after=None
[2025-05-24T12:37:07.479+0000] {logging_mixin.py:190} INFO - [2025-05-24T12:37:07.479+0000] {dag.py:4180} INFO - Setting next_dagrun for example_xcom_args_with_operators to None, run_after=None
[2025-05-24T12:37:07.489+0000] {processor.py:208} INFO - Processing /home/airflow/.local/lib/python3.12/site-packages/airflow/example_dags/example_xcomargs.py took 0.047 seconds
[2025-05-24T12:37:37.690+0000] {processor.py:186} INFO - Started process (PID=556) to work on /home/airflow/.local/lib/python3.12/site-packages/airflow/example_dags/example_xcomargs.py
[2025-05-24T12:37:37.691+0000] {processor.py:914} INFO - Processing file /home/airflow/.local/lib/python3.12/site-packages/airflow/example_dags/example_xcomargs.py for tasks to queue
[2025-05-24T12:37:37.692+0000] {logging_mixin.py:190} INFO - [2025-05-24T12:37:37.692+0000] {dagbag.py:588} INFO - Filling up the DagBag from /home/airflow/.local/lib/python3.12/site-packages/airflow/example_dags/example_xcomargs.py
[2025-05-24T12:37:37.698+0000] {processor.py:925} INFO - DAG(s) 'example_xcom_args_with_operators', 'example_xcom_args' retrieved from /home/airflow/.local/lib/python3.12/site-packages/airflow/example_dags/example_xcomargs.py
[2025-05-24T12:37:37.711+0000] {logging_mixin.py:190} INFO - [2025-05-24T12:37:37.711+0000] {dag.py:3239} INFO - Sync 2 DAGs
[2025-05-24T12:37:37.718+0000] {logging_mixin.py:190} INFO - [2025-05-24T12:37:37.718+0000] {dag.py:4180} INFO - Setting next_dagrun for example_xcom_args to None, run_after=None
[2025-05-24T12:37:37.721+0000] {logging_mixin.py:190} INFO - [2025-05-24T12:37:37.721+0000] {dag.py:4180} INFO - Setting next_dagrun for example_xcom_args_with_operators to None, run_after=None
[2025-05-24T12:37:37.730+0000] {processor.py:208} INFO - Processing /home/airflow/.local/lib/python3.12/site-packages/airflow/example_dags/example_xcomargs.py took 0.043 seconds
[2025-05-24T12:38:08.509+0000] {processor.py:186} INFO - Started process (PID=847) to work on /home/airflow/.local/lib/python3.12/site-packages/airflow/example_dags/example_xcomargs.py
[2025-05-24T12:38:08.510+0000] {processor.py:914} INFO - Processing file /home/airflow/.local/lib/python3.12/site-packages/airflow/example_dags/example_xcomargs.py for tasks to queue
[2025-05-24T12:38:08.511+0000] {logging_mixin.py:190} INFO - [2025-05-24T12:38:08.511+0000] {dagbag.py:588} INFO - Filling up the DagBag from /home/airflow/.local/lib/python3.12/site-packages/airflow/example_dags/example_xcomargs.py
[2025-05-24T12:38:08.517+0000] {processor.py:925} INFO - DAG(s) 'example_xcom_args_with_operators', 'example_xcom_args' retrieved from /home/airflow/.local/lib/python3.12/site-packages/airflow/example_dags/example_xcomargs.py
[2025-05-24T12:38:08.536+0000] {logging_mixin.py:190} INFO - [2025-05-24T12:38:08.536+0000] {dag.py:3239} INFO - Sync 2 DAGs
[2025-05-24T12:38:08.544+0000] {logging_mixin.py:190} INFO - [2025-05-24T12:38:08.544+0000] {dag.py:4180} INFO - Setting next_dagrun for example_xcom_args to None, run_after=None
[2025-05-24T12:38:08.548+0000] {logging_mixin.py:190} INFO - [2025-05-24T12:38:08.548+0000] {dag.py:4180} INFO - Setting next_dagrun for example_xcom_args_with_operators to None, run_after=None
[2025-05-24T12:38:08.563+0000] {processor.py:208} INFO - Processing /home/airflow/.local/lib/python3.12/site-packages/airflow/example_dags/example_xcomargs.py took 0.056 seconds
[2025-05-24T12:38:39.075+0000] {processor.py:186} INFO - Started process (PID=1148) to work on /home/airflow/.local/lib/python3.12/site-packages/airflow/example_dags/example_xcomargs.py
[2025-05-24T12:38:39.075+0000] {processor.py:914} INFO - Processing file /home/airflow/.local/lib/python3.12/site-packages/airflow/example_dags/example_xcomargs.py for tasks to queue
[2025-05-24T12:38:39.077+0000] {logging_mixin.py:190} INFO - [2025-05-24T12:38:39.076+0000] {dagbag.py:588} INFO - Filling up the DagBag from /home/airflow/.local/lib/python3.12/site-packages/airflow/example_dags/example_xcomargs.py
[2025-05-24T12:38:39.082+0000] {processor.py:925} INFO - DAG(s) 'example_xcom_args_with_operators', 'example_xcom_args' retrieved from /home/airflow/.local/lib/python3.12/site-packages/airflow/example_dags/example_xcomargs.py
[2025-05-24T12:38:39.099+0000] {logging_mixin.py:190} INFO - [2025-05-24T12:38:39.099+0000] {dag.py:3239} INFO - Sync 2 DAGs
[2025-05-24T12:38:39.107+0000] {logging_mixin.py:190} INFO - [2025-05-24T12:38:39.107+0000] {dag.py:4180} INFO - Setting next_dagrun for example_xcom_args to None, run_after=None
[2025-05-24T12:38:39.110+0000] {logging_mixin.py:190} INFO - [2025-05-24T12:38:39.110+0000] {dag.py:4180} INFO - Setting next_dagrun for example_xcom_args_with_operators to None, run_after=None
[2025-05-24T12:38:39.122+0000] {processor.py:208} INFO - Processing /home/airflow/.local/lib/python3.12/site-packages/airflow/example_dags/example_xcomargs.py took 0.051 seconds
[2025-05-24T12:39:09.936+0000] {processor.py:186} INFO - Started process (PID=1444) to work on /home/airflow/.local/lib/python3.12/site-packages/airflow/example_dags/example_xcomargs.py
[2025-05-24T12:39:09.936+0000] {processor.py:914} INFO - Processing file /home/airflow/.local/lib/python3.12/site-packages/airflow/example_dags/example_xcomargs.py for tasks to queue
[2025-05-24T12:39:09.937+0000] {logging_mixin.py:190} INFO - [2025-05-24T12:39:09.937+0000] {dagbag.py:588} INFO - Filling up the DagBag from /home/airflow/.local/lib/python3.12/site-packages/airflow/example_dags/example_xcomargs.py
[2025-05-24T12:39:09.944+0000] {processor.py:925} INFO - DAG(s) 'example_xcom_args', 'example_xcom_args_with_operators' retrieved from /home/airflow/.local/lib/python3.12/site-packages/airflow/example_dags/example_xcomargs.py
[2025-05-24T12:39:09.962+0000] {logging_mixin.py:190} INFO - [2025-05-24T12:39:09.962+0000] {dag.py:3239} INFO - Sync 2 DAGs
[2025-05-24T12:39:09.968+0000] {logging_mixin.py:190} INFO - [2025-05-24T12:39:09.968+0000] {dag.py:4180} INFO - Setting next_dagrun for example_xcom_args to None, run_after=None
[2025-05-24T12:39:09.970+0000] {logging_mixin.py:190} INFO - [2025-05-24T12:39:09.970+0000] {dag.py:4180} INFO - Setting next_dagrun for example_xcom_args_with_operators to None, run_after=None
[2025-05-24T12:39:09.982+0000] {processor.py:208} INFO - Processing /home/airflow/.local/lib/python3.12/site-packages/airflow/example_dags/example_xcomargs.py took 0.049 seconds
[2025-05-24T12:39:40.836+0000] {processor.py:186} INFO - Started process (PID=1740) to work on /home/airflow/.local/lib/python3.12/site-packages/airflow/example_dags/example_xcomargs.py
[2025-05-24T12:39:40.836+0000] {processor.py:914} INFO - Processing file /home/airflow/.local/lib/python3.12/site-packages/airflow/example_dags/example_xcomargs.py for tasks to queue
[2025-05-24T12:39:40.838+0000] {logging_mixin.py:190} INFO - [2025-05-24T12:39:40.837+0000] {dagbag.py:588} INFO - Filling up the DagBag from /home/airflow/.local/lib/python3.12/site-packages/airflow/example_dags/example_xcomargs.py
[2025-05-24T12:39:40.844+0000] {processor.py:925} INFO - DAG(s) 'example_xcom_args', 'example_xcom_args_with_operators' retrieved from /home/airflow/.local/lib/python3.12/site-packages/airflow/example_dags/example_xcomargs.py
[2025-05-24T12:39:40.860+0000] {logging_mixin.py:190} INFO - [2025-05-24T12:39:40.860+0000] {dag.py:3239} INFO - Sync 2 DAGs
[2025-05-24T12:39:40.870+0000] {logging_mixin.py:190} INFO - [2025-05-24T12:39:40.870+0000] {dag.py:4180} INFO - Setting next_dagrun for example_xcom_args to None, run_after=None
[2025-05-24T12:39:40.873+0000] {logging_mixin.py:190} INFO - [2025-05-24T12:39:40.873+0000] {dag.py:4180} INFO - Setting next_dagrun for example_xcom_args_with_operators to None, run_after=None
[2025-05-24T12:39:40.884+0000] {processor.py:208} INFO - Processing /home/airflow/.local/lib/python3.12/site-packages/airflow/example_dags/example_xcomargs.py took 0.051 seconds
[2025-05-24T12:40:11.824+0000] {processor.py:186} INFO - Started process (PID=2036) to work on /home/airflow/.local/lib/python3.12/site-packages/airflow/example_dags/example_xcomargs.py
[2025-05-24T12:40:11.825+0000] {processor.py:914} INFO - Processing file /home/airflow/.local/lib/python3.12/site-packages/airflow/example_dags/example_xcomargs.py for tasks to queue
[2025-05-24T12:40:11.826+0000] {logging_mixin.py:190} INFO - [2025-05-24T12:40:11.826+0000] {dagbag.py:588} INFO - Filling up the DagBag from /home/airflow/.local/lib/python3.12/site-packages/airflow/example_dags/example_xcomargs.py
[2025-05-24T12:40:11.832+0000] {processor.py:925} INFO - DAG(s) 'example_xcom_args', 'example_xcom_args_with_operators' retrieved from /home/airflow/.local/lib/python3.12/site-packages/airflow/example_dags/example_xcomargs.py
[2025-05-24T12:40:11.847+0000] {logging_mixin.py:190} INFO - [2025-05-24T12:40:11.847+0000] {dag.py:3239} INFO - Sync 2 DAGs
[2025-05-24T12:40:11.858+0000] {logging_mixin.py:190} INFO - [2025-05-24T12:40:11.858+0000] {dag.py:4180} INFO - Setting next_dagrun for example_xcom_args to None, run_after=None
[2025-05-24T12:40:11.860+0000] {logging_mixin.py:190} INFO - [2025-05-24T12:40:11.860+0000] {dag.py:4180} INFO - Setting next_dagrun for example_xcom_args_with_operators to None, run_after=None
[2025-05-24T12:40:11.869+0000] {processor.py:208} INFO - Processing /home/airflow/.local/lib/python3.12/site-packages/airflow/example_dags/example_xcomargs.py took 0.048 seconds
[2025-05-24T12:40:42.705+0000] {processor.py:186} INFO - Started process (PID=2334) to work on /home/airflow/.local/lib/python3.12/site-packages/airflow/example_dags/example_xcomargs.py
[2025-05-24T12:40:42.706+0000] {processor.py:914} INFO - Processing file /home/airflow/.local/lib/python3.12/site-packages/airflow/example_dags/example_xcomargs.py for tasks to queue
[2025-05-24T12:40:42.707+0000] {logging_mixin.py:190} INFO - [2025-05-24T12:40:42.707+0000] {dagbag.py:588} INFO - Filling up the DagBag from /home/airflow/.local/lib/python3.12/site-packages/airflow/example_dags/example_xcomargs.py
[2025-05-24T12:40:42.712+0000] {processor.py:925} INFO - DAG(s) 'example_xcom_args_with_operators', 'example_xcom_args' retrieved from /home/airflow/.local/lib/python3.12/site-packages/airflow/example_dags/example_xcomargs.py
[2025-05-24T12:40:42.729+0000] {logging_mixin.py:190} INFO - [2025-05-24T12:40:42.729+0000] {dag.py:3239} INFO - Sync 2 DAGs
[2025-05-24T12:40:42.737+0000] {logging_mixin.py:190} INFO - [2025-05-24T12:40:42.737+0000] {dag.py:4180} INFO - Setting next_dagrun for example_xcom_args to None, run_after=None
[2025-05-24T12:40:42.740+0000] {logging_mixin.py:190} INFO - [2025-05-24T12:40:42.740+0000] {dag.py:4180} INFO - Setting next_dagrun for example_xcom_args_with_operators to None, run_after=None
[2025-05-24T12:40:42.751+0000] {processor.py:208} INFO - Processing /home/airflow/.local/lib/python3.12/site-packages/airflow/example_dags/example_xcomargs.py took 0.049 seconds
[2025-05-24T12:41:13.561+0000] {processor.py:186} INFO - Started process (PID=2628) to work on /home/airflow/.local/lib/python3.12/site-packages/airflow/example_dags/example_xcomargs.py
[2025-05-24T12:41:13.563+0000] {processor.py:914} INFO - Processing file /home/airflow/.local/lib/python3.12/site-packages/airflow/example_dags/example_xcomargs.py for tasks to queue
[2025-05-24T12:41:13.564+0000] {logging_mixin.py:190} INFO - [2025-05-24T12:41:13.564+0000] {dagbag.py:588} INFO - Filling up the DagBag from /home/airflow/.local/lib/python3.12/site-packages/airflow/example_dags/example_xcomargs.py
[2025-05-24T12:41:13.571+0000] {processor.py:925} INFO - DAG(s) 'example_xcom_args_with_operators', 'example_xcom_args' retrieved from /home/airflow/.local/lib/python3.12/site-packages/airflow/example_dags/example_xcomargs.py
[2025-05-24T12:41:13.589+0000] {logging_mixin.py:190} INFO - [2025-05-24T12:41:13.589+0000] {dag.py:3239} INFO - Sync 2 DAGs
[2025-05-24T12:41:13.596+0000] {logging_mixin.py:190} INFO - [2025-05-24T12:41:13.596+0000] {dag.py:4180} INFO - Setting next_dagrun for example_xcom_args to None, run_after=None
[2025-05-24T12:41:13.600+0000] {logging_mixin.py:190} INFO - [2025-05-24T12:41:13.599+0000] {dag.py:4180} INFO - Setting next_dagrun for example_xcom_args_with_operators to None, run_after=None
[2025-05-24T12:41:13.610+0000] {processor.py:208} INFO - Processing /home/airflow/.local/lib/python3.12/site-packages/airflow/example_dags/example_xcomargs.py took 0.052 seconds
[2025-05-24T12:41:44.469+0000] {processor.py:186} INFO - Started process (PID=2923) to work on /home/airflow/.local/lib/python3.12/site-packages/airflow/example_dags/example_xcomargs.py
[2025-05-24T12:41:44.469+0000] {processor.py:914} INFO - Processing file /home/airflow/.local/lib/python3.12/site-packages/airflow/example_dags/example_xcomargs.py for tasks to queue
[2025-05-24T12:41:44.471+0000] {logging_mixin.py:190} INFO - [2025-05-24T12:41:44.471+0000] {dagbag.py:588} INFO - Filling up the DagBag from /home/airflow/.local/lib/python3.12/site-packages/airflow/example_dags/example_xcomargs.py
[2025-05-24T12:41:44.476+0000] {processor.py:925} INFO - DAG(s) 'example_xcom_args_with_operators', 'example_xcom_args' retrieved from /home/airflow/.local/lib/python3.12/site-packages/airflow/example_dags/example_xcomargs.py
[2025-05-24T12:41:44.489+0000] {logging_mixin.py:190} INFO - [2025-05-24T12:41:44.489+0000] {dag.py:3239} INFO - Sync 2 DAGs
[2025-05-24T12:41:44.496+0000] {logging_mixin.py:190} INFO - [2025-05-24T12:41:44.496+0000] {dag.py:4180} INFO - Setting next_dagrun for example_xcom_args to None, run_after=None
[2025-05-24T12:41:44.498+0000] {logging_mixin.py:190} INFO - [2025-05-24T12:41:44.498+0000] {dag.py:4180} INFO - Setting next_dagrun for example_xcom_args_with_operators to None, run_after=None
[2025-05-24T12:41:44.507+0000] {processor.py:208} INFO - Processing /home/airflow/.local/lib/python3.12/site-packages/airflow/example_dags/example_xcomargs.py took 0.041 seconds
[2025-05-24T12:42:15.326+0000] {processor.py:186} INFO - Started process (PID=3219) to work on /home/airflow/.local/lib/python3.12/site-packages/airflow/example_dags/example_xcomargs.py
[2025-05-24T12:42:15.327+0000] {processor.py:914} INFO - Processing file /home/airflow/.local/lib/python3.12/site-packages/airflow/example_dags/example_xcomargs.py for tasks to queue
[2025-05-24T12:42:15.328+0000] {logging_mixin.py:190} INFO - [2025-05-24T12:42:15.328+0000] {dagbag.py:588} INFO - Filling up the DagBag from /home/airflow/.local/lib/python3.12/site-packages/airflow/example_dags/example_xcomargs.py
[2025-05-24T12:42:15.332+0000] {processor.py:925} INFO - DAG(s) 'example_xcom_args_with_operators', 'example_xcom_args' retrieved from /home/airflow/.local/lib/python3.12/site-packages/airflow/example_dags/example_xcomargs.py
[2025-05-24T12:42:15.349+0000] {logging_mixin.py:190} INFO - [2025-05-24T12:42:15.348+0000] {dag.py:3239} INFO - Sync 2 DAGs
[2025-05-24T12:42:15.359+0000] {logging_mixin.py:190} INFO - [2025-05-24T12:42:15.359+0000] {dag.py:4180} INFO - Setting next_dagrun for example_xcom_args to None, run_after=None
[2025-05-24T12:42:15.361+0000] {logging_mixin.py:190} INFO - [2025-05-24T12:42:15.361+0000] {dag.py:4180} INFO - Setting next_dagrun for example_xcom_args_with_operators to None, run_after=None
[2025-05-24T12:42:15.369+0000] {processor.py:208} INFO - Processing /home/airflow/.local/lib/python3.12/site-packages/airflow/example_dags/example_xcomargs.py took 0.046 seconds
