[2025-05-24T12:37:08.813+0000] {processor.py:186} INFO - Started process (PID=396) to work on /home/airflow/.local/lib/python3.12/site-packages/airflow/example_dags/tutorial_dag.py
[2025-05-24T12:37:08.813+0000] {processor.py:914} INFO - Processing file /home/airflow/.local/lib/python3.12/site-packages/airflow/example_dags/tutorial_dag.py for tasks to queue
[2025-05-24T12:37:08.815+0000] {logging_mixin.py:190} INFO - [2025-05-24T12:37:08.815+0000] {dagbag.py:588} INFO - Filling up the DagBag from /home/airflow/.local/lib/python3.12/site-packages/airflow/example_dags/tutorial_dag.py
[2025-05-24T12:37:08.820+0000] {processor.py:925} INFO - DAG(s) 'tutorial_dag' retrieved from /home/airflow/.local/lib/python3.12/site-packages/airflow/example_dags/tutorial_dag.py
[2025-05-24T12:37:08.837+0000] {logging_mixin.py:190} INFO - [2025-05-24T12:37:08.837+0000] {dag.py:3239} INFO - Sync 1 DAGs
[2025-05-24T12:37:08.851+0000] {logging_mixin.py:190} INFO - [2025-05-24T12:37:08.851+0000] {dag.py:4180} INFO - Setting next_dagrun for tutorial_dag to None, run_after=None
[2025-05-24T12:37:08.865+0000] {processor.py:208} INFO - Processing /home/airflow/.local/lib/python3.12/site-packages/airflow/example_dags/tutorial_dag.py took 0.056 seconds
[2025-05-24T12:37:39.046+0000] {processor.py:186} INFO - Started process (PID=692) to work on /home/airflow/.local/lib/python3.12/site-packages/airflow/example_dags/tutorial_dag.py
[2025-05-24T12:37:39.048+0000] {processor.py:914} INFO - Processing file /home/airflow/.local/lib/python3.12/site-packages/airflow/example_dags/tutorial_dag.py for tasks to queue
[2025-05-24T12:37:39.049+0000] {logging_mixin.py:190} INFO - [2025-05-24T12:37:39.049+0000] {dagbag.py:588} INFO - Filling up the DagBag from /home/airflow/.local/lib/python3.12/site-packages/airflow/example_dags/tutorial_dag.py
[2025-05-24T12:37:39.053+0000] {processor.py:925} INFO - DAG(s) 'tutorial_dag' retrieved from /home/airflow/.local/lib/python3.12/site-packages/airflow/example_dags/tutorial_dag.py
[2025-05-24T12:37:39.063+0000] {logging_mixin.py:190} INFO - [2025-05-24T12:37:39.063+0000] {dag.py:3239} INFO - Sync 1 DAGs
[2025-05-24T12:37:39.070+0000] {logging_mixin.py:190} INFO - [2025-05-24T12:37:39.070+0000] {dag.py:4180} INFO - Setting next_dagrun for tutorial_dag to None, run_after=None
[2025-05-24T12:37:39.081+0000] {processor.py:208} INFO - Processing /home/airflow/.local/lib/python3.12/site-packages/airflow/example_dags/tutorial_dag.py took 0.039 seconds
[2025-05-24T12:38:10.264+0000] {processor.py:186} INFO - Started process (PID=987) to work on /home/airflow/.local/lib/python3.12/site-packages/airflow/example_dags/tutorial_dag.py
[2025-05-24T12:38:10.265+0000] {processor.py:914} INFO - Processing file /home/airflow/.local/lib/python3.12/site-packages/airflow/example_dags/tutorial_dag.py for tasks to queue
[2025-05-24T12:38:10.266+0000] {logging_mixin.py:190} INFO - [2025-05-24T12:38:10.266+0000] {dagbag.py:588} INFO - Filling up the DagBag from /home/airflow/.local/lib/python3.12/site-packages/airflow/example_dags/tutorial_dag.py
[2025-05-24T12:38:10.270+0000] {processor.py:925} INFO - DAG(s) 'tutorial_dag' retrieved from /home/airflow/.local/lib/python3.12/site-packages/airflow/example_dags/tutorial_dag.py
[2025-05-24T12:38:10.284+0000] {logging_mixin.py:190} INFO - [2025-05-24T12:38:10.284+0000] {dag.py:3239} INFO - Sync 1 DAGs
[2025-05-24T12:38:10.293+0000] {logging_mixin.py:190} INFO - [2025-05-24T12:38:10.292+0000] {dag.py:4180} INFO - Setting next_dagrun for tutorial_dag to None, run_after=None
[2025-05-24T12:38:10.307+0000] {processor.py:208} INFO - Processing /home/airflow/.local/lib/python3.12/site-packages/airflow/example_dags/tutorial_dag.py took 0.047 seconds
[2025-05-24T12:38:41.107+0000] {processor.py:186} INFO - Started process (PID=1283) to work on /home/airflow/.local/lib/python3.12/site-packages/airflow/example_dags/tutorial_dag.py
[2025-05-24T12:38:41.108+0000] {processor.py:914} INFO - Processing file /home/airflow/.local/lib/python3.12/site-packages/airflow/example_dags/tutorial_dag.py for tasks to queue
[2025-05-24T12:38:41.111+0000] {logging_mixin.py:190} INFO - [2025-05-24T12:38:41.110+0000] {dagbag.py:588} INFO - Filling up the DagBag from /home/airflow/.local/lib/python3.12/site-packages/airflow/example_dags/tutorial_dag.py
[2025-05-24T12:38:41.119+0000] {processor.py:925} INFO - DAG(s) 'tutorial_dag' retrieved from /home/airflow/.local/lib/python3.12/site-packages/airflow/example_dags/tutorial_dag.py
[2025-05-24T12:38:41.140+0000] {logging_mixin.py:190} INFO - [2025-05-24T12:38:41.140+0000] {dag.py:3239} INFO - Sync 1 DAGs
[2025-05-24T12:38:41.148+0000] {logging_mixin.py:190} INFO - [2025-05-24T12:38:41.148+0000] {dag.py:4180} INFO - Setting next_dagrun for tutorial_dag to None, run_after=None
[2025-05-24T12:38:41.162+0000] {processor.py:208} INFO - Processing /home/airflow/.local/lib/python3.12/site-packages/airflow/example_dags/tutorial_dag.py took 0.058 seconds
[2025-05-24T12:39:12.116+0000] {processor.py:186} INFO - Started process (PID=1579) to work on /home/airflow/.local/lib/python3.12/site-packages/airflow/example_dags/tutorial_dag.py
[2025-05-24T12:39:12.117+0000] {processor.py:914} INFO - Processing file /home/airflow/.local/lib/python3.12/site-packages/airflow/example_dags/tutorial_dag.py for tasks to queue
[2025-05-24T12:39:12.118+0000] {logging_mixin.py:190} INFO - [2025-05-24T12:39:12.117+0000] {dagbag.py:588} INFO - Filling up the DagBag from /home/airflow/.local/lib/python3.12/site-packages/airflow/example_dags/tutorial_dag.py
[2025-05-24T12:39:12.121+0000] {processor.py:925} INFO - DAG(s) 'tutorial_dag' retrieved from /home/airflow/.local/lib/python3.12/site-packages/airflow/example_dags/tutorial_dag.py
[2025-05-24T12:39:12.131+0000] {logging_mixin.py:190} INFO - [2025-05-24T12:39:12.131+0000] {dag.py:3239} INFO - Sync 1 DAGs
[2025-05-24T12:39:12.138+0000] {logging_mixin.py:190} INFO - [2025-05-24T12:39:12.138+0000] {dag.py:4180} INFO - Setting next_dagrun for tutorial_dag to None, run_after=None
[2025-05-24T12:39:12.146+0000] {processor.py:208} INFO - Processing /home/airflow/.local/lib/python3.12/site-packages/airflow/example_dags/tutorial_dag.py took 0.033 seconds
[2025-05-24T12:39:43.086+0000] {processor.py:186} INFO - Started process (PID=1875) to work on /home/airflow/.local/lib/python3.12/site-packages/airflow/example_dags/tutorial_dag.py
[2025-05-24T12:39:43.086+0000] {processor.py:914} INFO - Processing file /home/airflow/.local/lib/python3.12/site-packages/airflow/example_dags/tutorial_dag.py for tasks to queue
[2025-05-24T12:39:43.087+0000] {logging_mixin.py:190} INFO - [2025-05-24T12:39:43.087+0000] {dagbag.py:588} INFO - Filling up the DagBag from /home/airflow/.local/lib/python3.12/site-packages/airflow/example_dags/tutorial_dag.py
[2025-05-24T12:39:43.091+0000] {processor.py:925} INFO - DAG(s) 'tutorial_dag' retrieved from /home/airflow/.local/lib/python3.12/site-packages/airflow/example_dags/tutorial_dag.py
[2025-05-24T12:39:43.100+0000] {logging_mixin.py:190} INFO - [2025-05-24T12:39:43.100+0000] {dag.py:3239} INFO - Sync 1 DAGs
[2025-05-24T12:39:43.107+0000] {logging_mixin.py:190} INFO - [2025-05-24T12:39:43.107+0000] {dag.py:4180} INFO - Setting next_dagrun for tutorial_dag to None, run_after=None
[2025-05-24T12:39:43.116+0000] {processor.py:208} INFO - Processing /home/airflow/.local/lib/python3.12/site-packages/airflow/example_dags/tutorial_dag.py took 0.033 seconds
[2025-05-24T12:40:14.032+0000] {processor.py:186} INFO - Started process (PID=2171) to work on /home/airflow/.local/lib/python3.12/site-packages/airflow/example_dags/tutorial_dag.py
[2025-05-24T12:40:14.032+0000] {processor.py:914} INFO - Processing file /home/airflow/.local/lib/python3.12/site-packages/airflow/example_dags/tutorial_dag.py for tasks to queue
[2025-05-24T12:40:14.034+0000] {logging_mixin.py:190} INFO - [2025-05-24T12:40:14.034+0000] {dagbag.py:588} INFO - Filling up the DagBag from /home/airflow/.local/lib/python3.12/site-packages/airflow/example_dags/tutorial_dag.py
[2025-05-24T12:40:14.038+0000] {processor.py:925} INFO - DAG(s) 'tutorial_dag' retrieved from /home/airflow/.local/lib/python3.12/site-packages/airflow/example_dags/tutorial_dag.py
[2025-05-24T12:40:14.047+0000] {logging_mixin.py:190} INFO - [2025-05-24T12:40:14.047+0000] {dag.py:3239} INFO - Sync 1 DAGs
[2025-05-24T12:40:14.055+0000] {logging_mixin.py:190} INFO - [2025-05-24T12:40:14.054+0000] {dag.py:4180} INFO - Setting next_dagrun for tutorial_dag to None, run_after=None
[2025-05-24T12:40:14.065+0000] {processor.py:208} INFO - Processing /home/airflow/.local/lib/python3.12/site-packages/airflow/example_dags/tutorial_dag.py took 0.036 seconds
[2025-05-24T12:40:44.883+0000] {processor.py:186} INFO - Started process (PID=2467) to work on /home/airflow/.local/lib/python3.12/site-packages/airflow/example_dags/tutorial_dag.py
[2025-05-24T12:40:44.883+0000] {processor.py:914} INFO - Processing file /home/airflow/.local/lib/python3.12/site-packages/airflow/example_dags/tutorial_dag.py for tasks to queue
[2025-05-24T12:40:44.885+0000] {logging_mixin.py:190} INFO - [2025-05-24T12:40:44.884+0000] {dagbag.py:588} INFO - Filling up the DagBag from /home/airflow/.local/lib/python3.12/site-packages/airflow/example_dags/tutorial_dag.py
[2025-05-24T12:40:44.889+0000] {processor.py:925} INFO - DAG(s) 'tutorial_dag' retrieved from /home/airflow/.local/lib/python3.12/site-packages/airflow/example_dags/tutorial_dag.py
[2025-05-24T12:40:44.899+0000] {logging_mixin.py:190} INFO - [2025-05-24T12:40:44.899+0000] {dag.py:3239} INFO - Sync 1 DAGs
[2025-05-24T12:40:44.906+0000] {logging_mixin.py:190} INFO - [2025-05-24T12:40:44.906+0000] {dag.py:4180} INFO - Setting next_dagrun for tutorial_dag to None, run_after=None
[2025-05-24T12:40:44.915+0000] {processor.py:208} INFO - Processing /home/airflow/.local/lib/python3.12/site-packages/airflow/example_dags/tutorial_dag.py took 0.035 seconds
[2025-05-24T12:41:15.732+0000] {processor.py:186} INFO - Started process (PID=2763) to work on /home/airflow/.local/lib/python3.12/site-packages/airflow/example_dags/tutorial_dag.py
[2025-05-24T12:41:15.733+0000] {processor.py:914} INFO - Processing file /home/airflow/.local/lib/python3.12/site-packages/airflow/example_dags/tutorial_dag.py for tasks to queue
[2025-05-24T12:41:15.734+0000] {logging_mixin.py:190} INFO - [2025-05-24T12:41:15.734+0000] {dagbag.py:588} INFO - Filling up the DagBag from /home/airflow/.local/lib/python3.12/site-packages/airflow/example_dags/tutorial_dag.py
[2025-05-24T12:41:15.738+0000] {processor.py:925} INFO - DAG(s) 'tutorial_dag' retrieved from /home/airflow/.local/lib/python3.12/site-packages/airflow/example_dags/tutorial_dag.py
[2025-05-24T12:41:15.748+0000] {logging_mixin.py:190} INFO - [2025-05-24T12:41:15.747+0000] {dag.py:3239} INFO - Sync 1 DAGs
[2025-05-24T12:41:15.754+0000] {logging_mixin.py:190} INFO - [2025-05-24T12:41:15.754+0000] {dag.py:4180} INFO - Setting next_dagrun for tutorial_dag to None, run_after=None
[2025-05-24T12:41:15.762+0000] {processor.py:208} INFO - Processing /home/airflow/.local/lib/python3.12/site-packages/airflow/example_dags/tutorial_dag.py took 0.033 seconds
[2025-05-24T12:41:46.674+0000] {processor.py:186} INFO - Started process (PID=3058) to work on /home/airflow/.local/lib/python3.12/site-packages/airflow/example_dags/tutorial_dag.py
[2025-05-24T12:41:46.674+0000] {processor.py:914} INFO - Processing file /home/airflow/.local/lib/python3.12/site-packages/airflow/example_dags/tutorial_dag.py for tasks to queue
[2025-05-24T12:41:46.676+0000] {logging_mixin.py:190} INFO - [2025-05-24T12:41:46.676+0000] {dagbag.py:588} INFO - Filling up the DagBag from /home/airflow/.local/lib/python3.12/site-packages/airflow/example_dags/tutorial_dag.py
[2025-05-24T12:41:46.680+0000] {processor.py:925} INFO - DAG(s) 'tutorial_dag' retrieved from /home/airflow/.local/lib/python3.12/site-packages/airflow/example_dags/tutorial_dag.py
[2025-05-24T12:41:46.690+0000] {logging_mixin.py:190} INFO - [2025-05-24T12:41:46.690+0000] {dag.py:3239} INFO - Sync 1 DAGs
[2025-05-24T12:41:46.698+0000] {logging_mixin.py:190} INFO - [2025-05-24T12:41:46.698+0000] {dag.py:4180} INFO - Setting next_dagrun for tutorial_dag to None, run_after=None
[2025-05-24T12:41:46.709+0000] {processor.py:208} INFO - Processing /home/airflow/.local/lib/python3.12/site-packages/airflow/example_dags/tutorial_dag.py took 0.038 seconds
[2025-05-24T12:42:17.502+0000] {processor.py:186} INFO - Started process (PID=3354) to work on /home/airflow/.local/lib/python3.12/site-packages/airflow/example_dags/tutorial_dag.py
[2025-05-24T12:42:17.503+0000] {processor.py:914} INFO - Processing file /home/airflow/.local/lib/python3.12/site-packages/airflow/example_dags/tutorial_dag.py for tasks to queue
[2025-05-24T12:42:17.504+0000] {logging_mixin.py:190} INFO - [2025-05-24T12:42:17.504+0000] {dagbag.py:588} INFO - Filling up the DagBag from /home/airflow/.local/lib/python3.12/site-packages/airflow/example_dags/tutorial_dag.py
[2025-05-24T12:42:17.508+0000] {processor.py:925} INFO - DAG(s) 'tutorial_dag' retrieved from /home/airflow/.local/lib/python3.12/site-packages/airflow/example_dags/tutorial_dag.py
[2025-05-24T12:42:17.519+0000] {logging_mixin.py:190} INFO - [2025-05-24T12:42:17.519+0000] {dag.py:3239} INFO - Sync 1 DAGs
[2025-05-24T12:42:17.526+0000] {logging_mixin.py:190} INFO - [2025-05-24T12:42:17.526+0000] {dag.py:4180} INFO - Setting next_dagrun for tutorial_dag to None, run_after=None
[2025-05-24T12:42:17.535+0000] {processor.py:208} INFO - Processing /home/airflow/.local/lib/python3.12/site-packages/airflow/example_dags/tutorial_dag.py took 0.037 seconds
