[2025-05-24T12:37:06.648+0000] {processor.py:186} INFO - Started process (PID=191) to work on /home/airflow/.local/lib/python3.12/site-packages/airflow/example_dags/tutorial_taskflow_api.py
[2025-05-24T12:37:06.649+0000] {processor.py:914} INFO - Processing file /home/airflow/.local/lib/python3.12/site-packages/airflow/example_dags/tutorial_taskflow_api.py for tasks to queue
[2025-05-24T12:37:06.650+0000] {logging_mixin.py:190} INFO - [2025-05-24T12:37:06.650+0000] {dagbag.py:588} INFO - Filling up the DagBag from /home/airflow/.local/lib/python3.12/site-packages/airflow/example_dags/tutorial_taskflow_api.py
[2025-05-24T12:37:06.655+0000] {processor.py:925} INFO - DAG(s) 'tutorial_taskflow_api' retrieved from /home/airflow/.local/lib/python3.12/site-packages/airflow/example_dags/tutorial_taskflow_api.py
[2025-05-24T12:37:06.670+0000] {logging_mixin.py:190} INFO - [2025-05-24T12:37:06.670+0000] {dag.py:3239} INFO - Sync 1 DAGs
[2025-05-24T12:37:06.677+0000] {logging_mixin.py:190} INFO - [2025-05-24T12:37:06.677+0000] {dag.py:4180} INFO - Setting next_dagrun for tutorial_taskflow_api to None, run_after=None
[2025-05-24T12:37:06.687+0000] {processor.py:208} INFO - Processing /home/airflow/.local/lib/python3.12/site-packages/airflow/example_dags/tutorial_taskflow_api.py took 0.042 seconds
[2025-05-24T12:37:36.953+0000] {processor.py:186} INFO - Started process (PID=486) to work on /home/airflow/.local/lib/python3.12/site-packages/airflow/example_dags/tutorial_taskflow_api.py
[2025-05-24T12:37:36.953+0000] {processor.py:914} INFO - Processing file /home/airflow/.local/lib/python3.12/site-packages/airflow/example_dags/tutorial_taskflow_api.py for tasks to queue
[2025-05-24T12:37:36.955+0000] {logging_mixin.py:190} INFO - [2025-05-24T12:37:36.955+0000] {dagbag.py:588} INFO - Filling up the DagBag from /home/airflow/.local/lib/python3.12/site-packages/airflow/example_dags/tutorial_taskflow_api.py
[2025-05-24T12:37:36.964+0000] {processor.py:925} INFO - DAG(s) 'tutorial_taskflow_api' retrieved from /home/airflow/.local/lib/python3.12/site-packages/airflow/example_dags/tutorial_taskflow_api.py
[2025-05-24T12:37:36.980+0000] {logging_mixin.py:190} INFO - [2025-05-24T12:37:36.980+0000] {dag.py:3239} INFO - Sync 1 DAGs
[2025-05-24T12:37:36.989+0000] {logging_mixin.py:190} INFO - [2025-05-24T12:37:36.989+0000] {dag.py:4180} INFO - Setting next_dagrun for tutorial_taskflow_api to None, run_after=None
[2025-05-24T12:37:37.013+0000] {processor.py:208} INFO - Processing /home/airflow/.local/lib/python3.12/site-packages/airflow/example_dags/tutorial_taskflow_api.py took 0.064 seconds
[2025-05-24T12:38:07.992+0000] {processor.py:186} INFO - Started process (PID=782) to work on /home/airflow/.local/lib/python3.12/site-packages/airflow/example_dags/tutorial_taskflow_api.py
[2025-05-24T12:38:07.993+0000] {processor.py:914} INFO - Processing file /home/airflow/.local/lib/python3.12/site-packages/airflow/example_dags/tutorial_taskflow_api.py for tasks to queue
[2025-05-24T12:38:07.995+0000] {logging_mixin.py:190} INFO - [2025-05-24T12:38:07.994+0000] {dagbag.py:588} INFO - Filling up the DagBag from /home/airflow/.local/lib/python3.12/site-packages/airflow/example_dags/tutorial_taskflow_api.py
[2025-05-24T12:38:08.000+0000] {processor.py:925} INFO - DAG(s) 'tutorial_taskflow_api' retrieved from /home/airflow/.local/lib/python3.12/site-packages/airflow/example_dags/tutorial_taskflow_api.py
[2025-05-24T12:38:08.020+0000] {logging_mixin.py:190} INFO - [2025-05-24T12:38:08.019+0000] {dag.py:3239} INFO - Sync 1 DAGs
[2025-05-24T12:38:08.027+0000] {logging_mixin.py:190} INFO - [2025-05-24T12:38:08.027+0000] {dag.py:4180} INFO - Setting next_dagrun for tutorial_taskflow_api to None, run_after=None
[2025-05-24T12:38:08.045+0000] {processor.py:208} INFO - Processing /home/airflow/.local/lib/python3.12/site-packages/airflow/example_dags/tutorial_taskflow_api.py took 0.056 seconds
[2025-05-24T12:38:38.578+0000] {processor.py:186} INFO - Started process (PID=1083) to work on /home/airflow/.local/lib/python3.12/site-packages/airflow/example_dags/tutorial_taskflow_api.py
[2025-05-24T12:38:38.579+0000] {processor.py:914} INFO - Processing file /home/airflow/.local/lib/python3.12/site-packages/airflow/example_dags/tutorial_taskflow_api.py for tasks to queue
[2025-05-24T12:38:38.580+0000] {logging_mixin.py:190} INFO - [2025-05-24T12:38:38.580+0000] {dagbag.py:588} INFO - Filling up the DagBag from /home/airflow/.local/lib/python3.12/site-packages/airflow/example_dags/tutorial_taskflow_api.py
[2025-05-24T12:38:38.584+0000] {processor.py:925} INFO - DAG(s) 'tutorial_taskflow_api' retrieved from /home/airflow/.local/lib/python3.12/site-packages/airflow/example_dags/tutorial_taskflow_api.py
[2025-05-24T12:38:38.599+0000] {logging_mixin.py:190} INFO - [2025-05-24T12:38:38.599+0000] {dag.py:3239} INFO - Sync 1 DAGs
[2025-05-24T12:38:38.606+0000] {logging_mixin.py:190} INFO - [2025-05-24T12:38:38.606+0000] {dag.py:4180} INFO - Setting next_dagrun for tutorial_taskflow_api to None, run_after=None
[2025-05-24T12:38:38.616+0000] {processor.py:208} INFO - Processing /home/airflow/.local/lib/python3.12/site-packages/airflow/example_dags/tutorial_taskflow_api.py took 0.041 seconds
[2025-05-24T12:39:09.517+0000] {processor.py:186} INFO - Started process (PID=1379) to work on /home/airflow/.local/lib/python3.12/site-packages/airflow/example_dags/tutorial_taskflow_api.py
[2025-05-24T12:39:09.518+0000] {processor.py:914} INFO - Processing file /home/airflow/.local/lib/python3.12/site-packages/airflow/example_dags/tutorial_taskflow_api.py for tasks to queue
[2025-05-24T12:39:09.519+0000] {logging_mixin.py:190} INFO - [2025-05-24T12:39:09.519+0000] {dagbag.py:588} INFO - Filling up the DagBag from /home/airflow/.local/lib/python3.12/site-packages/airflow/example_dags/tutorial_taskflow_api.py
[2025-05-24T12:39:09.523+0000] {processor.py:925} INFO - DAG(s) 'tutorial_taskflow_api' retrieved from /home/airflow/.local/lib/python3.12/site-packages/airflow/example_dags/tutorial_taskflow_api.py
[2025-05-24T12:39:09.535+0000] {logging_mixin.py:190} INFO - [2025-05-24T12:39:09.535+0000] {dag.py:3239} INFO - Sync 1 DAGs
[2025-05-24T12:39:09.543+0000] {logging_mixin.py:190} INFO - [2025-05-24T12:39:09.543+0000] {dag.py:4180} INFO - Setting next_dagrun for tutorial_taskflow_api to None, run_after=None
[2025-05-24T12:39:09.556+0000] {processor.py:208} INFO - Processing /home/airflow/.local/lib/python3.12/site-packages/airflow/example_dags/tutorial_taskflow_api.py took 0.043 seconds
[2025-05-24T12:39:40.442+0000] {processor.py:186} INFO - Started process (PID=1675) to work on /home/airflow/.local/lib/python3.12/site-packages/airflow/example_dags/tutorial_taskflow_api.py
[2025-05-24T12:39:40.443+0000] {processor.py:914} INFO - Processing file /home/airflow/.local/lib/python3.12/site-packages/airflow/example_dags/tutorial_taskflow_api.py for tasks to queue
[2025-05-24T12:39:40.444+0000] {logging_mixin.py:190} INFO - [2025-05-24T12:39:40.444+0000] {dagbag.py:588} INFO - Filling up the DagBag from /home/airflow/.local/lib/python3.12/site-packages/airflow/example_dags/tutorial_taskflow_api.py
[2025-05-24T12:39:40.448+0000] {processor.py:925} INFO - DAG(s) 'tutorial_taskflow_api' retrieved from /home/airflow/.local/lib/python3.12/site-packages/airflow/example_dags/tutorial_taskflow_api.py
[2025-05-24T12:39:40.466+0000] {logging_mixin.py:190} INFO - [2025-05-24T12:39:40.466+0000] {dag.py:3239} INFO - Sync 1 DAGs
[2025-05-24T12:39:40.474+0000] {logging_mixin.py:190} INFO - [2025-05-24T12:39:40.474+0000] {dag.py:4180} INFO - Setting next_dagrun for tutorial_taskflow_api to None, run_after=None
[2025-05-24T12:39:40.490+0000] {processor.py:208} INFO - Processing /home/airflow/.local/lib/python3.12/site-packages/airflow/example_dags/tutorial_taskflow_api.py took 0.051 seconds
[2025-05-24T12:40:11.413+0000] {processor.py:186} INFO - Started process (PID=1971) to work on /home/airflow/.local/lib/python3.12/site-packages/airflow/example_dags/tutorial_taskflow_api.py
[2025-05-24T12:40:11.414+0000] {processor.py:914} INFO - Processing file /home/airflow/.local/lib/python3.12/site-packages/airflow/example_dags/tutorial_taskflow_api.py for tasks to queue
[2025-05-24T12:40:11.416+0000] {logging_mixin.py:190} INFO - [2025-05-24T12:40:11.416+0000] {dagbag.py:588} INFO - Filling up the DagBag from /home/airflow/.local/lib/python3.12/site-packages/airflow/example_dags/tutorial_taskflow_api.py
[2025-05-24T12:40:11.421+0000] {processor.py:925} INFO - DAG(s) 'tutorial_taskflow_api' retrieved from /home/airflow/.local/lib/python3.12/site-packages/airflow/example_dags/tutorial_taskflow_api.py
[2025-05-24T12:40:11.434+0000] {logging_mixin.py:190} INFO - [2025-05-24T12:40:11.433+0000] {dag.py:3239} INFO - Sync 1 DAGs
[2025-05-24T12:40:11.440+0000] {logging_mixin.py:190} INFO - [2025-05-24T12:40:11.440+0000] {dag.py:4180} INFO - Setting next_dagrun for tutorial_taskflow_api to None, run_after=None
[2025-05-24T12:40:11.449+0000] {processor.py:208} INFO - Processing /home/airflow/.local/lib/python3.12/site-packages/airflow/example_dags/tutorial_taskflow_api.py took 0.039 seconds
[2025-05-24T12:40:42.246+0000] {processor.py:186} INFO - Started process (PID=2267) to work on /home/airflow/.local/lib/python3.12/site-packages/airflow/example_dags/tutorial_taskflow_api.py
[2025-05-24T12:40:42.247+0000] {processor.py:914} INFO - Processing file /home/airflow/.local/lib/python3.12/site-packages/airflow/example_dags/tutorial_taskflow_api.py for tasks to queue
[2025-05-24T12:40:42.249+0000] {logging_mixin.py:190} INFO - [2025-05-24T12:40:42.249+0000] {dagbag.py:588} INFO - Filling up the DagBag from /home/airflow/.local/lib/python3.12/site-packages/airflow/example_dags/tutorial_taskflow_api.py
[2025-05-24T12:40:42.253+0000] {processor.py:925} INFO - DAG(s) 'tutorial_taskflow_api' retrieved from /home/airflow/.local/lib/python3.12/site-packages/airflow/example_dags/tutorial_taskflow_api.py
[2025-05-24T12:40:42.263+0000] {logging_mixin.py:190} INFO - [2025-05-24T12:40:42.262+0000] {dag.py:3239} INFO - Sync 1 DAGs
[2025-05-24T12:40:42.271+0000] {logging_mixin.py:190} INFO - [2025-05-24T12:40:42.270+0000] {dag.py:4180} INFO - Setting next_dagrun for tutorial_taskflow_api to None, run_after=None
[2025-05-24T12:40:42.282+0000] {processor.py:208} INFO - Processing /home/airflow/.local/lib/python3.12/site-packages/airflow/example_dags/tutorial_taskflow_api.py took 0.039 seconds
[2025-05-24T12:41:13.179+0000] {processor.py:186} INFO - Started process (PID=2563) to work on /home/airflow/.local/lib/python3.12/site-packages/airflow/example_dags/tutorial_taskflow_api.py
[2025-05-24T12:41:13.182+0000] {processor.py:914} INFO - Processing file /home/airflow/.local/lib/python3.12/site-packages/airflow/example_dags/tutorial_taskflow_api.py for tasks to queue
[2025-05-24T12:41:13.183+0000] {logging_mixin.py:190} INFO - [2025-05-24T12:41:13.183+0000] {dagbag.py:588} INFO - Filling up the DagBag from /home/airflow/.local/lib/python3.12/site-packages/airflow/example_dags/tutorial_taskflow_api.py
[2025-05-24T12:41:13.187+0000] {processor.py:925} INFO - DAG(s) 'tutorial_taskflow_api' retrieved from /home/airflow/.local/lib/python3.12/site-packages/airflow/example_dags/tutorial_taskflow_api.py
[2025-05-24T12:41:13.197+0000] {logging_mixin.py:190} INFO - [2025-05-24T12:41:13.197+0000] {dag.py:3239} INFO - Sync 1 DAGs
[2025-05-24T12:41:13.204+0000] {logging_mixin.py:190} INFO - [2025-05-24T12:41:13.204+0000] {dag.py:4180} INFO - Setting next_dagrun for tutorial_taskflow_api to None, run_after=None
[2025-05-24T12:41:13.214+0000] {processor.py:208} INFO - Processing /home/airflow/.local/lib/python3.12/site-packages/airflow/example_dags/tutorial_taskflow_api.py took 0.039 seconds
[2025-05-24T12:41:43.979+0000] {processor.py:186} INFO - Started process (PID=2858) to work on /home/airflow/.local/lib/python3.12/site-packages/airflow/example_dags/tutorial_taskflow_api.py
[2025-05-24T12:41:43.982+0000] {processor.py:914} INFO - Processing file /home/airflow/.local/lib/python3.12/site-packages/airflow/example_dags/tutorial_taskflow_api.py for tasks to queue
[2025-05-24T12:41:43.984+0000] {logging_mixin.py:190} INFO - [2025-05-24T12:41:43.983+0000] {dagbag.py:588} INFO - Filling up the DagBag from /home/airflow/.local/lib/python3.12/site-packages/airflow/example_dags/tutorial_taskflow_api.py
[2025-05-24T12:41:43.991+0000] {processor.py:925} INFO - DAG(s) 'tutorial_taskflow_api' retrieved from /home/airflow/.local/lib/python3.12/site-packages/airflow/example_dags/tutorial_taskflow_api.py
[2025-05-24T12:41:44.010+0000] {logging_mixin.py:190} INFO - [2025-05-24T12:41:44.010+0000] {dag.py:3239} INFO - Sync 1 DAGs
[2025-05-24T12:41:44.018+0000] {logging_mixin.py:190} INFO - [2025-05-24T12:41:44.017+0000] {dag.py:4180} INFO - Setting next_dagrun for tutorial_taskflow_api to None, run_after=None
[2025-05-24T12:41:44.039+0000] {processor.py:208} INFO - Processing /home/airflow/.local/lib/python3.12/site-packages/airflow/example_dags/tutorial_taskflow_api.py took 0.064 seconds
[2025-05-24T12:42:14.935+0000] {processor.py:186} INFO - Started process (PID=3154) to work on /home/airflow/.local/lib/python3.12/site-packages/airflow/example_dags/tutorial_taskflow_api.py
[2025-05-24T12:42:14.938+0000] {processor.py:914} INFO - Processing file /home/airflow/.local/lib/python3.12/site-packages/airflow/example_dags/tutorial_taskflow_api.py for tasks to queue
[2025-05-24T12:42:14.939+0000] {logging_mixin.py:190} INFO - [2025-05-24T12:42:14.939+0000] {dagbag.py:588} INFO - Filling up the DagBag from /home/airflow/.local/lib/python3.12/site-packages/airflow/example_dags/tutorial_taskflow_api.py
[2025-05-24T12:42:14.943+0000] {processor.py:925} INFO - DAG(s) 'tutorial_taskflow_api' retrieved from /home/airflow/.local/lib/python3.12/site-packages/airflow/example_dags/tutorial_taskflow_api.py
[2025-05-24T12:42:14.953+0000] {logging_mixin.py:190} INFO - [2025-05-24T12:42:14.953+0000] {dag.py:3239} INFO - Sync 1 DAGs
[2025-05-24T12:42:14.960+0000] {logging_mixin.py:190} INFO - [2025-05-24T12:42:14.960+0000] {dag.py:4180} INFO - Setting next_dagrun for tutorial_taskflow_api to None, run_after=None
[2025-05-24T12:42:14.974+0000] {processor.py:208} INFO - Processing /home/airflow/.local/lib/python3.12/site-packages/airflow/example_dags/tutorial_taskflow_api.py took 0.042 seconds
