[2025-05-24T12:37:06.514+0000] {processor.py:186} INFO - Started process (PID=173) to work on /opt/airflow/dags/exampledag.py
[2025-05-24T12:37:06.516+0000] {processor.py:914} INFO - Processing file /opt/airflow/dags/exampledag.py for tasks to queue
[2025-05-24T12:37:06.518+0000] {logging_mixin.py:190} INFO - [2025-05-24T12:37:06.518+0000] {dagbag.py:588} INFO - Filling up the DagBag from /opt/airflow/dags/exampledag.py
[2025-05-24T12:37:06.530+0000] {logging_mixin.py:190} INFO - [2025-05-24T12:37:06.527+0000] {dagbag.py:387} ERROR - Failed to import: /opt/airflow/dags/exampledag.py
Traceback (most recent call last):
  File "/home/airflow/.local/lib/python3.12/site-packages/airflow/models/dagbag.py", line 383, in parse
    loader.exec_module(new_module)
  File "<frozen importlib._bootstrap_external>", line 999, in exec_module
  File "<frozen importlib._bootstrap>", line 488, in _call_with_frames_removed
  File "/opt/airflow/dags/exampledag.py", line 23, in <module>
    from airflow.sdk.definitions.asset import Asset
ModuleNotFoundError: No module named 'airflow.sdk'
[2025-05-24T12:37:06.531+0000] {processor.py:927} WARNING - No viable dags retrieved from /opt/airflow/dags/exampledag.py
[2025-05-24T12:37:06.550+0000] {processor.py:208} INFO - Processing /opt/airflow/dags/exampledag.py took 0.040 seconds
[2025-05-24T12:37:36.791+0000] {processor.py:186} INFO - Started process (PID=468) to work on /opt/airflow/dags/exampledag.py
[2025-05-24T12:37:36.792+0000] {processor.py:914} INFO - Processing file /opt/airflow/dags/exampledag.py for tasks to queue
[2025-05-24T12:37:36.793+0000] {logging_mixin.py:190} INFO - [2025-05-24T12:37:36.793+0000] {dagbag.py:588} INFO - Filling up the DagBag from /opt/airflow/dags/exampledag.py
[2025-05-24T12:37:36.800+0000] {logging_mixin.py:190} INFO - [2025-05-24T12:37:36.799+0000] {dagbag.py:387} ERROR - Failed to import: /opt/airflow/dags/exampledag.py
Traceback (most recent call last):
  File "/home/airflow/.local/lib/python3.12/site-packages/airflow/models/dagbag.py", line 383, in parse
    loader.exec_module(new_module)
  File "<frozen importlib._bootstrap_external>", line 999, in exec_module
  File "<frozen importlib._bootstrap>", line 488, in _call_with_frames_removed
  File "/opt/airflow/dags/exampledag.py", line 23, in <module>
    from airflow.sdk.definitions.asset import Asset
ModuleNotFoundError: No module named 'airflow.sdk'
[2025-05-24T12:37:36.802+0000] {processor.py:927} WARNING - No viable dags retrieved from /opt/airflow/dags/exampledag.py
[2025-05-24T12:37:36.821+0000] {processor.py:208} INFO - Processing /opt/airflow/dags/exampledag.py took 0.033 seconds
[2025-05-24T12:38:07.848+0000] {processor.py:186} INFO - Started process (PID=764) to work on /opt/airflow/dags/exampledag.py
[2025-05-24T12:38:07.849+0000] {processor.py:914} INFO - Processing file /opt/airflow/dags/exampledag.py for tasks to queue
[2025-05-24T12:38:07.851+0000] {logging_mixin.py:190} INFO - [2025-05-24T12:38:07.851+0000] {dagbag.py:588} INFO - Filling up the DagBag from /opt/airflow/dags/exampledag.py
[2025-05-24T12:38:07.864+0000] {logging_mixin.py:190} INFO - [2025-05-24T12:38:07.862+0000] {dagbag.py:387} ERROR - Failed to import: /opt/airflow/dags/exampledag.py
Traceback (most recent call last):
  File "/home/airflow/.local/lib/python3.12/site-packages/airflow/models/dagbag.py", line 383, in parse
    loader.exec_module(new_module)
  File "<frozen importlib._bootstrap_external>", line 999, in exec_module
  File "<frozen importlib._bootstrap>", line 488, in _call_with_frames_removed
  File "/opt/airflow/dags/exampledag.py", line 23, in <module>
    from airflow.sdk.definitions.asset import Asset
ModuleNotFoundError: No module named 'airflow.sdk'
[2025-05-24T12:38:07.865+0000] {processor.py:927} WARNING - No viable dags retrieved from /opt/airflow/dags/exampledag.py
[2025-05-24T12:38:07.886+0000] {processor.py:208} INFO - Processing /opt/airflow/dags/exampledag.py took 0.044 seconds
[2025-05-24T12:38:38.387+0000] {processor.py:186} INFO - Started process (PID=1059) to work on /opt/airflow/dags/exampledag.py
[2025-05-24T12:38:38.390+0000] {processor.py:914} INFO - Processing file /opt/airflow/dags/exampledag.py for tasks to queue
[2025-05-24T12:38:38.413+0000] {logging_mixin.py:190} INFO - [2025-05-24T12:38:38.412+0000] {dagbag.py:588} INFO - Filling up the DagBag from /opt/airflow/dags/exampledag.py
[2025-05-24T12:38:38.423+0000] {logging_mixin.py:190} INFO - [2025-05-24T12:38:38.422+0000] {dagbag.py:387} ERROR - Failed to import: /opt/airflow/dags/exampledag.py
Traceback (most recent call last):
  File "/home/airflow/.local/lib/python3.12/site-packages/airflow/models/dagbag.py", line 383, in parse
    loader.exec_module(new_module)
  File "<frozen importlib._bootstrap_external>", line 999, in exec_module
  File "<frozen importlib._bootstrap>", line 488, in _call_with_frames_removed
  File "/opt/airflow/dags/exampledag.py", line 23, in <module>
    from airflow.sdk.definitions.asset import Asset
ModuleNotFoundError: No module named 'airflow.sdk'
[2025-05-24T12:38:38.424+0000] {processor.py:927} WARNING - No viable dags retrieved from /opt/airflow/dags/exampledag.py
[2025-05-24T12:38:38.448+0000] {processor.py:208} INFO - Processing /opt/airflow/dags/exampledag.py took 0.068 seconds
[2025-05-24T12:39:09.401+0000] {processor.py:186} INFO - Started process (PID=1361) to work on /opt/airflow/dags/exampledag.py
[2025-05-24T12:39:09.402+0000] {processor.py:914} INFO - Processing file /opt/airflow/dags/exampledag.py for tasks to queue
[2025-05-24T12:39:09.404+0000] {logging_mixin.py:190} INFO - [2025-05-24T12:39:09.403+0000] {dagbag.py:588} INFO - Filling up the DagBag from /opt/airflow/dags/exampledag.py
[2025-05-24T12:39:09.412+0000] {logging_mixin.py:190} INFO - [2025-05-24T12:39:09.411+0000] {dagbag.py:387} ERROR - Failed to import: /opt/airflow/dags/exampledag.py
Traceback (most recent call last):
  File "/home/airflow/.local/lib/python3.12/site-packages/airflow/models/dagbag.py", line 383, in parse
    loader.exec_module(new_module)
  File "<frozen importlib._bootstrap_external>", line 999, in exec_module
  File "<frozen importlib._bootstrap>", line 488, in _call_with_frames_removed
  File "/opt/airflow/dags/exampledag.py", line 23, in <module>
    from airflow.sdk.definitions.asset import Asset
ModuleNotFoundError: No module named 'airflow.sdk'
[2025-05-24T12:39:09.412+0000] {processor.py:927} WARNING - No viable dags retrieved from /opt/airflow/dags/exampledag.py
[2025-05-24T12:39:09.429+0000] {processor.py:208} INFO - Processing /opt/airflow/dags/exampledag.py took 0.033 seconds
[2025-05-24T12:39:40.319+0000] {processor.py:186} INFO - Started process (PID=1657) to work on /opt/airflow/dags/exampledag.py
[2025-05-24T12:39:40.322+0000] {processor.py:914} INFO - Processing file /opt/airflow/dags/exampledag.py for tasks to queue
[2025-05-24T12:39:40.324+0000] {logging_mixin.py:190} INFO - [2025-05-24T12:39:40.324+0000] {dagbag.py:588} INFO - Filling up the DagBag from /opt/airflow/dags/exampledag.py
[2025-05-24T12:39:40.332+0000] {logging_mixin.py:190} INFO - [2025-05-24T12:39:40.331+0000] {dagbag.py:387} ERROR - Failed to import: /opt/airflow/dags/exampledag.py
Traceback (most recent call last):
  File "/home/airflow/.local/lib/python3.12/site-packages/airflow/models/dagbag.py", line 383, in parse
    loader.exec_module(new_module)
  File "<frozen importlib._bootstrap_external>", line 999, in exec_module
  File "<frozen importlib._bootstrap>", line 488, in _call_with_frames_removed
  File "/opt/airflow/dags/exampledag.py", line 23, in <module>
    from airflow.sdk.definitions.asset import Asset
ModuleNotFoundError: No module named 'airflow.sdk'
[2025-05-24T12:39:40.333+0000] {processor.py:927} WARNING - No viable dags retrieved from /opt/airflow/dags/exampledag.py
[2025-05-24T12:39:40.352+0000] {processor.py:208} INFO - Processing /opt/airflow/dags/exampledag.py took 0.040 seconds
[2025-05-24T12:40:11.286+0000] {processor.py:186} INFO - Started process (PID=1953) to work on /opt/airflow/dags/exampledag.py
[2025-05-24T12:40:11.287+0000] {processor.py:914} INFO - Processing file /opt/airflow/dags/exampledag.py for tasks to queue
[2025-05-24T12:40:11.290+0000] {logging_mixin.py:190} INFO - [2025-05-24T12:40:11.290+0000] {dagbag.py:588} INFO - Filling up the DagBag from /opt/airflow/dags/exampledag.py
[2025-05-24T12:40:11.300+0000] {logging_mixin.py:190} INFO - [2025-05-24T12:40:11.297+0000] {dagbag.py:387} ERROR - Failed to import: /opt/airflow/dags/exampledag.py
Traceback (most recent call last):
  File "/home/airflow/.local/lib/python3.12/site-packages/airflow/models/dagbag.py", line 383, in parse
    loader.exec_module(new_module)
  File "<frozen importlib._bootstrap_external>", line 999, in exec_module
  File "<frozen importlib._bootstrap>", line 488, in _call_with_frames_removed
  File "/opt/airflow/dags/exampledag.py", line 23, in <module>
    from airflow.sdk.definitions.asset import Asset
ModuleNotFoundError: No module named 'airflow.sdk'
[2025-05-24T12:40:11.303+0000] {processor.py:927} WARNING - No viable dags retrieved from /opt/airflow/dags/exampledag.py
[2025-05-24T12:40:11.321+0000] {processor.py:208} INFO - Processing /opt/airflow/dags/exampledag.py took 0.042 seconds
[2025-05-24T12:40:42.129+0000] {processor.py:186} INFO - Started process (PID=2249) to work on /opt/airflow/dags/exampledag.py
[2025-05-24T12:40:42.129+0000] {processor.py:914} INFO - Processing file /opt/airflow/dags/exampledag.py for tasks to queue
[2025-05-24T12:40:42.131+0000] {logging_mixin.py:190} INFO - [2025-05-24T12:40:42.131+0000] {dagbag.py:588} INFO - Filling up the DagBag from /opt/airflow/dags/exampledag.py
[2025-05-24T12:40:42.143+0000] {logging_mixin.py:190} INFO - [2025-05-24T12:40:42.140+0000] {dagbag.py:387} ERROR - Failed to import: /opt/airflow/dags/exampledag.py
Traceback (most recent call last):
  File "/home/airflow/.local/lib/python3.12/site-packages/airflow/models/dagbag.py", line 383, in parse
    loader.exec_module(new_module)
  File "<frozen importlib._bootstrap_external>", line 999, in exec_module
  File "<frozen importlib._bootstrap>", line 488, in _call_with_frames_removed
  File "/opt/airflow/dags/exampledag.py", line 23, in <module>
    from airflow.sdk.definitions.asset import Asset
ModuleNotFoundError: No module named 'airflow.sdk'
[2025-05-24T12:40:42.144+0000] {processor.py:927} WARNING - No viable dags retrieved from /opt/airflow/dags/exampledag.py
[2025-05-24T12:40:42.163+0000] {processor.py:208} INFO - Processing /opt/airflow/dags/exampledag.py took 0.039 seconds
[2025-05-24T12:41:13.065+0000] {processor.py:186} INFO - Started process (PID=2545) to work on /opt/airflow/dags/exampledag.py
[2025-05-24T12:41:13.066+0000] {processor.py:914} INFO - Processing file /opt/airflow/dags/exampledag.py for tasks to queue
[2025-05-24T12:41:13.068+0000] {logging_mixin.py:190} INFO - [2025-05-24T12:41:13.068+0000] {dagbag.py:588} INFO - Filling up the DagBag from /opt/airflow/dags/exampledag.py
[2025-05-24T12:41:13.077+0000] {logging_mixin.py:190} INFO - [2025-05-24T12:41:13.076+0000] {dagbag.py:387} ERROR - Failed to import: /opt/airflow/dags/exampledag.py
Traceback (most recent call last):
  File "/home/airflow/.local/lib/python3.12/site-packages/airflow/models/dagbag.py", line 383, in parse
    loader.exec_module(new_module)
  File "<frozen importlib._bootstrap_external>", line 999, in exec_module
  File "<frozen importlib._bootstrap>", line 488, in _call_with_frames_removed
  File "/opt/airflow/dags/exampledag.py", line 23, in <module>
    from airflow.sdk.definitions.asset import Asset
ModuleNotFoundError: No module named 'airflow.sdk'
[2025-05-24T12:41:13.078+0000] {processor.py:927} WARNING - No viable dags retrieved from /opt/airflow/dags/exampledag.py
[2025-05-24T12:41:13.095+0000] {processor.py:208} INFO - Processing /opt/airflow/dags/exampledag.py took 0.037 seconds
[2025-05-24T12:41:43.850+0000] {processor.py:186} INFO - Started process (PID=2840) to work on /opt/airflow/dags/exampledag.py
[2025-05-24T12:41:43.851+0000] {processor.py:914} INFO - Processing file /opt/airflow/dags/exampledag.py for tasks to queue
[2025-05-24T12:41:43.852+0000] {logging_mixin.py:190} INFO - [2025-05-24T12:41:43.852+0000] {dagbag.py:588} INFO - Filling up the DagBag from /opt/airflow/dags/exampledag.py
[2025-05-24T12:41:43.860+0000] {logging_mixin.py:190} INFO - [2025-05-24T12:41:43.860+0000] {dagbag.py:387} ERROR - Failed to import: /opt/airflow/dags/exampledag.py
Traceback (most recent call last):
  File "/home/airflow/.local/lib/python3.12/site-packages/airflow/models/dagbag.py", line 383, in parse
    loader.exec_module(new_module)
  File "<frozen importlib._bootstrap_external>", line 999, in exec_module
  File "<frozen importlib._bootstrap>", line 488, in _call_with_frames_removed
  File "/opt/airflow/dags/exampledag.py", line 23, in <module>
    from airflow.sdk.definitions.asset import Asset
ModuleNotFoundError: No module named 'airflow.sdk'
[2025-05-24T12:41:43.861+0000] {processor.py:927} WARNING - No viable dags retrieved from /opt/airflow/dags/exampledag.py
[2025-05-24T12:41:43.877+0000] {processor.py:208} INFO - Processing /opt/airflow/dags/exampledag.py took 0.031 seconds
[2025-05-24T12:42:14.813+0000] {processor.py:186} INFO - Started process (PID=3136) to work on /opt/airflow/dags/exampledag.py
[2025-05-24T12:42:14.816+0000] {processor.py:914} INFO - Processing file /opt/airflow/dags/exampledag.py for tasks to queue
[2025-05-24T12:42:14.820+0000] {logging_mixin.py:190} INFO - [2025-05-24T12:42:14.820+0000] {dagbag.py:588} INFO - Filling up the DagBag from /opt/airflow/dags/exampledag.py
[2025-05-24T12:42:14.829+0000] {logging_mixin.py:190} INFO - [2025-05-24T12:42:14.828+0000] {dagbag.py:387} ERROR - Failed to import: /opt/airflow/dags/exampledag.py
Traceback (most recent call last):
  File "/home/airflow/.local/lib/python3.12/site-packages/airflow/models/dagbag.py", line 383, in parse
    loader.exec_module(new_module)
  File "<frozen importlib._bootstrap_external>", line 999, in exec_module
  File "<frozen importlib._bootstrap>", line 488, in _call_with_frames_removed
  File "/opt/airflow/dags/exampledag.py", line 23, in <module>
    from airflow.sdk.definitions.asset import Asset
ModuleNotFoundError: No module named 'airflow.sdk'
[2025-05-24T12:42:14.830+0000] {processor.py:927} WARNING - No viable dags retrieved from /opt/airflow/dags/exampledag.py
[2025-05-24T12:42:14.847+0000] {processor.py:208} INFO - Processing /opt/airflow/dags/exampledag.py took 0.043 seconds
